[14-Aug-2025 13:14:22 UTC] store id 63c5d2d5274ca did not delete MailChimp
[14-Aug-2025 13:14:24 UTC] Automattic\WooCommerce\Admin\Notes\WC_Admin_Notes::delete_notes_with_name is deprecated since version 4.8.0! Use Automattic\WooCommerce\Admin\Notes\Notes::delete_notes_with_name instead. Use Automattic\WooCommerce\Admin\Notes\Notes::delete_notes_with_name instead.
[14-Aug-2025 13:15:07 UTC] Cron reschedule event error for hook: action_scheduler_run_queue, Error code: invalid_schedule, Error message: Event schedule does not exist., Data: {"schedule":"every_minute","args":["WP Cron"],"interval":60}
[14-Aug-2025 13:15:11 UTC] Cron reschedule event error for hook: action_scheduler_run_queue, Error code: invalid_schedule, Error message: Event schedule does not exist., Data: {"schedule":"every_minute","args":["WP Cron"],"interval":60}
[14-Aug-2025 13:17:04 UTC] PHP Fatal error:  Uncaught Error: Call to undefined function wc_memberships_get_user_active_memberships() in C:\Users\Jake\Local Sites\trying-to-adult\app\public\wp-content\themes\total-child-theme\functions.php:261
Stack trace:
#0 C:\Users\Jake\Local Sites\trying-to-adult\app\public\wp-includes\class-wp-hook.php(326): add_membership_to_body_class(Array)
#1 C:\Users\Jake\Local Sites\trying-to-adult\app\public\wp-includes\plugin.php(205): WP_Hook->apply_filters(Array, Array)
#2 C:\Users\Jake\Local Sites\trying-to-adult\app\public\wp-includes\post-template.php(866): apply_filters('body_class', Array, Array)
#3 C:\Users\Jake\Local Sites\trying-to-adult\app\public\wp-includes\post-template.php(622): get_body_class(Array)
#4 C:\Users\Jake\Local Sites\trying-to-adult\app\public\wp-content\themes\Total\header.php(22): body_class()
#5 C:\Users\Jake\Local Sites\trying-to-adult\app\public\wp-includes\template.php(810): require_once('C:\\Users\\Jake\\L...')
#6 C:\Users\Jake\Local Sites\trying-to-adult\app\public\wp-includes\template.php(745): load_template('C:\\Users\\Jake\\L...', true, Array)
#7 C:\Users\Jake\Local Sites\trying-to-adult\app\public\wp-includes\general-template.php(48): locate_template(Array, true, true, Array)
#8 C:\Users\Jake\Local Sites\trying-to-adult\app\public\wp-content\themes\Total\templates\no-sidebar.php(12): get_header()
#9 C:\Users\Jake\Local Sites\trying-to-adult\app\public\wp-includes\template-loader.php(106): include('C:\\Users\\Jake\\L...')
#10 C:\Users\Jake\Local Sites\trying-to-adult\app\public\wp-blog-header.php(19): require_once('C:\\Users\\Jake\\L...')
#11 C:\Users\Jake\Local Sites\trying-to-adult\app\public\index.php(17): require('C:\\Users\\Jake\\L...')
#12 {main}
  thrown in C:\Users\Jake\Local Sites\trying-to-adult\app\public\wp-content\themes\total-child-theme\functions.php on line 261
[14-Aug-2025 14:42:04 UTC] PHP Warning:  The magic method Vc_Manager::__wakeup() must have public visibility in C:\Users\Jake\Local Sites\trying-to-adult\app\public\wp-content\plugins\js_composer\include\classes\core\class-vc-manager.php on line 203
[14-Aug-2025 14:42:04 UTC] PHP Warning:  The magic method TotalTheme\ResizeImage::__wakeup() must have public visibility in C:\Users\Jake\Local Sites\trying-to-adult\app\public\wp-content\themes\Total\framework\classes\class-resize-image.php on line 34
[19-Aug-2025 09:23:55 UTC] Flywheel::DatabaseConnection
[19-Aug-2025 09:27:32 UTC] PHP Warning:  The magic method Vc_Manager::__wakeup() must have public visibility in C:\Users\Jake\Local Sites\trying-to-adult\app\public\wp-content\plugins\js_composer\include\classes\core\class-vc-manager.php on line 203
[19-Aug-2025 09:27:36 UTC] PHP Warning:  The magic method TotalTheme\ResizeImage::__wakeup() must have public visibility in C:\Users\Jake\Local Sites\trying-to-adult\app\public\wp-content\themes\Total\framework\classes\class-resize-image.php on line 34
[19-Aug-2025 09:27:46 UTC] Cron reschedule event error for hook: jetpack_sync_cron, Error code: invalid_schedule, Error message: Event schedule does not exist., Data: {"schedule":"jetpack_sync_interval","args":[],"interval":300}
[19-Aug-2025 09:27:46 UTC] Cron reschedule event error for hook: jetpack_sync_full_cron, Error code: invalid_schedule, Error message: Event schedule does not exist., Data: {"schedule":"jetpack_sync_interval","args":[],"interval":300}
[19-Aug-2025 09:29:05 UTC] PHP Fatal error:  Allowed memory size of 268435456 bytes exhausted (tried to allocate 20480 bytes) in C:\Users\Jake\Local Sites\trying-to-adult\app\public\wp-includes\meta.php on line 1206
[19-Aug-2025 09:29:05 UTC] PHP Fatal error:  Allowed memory size of 268435456 bytes exhausted (tried to allocate 20480 bytes) in C:\Users\Jake\Local Sites\trying-to-adult\app\public\wp-includes\class-wp-fatal-error-handler.php on line 76
[19-Aug-2025 09:31:50 UTC] PHP Fatal error:  Uncaught TypeError: call_user_func_array(): Argument #1 ($callback) must be a valid callback, class "Freemius" not found in C:\Users\Jake\Local Sites\trying-to-adult\app\public\wp-includes\class-wp-hook.php:324
Stack trace:
#0 C:\Users\Jake\Local Sites\trying-to-adult\app\public\wp-includes\class-wp-hook.php(348): WP_Hook->apply_filters('', Array)
#1 C:\Users\Jake\Local Sites\trying-to-adult\app\public\wp-includes\plugin.php(517): WP_Hook->do_action(Array)
#2 C:\Users\Jake\Local Sites\trying-to-adult\app\public\wp-admin\includes\plugin.php(1338): do_action('uninstall_event...')
#3 C:\Users\Jake\Local Sites\trying-to-adult\app\public\wp-admin\includes\plugin.php(970): uninstall_plugin('event-tickets/e...')
#4 C:\Users\Jake\Local Sites\trying-to-adult\app\public\wp-admin\includes\ajax-actions.php(4771): delete_plugins(Array)
#5 C:\Users\Jake\Local Sites\trying-to-adult\app\public\wp-includes\class-wp-hook.php(324): wp_ajax_delete_plugin('')
#6 C:\Users\Jake\Local Sites\trying-to-adult\app\public\wp-includes\class-wp-hook.php(348): WP_Hook->apply_filters('', Array)
#7 C:\Users\Jake\Local Sites\trying-to-adult\app\public\wp-includes\plugin.php(517): WP_Hook->do_action(Array)
#8 C:\Users\Jake\Local Sites\trying-to-adult\app\public\wp-admin\admin-ajax.php(192): do_action('wp_ajax_delete-...')
#9 {main}
  thrown in C:\Users\Jake\Local Sites\trying-to-adult\app\public\wp-includes\class-wp-hook.php on line 324
[19-Aug-2025 09:33:46 UTC] store id 63c5d2d5274ca did not delete MailChimp
[19-Aug-2025 09:33:48 UTC] Automattic\WooCommerce\Admin\Notes\WC_Admin_Notes::delete_notes_with_name is deprecated since version 4.8.0! Use Automattic\WooCommerce\Admin\Notes\Notes::delete_notes_with_name instead. Use Automattic\WooCommerce\Admin\Notes\Notes::delete_notes_with_name instead.
[19-Aug-2025 09:59:30 UTC] PHP Warning:  require_once(C:\Users\Jake\Local Sites\trying-to-adult\app\public\wp-content\plugins\tta-management-plugin/includes/helpers.php): Failed to open stream: No such file or directory in C:\Users\Jake\Local Sites\trying-to-adult\app\public\wp-content\plugins\tta-management-plugin\trying-to-adult-management-plugin.php on line 44
[19-Aug-2025 09:59:30 UTC] PHP Fatal error:  Uncaught Error: Failed opening required 'C:\Users\Jake\Local Sites\trying-to-adult\app\public\wp-content\plugins\tta-management-plugin/includes/helpers.php' (include_path='.:/usr/share/php:/www/wp-content/pear') in C:\Users\Jake\Local Sites\trying-to-adult\app\public\wp-content\plugins\tta-management-plugin\trying-to-adult-management-plugin.php:44
Stack trace:
#0 C:\Users\Jake\Local Sites\trying-to-adult\app\public\wp-settings.php(545): include_once()
#1 C:\Users\Jake\Local Sites\trying-to-adult\app\public\wp-config.php(103): require_once('C:\\Users\\Jake\\L...')
#2 C:\Users\Jake\Local Sites\trying-to-adult\app\public\wp-load.php(50): require_once('C:\\Users\\Jake\\L...')
#3 C:\Users\Jake\Local Sites\trying-to-adult\app\public\wp-admin\admin-ajax.php(22): require_once('C:\\Users\\Jake\\L...')
#4 {main}
  thrown in C:\Users\Jake\Local Sites\trying-to-adult\app\public\wp-content\plugins\tta-management-plugin\trying-to-adult-management-plugin.php on line 44
[19-Aug-2025 10:04:31 UTC] PHP Warning:  The magic method Vc_Manager::__wakeup() must have public visibility in C:\Users\Jake\Local Sites\trying-to-adult\app\public\wp-content\plugins\js_composer\include\classes\core\class-vc-manager.php on line 203
[19-Aug-2025 10:04:32 UTC] PHP Warning:  The magic method TotalTheme\ResizeImage::__wakeup() must have public visibility in C:\Users\Jake\Local Sites\trying-to-adult\app\public\wp-content\themes\Total\framework\classes\class-resize-image.php on line 34
[19-Aug-2025 10:17:03 UTC] PHP Warning:  Failed loading Zend extension 'php_opcache.dll' (tried: C:/Users/Jake/AppData/Roaming/Local/lightning-services/php-8.1.23+0/bin/win64/ext\php_opcache.dll (The specified procedure could not be found), C:/Users/Jake/AppData/Roaming/Local/lightning-services/php-8.1.23+0/bin/win64/ext\php_php_opcache.dll.dll (The specified module could not be found)) in Unknown on line 0
[19-Aug-2025 10:17:03 UTC] PHP Warning:  Failed loading Zend extension 'php_xdebug.dll' (tried: C:/Users/Jake/AppData/Roaming/Local/lightning-services/php-8.1.23+0/bin/win64/ext\php_xdebug.dll (The specified procedure could not be found), C:/Users/Jake/AppData/Roaming/Local/lightning-services/php-8.1.23+0/bin/win64/ext\php_php_xdebug.dll.dll (The specified module could not be found)) in Unknown on line 0
[19-Aug-2025 10:17:03 UTC] PHP Warning:  PHP Startup: Unable to load dynamic library 'php_curl.dll' (tried: C:/Users/Jake/AppData/Roaming/Local/lightning-services/php-8.1.23+0/bin/win64/ext\php_curl.dll (The specified module could not be found), C:/Users/Jake/AppData/Roaming/Local/lightning-services/php-8.1.23+0/bin/win64/ext\php_php_curl.dll.dll (The specified module could not be found)) in Unknown on line 0
[19-Aug-2025 10:17:03 UTC] PHP Warning:  PHP Startup: gettext: Unable to initialize module
Module compiled with module API=20210902
PHP    compiled with module API=20220829
These options need to match
 in Unknown on line 0
[19-Aug-2025 10:17:03 UTC] PHP Warning:  PHP Startup: Unable to load dynamic library 'php_openssl.dll' (tried: C:/Users/Jake/AppData/Roaming/Local/lightning-services/php-8.1.23+0/bin/win64/ext\php_openssl.dll (The specified module could not be found), C:/Users/Jake/AppData/Roaming/Local/lightning-services/php-8.1.23+0/bin/win64/ext\php_php_openssl.dll.dll (The specified module could not be found)) in Unknown on line 0
[19-Aug-2025 10:17:03 UTC] PHP Warning:  PHP Startup: exif: Unable to initialize module
Module compiled with module API=20210902
PHP    compiled with module API=20220829
These options need to match
 in Unknown on line 0
[19-Aug-2025 10:17:03 UTC] PHP Warning:  PHP Startup: gd: Unable to initialize module
Module compiled with module API=20210902
PHP    compiled with module API=20220829
These options need to match
 in Unknown on line 0
[19-Aug-2025 10:17:03 UTC] PHP Warning:  PHP Startup: Unable to load dynamic library 'php_ftp.dll' (tried: C:/Users/Jake/AppData/Roaming/Local/lightning-services/php-8.1.23+0/bin/win64/ext\php_ftp.dll (The specified module could not be found), C:/Users/Jake/AppData/Roaming/Local/lightning-services/php-8.1.23+0/bin/win64/ext\php_php_ftp.dll.dll (The specified module could not be found)) in Unknown on line 0
[19-Aug-2025 10:17:03 UTC] PHP Warning:  PHP Startup: FFI: Unable to initialize module
Module compiled with module API=20210902
PHP    compiled with module API=20220829
These options need to match
 in Unknown on line 0
[19-Aug-2025 10:17:03 UTC] PHP Warning:  PHP Startup: imap: Unable to initialize module
Module compiled with module API=20210902
PHP    compiled with module API=20220829
These options need to match
 in Unknown on line 0
[19-Aug-2025 10:17:03 UTC] PHP Warning:  PHP Startup: bz2: Unable to initialize module
Module compiled with module API=20210902
PHP    compiled with module API=20220829
These options need to match
 in Unknown on line 0
[19-Aug-2025 10:17:03 UTC] PHP Warning:  PHP Startup: mbstring: Unable to initialize module
Module compiled with module API=20210902
PHP    compiled with module API=20220829
These options need to match
 in Unknown on line 0
[19-Aug-2025 10:17:03 UTC] PHP Warning:  PHP Startup: sodium: Unable to initialize module
Module compiled with module API=20210902
PHP    compiled with module API=20220829
These options need to match
 in Unknown on line 0
[19-Aug-2025 10:17:03 UTC] PHP Warning:  PHP Startup: tidy: Unable to initialize module
Module compiled with module API=20210902
PHP    compiled with module API=20220829
These options need to match
 in Unknown on line 0
[19-Aug-2025 10:17:03 UTC] PHP Warning:  PHP Startup: xsl: Unable to initialize module
Module compiled with module API=20210902
PHP    compiled with module API=20220829
These options need to match
 in Unknown on line 0
[19-Aug-2025 10:17:03 UTC] PHP Warning:  PHP Startup: soap: Unable to initialize module
Module compiled with module API=20210902
PHP    compiled with module API=20220829
These options need to match
 in Unknown on line 0
[19-Aug-2025 10:17:03 UTC] PHP Warning:  PHP Startup: mysqli: Unable to initialize module
Module compiled with module API=20210902
PHP    compiled with module API=20220829
These options need to match
 in Unknown on line 0
[19-Aug-2025 10:17:03 UTC] PHP Warning:  PHP Startup: pdo_mysql: Unable to initialize module
Module compiled with module API=20210902
PHP    compiled with module API=20220829
These options need to match
 in Unknown on line 0
[19-Aug-2025 10:17:03 UTC] PHP Warning:  PHP Startup: fileinfo: Unable to initialize module
Module compiled with module API=20210902
PHP    compiled with module API=20220829
These options need to match
 in Unknown on line 0
[19-Aug-2025 10:17:03 UTC] PHP Warning:  PHP Startup: pdo_sqlite: Unable to initialize module
Module compiled with module API=20210902
PHP    compiled with module API=20220829
These options need to match
 in Unknown on line 0
[19-Aug-2025 10:17:03 UTC] PHP Warning:  PHP Startup: sqlite3: Unable to initialize module
Module compiled with module API=20210902
PHP    compiled with module API=20220829
These options need to match
 in Unknown on line 0
[19-Aug-2025 10:17:03 UTC] PHP Warning:  PHP Startup: imagick: Unable to initialize module
Module compiled with module API=20210902
PHP    compiled with module API=20220829
These options need to match
 in Unknown on line 0
[19-Aug-2025 10:17:03 UTC] PHP Warning:  PHP Startup: Unable to load dynamic library 'php_intl.dll' (tried: C:/Users/Jake/AppData/Roaming/Local/lightning-services/php-8.1.23+0/bin/win64/ext\php_intl.dll (The specified module could not be found), C:/Users/Jake/AppData/Roaming/Local/lightning-services/php-8.1.23+0/bin/win64/ext\php_php_intl.dll.dll (The specified module could not be found)) in Unknown on line 0
[19-Aug-2025 10:17:03 UTC] PHP Warning:  Failed loading Zend extension 'php_opcache.dll' (tried: C:/Users/Jake/AppData/Roaming/Local/lightning-services/php-8.1.23+0/bin/win64/ext\php_opcache.dll (The specified procedure could not be found), C:/Users/Jake/AppData/Roaming/Local/lightning-services/php-8.1.23+0/bin/win64/ext\php_php_opcache.dll.dll (The specified module could not be found)) in Unknown on line 0
[19-Aug-2025 10:17:03 UTC] PHP Warning:  Failed loading Zend extension 'php_xdebug.dll' (tried: C:/Users/Jake/AppData/Roaming/Local/lightning-services/php-8.1.23+0/bin/win64/ext\php_xdebug.dll (The specified procedure could not be found), C:/Users/Jake/AppData/Roaming/Local/lightning-services/php-8.1.23+0/bin/win64/ext\php_php_xdebug.dll.dll (The specified module could not be found)) in Unknown on line 0
[19-Aug-2025 10:17:03 UTC] PHP Warning:  PHP Startup: Unable to load dynamic library 'php_curl.dll' (tried: C:/Users/Jake/AppData/Roaming/Local/lightning-services/php-8.1.23+0/bin/win64/ext\php_curl.dll (The specified module could not be found), C:/Users/Jake/AppData/Roaming/Local/lightning-services/php-8.1.23+0/bin/win64/ext\php_php_curl.dll.dll (The specified module could not be found)) in Unknown on line 0
[19-Aug-2025 10:17:03 UTC] PHP Warning:  PHP Startup: gettext: Unable to initialize module
Module compiled with module API=20210902
PHP    compiled with module API=20220829
These options need to match
 in Unknown on line 0
[19-Aug-2025 10:17:03 UTC] PHP Warning:  PHP Startup: Unable to load dynamic library 'php_openssl.dll' (tried: C:/Users/Jake/AppData/Roaming/Local/lightning-services/php-8.1.23+0/bin/win64/ext\php_openssl.dll (The specified module could not be found), C:/Users/Jake/AppData/Roaming/Local/lightning-services/php-8.1.23+0/bin/win64/ext\php_php_openssl.dll.dll (The specified module could not be found)) in Unknown on line 0
[19-Aug-2025 10:17:03 UTC] PHP Warning:  PHP Startup: exif: Unable to initialize module
Module compiled with module API=20210902
PHP    compiled with module API=20220829
These options need to match
 in Unknown on line 0
[19-Aug-2025 10:17:03 UTC] PHP Warning:  PHP Startup: gd: Unable to initialize module
Module compiled with module API=20210902
PHP    compiled with module API=20220829
These options need to match
 in Unknown on line 0
[19-Aug-2025 10:17:03 UTC] PHP Warning:  PHP Startup: Unable to load dynamic library 'php_ftp.dll' (tried: C:/Users/Jake/AppData/Roaming/Local/lightning-services/php-8.1.23+0/bin/win64/ext\php_ftp.dll (The specified module could not be found), C:/Users/Jake/AppData/Roaming/Local/lightning-services/php-8.1.23+0/bin/win64/ext\php_php_ftp.dll.dll (The specified module could not be found)) in Unknown on line 0
[19-Aug-2025 10:17:03 UTC] PHP Warning:  PHP Startup: FFI: Unable to initialize module
Module compiled with module API=20210902
PHP    compiled with module API=20220829
These options need to match
 in Unknown on line 0
[19-Aug-2025 10:17:03 UTC] PHP Warning:  PHP Startup: imap: Unable to initialize module
Module compiled with module API=20210902
PHP    compiled with module API=20220829
These options need to match
 in Unknown on line 0
[19-Aug-2025 10:17:03 UTC] PHP Warning:  PHP Startup: bz2: Unable to initialize module
Module compiled with module API=20210902
PHP    compiled with module API=20220829
These options need to match
 in Unknown on line 0
[19-Aug-2025 10:17:03 UTC] PHP Warning:  PHP Startup: mbstring: Unable to initialize module
Module compiled with module API=20210902
PHP    compiled with module API=20220829
These options need to match
 in Unknown on line 0
[19-Aug-2025 10:17:03 UTC] PHP Warning:  PHP Startup: sodium: Unable to initialize module
Module compiled with module API=20210902
PHP    compiled with module API=20220829
These options need to match
 in Unknown on line 0
[19-Aug-2025 10:17:03 UTC] PHP Warning:  PHP Startup: tidy: Unable to initialize module
Module compiled with module API=20210902
PHP    compiled with module API=20220829
These options need to match
 in Unknown on line 0
[19-Aug-2025 10:17:03 UTC] PHP Warning:  PHP Startup: xsl: Unable to initialize module
Module compiled with module API=20210902
PHP    compiled with module API=20220829
These options need to match
 in Unknown on line 0
[19-Aug-2025 10:17:03 UTC] PHP Warning:  PHP Startup: soap: Unable to initialize module
Module compiled with module API=20210902
PHP    compiled with module API=20220829
These options need to match
 in Unknown on line 0
[19-Aug-2025 10:17:03 UTC] PHP Warning:  PHP Startup: mysqli: Unable to initialize module
Module compiled with module API=20210902
PHP    compiled with module API=20220829
These options need to match
 in Unknown on line 0
[19-Aug-2025 10:17:03 UTC] PHP Warning:  PHP Startup: pdo_mysql: Unable to initialize module
Module compiled with module API=20210902
PHP    compiled with module API=20220829
These options need to match
 in Unknown on line 0
[19-Aug-2025 10:17:03 UTC] PHP Warning:  PHP Startup: fileinfo: Unable to initialize module
Module compiled with module API=20210902
PHP    compiled with module API=20220829
These options need to match
 in Unknown on line 0
[19-Aug-2025 10:17:03 UTC] PHP Warning:  PHP Startup: pdo_sqlite: Unable to initialize module
Module compiled with module API=20210902
PHP    compiled with module API=20220829
These options need to match
 in Unknown on line 0
[19-Aug-2025 10:17:03 UTC] PHP Warning:  PHP Startup: sqlite3: Unable to initialize module
Module compiled with module API=20210902
PHP    compiled with module API=20220829
These options need to match
 in Unknown on line 0
[19-Aug-2025 10:17:03 UTC] PHP Warning:  PHP Startup: imagick: Unable to initialize module
Module compiled with module API=20210902
PHP    compiled with module API=20220829
These options need to match
 in Unknown on line 0
[19-Aug-2025 10:17:03 UTC] PHP Warning:  PHP Startup: Unable to load dynamic library 'php_intl.dll' (tried: C:/Users/Jake/AppData/Roaming/Local/lightning-services/php-8.1.23+0/bin/win64/ext\php_intl.dll (The specified module could not be found), C:/Users/Jake/AppData/Roaming/Local/lightning-services/php-8.1.23+0/bin/win64/ext\php_php_intl.dll.dll (The specified module could not be found)) in Unknown on line 0
[19-Aug-2025 10:17:03 UTC] PHP Warning:  Failed loading Zend extension 'php_opcache.dll' (tried: C:/Users/Jake/AppData/Roaming/Local/lightning-services/php-8.1.23+0/bin/win64/ext\php_opcache.dll (The specified procedure could not be found), C:/Users/Jake/AppData/Roaming/Local/lightning-services/php-8.1.23+0/bin/win64/ext\php_php_opcache.dll.dll (The specified module could not be found)) in Unknown on line 0
[19-Aug-2025 10:17:03 UTC] PHP Warning:  Failed loading Zend extension 'php_xdebug.dll' (tried: C:/Users/Jake/AppData/Roaming/Local/lightning-services/php-8.1.23+0/bin/win64/ext\php_xdebug.dll (The specified procedure could not be found), C:/Users/Jake/AppData/Roaming/Local/lightning-services/php-8.1.23+0/bin/win64/ext\php_php_xdebug.dll.dll (The specified module could not be found)) in Unknown on line 0
[19-Aug-2025 10:17:03 UTC] PHP Warning:  PHP Startup: Unable to load dynamic library 'php_curl.dll' (tried: C:/Users/Jake/AppData/Roaming/Local/lightning-services/php-8.1.23+0/bin/win64/ext\php_curl.dll (The specified module could not be found), C:/Users/Jake/AppData/Roaming/Local/lightning-services/php-8.1.23+0/bin/win64/ext\php_php_curl.dll.dll (The specified module could not be found)) in Unknown on line 0
[19-Aug-2025 10:17:03 UTC] PHP Warning:  PHP Startup: gettext: Unable to initialize module
Module compiled with module API=20210902
PHP    compiled with module API=20220829
These options need to match
 in Unknown on line 0
[19-Aug-2025 10:17:03 UTC] PHP Warning:  PHP Startup: Unable to load dynamic library 'php_openssl.dll' (tried: C:/Users/Jake/AppData/Roaming/Local/lightning-services/php-8.1.23+0/bin/win64/ext\php_openssl.dll (The specified module could not be found), C:/Users/Jake/AppData/Roaming/Local/lightning-services/php-8.1.23+0/bin/win64/ext\php_php_openssl.dll.dll (The specified module could not be found)) in Unknown on line 0
[19-Aug-2025 10:17:03 UTC] PHP Warning:  PHP Startup: exif: Unable to initialize module
Module compiled with module API=20210902
PHP    compiled with module API=20220829
These options need to match
 in Unknown on line 0
[19-Aug-2025 10:17:03 UTC] PHP Warning:  PHP Startup: gd: Unable to initialize module
Module compiled with module API=20210902
PHP    compiled with module API=20220829
These options need to match
 in Unknown on line 0
[19-Aug-2025 10:17:03 UTC] PHP Warning:  PHP Startup: Unable to load dynamic library 'php_ftp.dll' (tried: C:/Users/Jake/AppData/Roaming/Local/lightning-services/php-8.1.23+0/bin/win64/ext\php_ftp.dll (The specified module could not be found), C:/Users/Jake/AppData/Roaming/Local/lightning-services/php-8.1.23+0/bin/win64/ext\php_php_ftp.dll.dll (The specified module could not be found)) in Unknown on line 0
[19-Aug-2025 10:17:03 UTC] PHP Warning:  PHP Startup: FFI: Unable to initialize module
Module compiled with module API=20210902
PHP    compiled with module API=20220829
These options need to match
 in Unknown on line 0
[19-Aug-2025 10:17:03 UTC] PHP Warning:  PHP Startup: imap: Unable to initialize module
Module compiled with module API=20210902
PHP    compiled with module API=20220829
These options need to match
 in Unknown on line 0
[19-Aug-2025 10:17:03 UTC] PHP Warning:  PHP Startup: bz2: Unable to initialize module
Module compiled with module API=20210902
PHP    compiled with module API=20220829
These options need to match
 in Unknown on line 0
[19-Aug-2025 10:17:03 UTC] PHP Warning:  PHP Startup: mbstring: Unable to initialize module
Module compiled with module API=20210902
PHP    compiled with module API=20220829
These options need to match
 in Unknown on line 0
[19-Aug-2025 10:17:03 UTC] PHP Warning:  PHP Startup: sodium: Unable to initialize module
Module compiled with module API=20210902
PHP    compiled with module API=20220829
These options need to match
 in Unknown on line 0
[19-Aug-2025 10:17:03 UTC] PHP Warning:  PHP Startup: tidy: Unable to initialize module
Module compiled with module API=20210902
PHP    compiled with module API=20220829
These options need to match
 in Unknown on line 0
[19-Aug-2025 10:17:03 UTC] PHP Warning:  PHP Startup: xsl: Unable to initialize module
Module compiled with module API=20210902
PHP    compiled with module API=20220829
These options need to match
 in Unknown on line 0
[19-Aug-2025 10:17:03 UTC] PHP Warning:  PHP Startup: soap: Unable to initialize module
Module compiled with module API=20210902
PHP    compiled with module API=20220829
These options need to match
 in Unknown on line 0
[19-Aug-2025 10:17:03 UTC] PHP Warning:  PHP Startup: mysqli: Unable to initialize module
Module compiled with module API=20210902
PHP    compiled with module API=20220829
These options need to match
 in Unknown on line 0
[19-Aug-2025 10:17:03 UTC] PHP Warning:  PHP Startup: pdo_mysql: Unable to initialize module
Module compiled with module API=20210902
PHP    compiled with module API=20220829
These options need to match
 in Unknown on line 0
[19-Aug-2025 10:17:03 UTC] PHP Warning:  PHP Startup: fileinfo: Unable to initialize module
Module compiled with module API=20210902
PHP    compiled with module API=20220829
These options need to match
 in Unknown on line 0
[19-Aug-2025 10:17:03 UTC] PHP Warning:  PHP Startup: pdo_sqlite: Unable to initialize module
Module compiled with module API=20210902
PHP    compiled with module API=20220829
These options need to match
 in Unknown on line 0
[19-Aug-2025 10:17:03 UTC] PHP Warning:  PHP Startup: sqlite3: Unable to initialize module
Module compiled with module API=20210902
PHP    compiled with module API=20220829
These options need to match
 in Unknown on line 0
[19-Aug-2025 10:17:03 UTC] PHP Warning:  PHP Startup: imagick: Unable to initialize module
Module compiled with module API=20210902
PHP    compiled with module API=20220829
These options need to match
 in Unknown on line 0
[19-Aug-2025 10:17:03 UTC] PHP Warning:  PHP Startup: Unable to load dynamic library 'php_intl.dll' (tried: C:/Users/Jake/AppData/Roaming/Local/lightning-services/php-8.1.23+0/bin/win64/ext\php_intl.dll (The specified module could not be found), C:/Users/Jake/AppData/Roaming/Local/lightning-services/php-8.1.23+0/bin/win64/ext\php_php_intl.dll.dll (The specified module could not be found)) in Unknown on line 0
[19-Aug-2025 10:17:07 UTC] PHP Warning:  The magic method Vc_Manager::__wakeup() must have public visibility in C:\Users\Jake\Local Sites\trying-to-adult\app\public\wp-content\plugins\js_composer\include\classes\core\class-vc-manager.php on line 203
[19-Aug-2025 10:17:07 UTC] PHP Warning:  The magic method Vc_Manager::__wakeup() must have public visibility in C:\Users\Jake\Local Sites\trying-to-adult\app\public\wp-content\plugins\js_composer\include\classes\core\class-vc-manager.php on line 203
[19-Aug-2025 10:17:07 UTC] PHP Warning:  The magic method TotalTheme\ResizeImage::__wakeup() must have public visibility in C:\Users\Jake\Local Sites\trying-to-adult\app\public\wp-content\themes\Total\framework\classes\class-resize-image.php on line 34
[19-Aug-2025 10:17:07 UTC] PHP Warning:  The magic method TotalTheme\ResizeImage::__wakeup() must have public visibility in C:\Users\Jake\Local Sites\trying-to-adult\app\public\wp-content\themes\Total\framework\classes\class-resize-image.php on line 34
[19-Aug-2025 10:17:14 UTC] PHP Warning:  The magic method Vc_Manager::__wakeup() must have public visibility in C:\Users\Jake\Local Sites\trying-to-adult\app\public\wp-content\plugins\js_composer\include\classes\core\class-vc-manager.php on line 203
[19-Aug-2025 10:17:15 UTC] PHP Warning:  The magic method TotalTheme\ResizeImage::__wakeup() must have public visibility in C:\Users\Jake\Local Sites\trying-to-adult\app\public\wp-content\themes\Total\framework\classes\class-resize-image.php on line 34
[19-Aug-2025 10:38:50 UTC] Cron reschedule event error for hook: action_scheduler_run_queue, Error code: invalid_schedule, Error message: Event schedule does not exist., Data: {"schedule":"every_minute","args":["WP Cron"],"interval":60}
[19-Aug-2025 11:34:13 UTC] PHP Warning:  Undefined array key "Name" in C:\Users\Jake\Local Sites\trying-to-adult\app\public\wp-content\plugins\js_composer\include\classes\updaters\class-vc-updater.php on line 129
[19-Aug-2025 13:26:56 UTC] PHP Warning:  The magic method Vc_Manager::__wakeup() must have public visibility in C:\Users\Jake\Local Sites\trying-to-adult\app\public\wp-content\plugins\js_composer\include\classes\core\class-vc-manager.php on line 203
[19-Aug-2025 13:26:56 UTC] PHP Warning:  The magic method Vc_Manager::__wakeup() must have public visibility in C:\Users\Jake\Local Sites\trying-to-adult\app\public\wp-content\plugins\js_composer\include\classes\core\class-vc-manager.php on line 203
[19-Aug-2025 13:26:59 UTC] PHP Warning:  The magic method TotalTheme\ResizeImage::__wakeup() must have public visibility in C:\Users\Jake\Local Sites\trying-to-adult\app\public\wp-content\themes\Total\framework\classes\class-resize-image.php on line 34
[19-Aug-2025 13:26:59 UTC] PHP Warning:  The magic method TotalTheme\ResizeImage::__wakeup() must have public visibility in C:\Users\Jake\Local Sites\trying-to-adult\app\public\wp-content\themes\Total\framework\classes\class-resize-image.php on line 34
[19-Aug-2025 16:39:01 UTC] PHP Warning:  Attempt to read property "labels" on null in C:\Users\Jake\Local Sites\trying-to-adult\app\public\wp-admin\includes\class-wp-comments-list-table.php on line 1102
[19-Aug-2025 16:39:01 UTC] PHP Warning:  Attempt to read property "view_item" on null in C:\Users\Jake\Local Sites\trying-to-adult\app\public\wp-admin\includes\class-wp-comments-list-table.php on line 1102
[19-Aug-2025 16:39:01 UTC] PHP Warning:  Attempt to read property "labels" on null in C:\Users\Jake\Local Sites\trying-to-adult\app\public\wp-admin\includes\class-wp-comments-list-table.php on line 1102
[19-Aug-2025 16:39:01 UTC] PHP Warning:  Attempt to read property "view_item" on null in C:\Users\Jake\Local Sites\trying-to-adult\app\public\wp-admin\includes\class-wp-comments-list-table.php on line 1102
[19-Aug-2025 16:39:01 UTC] PHP Warning:  Attempt to read property "labels" on null in C:\Users\Jake\Local Sites\trying-to-adult\app\public\wp-admin\includes\class-wp-comments-list-table.php on line 1102
[19-Aug-2025 16:39:01 UTC] PHP Warning:  Attempt to read property "view_item" on null in C:\Users\Jake\Local Sites\trying-to-adult\app\public\wp-admin\includes\class-wp-comments-list-table.php on line 1102
[19-Aug-2025 16:39:01 UTC] PHP Warning:  Attempt to read property "labels" on null in C:\Users\Jake\Local Sites\trying-to-adult\app\public\wp-admin\includes\class-wp-comments-list-table.php on line 1102
[19-Aug-2025 16:39:01 UTC] PHP Warning:  Attempt to read property "view_item" on null in C:\Users\Jake\Local Sites\trying-to-adult\app\public\wp-admin\includes\class-wp-comments-list-table.php on line 1102
[19-Aug-2025 16:39:01 UTC] PHP Warning:  Attempt to read property "labels" on null in C:\Users\Jake\Local Sites\trying-to-adult\app\public\wp-admin\includes\class-wp-comments-list-table.php on line 1102
[19-Aug-2025 16:39:01 UTC] PHP Warning:  Attempt to read property "view_item" on null in C:\Users\Jake\Local Sites\trying-to-adult\app\public\wp-admin\includes\class-wp-comments-list-table.php on line 1102
[19-Aug-2025 16:39:01 UTC] PHP Warning:  Attempt to read property "labels" on null in C:\Users\Jake\Local Sites\trying-to-adult\app\public\wp-admin\includes\class-wp-comments-list-table.php on line 1102
[19-Aug-2025 16:39:01 UTC] PHP Warning:  Attempt to read property "view_item" on null in C:\Users\Jake\Local Sites\trying-to-adult\app\public\wp-admin\includes\class-wp-comments-list-table.php on line 1102
[19-Aug-2025 16:39:01 UTC] PHP Warning:  Attempt to read property "labels" on null in C:\Users\Jake\Local Sites\trying-to-adult\app\public\wp-admin\includes\class-wp-comments-list-table.php on line 1102
[19-Aug-2025 16:39:01 UTC] PHP Warning:  Attempt to read property "view_item" on null in C:\Users\Jake\Local Sites\trying-to-adult\app\public\wp-admin\includes\class-wp-comments-list-table.php on line 1102
[19-Aug-2025 16:39:01 UTC] PHP Warning:  Attempt to read property "labels" on null in C:\Users\Jake\Local Sites\trying-to-adult\app\public\wp-admin\includes\class-wp-comments-list-table.php on line 1102
[19-Aug-2025 16:39:01 UTC] PHP Warning:  Attempt to read property "view_item" on null in C:\Users\Jake\Local Sites\trying-to-adult\app\public\wp-admin\includes\class-wp-comments-list-table.php on line 1102
[19-Aug-2025 16:39:01 UTC] PHP Warning:  Attempt to read property "labels" on null in C:\Users\Jake\Local Sites\trying-to-adult\app\public\wp-admin\includes\class-wp-comments-list-table.php on line 1102
[19-Aug-2025 16:39:01 UTC] PHP Warning:  Attempt to read property "view_item" on null in C:\Users\Jake\Local Sites\trying-to-adult\app\public\wp-admin\includes\class-wp-comments-list-table.php on line 1102
[19-Aug-2025 16:39:01 UTC] PHP Warning:  Attempt to read property "labels" on null in C:\Users\Jake\Local Sites\trying-to-adult\app\public\wp-admin\includes\class-wp-comments-list-table.php on line 1102
[19-Aug-2025 16:39:01 UTC] PHP Warning:  Attempt to read property "view_item" on null in C:\Users\Jake\Local Sites\trying-to-adult\app\public\wp-admin\includes\class-wp-comments-list-table.php on line 1102
[19-Aug-2025 16:39:01 UTC] PHP Warning:  Attempt to read property "labels" on null in C:\Users\Jake\Local Sites\trying-to-adult\app\public\wp-admin\includes\class-wp-comments-list-table.php on line 1102
[19-Aug-2025 16:39:01 UTC] PHP Warning:  Attempt to read property "view_item" on null in C:\Users\Jake\Local Sites\trying-to-adult\app\public\wp-admin\includes\class-wp-comments-list-table.php on line 1102
[19-Aug-2025 16:39:01 UTC] PHP Warning:  Attempt to read property "labels" on null in C:\Users\Jake\Local Sites\trying-to-adult\app\public\wp-admin\includes\class-wp-comments-list-table.php on line 1102
[19-Aug-2025 16:39:01 UTC] PHP Warning:  Attempt to read property "view_item" on null in C:\Users\Jake\Local Sites\trying-to-adult\app\public\wp-admin\includes\class-wp-comments-list-table.php on line 1102
[19-Aug-2025 16:39:01 UTC] PHP Warning:  Attempt to read property "labels" on null in C:\Users\Jake\Local Sites\trying-to-adult\app\public\wp-admin\includes\class-wp-comments-list-table.php on line 1102
[19-Aug-2025 16:39:01 UTC] PHP Warning:  Attempt to read property "view_item" on null in C:\Users\Jake\Local Sites\trying-to-adult\app\public\wp-admin\includes\class-wp-comments-list-table.php on line 1102
[19-Aug-2025 16:39:01 UTC] PHP Warning:  Attempt to read property "labels" on null in C:\Users\Jake\Local Sites\trying-to-adult\app\public\wp-admin\includes\class-wp-comments-list-table.php on line 1102
[19-Aug-2025 16:39:01 UTC] PHP Warning:  Attempt to read property "view_item" on null in C:\Users\Jake\Local Sites\trying-to-adult\app\public\wp-admin\includes\class-wp-comments-list-table.php on line 1102
[19-Aug-2025 16:39:01 UTC] PHP Warning:  Attempt to read property "labels" on null in C:\Users\Jake\Local Sites\trying-to-adult\app\public\wp-admin\includes\class-wp-comments-list-table.php on line 1102
[19-Aug-2025 16:39:01 UTC] PHP Warning:  Attempt to read property "view_item" on null in C:\Users\Jake\Local Sites\trying-to-adult\app\public\wp-admin\includes\class-wp-comments-list-table.php on line 1102
[19-Aug-2025 16:39:01 UTC] PHP Warning:  Attempt to read property "labels" on null in C:\Users\Jake\Local Sites\trying-to-adult\app\public\wp-admin\includes\class-wp-comments-list-table.php on line 1102
[19-Aug-2025 16:39:01 UTC] PHP Warning:  Attempt to read property "view_item" on null in C:\Users\Jake\Local Sites\trying-to-adult\app\public\wp-admin\includes\class-wp-comments-list-table.php on line 1102
[19-Aug-2025 16:39:01 UTC] PHP Warning:  Attempt to read property "labels" on null in C:\Users\Jake\Local Sites\trying-to-adult\app\public\wp-admin\includes\class-wp-comments-list-table.php on line 1102
[19-Aug-2025 16:39:01 UTC] PHP Warning:  Attempt to read property "view_item" on null in C:\Users\Jake\Local Sites\trying-to-adult\app\public\wp-admin\includes\class-wp-comments-list-table.php on line 1102
[19-Aug-2025 16:39:01 UTC] PHP Warning:  Attempt to read property "labels" on null in C:\Users\Jake\Local Sites\trying-to-adult\app\public\wp-admin\includes\class-wp-comments-list-table.php on line 1102
[19-Aug-2025 16:39:01 UTC] PHP Warning:  Attempt to read property "view_item" on null in C:\Users\Jake\Local Sites\trying-to-adult\app\public\wp-admin\includes\class-wp-comments-list-table.php on line 1102
[19-Aug-2025 16:39:01 UTC] PHP Warning:  Attempt to read property "labels" on null in C:\Users\Jake\Local Sites\trying-to-adult\app\public\wp-admin\includes\class-wp-comments-list-table.php on line 1102
[19-Aug-2025 16:39:01 UTC] PHP Warning:  Attempt to read property "view_item" on null in C:\Users\Jake\Local Sites\trying-to-adult\app\public\wp-admin\includes\class-wp-comments-list-table.php on line 1102
[19-Aug-2025 16:39:01 UTC] PHP Warning:  Attempt to read property "labels" on null in C:\Users\Jake\Local Sites\trying-to-adult\app\public\wp-admin\includes\class-wp-comments-list-table.php on line 1102
[19-Aug-2025 16:39:01 UTC] PHP Warning:  Attempt to read property "view_item" on null in C:\Users\Jake\Local Sites\trying-to-adult\app\public\wp-admin\includes\class-wp-comments-list-table.php on line 1102
[19-Aug-2025 16:39:01 UTC] PHP Warning:  Attempt to read property "labels" on null in C:\Users\Jake\Local Sites\trying-to-adult\app\public\wp-admin\includes\class-wp-comments-list-table.php on line 1102
[19-Aug-2025 16:39:01 UTC] PHP Warning:  Attempt to read property "view_item" on null in C:\Users\Jake\Local Sites\trying-to-adult\app\public\wp-admin\includes\class-wp-comments-list-table.php on line 1102
[19-Aug-2025 16:39:01 UTC] PHP Warning:  Attempt to read property "labels" on null in C:\Users\Jake\Local Sites\trying-to-adult\app\public\wp-admin\includes\class-wp-comments-list-table.php on line 1102
[19-Aug-2025 16:39:01 UTC] PHP Warning:  Attempt to read property "view_item" on null in C:\Users\Jake\Local Sites\trying-to-adult\app\public\wp-admin\includes\class-wp-comments-list-table.php on line 1102
[19-Aug-2025 16:39:01 UTC] PHP Warning:  Attempt to read property "labels" on null in C:\Users\Jake\Local Sites\trying-to-adult\app\public\wp-admin\includes\class-wp-comments-list-table.php on line 1102
[19-Aug-2025 16:39:01 UTC] PHP Warning:  Attempt to read property "view_item" on null in C:\Users\Jake\Local Sites\trying-to-adult\app\public\wp-admin\includes\class-wp-comments-list-table.php on line 1102
[19-Aug-2025 16:39:01 UTC] PHP Warning:  Attempt to read property "labels" on null in C:\Users\Jake\Local Sites\trying-to-adult\app\public\wp-admin\includes\class-wp-comments-list-table.php on line 1102
[19-Aug-2025 16:39:01 UTC] PHP Warning:  Attempt to read property "view_item" on null in C:\Users\Jake\Local Sites\trying-to-adult\app\public\wp-admin\includes\class-wp-comments-list-table.php on line 1102
[19-Aug-2025 16:39:01 UTC] PHP Warning:  Attempt to read property "labels" on null in C:\Users\Jake\Local Sites\trying-to-adult\app\public\wp-admin\includes\class-wp-comments-list-table.php on line 1102
[19-Aug-2025 16:39:01 UTC] PHP Warning:  Attempt to read property "view_item" on null in C:\Users\Jake\Local Sites\trying-to-adult\app\public\wp-admin\includes\class-wp-comments-list-table.php on line 1102
[19-Aug-2025 16:39:01 UTC] PHP Warning:  Attempt to read property "labels" on null in C:\Users\Jake\Local Sites\trying-to-adult\app\public\wp-admin\includes\class-wp-comments-list-table.php on line 1102
[19-Aug-2025 16:39:01 UTC] PHP Warning:  Attempt to read property "view_item" on null in C:\Users\Jake\Local Sites\trying-to-adult\app\public\wp-admin\includes\class-wp-comments-list-table.php on line 1102
[19-Aug-2025 16:39:01 UTC] PHP Warning:  Attempt to read property "labels" on null in C:\Users\Jake\Local Sites\trying-to-adult\app\public\wp-admin\includes\class-wp-comments-list-table.php on line 1102
[19-Aug-2025 16:39:01 UTC] PHP Warning:  Attempt to read property "view_item" on null in C:\Users\Jake\Local Sites\trying-to-adult\app\public\wp-admin\includes\class-wp-comments-list-table.php on line 1102
[19-Aug-2025 16:39:01 UTC] PHP Warning:  Attempt to read property "labels" on null in C:\Users\Jake\Local Sites\trying-to-adult\app\public\wp-admin\includes\class-wp-comments-list-table.php on line 1102
[19-Aug-2025 16:39:01 UTC] PHP Warning:  Attempt to read property "view_item" on null in C:\Users\Jake\Local Sites\trying-to-adult\app\public\wp-admin\includes\class-wp-comments-list-table.php on line 1102
[19-Aug-2025 16:40:36 UTC] PHP Warning:  Attempt to read property "labels" on null in C:\Users\Jake\Local Sites\trying-to-adult\app\public\wp-admin\includes\class-wp-comments-list-table.php on line 1102
[19-Aug-2025 16:40:36 UTC] PHP Warning:  Attempt to read property "view_item" on null in C:\Users\Jake\Local Sites\trying-to-adult\app\public\wp-admin\includes\class-wp-comments-list-table.php on line 1102
[19-Aug-2025 16:40:36 UTC] PHP Warning:  Attempt to read property "labels" on null in C:\Users\Jake\Local Sites\trying-to-adult\app\public\wp-admin\includes\class-wp-comments-list-table.php on line 1102
[19-Aug-2025 16:40:36 UTC] PHP Warning:  Attempt to read property "view_item" on null in C:\Users\Jake\Local Sites\trying-to-adult\app\public\wp-admin\includes\class-wp-comments-list-table.php on line 1102
[19-Aug-2025 16:40:36 UTC] PHP Warning:  Attempt to read property "labels" on null in C:\Users\Jake\Local Sites\trying-to-adult\app\public\wp-admin\includes\class-wp-comments-list-table.php on line 1102
[19-Aug-2025 16:40:36 UTC] PHP Warning:  Attempt to read property "view_item" on null in C:\Users\Jake\Local Sites\trying-to-adult\app\public\wp-admin\includes\class-wp-comments-list-table.php on line 1102
[19-Aug-2025 16:40:36 UTC] PHP Warning:  Attempt to read property "labels" on null in C:\Users\Jake\Local Sites\trying-to-adult\app\public\wp-admin\includes\class-wp-comments-list-table.php on line 1102
[19-Aug-2025 16:40:36 UTC] PHP Warning:  Attempt to read property "view_item" on null in C:\Users\Jake\Local Sites\trying-to-adult\app\public\wp-admin\includes\class-wp-comments-list-table.php on line 1102
[19-Aug-2025 16:40:37 UTC] PHP Warning:  Attempt to read property "labels" on null in C:\Users\Jake\Local Sites\trying-to-adult\app\public\wp-admin\includes\class-wp-comments-list-table.php on line 1102
[19-Aug-2025 16:40:37 UTC] PHP Warning:  Attempt to read property "view_item" on null in C:\Users\Jake\Local Sites\trying-to-adult\app\public\wp-admin\includes\class-wp-comments-list-table.php on line 1102
[19-Aug-2025 16:40:37 UTC] PHP Warning:  Attempt to read property "labels" on null in C:\Users\Jake\Local Sites\trying-to-adult\app\public\wp-admin\includes\class-wp-comments-list-table.php on line 1102
[19-Aug-2025 16:40:37 UTC] PHP Warning:  Attempt to read property "view_item" on null in C:\Users\Jake\Local Sites\trying-to-adult\app\public\wp-admin\includes\class-wp-comments-list-table.php on line 1102
[19-Aug-2025 16:40:37 UTC] PHP Warning:  Attempt to read property "labels" on null in C:\Users\Jake\Local Sites\trying-to-adult\app\public\wp-admin\includes\class-wp-comments-list-table.php on line 1102
[19-Aug-2025 16:40:37 UTC] PHP Warning:  Attempt to read property "view_item" on null in C:\Users\Jake\Local Sites\trying-to-adult\app\public\wp-admin\includes\class-wp-comments-list-table.php on line 1102
[19-Aug-2025 16:40:37 UTC] PHP Warning:  Attempt to read property "labels" on null in C:\Users\Jake\Local Sites\trying-to-adult\app\public\wp-admin\includes\class-wp-comments-list-table.php on line 1102
[19-Aug-2025 16:40:37 UTC] PHP Warning:  Attempt to read property "view_item" on null in C:\Users\Jake\Local Sites\trying-to-adult\app\public\wp-admin\includes\class-wp-comments-list-table.php on line 1102
[19-Aug-2025 16:40:37 UTC] PHP Warning:  Attempt to read property "labels" on null in C:\Users\Jake\Local Sites\trying-to-adult\app\public\wp-admin\includes\class-wp-comments-list-table.php on line 1102
[19-Aug-2025 16:40:37 UTC] PHP Warning:  Attempt to read property "view_item" on null in C:\Users\Jake\Local Sites\trying-to-adult\app\public\wp-admin\includes\class-wp-comments-list-table.php on line 1102
[19-Aug-2025 16:40:37 UTC] PHP Warning:  Attempt to read property "labels" on null in C:\Users\Jake\Local Sites\trying-to-adult\app\public\wp-admin\includes\class-wp-comments-list-table.php on line 1102
[19-Aug-2025 16:40:37 UTC] PHP Warning:  Attempt to read property "view_item" on null in C:\Users\Jake\Local Sites\trying-to-adult\app\public\wp-admin\includes\class-wp-comments-list-table.php on line 1102
[19-Aug-2025 16:40:37 UTC] PHP Warning:  Attempt to read property "labels" on null in C:\Users\Jake\Local Sites\trying-to-adult\app\public\wp-admin\includes\class-wp-comments-list-table.php on line 1102
[19-Aug-2025 16:40:37 UTC] PHP Warning:  Attempt to read property "view_item" on null in C:\Users\Jake\Local Sites\trying-to-adult\app\public\wp-admin\includes\class-wp-comments-list-table.php on line 1102
[19-Aug-2025 16:40:37 UTC] PHP Warning:  Attempt to read property "labels" on null in C:\Users\Jake\Local Sites\trying-to-adult\app\public\wp-admin\includes\class-wp-comments-list-table.php on line 1102
[19-Aug-2025 16:40:37 UTC] PHP Warning:  Attempt to read property "view_item" on null in C:\Users\Jake\Local Sites\trying-to-adult\app\public\wp-admin\includes\class-wp-comments-list-table.php on line 1102
[19-Aug-2025 16:40:37 UTC] PHP Warning:  Attempt to read property "labels" on null in C:\Users\Jake\Local Sites\trying-to-adult\app\public\wp-admin\includes\class-wp-comments-list-table.php on line 1102
[19-Aug-2025 16:40:37 UTC] PHP Warning:  Attempt to read property "view_item" on null in C:\Users\Jake\Local Sites\trying-to-adult\app\public\wp-admin\includes\class-wp-comments-list-table.php on line 1102
[19-Aug-2025 16:40:37 UTC] PHP Warning:  Attempt to read property "labels" on null in C:\Users\Jake\Local Sites\trying-to-adult\app\public\wp-admin\includes\class-wp-comments-list-table.php on line 1102
[19-Aug-2025 16:40:37 UTC] PHP Warning:  Attempt to read property "view_item" on null in C:\Users\Jake\Local Sites\trying-to-adult\app\public\wp-admin\includes\class-wp-comments-list-table.php on line 1102
[19-Aug-2025 16:40:37 UTC] PHP Warning:  Attempt to read property "labels" on null in C:\Users\Jake\Local Sites\trying-to-adult\app\public\wp-admin\includes\class-wp-comments-list-table.php on line 1102
[19-Aug-2025 16:40:37 UTC] PHP Warning:  Attempt to read property "view_item" on null in C:\Users\Jake\Local Sites\trying-to-adult\app\public\wp-admin\includes\class-wp-comments-list-table.php on line 1102
[19-Aug-2025 16:40:37 UTC] PHP Warning:  Attempt to read property "labels" on null in C:\Users\Jake\Local Sites\trying-to-adult\app\public\wp-admin\includes\class-wp-comments-list-table.php on line 1102
[19-Aug-2025 16:40:37 UTC] PHP Warning:  Attempt to read property "view_item" on null in C:\Users\Jake\Local Sites\trying-to-adult\app\public\wp-admin\includes\class-wp-comments-list-table.php on line 1102
[19-Aug-2025 16:40:37 UTC] PHP Warning:  Attempt to read property "labels" on null in C:\Users\Jake\Local Sites\trying-to-adult\app\public\wp-admin\includes\class-wp-comments-list-table.php on line 1102
[19-Aug-2025 16:40:37 UTC] PHP Warning:  Attempt to read property "view_item" on null in C:\Users\Jake\Local Sites\trying-to-adult\app\public\wp-admin\includes\class-wp-comments-list-table.php on line 1102
[19-Aug-2025 16:40:37 UTC] PHP Warning:  Attempt to read property "labels" on null in C:\Users\Jake\Local Sites\trying-to-adult\app\public\wp-admin\includes\class-wp-comments-list-table.php on line 1102
[19-Aug-2025 16:40:37 UTC] PHP Warning:  Attempt to read property "view_item" on null in C:\Users\Jake\Local Sites\trying-to-adult\app\public\wp-admin\includes\class-wp-comments-list-table.php on line 1102
[19-Aug-2025 16:40:37 UTC] PHP Warning:  Attempt to read property "labels" on null in C:\Users\Jake\Local Sites\trying-to-adult\app\public\wp-admin\includes\class-wp-comments-list-table.php on line 1102
[19-Aug-2025 16:40:37 UTC] PHP Warning:  Attempt to read property "view_item" on null in C:\Users\Jake\Local Sites\trying-to-adult\app\public\wp-admin\includes\class-wp-comments-list-table.php on line 1102
[19-Aug-2025 16:40:37 UTC] PHP Warning:  Attempt to read property "labels" on null in C:\Users\Jake\Local Sites\trying-to-adult\app\public\wp-admin\includes\class-wp-comments-list-table.php on line 1102
[19-Aug-2025 16:40:37 UTC] PHP Warning:  Attempt to read property "view_item" on null in C:\Users\Jake\Local Sites\trying-to-adult\app\public\wp-admin\includes\class-wp-comments-list-table.php on line 1102
[19-Aug-2025 16:40:37 UTC] PHP Warning:  Attempt to read property "labels" on null in C:\Users\Jake\Local Sites\trying-to-adult\app\public\wp-admin\includes\class-wp-comments-list-table.php on line 1102
[19-Aug-2025 16:40:37 UTC] PHP Warning:  Attempt to read property "view_item" on null in C:\Users\Jake\Local Sites\trying-to-adult\app\public\wp-admin\includes\class-wp-comments-list-table.php on line 1102
[19-Aug-2025 16:40:37 UTC] PHP Warning:  Attempt to read property "labels" on null in C:\Users\Jake\Local Sites\trying-to-adult\app\public\wp-admin\includes\class-wp-comments-list-table.php on line 1102
[19-Aug-2025 16:40:37 UTC] PHP Warning:  Attempt to read property "view_item" on null in C:\Users\Jake\Local Sites\trying-to-adult\app\public\wp-admin\includes\class-wp-comments-list-table.php on line 1102
[19-Aug-2025 16:40:37 UTC] PHP Warning:  Attempt to read property "labels" on null in C:\Users\Jake\Local Sites\trying-to-adult\app\public\wp-admin\includes\class-wp-comments-list-table.php on line 1102
[19-Aug-2025 16:40:37 UTC] PHP Warning:  Attempt to read property "view_item" on null in C:\Users\Jake\Local Sites\trying-to-adult\app\public\wp-admin\includes\class-wp-comments-list-table.php on line 1102
[19-Aug-2025 16:40:37 UTC] PHP Warning:  Attempt to read property "labels" on null in C:\Users\Jake\Local Sites\trying-to-adult\app\public\wp-admin\includes\class-wp-comments-list-table.php on line 1102
[19-Aug-2025 16:40:37 UTC] PHP Warning:  Attempt to read property "view_item" on null in C:\Users\Jake\Local Sites\trying-to-adult\app\public\wp-admin\includes\class-wp-comments-list-table.php on line 1102
[19-Aug-2025 16:40:37 UTC] PHP Warning:  Attempt to read property "labels" on null in C:\Users\Jake\Local Sites\trying-to-adult\app\public\wp-admin\includes\class-wp-comments-list-table.php on line 1102
[19-Aug-2025 16:40:37 UTC] PHP Warning:  Attempt to read property "view_item" on null in C:\Users\Jake\Local Sites\trying-to-adult\app\public\wp-admin\includes\class-wp-comments-list-table.php on line 1102
[19-Aug-2025 16:40:37 UTC] PHP Warning:  Attempt to read property "labels" on null in C:\Users\Jake\Local Sites\trying-to-adult\app\public\wp-admin\includes\class-wp-comments-list-table.php on line 1102
[19-Aug-2025 16:40:37 UTC] PHP Warning:  Attempt to read property "view_item" on null in C:\Users\Jake\Local Sites\trying-to-adult\app\public\wp-admin\includes\class-wp-comments-list-table.php on line 1102
[19-Aug-2025 16:40:37 UTC] PHP Warning:  Attempt to read property "labels" on null in C:\Users\Jake\Local Sites\trying-to-adult\app\public\wp-admin\includes\class-wp-comments-list-table.php on line 1102
[19-Aug-2025 16:40:37 UTC] PHP Warning:  Attempt to read property "view_item" on null in C:\Users\Jake\Local Sites\trying-to-adult\app\public\wp-admin\includes\class-wp-comments-list-table.php on line 1102
[19-Aug-2025 16:40:37 UTC] PHP Warning:  Attempt to read property "labels" on null in C:\Users\Jake\Local Sites\trying-to-adult\app\public\wp-admin\includes\class-wp-comments-list-table.php on line 1102
[19-Aug-2025 16:40:37 UTC] PHP Warning:  Attempt to read property "view_item" on null in C:\Users\Jake\Local Sites\trying-to-adult\app\public\wp-admin\includes\class-wp-comments-list-table.php on line 1102
[19-Aug-2025 18:39:07 UTC] PHP Warning:  The magic method Vc_Manager::__wakeup() must have public visibility in C:\Users\Jake\Local Sites\trying-to-adult\app\public\wp-content\plugins\js_composer\include\classes\core\class-vc-manager.php on line 203
[19-Aug-2025 18:39:10 UTC] PHP Warning:  The magic method TotalTheme\ResizeImage::__wakeup() must have public visibility in C:\Users\Jake\Local Sites\trying-to-adult\app\public\wp-content\themes\Total\framework\classes\class-resize-image.php on line 34
[19-Aug-2025 19:17:03 UTC] PHP Warning:  The magic method Vc_Manager::__wakeup() must have public visibility in C:\Users\Jake\Local Sites\trying-to-adult\app\public\wp-content\plugins\js_composer\include\classes\core\class-vc-manager.php on line 203
[19-Aug-2025 19:17:15 UTC] PHP Warning:  The magic method TotalTheme\ResizeImage::__wakeup() must have public visibility in C:\Users\Jake\Local Sites\trying-to-adult\app\public\wp-content\themes\Total\framework\classes\class-resize-image.php on line 34
