2025-03-08T00:19:12+00:00 NOTICE handleOrderUpdate :: order_status
2025-03-08T00:19:12+00:00 NOTICE action_scheduler.queue_job :: MailChimp_WooCommerce_Single_Order starts in 90 seconds :: obj_id 5915 with id 68304
2025-03-08T00:19:14+00:00 NOTICE action_scheduler.queue_job :: MailChimp_WooCommerce_Single_Order starts in 90 seconds :: obj_id 18524 with id 68305
2025-03-08T00:19:14+00:00 NOTICE handleOrderUpdate :: order_status
2025-03-08T00:19:14+00:00 NOTICE handleOrderUpdate :: order_status
2025-03-08T00:19:14+00:00 NOTICE handleOrderUpdate :: order_status
2025-03-08T00:19:14+00:00 NOTICE handleOrderUpdate :: order_status
2025-03-08T00:19:18+00:00 NOTICE handleOrderUpdate :: order_status
2025-03-08T00:19:18+00:00 NOTICE handleOrderUpdate :: order_status
2025-03-08T00:19:18+00:00 NOTICE handleOrderUpdate :: order_status
2025-03-08T00:19:19+00:00 NOTICE handleOrderUpdate :: order_status
2025-03-08T00:19:19+00:00 NOTICE handleOrderUpdate :: order_status
2025-03-08T00:19:19+00:00 NOTICE debug :: Order ID 18524 was pending and is now processing :: Array
(
    [new_order] => 1
    [tracking] => Array
        (
            [landing_site] => https://tryingtoadultrva.com/product/premium-membership/
        )

)
2025-03-08T00:21:01+00:00 NOTICE filter :: Order 5915 was skipped by the filter
2025-03-08T00:21:08+00:00 NOTICE order.member.updated :: Updated jpnyden@gmail.com subscriber status to subscribedand language to en
2025-03-08T00:21:08+00:00 NOTICE order_submit.success :: addStoreOrder :: #18524 :: email: jpnyden@gmail.com
2025-03-08T00:49:10+00:00 NOTICE handleOrderUpdate :: order_status
2025-03-08T00:49:10+00:00 NOTICE action_scheduler.queue_job :: MailChimp_WooCommerce_Single_Order starts in 90 seconds :: obj_id 14104 with id 68315
2025-03-08T00:49:12+00:00 NOTICE action_scheduler.queue_job :: MailChimp_WooCommerce_Single_Order starts in 90 seconds :: obj_id 18525 with id 68316
2025-03-08T00:49:12+00:00 NOTICE handleOrderUpdate :: order_status
2025-03-08T00:49:12+00:00 NOTICE handleOrderUpdate :: order_status
2025-03-08T00:49:12+00:00 NOTICE handleOrderUpdate :: order_status
2025-03-08T00:49:12+00:00 NOTICE handleOrderUpdate :: order_status
2025-03-08T00:49:14+00:00 NOTICE handleOrderUpdate :: order_status
2025-03-08T00:49:14+00:00 NOTICE handleOrderUpdate :: order_status
2025-03-08T00:49:15+00:00 NOTICE handleOrderUpdate :: order_status
2025-03-08T00:49:15+00:00 NOTICE debug :: Order ID 18525 was failed and is now pending :: Array
(
    [new_order] => 
    [tracking] => 
)
2025-03-08T00:49:15+00:00 NOTICE debug :: Order ID 18525 was pending and is now failed :: Array
(
    [new_order] => 
    [tracking] => 
)
2025-03-08T00:51:14+00:00 NOTICE filter :: Order 14104 was skipped by the filter
2025-03-08T00:51:16+00:00 NOTICE order_submit :: #18525 has a financial status of pending and was skipped.
2025-03-08T01:09:59+00:00 NOTICE action_scheduler.queue_job :: MailChimp_WooCommerce_Cart_Update queued :: obj_id 91f2d756c72d9d0d96d7b62aec0fed24 with id 68323
2025-03-08T01:10:03+00:00 NOTICE handleOrderUpdate :: order_status
2025-03-08T01:10:04+00:00 NOTICE action_scheduler.queue_job :: MailChimp_WooCommerce_Single_Order starts in 90 seconds :: obj_id 18409 with id 68325
2025-03-08T01:10:04+00:00 NOTICE handleOrderUpdate :: order_status
2025-03-08T01:10:04+00:00 NOTICE handleOrderUpdate :: order_status
2025-03-08T01:10:04+00:00 NOTICE handleOrderUpdate :: order_status
2025-03-08T01:10:06+00:00 NOTICE handleOrderUpdate :: order_status
2025-03-08T01:10:06+00:00 NOTICE handleOrderUpdate :: order_status
2025-03-08T01:10:06+00:00 NOTICE handleOrderUpdate :: order_status
2025-03-08T01:10:06+00:00 NOTICE debug :: Order ID 18409 was failed and is now pending :: Array
(
    [new_order] => 
    [tracking] => 
)
2025-03-08T01:10:06+00:00 NOTICE debug :: Order ID 18409 was pending and is now failed :: Array
(
    [new_order] => 
    [tracking] => 
)
2025-03-08T01:10:09+00:00 NOTICE abandoned_cart.success :: email: ashley.cloude@gmail.com :: checkout_url: https://tryingtoadultrva.com/checkout/?mc_cart_id=91f2d756c72d9d0d96d7b62aec0fed24
2025-03-08T01:10:09+00:00 NOTICE action_scheduler.queue_job :: MailChimp_WooCommerce_Single_Order starts in 90 seconds :: obj_id 18526 with id 68327
2025-03-08T01:10:10+00:00 NOTICE handleOrderUpdate :: order_status
2025-03-08T01:10:10+00:00 NOTICE handleOrderUpdate :: order_status
2025-03-08T01:10:10+00:00 NOTICE integration_logic :: mailchimp_member_data_update set the user meta for ashley.cloude@gmail.com to subscribed because it was out of sync.
2025-03-08T01:10:10+00:00 NOTICE cart.member.updated :: Updated ashley.cloude@gmail.com subscriber status to subscribedand language to en
2025-03-08T01:10:10+00:00 NOTICE debug :: Order ID 18526 was pending and is now processing :: Array
(
    [new_order] => 1
    [tracking] => Array
        (
            [landing_site] => https://tryingtoadultrva.com/checkout/order-received/17299/?key=wc_order_2i0w1XUeRdtCg
        )

)
2025-03-08T01:12:27+00:00 NOTICE order_submit :: #18409 has a financial status of pending and was skipped.
2025-03-08T01:12:32+00:00 NOTICE order.member.updated :: Updated ashley.cloude@gmail.com subscriber status to subscribedand language to en
2025-03-08T01:12:32+00:00 NOTICE order_submit.success :: addStoreOrder :: #18526 :: email: ashley.cloude@gmail.com :: landing site https://tryingtoadultrva.com/checkout/order-received/17299/?key=wc_order_2i0w1XUeRdtCg :: abandoned cart deleted [91f2d756c72d9d0d96d7b62aec0fed24]
2025-03-08T01:22:35+00:00 NOTICE action_scheduler.queue_job :: MailChimp_WooCommerce_Cart_Update queued :: obj_id 91f2d756c72d9d0d96d7b62aec0fed24 with id 68331
2025-03-08T01:22:44+00:00 NOTICE action_scheduler.queue_job :: MailChimp_WooCommerce_Single_Order starts in 90 seconds :: obj_id 18528 with id 68332
2025-03-08T01:22:45+00:00 NOTICE handleOrderUpdate :: order_status
2025-03-08T01:22:45+00:00 NOTICE handleOrderUpdate :: order_status
2025-03-08T01:22:45+00:00 NOTICE debug :: Order ID 18528 was pending and is now processing :: Array
(
    [new_order] => 1
    [tracking] => Array
        (
            [landing_site] => https://tryingtoadultrva.com/checkout/order-received/18526/?key=wc_order_dhAVP4JOv5cqF
        )

)
2025-03-08T01:22:45+00:00 NOTICE abandoned_cart.success :: email: ashley.cloude@gmail.com :: checkout_url: https://tryingtoadultrva.com/checkout/?mc_cart_id=91f2d756c72d9d0d96d7b62aec0fed24
2025-03-08T01:24:23+00:00 NOTICE order.member.updated :: Updated ashley.cloude@gmail.com subscriber status to subscribedand language to en
2025-03-08T01:24:23+00:00 NOTICE order_submit.success :: addStoreOrder :: #18528 :: email: ashley.cloude@gmail.com :: landing site https://tryingtoadultrva.com/checkout/order-received/18526/?key=wc_order_dhAVP4JOv5cqF :: abandoned cart deleted [91f2d756c72d9d0d96d7b62aec0fed24]
2025-03-08T01:27:18+00:00 NOTICE action_scheduler.queue_job :: MailChimp_WooCommerce_Cart_Update queued :: obj_id b17ee3a2fe3cafdbbc5f16ab415d4ef9 with id 68335
2025-03-08T01:27:27+00:00 NOTICE action_scheduler.queue_job :: MailChimp_WooCommerce_Single_Order starts in 90 seconds :: obj_id 18530 with id 68336
2025-03-08T01:27:27+00:00 NOTICE handleOrderUpdate :: order_status
2025-03-08T01:27:28+00:00 NOTICE handleOrderUpdate :: order_status
2025-03-08T01:27:28+00:00 NOTICE debug :: Order ID 18530 was pending and is now processing :: Array
(
    [new_order] => 1
    [tracking] => Array
        (
            [landing_site] => https://tryingtoadultrva.com/checkout/order-received/18276/?key=wc_order_ltal0eMkzsKkS
        )

)
2025-03-08T01:27:41+00:00 NOTICE abandoned_cart.success :: email: tylerschmincke12@gmail.com :: checkout_url: https://tryingtoadultrva.com/checkout/?mc_cart_id=b17ee3a2fe3cafdbbc5f16ab415d4ef9
2025-03-08T01:27:42+00:00 NOTICE integration_logic :: mailchimp_member_data_update set the user meta for tylerschmincke12@gmail.com to subscribed because it was out of sync.
2025-03-08T01:27:42+00:00 NOTICE cart.member.updated :: Updated tylerschmincke12@gmail.com subscriber status to subscribedand language to en
2025-03-08T01:29:31+00:00 NOTICE order.member.updated :: Updated tylerschmincke12@gmail.com subscriber status to subscribedand language to en
2025-03-08T01:29:31+00:00 NOTICE order_submit.success :: addStoreOrder :: #18530 :: email: tylerschmincke12@gmail.com :: landing site https://tryingtoadultrva.com/checkout/order-received/18276/?key=wc_order_ltal0eMkzsKkS :: abandoned cart deleted [b17ee3a2fe3cafdbbc5f16ab415d4ef9]
2025-03-08T01:35:16+00:00 NOTICE action_scheduler.queue_job :: MailChimp_WooCommerce_Cart_Update queued :: obj_id 27ae1dcedba5c0eab422bde8d002738b with id 68339
2025-03-08T01:35:41+00:00 NOTICE action_scheduler.queue_job :: MailChimp_WooCommerce_User_Submit queued :: obj_id 470 with id 68341
2025-03-08T01:35:42+00:00 NOTICE action_scheduler.queue_job :: MailChimp_WooCommerce_Single_Order starts in 90 seconds :: obj_id 18532 with id 68342
2025-03-08T01:35:42+00:00 NOTICE handleOrderUpdate :: order_status
2025-03-08T01:35:42+00:00 NOTICE action_scheduler.queue_job :: MailChimp_WooCommerce_Single_Order starts in 90 seconds :: obj_id 18533 with id 68344
2025-03-08T01:35:42+00:00 NOTICE handleOrderUpdate :: order_status
2025-03-08T01:35:42+00:00 NOTICE handleOrderUpdate :: order_status
2025-03-08T01:35:42+00:00 NOTICE handleOrderUpdate :: order_status
2025-03-08T01:35:43+00:00 NOTICE handleOrderUpdate :: order_status
2025-03-08T01:35:47+00:00 NOTICE handleOrderUpdate :: order_status
2025-03-08T01:35:47+00:00 NOTICE handleOrderUpdate :: order_status
2025-03-08T01:35:48+00:00 NOTICE handleOrderUpdate :: order_status
2025-03-08T01:35:49+00:00 NOTICE debug :: Order ID 18532 was pending and is now processing :: Array
(
    [new_order] => 1
    [tracking] => Array
        (
            [landing_site] => https://tryingtoadultrva.com/checkout/order-received/18379/?key=wc_order_r5TDfV3bbPxaM
        )

)
2025-03-08T01:36:06+00:00 NOTICE abandoned_cart.success :: email: ilikeharsies@gmail.com :: checkout_url: https://tryingtoadultrva.com/checkout/?mc_cart_id=27ae1dcedba5c0eab422bde8d002738b
2025-03-08T01:36:07+00:00 NOTICE integration_logic :: mailchimp_member_data_update set the user meta for ilikeharsies@gmail.com to subscribed because it was out of sync.
2025-03-08T01:36:07+00:00 NOTICE cart.member.updated :: Updated ilikeharsies@gmail.com subscriber status to subscribedand language to en
2025-03-08T01:36:10+00:00 NOTICE member.sync :: Updated Member ilikeharsies@gmail.com :: Array
(
    [status] => subscribed
    [language] => 
    [merge_fields] => Array
        (
            [FNAME] => Kaitlyn
            [LNAME] => Batten
        )

    [gdpr_fields] => 
)
2025-03-08T01:37:30+00:00 NOTICE order.member.updated :: Updated ilikeharsies@gmail.com subscriber status to subscribedand language to en
2025-03-08T01:37:30+00:00 NOTICE order_submit.success :: addStoreOrder :: #18532 :: email: ilikeharsies@gmail.com :: landing site https://tryingtoadultrva.com/checkout/order-received/18379/?key=wc_order_r5TDfV3bbPxaM :: abandoned cart deleted [27ae1dcedba5c0eab422bde8d002738b]
2025-03-08T01:37:30+00:00 NOTICE filter :: Order 18533 was skipped by the filter
2025-03-08T01:41:02+00:00 NOTICE action_scheduler.queue_job :: MailChimp_WooCommerce_Cart_Update queued :: obj_id 27ae1dcedba5c0eab422bde8d002738b with id 68351
2025-03-08T01:41:04+00:00 NOTICE abandoned_cart.success :: email: ilikeharsies@gmail.com :: checkout_url: https://tryingtoadultrva.com/checkout/?mc_cart_id=27ae1dcedba5c0eab422bde8d002738b
2025-03-08T01:41:12+00:00 NOTICE action_scheduler.queue_job :: MailChimp_WooCommerce_Single_Order starts in 90 seconds :: obj_id 18535 with id 68352
2025-03-08T01:41:12+00:00 NOTICE handleOrderUpdate :: order_status
2025-03-08T01:41:12+00:00 NOTICE handleOrderUpdate :: order_status
2025-03-08T01:41:13+00:00 NOTICE debug :: Order ID 18535 was pending and is now processing :: Array
(
    [new_order] => 1
    [tracking] => Array
        (
            [landing_site] => https://tryingtoadultrva.com/login-account-information/lost-password/?show-reset-form=true&action=newaccount
        )

)
2025-03-08T01:42:12+00:00 NOTICE action_scheduler.queue_job :: MailChimp_WooCommerce_Cart_Update queued :: obj_id 27ae1dcedba5c0eab422bde8d002738b with id 68355
2025-03-08T01:42:19+00:00 NOTICE action_scheduler.queue_job :: MailChimp_WooCommerce_Single_Order starts in 90 seconds :: obj_id 18537 with id 68356
2025-03-08T01:42:19+00:00 NOTICE abandoned_cart.success :: email: ilikeharsies@gmail.com :: checkout_url: https://tryingtoadultrva.com/checkout/?mc_cart_id=27ae1dcedba5c0eab422bde8d002738b
2025-03-08T01:42:19+00:00 NOTICE handleOrderUpdate :: order_status
2025-03-08T01:42:19+00:00 NOTICE handleOrderUpdate :: order_status
2025-03-08T01:42:20+00:00 NOTICE debug :: Order ID 18537 was pending and is now processing :: Array
(
    [new_order] => 1
    [tracking] => Array
        (
            [landing_site] => https://tryingtoadultrva.com/checkout/order-received/18535/?key=wc_order_OUufPdktjbwio
        )

)
2025-03-08T01:43:11+00:00 NOTICE order.member.updated :: Updated ilikeharsies@gmail.com subscriber status to subscribedand language to en
2025-03-08T01:43:11+00:00 NOTICE order_submit.success :: addStoreOrder :: #18535 :: email: ilikeharsies@gmail.com :: landing site https://tryingtoadultrva.com/login-account-information/lost-password/?show-reset-form=true&action=newaccount :: abandoned cart deleted [27ae1dcedba5c0eab422bde8d002738b]
2025-03-08T01:43:45+00:00 NOTICE action_scheduler.queue_job :: MailChimp_WooCommerce_Cart_Update queued :: obj_id 27ae1dcedba5c0eab422bde8d002738b with id 68359
2025-03-08T01:43:56+00:00 NOTICE action_scheduler.queue_job :: MailChimp_WooCommerce_Single_Order starts in 90 seconds :: obj_id 18539 with id 68360
2025-03-08T01:43:57+00:00 NOTICE handleOrderUpdate :: order_status
2025-03-08T01:43:59+00:00 NOTICE handleOrderUpdate :: order_status
2025-03-08T01:44:00+00:00 NOTICE handleOrderUpdate :: order_status
2025-03-08T01:44:00+00:00 NOTICE debug :: Order ID 18539 was pending and is now processing :: Array
(
    [new_order] => 1
    [tracking] => Array
        (
            [landing_site] => https://tryingtoadultrva.com/checkout/order-received/18537/?key=wc_order_n9LU20u6jMjBb
        )

)
2025-03-08T01:44:05+00:00 NOTICE abandoned_cart.success :: email: ilikeharsies@gmail.com :: checkout_url: https://tryingtoadultrva.com/checkout/?mc_cart_id=27ae1dcedba5c0eab422bde8d002738b
2025-03-08T01:44:09+00:00 NOTICE order.member.updated :: Updated ilikeharsies@gmail.com subscriber status to subscribedand language to en
2025-03-08T01:44:09+00:00 NOTICE order_submit.success :: addStoreOrder :: #18537 :: email: ilikeharsies@gmail.com :: landing site https://tryingtoadultrva.com/checkout/order-received/18535/?key=wc_order_OUufPdktjbwio :: abandoned cart deleted [27ae1dcedba5c0eab422bde8d002738b]
2025-03-08T01:46:09+00:00 NOTICE order.member.updated :: Updated ilikeharsies@gmail.com subscriber status to subscribedand language to en
2025-03-08T01:46:09+00:00 NOTICE order_submit.success :: addStoreOrder :: #18539 :: email: ilikeharsies@gmail.com :: landing site https://tryingtoadultrva.com/checkout/order-received/18537/?key=wc_order_n9LU20u6jMjBb
2025-03-08T02:15:40+00:00 NOTICE handleOrderUpdate :: order_status
2025-03-08T02:15:40+00:00 NOTICE action_scheduler.queue_job :: MailChimp_WooCommerce_Single_Order starts in 90 seconds :: obj_id 6165 with id 68363
2025-03-08T02:15:40+00:00 NOTICE handleOrderUpdate :: order_status
2025-03-08T02:15:40+00:00 NOTICE action_scheduler.queue_job :: MailChimp_WooCommerce_Single_Order starts in 90 seconds :: obj_id 18070 with id 68365
2025-03-08T02:15:40+00:00 NOTICE handleOrderUpdate :: order_status
2025-03-08T02:15:41+00:00 NOTICE handleOrderUpdate :: order_status
2025-03-08T02:15:41+00:00 NOTICE handleOrderUpdate :: order_status
2025-03-08T02:15:41+00:00 NOTICE action_scheduler.queue_job :: MailChimp_WooCommerce_Single_Order starts in 90 seconds :: obj_id 1183 with id 68366
2025-03-08T02:15:41+00:00 NOTICE handleOrderUpdate :: order_status
2025-03-08T02:15:41+00:00 NOTICE action_scheduler.queue_job :: MailChimp_WooCommerce_Single_Order starts in 90 seconds :: obj_id 17918 with id 68368
2025-03-08T02:15:41+00:00 NOTICE handleOrderUpdate :: order_status
2025-03-08T02:15:41+00:00 NOTICE handleOrderUpdate :: order_status
2025-03-08T02:17:27+00:00 NOTICE filter :: Order 6165 was skipped by the filter
2025-03-08T02:17:29+00:00 NOTICE order_submit :: #18070 has a financial status of pending and was skipped.
2025-03-08T02:17:29+00:00 NOTICE filter :: Order 1183 was skipped by the filter
2025-03-08T02:32:41+00:00 NOTICE action_scheduler.queue_job :: MailChimp_WooCommerce_Cart_Update queued :: obj_id 42658309cad7442c098e0bc51b3ee321 with id 68370
2025-03-08T02:33:10+00:00 NOTICE action_scheduler.queue_job :: MailChimp_WooCommerce_Single_Order starts in 90 seconds :: obj_id 18541 with id 68371
2025-03-08T02:33:10+00:00 NOTICE handleOrderUpdate :: order_status
2025-03-08T02:33:10+00:00 NOTICE handleOrderUpdate :: order_status
2025-03-08T02:33:11+00:00 NOTICE debug :: Order ID 18541 was pending and is now processing :: Array
(
    [new_order] => 1
    [tracking] => Array
        (
            [landing_site] => https://tryingtoadultrva.com/login-account-information/lost-password/
        )

)
2025-03-08T02:33:11+00:00 NOTICE abandoned_cart.success :: email: jimmyhanan12@gmail.com :: checkout_url: https://tryingtoadultrva.com/checkout/?mc_cart_id=42658309cad7442c098e0bc51b3ee321
2025-03-08T02:33:12+00:00 NOTICE integration_logic :: mailchimp_member_data_update set the user meta for jimmyhanan12@gmail.com to subscribed because it was out of sync.
2025-03-08T02:33:12+00:00 NOTICE cart.member.updated :: Updated jimmyhanan12@gmail.com subscriber status to subscribedand language to en
2025-03-08T02:35:23+00:00 NOTICE order.member.updated :: Updated jimmyhanan12@gmail.com subscriber status to subscribedand language to en
2025-03-08T02:35:23+00:00 NOTICE order_submit.success :: addStoreOrder :: #18541 :: email: jimmyhanan12@gmail.com :: landing site https://tryingtoadultrva.com/login-account-information/lost-password/ :: abandoned cart deleted [42658309cad7442c098e0bc51b3ee321]
2025-03-08T02:43:34+00:00 NOTICE action_scheduler.queue_job :: MailChimp_WooCommerce_Cart_Update queued :: obj_id 8f4039cf23c813233a307c98fe05b6f0 with id 68374
2025-03-08T02:43:42+00:00 NOTICE action_scheduler.queue_job :: MailChimp_WooCommerce_Single_Order starts in 90 seconds :: obj_id 18544 with id 68375
2025-03-08T02:43:42+00:00 NOTICE handleOrderUpdate :: order_status
2025-03-08T02:43:42+00:00 NOTICE handleOrderUpdate :: order_status
2025-03-08T02:43:43+00:00 NOTICE debug :: Order ID 18544 was pending and is now processing :: Array
(
    [new_order] => 1
    [tracking] => Array
        (
            [landing_site] => https://tryingtoadultrva.com/checkout/order-received/18323/?key=wc_order_1whcHPLpMmeHt
        )

)
2025-03-08T02:44:05+00:00 ERROR abandoned_cart.error :: email: s.thoma1116@gmail.con :: attempting product update :: s.thoma1116@gmail.con is an invalid email address and cannot be imported.
2025-03-08T02:44:07+00:00 ERROR abandoned_cart.error :: Error Code 400 :: s.thoma1116@gmail.con is an invalid email address and cannot be imported. on 2701 in /www/wp-content/plugins/mailchimp-for-woocommerce/includes/api/class-mailchimp-api.php
2025-03-08T02:45:30+00:00 ERROR order_submit.error :: addStoreOrder :: #18544 :: Error Code 400 :: s.thoma1116@gmail.con is an invalid email address and cannot be imported. on 2701 in /www/wp-content/plugins/mailchimp-for-woocommerce/includes/api/class-mailchimp-api.php
2025-03-08T03:36:12+00:00 NOTICE handleOrderUpdate :: order_status
2025-03-08T03:36:13+00:00 NOTICE action_scheduler.queue_job :: MailChimp_WooCommerce_Single_Order starts in 90 seconds :: obj_id 18418 with id 68379
2025-03-08T03:36:13+00:00 NOTICE handleOrderUpdate :: order_status
2025-03-08T03:36:13+00:00 NOTICE handleOrderUpdate :: order_status
2025-03-08T03:36:13+00:00 NOTICE handleOrderUpdate :: order_status
2025-03-08T03:36:15+00:00 NOTICE handleOrderUpdate :: order_status
2025-03-08T03:36:15+00:00 NOTICE handleOrderUpdate :: order_status
2025-03-08T03:36:15+00:00 NOTICE handleOrderUpdate :: order_status
2025-03-08T03:36:16+00:00 NOTICE debug :: Order ID 18418 was failed and is now pending :: Array
(
    [new_order] => 
    [tracking] => 
)
2025-03-08T03:36:16+00:00 NOTICE debug :: Order ID 18418 was pending and is now failed :: Array
(
    [new_order] => 
    [tracking] => 
)
2025-03-08T03:38:30+00:00 NOTICE order_submit :: #18418 has a financial status of pending and was skipped.
2025-03-08T06:59:03+00:00 NOTICE action_scheduler.queue_job :: MailChimp_WooCommerce_Cart_Update queued :: obj_id 4551f70fde85f405f094c6b13a389c11 with id 68382
2025-03-08T06:59:12+00:00 NOTICE abandoned_cart.success :: email: mfried1596@gmail.com :: checkout_url: https://tryingtoadultrva.com/checkout/?mc_cart_id=4551f70fde85f405f094c6b13a389c11
2025-03-08T06:59:13+00:00 NOTICE integration_logic :: mailchimp_member_data_update set the user meta for mfried1596@gmail.com to subscribed because it was out of sync.
2025-03-08T06:59:13+00:00 NOTICE cart.member.updated :: Updated mfried1596@gmail.com subscriber status to subscribedand language to en
2025-03-08T06:59:43+00:00 NOTICE action_scheduler.queue_job :: MailChimp_WooCommerce_Cart_Update queued :: obj_id 4551f70fde85f405f094c6b13a389c11 with id 68384
2025-03-08T07:00:12+00:00 NOTICE abandoned_cart.success :: email: mfried1596@gmail.com :: checkout_url: https://tryingtoadultrva.com/checkout/?mc_cart_id=4551f70fde85f405f094c6b13a389c11
2025-03-08T07:00:20+00:00 NOTICE action_scheduler.queue_job :: MailChimp_WooCommerce_Single_Order starts in 90 seconds :: obj_id 18546 with id 68385
2025-03-08T07:00:21+00:00 NOTICE handleOrderUpdate :: order_status
2025-03-08T07:00:21+00:00 NOTICE handleOrderUpdate :: order_status
2025-03-08T07:00:22+00:00 NOTICE debug :: Order ID 18546 was pending and is now processing :: Array
(
    [new_order] => 1
    [tracking] => Array
        (
            [landing_site] => https://tryingtoadultrva.com/checkout/order-received/18419/?key=wc_order_tjJjIEN7ij38Y
        )

)
2025-03-08T07:02:23+00:00 NOTICE order.member.updated :: Updated mfried1596@gmail.com subscriber status to subscribedand language to en
2025-03-08T07:02:23+00:00 NOTICE order_submit.success :: addStoreOrder :: #18546 :: email: mfried1596@gmail.com :: landing site https://tryingtoadultrva.com/checkout/order-received/18419/?key=wc_order_tjJjIEN7ij38Y :: abandoned cart deleted [4551f70fde85f405f094c6b13a389c11]
2025-03-08T09:08:26+00:00 NOTICE handleOrderUpdate :: order_status
2025-03-08T09:08:26+00:00 NOTICE action_scheduler.queue_job :: MailChimp_WooCommerce_Single_Order starts in 90 seconds :: obj_id 18427 with id 68389
2025-03-08T09:08:26+00:00 NOTICE handleOrderUpdate :: order_status
2025-03-08T09:08:26+00:00 NOTICE handleOrderUpdate :: order_status
2025-03-08T09:08:26+00:00 NOTICE handleOrderUpdate :: order_status
2025-03-08T09:08:28+00:00 NOTICE handleOrderUpdate :: order_status
2025-03-08T09:08:28+00:00 NOTICE handleOrderUpdate :: order_status
2025-03-08T09:08:28+00:00 NOTICE handleOrderUpdate :: order_status
2025-03-08T09:08:28+00:00 NOTICE debug :: Order ID 18427 was failed and is now pending :: Array
(
    [new_order] => 
    [tracking] => 
)
2025-03-08T09:08:28+00:00 NOTICE debug :: Order ID 18427 was pending and is now failed :: Array
(
    [new_order] => 
    [tracking] => 
)
2025-03-08T09:10:30+00:00 NOTICE order_submit :: #18427 has a financial status of pending and was skipped.
2025-03-08T12:50:26+00:00 NOTICE handleOrderUpdate :: order_status
2025-03-08T12:50:26+00:00 NOTICE action_scheduler.queue_job :: MailChimp_WooCommerce_Single_Order starts in 90 seconds :: obj_id 18525 with id 68393
2025-03-08T12:50:26+00:00 NOTICE handleOrderUpdate :: order_status
2025-03-08T12:50:26+00:00 NOTICE handleOrderUpdate :: order_status
2025-03-08T12:50:26+00:00 NOTICE handleOrderUpdate :: order_status
2025-03-08T12:50:28+00:00 NOTICE handleOrderUpdate :: order_status
2025-03-08T12:50:28+00:00 NOTICE handleOrderUpdate :: order_status
2025-03-08T12:50:28+00:00 NOTICE handleOrderUpdate :: order_status
2025-03-08T12:50:28+00:00 NOTICE debug :: Order ID 18525 was failed and is now pending :: Array
(
    [new_order] => 
    [tracking] => 
)
2025-03-08T12:50:29+00:00 NOTICE debug :: Order ID 18525 was pending and is now failed :: Array
(
    [new_order] => 
    [tracking] => 
)
2025-03-08T12:52:21+00:00 NOTICE order_submit :: #18525 has a financial status of pending and was skipped.
2025-03-08T14:49:52+00:00 NOTICE action_scheduler.queue_job :: MailChimp_WooCommerce_Cart_Update queued :: obj_id 1e516962b9f1c931d5c1628aee18f544 with id 68396
2025-03-08T14:50:00+00:00 NOTICE action_scheduler.queue_job :: MailChimp_WooCommerce_Single_Order starts in 90 seconds :: obj_id 18548 with id 68397
2025-03-08T14:50:01+00:00 NOTICE handleOrderUpdate :: order_status
2025-03-08T14:50:01+00:00 NOTICE handleOrderUpdate :: order_status
2025-03-08T14:50:01+00:00 NOTICE debug :: Order ID 18548 was pending and is now processing :: Array
(
    [new_order] => 1
    [tracking] => Array
        (
            [landing_site] => https://tryingtoadultrva.com/login-account-information/
        )

)
2025-03-08T14:50:10+00:00 NOTICE abandoned_cart.success :: email: mlafine@hotmail.com :: checkout_url: https://tryingtoadultrva.com/checkout/?mc_cart_id=1e516962b9f1c931d5c1628aee18f544
2025-03-08T14:50:11+00:00 NOTICE integration_logic :: mailchimp_member_data_update set the user meta for mlafine@hotmail.com to subscribed because it was out of sync.
2025-03-08T14:50:11+00:00 NOTICE cart.member.updated :: Updated mlafine@hotmail.com subscriber status to subscribedand language to en
2025-03-08T14:52:13+00:00 NOTICE order.member.updated :: Updated mlafine@hotmail.com subscriber status to subscribedand language to en
2025-03-08T14:52:13+00:00 NOTICE order_submit.success :: addStoreOrder :: #18548 :: email: mlafine@hotmail.com :: landing site https://tryingtoadultrva.com/login-account-information/ :: abandoned cart deleted [1e516962b9f1c931d5c1628aee18f544]
2025-03-08T15:09:17+00:00 NOTICE action_scheduler.queue_job :: MailChimp_WooCommerce_Cart_Update queued :: obj_id e088b78f99ca22f38576db9fc7433d60 with id 68400
2025-03-08T15:09:22+00:00 NOTICE abandoned_cart.success :: email: eippih@gmail.com :: checkout_url: https://tryingtoadultrva.com/checkout/?mc_cart_id=e088b78f99ca22f38576db9fc7433d60
2025-03-08T15:09:23+00:00 NOTICE integration_logic :: mailchimp_member_data_update set the user meta for eippih@gmail.com to subscribed because it was out of sync.
2025-03-08T15:09:23+00:00 NOTICE cart.member.updated :: Updated eippih@gmail.com subscriber status to subscribedand language to en
2025-03-08T15:09:55+00:00 NOTICE action_scheduler.queue_job :: MailChimp_WooCommerce_Cart_Update queued :: obj_id e088b78f99ca22f38576db9fc7433d60 with id 68401
2025-03-08T15:10:18+00:00 NOTICE abandoned_cart.success :: email: eippih@gmail.com :: checkout_url: https://tryingtoadultrva.com/checkout/?mc_cart_id=e088b78f99ca22f38576db9fc7433d60
2025-03-08T15:10:25+00:00 NOTICE action_scheduler.queue_job :: MailChimp_WooCommerce_Cart_Update queued :: obj_id e088b78f99ca22f38576db9fc7433d60 with id 68402
2025-03-08T15:11:03+00:00 NOTICE action_scheduler.queue_job :: MailChimp_WooCommerce_Single_Order starts in 90 seconds :: obj_id 18550 with id 68403
2025-03-08T15:11:04+00:00 NOTICE handleOrderUpdate :: order_status
2025-03-08T15:11:04+00:00 NOTICE abandoned_cart.success :: email: eippih@gmail.com :: checkout_url: https://tryingtoadultrva.com/checkout/?mc_cart_id=e088b78f99ca22f38576db9fc7433d60
2025-03-08T15:11:04+00:00 NOTICE handleOrderUpdate :: order_status
2025-03-08T15:11:05+00:00 NOTICE debug :: Order ID 18550 was pending and is now processing :: Array
(
    [new_order] => 1
    [tracking] => Array
        (
            [landing_site] => https://tryingtoadultrva.com/checkout/order-received/18124/?key=wc_order_Vm5JYWwQsaTgs
        )

)
2025-03-08T15:13:24+00:00 NOTICE order.member.updated :: Updated eippih@gmail.com subscriber status to subscribedand language to en
2025-03-08T15:13:24+00:00 NOTICE order_submit.success :: addStoreOrder :: #18550 :: email: eippih@gmail.com :: landing site https://tryingtoadultrva.com/checkout/order-received/18124/?key=wc_order_Vm5JYWwQsaTgs :: abandoned cart deleted [e088b78f99ca22f38576db9fc7433d60]
2025-03-08T15:59:15+00:00 NOTICE handleOrderUpdate :: order_status
2025-03-08T15:59:15+00:00 NOTICE action_scheduler.queue_job :: MailChimp_WooCommerce_Single_Order starts in 90 seconds :: obj_id 18356 with id 68407
2025-03-08T15:59:15+00:00 NOTICE handleOrderUpdate :: order_status
2025-03-08T15:59:15+00:00 NOTICE handleOrderUpdate :: order_status
2025-03-08T15:59:15+00:00 NOTICE handleOrderUpdate :: order_status
2025-03-08T15:59:18+00:00 NOTICE handleOrderUpdate :: order_status
2025-03-08T15:59:18+00:00 NOTICE handleOrderUpdate :: order_status
2025-03-08T15:59:18+00:00 NOTICE handleOrderUpdate :: order_status
2025-03-08T15:59:18+00:00 NOTICE debug :: Order ID 18356 was failed and is now pending :: Array
(
    [new_order] => 
    [tracking] => 
)
2025-03-08T15:59:18+00:00 NOTICE debug :: Order ID 18356 was pending and is now failed :: Array
(
    [new_order] => 
    [tracking] => 
)
2025-03-08T16:01:20+00:00 NOTICE order_submit :: #18356 has a financial status of pending and was skipped.
2025-03-08T17:05:09+00:00 NOTICE action_scheduler.queue_job :: MailChimp_WooCommerce_Cart_Update queued :: obj_id 37cd930c9bd11f3cc279c5e1c1c126c1 with id 68411
2025-03-08T17:05:17+00:00 NOTICE abandoned_cart.success :: email: yuchenzhang4@gmail.com :: checkout_url: https://tryingtoadultrva.com/checkout/?mc_cart_id=37cd930c9bd11f3cc279c5e1c1c126c1
2025-03-08T17:05:18+00:00 NOTICE integration_logic :: mailchimp_member_data_update set the user meta for yuchenzhang4@gmail.com to subscribed because it was out of sync.
2025-03-08T17:05:18+00:00 NOTICE cart.member.updated :: Updated yuchenzhang4@gmail.com subscriber status to subscribedand language to en
2025-03-08T17:05:24+00:00 NOTICE action_scheduler.queue_job :: MailChimp_WooCommerce_Single_Order starts in 90 seconds :: obj_id 18554 with id 68412
2025-03-08T17:05:25+00:00 NOTICE handleOrderUpdate :: order_status
2025-03-08T17:05:27+00:00 NOTICE handleOrderUpdate :: order_status
2025-03-08T17:05:27+00:00 NOTICE handleOrderUpdate :: order_status
2025-03-08T17:05:28+00:00 NOTICE debug :: Order ID 18554 was pending and is now processing :: Array
(
    [new_order] => 1
    [tracking] => Array
        (
            [landing_site] => https://tryingtoadultrva.com/checkout/order-received/17459/?key=wc_order_cfIM5vfuURW48
        )

)
2025-03-08T17:07:18+00:00 NOTICE order.member.updated :: Updated yuchenzhang4@gmail.com subscriber status to subscribedand language to en
2025-03-08T17:07:18+00:00 NOTICE order_submit.success :: addStoreOrder :: #18554 :: email: yuchenzhang4@gmail.com :: landing site https://tryingtoadultrva.com/checkout/order-received/17459/?key=wc_order_cfIM5vfuURW48 :: abandoned cart deleted [37cd930c9bd11f3cc279c5e1c1c126c1]
2025-03-08T17:22:20+00:00 NOTICE action_scheduler.queue_job :: MailChimp_WooCommerce_Cart_Update queued :: obj_id 37cd930c9bd11f3cc279c5e1c1c126c1 with id 68415
2025-03-08T17:22:31+00:00 NOTICE abandoned_cart.success :: email: yuchenzhang4@gmail.com :: checkout_url: https://tryingtoadultrva.com/checkout/?mc_cart_id=37cd930c9bd11f3cc279c5e1c1c126c1
2025-03-08T17:22:34+00:00 NOTICE action_scheduler.queue_job :: MailChimp_WooCommerce_Single_Order starts in 90 seconds :: obj_id 18556 with id 68416
2025-03-08T17:22:35+00:00 NOTICE handleOrderUpdate :: order_status
2025-03-08T17:22:35+00:00 NOTICE handleOrderUpdate :: order_status
2025-03-08T17:22:35+00:00 NOTICE debug :: Order ID 18556 was pending and is now processing :: Array
(
    [new_order] => 1
    [tracking] => Array
        (
            [landing_site] => https://tryingtoadultrva.com/checkout/order-received/18554/?key=wc_order_u4H00bNCo9awk
        )

)
2025-03-08T17:24:30+00:00 NOTICE order.member.updated :: Updated yuchenzhang4@gmail.com subscriber status to subscribedand language to en
2025-03-08T17:24:30+00:00 NOTICE order_submit.success :: addStoreOrder :: #18556 :: email: yuchenzhang4@gmail.com :: landing site https://tryingtoadultrva.com/checkout/order-received/18554/?key=wc_order_u4H00bNCo9awk :: abandoned cart deleted [37cd930c9bd11f3cc279c5e1c1c126c1]
2025-03-08T17:28:56+00:00 NOTICE action_scheduler.queue_job :: MailChimp_WooCommerce_Cart_Update queued :: obj_id cb0947992b36837a3ae12b9cf20f763a with id 68419
2025-03-08T17:29:27+00:00 NOTICE abandoned_cart.success :: email: luvinyounow@gmail.com :: checkout_url: https://tryingtoadultrva.com/checkout/?mc_cart_id=cb0947992b36837a3ae12b9cf20f763a
2025-03-08T17:29:28+00:00 NOTICE cart.member.updated :: Updated luvinyounow@gmail.com subscriber status to transactionaland language to en
2025-03-08T17:30:17+00:00 NOTICE action_scheduler.queue_job :: MailChimp_WooCommerce_User_Submit queued :: obj_id 471 with id 68420
2025-03-08T17:30:18+00:00 NOTICE action_scheduler.queue_job :: MailChimp_WooCommerce_Single_Order starts in 90 seconds :: obj_id 18558 with id 68421
2025-03-08T17:30:18+00:00 NOTICE handleOrderUpdate :: order_status
2025-03-08T17:30:19+00:00 NOTICE action_scheduler.queue_job :: MailChimp_WooCommerce_Single_Order starts in 90 seconds :: obj_id 18559 with id 68423
2025-03-08T17:30:19+00:00 NOTICE handleOrderUpdate :: order_status
2025-03-08T17:30:19+00:00 NOTICE handleOrderUpdate :: order_status
2025-03-08T17:30:19+00:00 NOTICE handleOrderUpdate :: order_status
2025-03-08T17:30:20+00:00 NOTICE handleOrderUpdate :: order_status
2025-03-08T17:30:23+00:00 NOTICE handleOrderUpdate :: order_status
2025-03-08T17:30:23+00:00 NOTICE handleOrderUpdate :: order_status
2025-03-08T17:30:25+00:00 NOTICE handleOrderUpdate :: order_status
2025-03-08T17:30:25+00:00 NOTICE debug :: Order ID 18558 was pending and is now processing :: Array
(
    [new_order] => 1
    [tracking] => Array
        (
            [landing_site] => https://tryingtoadultrva.com/events/list/
        )

)
2025-03-08T17:30:27+00:00 NOTICE member.sync :: Updated Member luvinyounow@gmail.com :: Array
(
    [status] => subscribed
    [language] => 
    [merge_fields] => Array
        (
            [FNAME] => Tiffany
            [LNAME] => Starks
        )

    [gdpr_fields] => 
)
2025-03-08T17:30:29+00:00 NOTICE webhook :: Subscriber Sync :: subscribe :: luvinyounow@gmail.com :: Array
(
    [subscribed] => 1
    [user_id] => 471
)
2025-03-08T17:32:15+00:00 NOTICE order.member.updated :: Updated luvinyounow@gmail.com subscriber status to subscribedand language to en
2025-03-08T17:32:15+00:00 NOTICE order_submit.success :: addStoreOrder :: #18558 :: email: luvinyounow@gmail.com :: landing site https://tryingtoadultrva.com/events/list/ :: abandoned cart deleted [cb0947992b36837a3ae12b9cf20f763a]
2025-03-08T17:32:15+00:00 NOTICE filter :: Order 18559 was skipped by the filter
2025-03-08T17:42:54+00:00 NOTICE action_scheduler.queue_job :: MailChimp_WooCommerce_Single_Product starts in 5 seconds :: obj_id 18376 with id 68430
2025-03-08T17:43:03+00:00 NOTICE product_submit.success :: upsert :: #18376
2025-03-08T17:56:04+00:00 NOTICE action_scheduler.queue_job :: MailChimp_WooCommerce_Cart_Update queued :: obj_id 88c06a0a7a4dbdc1ef3f178d6bda6580 with id 68432
2025-03-08T17:56:14+00:00 NOTICE action_scheduler.queue_job :: MailChimp_WooCommerce_Single_Order starts in 90 seconds :: obj_id 18561 with id 68433
2025-03-08T17:56:14+00:00 NOTICE handleOrderUpdate :: order_status
2025-03-08T17:56:14+00:00 NOTICE handleOrderUpdate :: order_status
2025-03-08T17:56:15+00:00 NOTICE debug :: Order ID 18561 was pending and is now processing :: Array
(
    [new_order] => 1
    [tracking] => Array
        (
            [landing_site] => https://tryingtoadultrva.com/login-account-information/
        )

)
2025-03-08T17:57:06+00:00 NOTICE abandoned_cart.success :: email: kelley.ranager@gmail.com :: checkout_url: https://tryingtoadultrva.com/checkout/?mc_cart_id=88c06a0a7a4dbdc1ef3f178d6bda6580
2025-03-08T17:57:07+00:00 NOTICE integration_logic :: mailchimp_member_data_update set the user meta for kelley.ranager@gmail.com to subscribed because it was out of sync.
2025-03-08T17:57:07+00:00 NOTICE cart.member.updated :: Updated kelley.ranager@gmail.com subscriber status to subscribedand language to en
2025-03-08T17:58:11+00:00 NOTICE order.member.updated :: Updated kelley.ranager@gmail.com subscriber status to subscribedand language to en
2025-03-08T17:58:11+00:00 NOTICE order_submit.success :: addStoreOrder :: #18561 :: email: kelley.ranager@gmail.com :: landing site https://tryingtoadultrva.com/login-account-information/ :: abandoned cart deleted [88c06a0a7a4dbdc1ef3f178d6bda6580]
2025-03-08T18:05:11+00:00 NOTICE action_scheduler.queue_job :: MailChimp_WooCommerce_Cart_Update queued :: obj_id 88c06a0a7a4dbdc1ef3f178d6bda6580 with id 68436
2025-03-08T18:05:19+00:00 NOTICE abandoned_cart.success :: email: kelley.ranager@gmail.com :: checkout_url: https://tryingtoadultrva.com/checkout/?mc_cart_id=88c06a0a7a4dbdc1ef3f178d6bda6580
2025-03-08T18:06:10+00:00 NOTICE action_scheduler.queue_job :: MailChimp_WooCommerce_Single_Order starts in 90 seconds :: obj_id 18563 with id 68437
2025-03-08T18:06:11+00:00 NOTICE handleOrderUpdate :: order_status
2025-03-08T18:06:11+00:00 NOTICE handleOrderUpdate :: order_status
2025-03-08T18:06:11+00:00 NOTICE debug :: Order ID 18563 was pending and is now processing :: Array
(
    [new_order] => 1
    [tracking] => Array
        (
            [landing_site] => https://tryingtoadultrva.com/checkout/order-received/18561/?key=wc_order_aXoIJYs3SShKe
        )

)
2025-03-08T18:09:01+00:00 NOTICE order.member.updated :: Updated kelley.ranager@gmail.com subscriber status to subscribedand language to en
2025-03-08T18:09:01+00:00 NOTICE order_submit.success :: addStoreOrder :: #18563 :: email: kelley.ranager@gmail.com :: landing site https://tryingtoadultrva.com/checkout/order-received/18561/?key=wc_order_aXoIJYs3SShKe :: abandoned cart deleted [88c06a0a7a4dbdc1ef3f178d6bda6580]
2025-03-08T18:12:15+00:00 NOTICE action_scheduler.queue_job :: MailChimp_WooCommerce_Cart_Update queued :: obj_id d7b4c266af092ebab3055739754f74fb with id 68440
2025-03-08T18:13:17+00:00 NOTICE abandoned_cart.success :: email: dee4bank@gmail.com :: checkout_url: https://tryingtoadultrva.com/checkout/?mc_cart_id=d7b4c266af092ebab3055739754f74fb
2025-03-08T18:13:18+00:00 NOTICE cart.member.updated :: Updated dee4bank@gmail.com subscriber status to transactionaland language to en
2025-03-08T18:13:58+00:00 NOTICE action_scheduler.queue_job :: MailChimp_WooCommerce_User_Submit queued :: obj_id 472 with id 68441
2025-03-08T18:13:59+00:00 NOTICE action_scheduler.queue_job :: MailChimp_WooCommerce_Single_Order starts in 90 seconds :: obj_id 18565 with id 68442
2025-03-08T18:14:00+00:00 NOTICE handleOrderUpdate :: order_status
2025-03-08T18:14:00+00:00 NOTICE action_scheduler.queue_job :: MailChimp_WooCommerce_Cart_Update queued :: obj_id 51b9dc34d924e6a9708db506d8e0e4ad with id 68444
2025-03-08T18:14:00+00:00 NOTICE action_scheduler.queue_job :: MailChimp_WooCommerce_Single_Order starts in 90 seconds :: obj_id 18566 with id 68445
2025-03-08T18:14:00+00:00 NOTICE handleOrderUpdate :: order_status
2025-03-08T18:14:00+00:00 NOTICE handleOrderUpdate :: order_status
2025-03-08T18:14:00+00:00 NOTICE handleOrderUpdate :: order_status
2025-03-08T18:14:01+00:00 NOTICE handleOrderUpdate :: order_status
2025-03-08T18:14:04+00:00 NOTICE handleOrderUpdate :: order_status
2025-03-08T18:14:04+00:00 NOTICE handleOrderUpdate :: order_status
2025-03-08T18:14:05+00:00 NOTICE handleOrderUpdate :: order_status
2025-03-08T18:14:06+00:00 NOTICE debug :: Order ID 18565 was pending and is now processing :: Array
(
    [new_order] => 1
    [tracking] => Array
        (
            [landing_site] => https://tryingtoadultrva.com/product/membership/
        )

)
2025-03-08T18:14:07+00:00 NOTICE abandoned_cart.success :: email: katiedalie@gmail.com :: checkout_url: https://tryingtoadultrva.com/checkout/?mc_cart_id=51b9dc34d924e6a9708db506d8e0e4ad
2025-03-08T18:14:08+00:00 NOTICE integration_logic :: mailchimp_member_data_update set the user meta for katiedalie@gmail.com to subscribed because it was out of sync.
2025-03-08T18:14:08+00:00 NOTICE cart.member.updated :: Updated katiedalie@gmail.com subscriber status to subscribedand language to en
2025-03-08T18:14:10+00:00 NOTICE member.sync :: Updated Member dee4bank@gmail.com :: Array
(
    [status] => subscribed
    [language] => 
    [merge_fields] => Array
        (
            [FNAME] => Donia
            [LNAME] => Feliciano
        )

    [gdpr_fields] => 
)
2025-03-08T18:14:10+00:00 NOTICE action_scheduler.queue_job :: MailChimp_WooCommerce_Single_Order starts in 90 seconds :: obj_id 18568 with id 68452
2025-03-08T18:14:10+00:00 NOTICE handleOrderUpdate :: order_status
2025-03-08T18:14:11+00:00 NOTICE webhook :: Subscriber Sync :: subscribe :: dee4bank@gmail.com :: Array
(
    [subscribed] => 1
    [user_id] => 472
)
2025-03-08T18:14:11+00:00 NOTICE handleOrderUpdate :: order_status
2025-03-08T18:14:11+00:00 NOTICE debug :: Order ID 18568 was pending and is now processing :: Array
(
    [new_order] => 1
    [tracking] => Array
        (
            [landing_site] => https://tryingtoadultrva.com/events/list/
        )

)
2025-03-08T18:14:41+00:00 NOTICE action_scheduler.queue_job :: MailChimp_WooCommerce_Cart_Update queued :: obj_id d7b4c266af092ebab3055739754f74fb with id 68455
2025-03-08T18:14:48+00:00 NOTICE abandoned_cart.success :: email: dee4bank@gmail.com :: checkout_url: https://tryingtoadultrva.com/checkout/?mc_cart_id=d7b4c266af092ebab3055739754f74fb
2025-03-08T18:14:54+00:00 NOTICE action_scheduler.queue_job :: MailChimp_WooCommerce_Single_Order starts in 90 seconds :: obj_id 18570 with id 68456
2025-03-08T18:14:54+00:00 NOTICE handleOrderUpdate :: order_status
2025-03-08T18:14:54+00:00 NOTICE handleOrderUpdate :: order_status
2025-03-08T18:14:55+00:00 NOTICE debug :: Order ID 18570 was pending and is now processing :: Array
(
    [new_order] => 1
    [tracking] => Array
        (
            [landing_site] => https://tryingtoadultrva.com/checkout/order-received/18565/?key=wc_order_O4qgug1ixlaof
        )

)
2025-03-08T18:16:50+00:00 NOTICE order.member.updated :: Updated dee4bank@gmail.com subscriber status to subscribedand language to en
2025-03-08T18:16:50+00:00 NOTICE order_submit.success :: addStoreOrder :: #18565 :: email: dee4bank@gmail.com :: landing site https://tryingtoadultrva.com/product/membership/ :: abandoned cart deleted [d7b4c266af092ebab3055739754f74fb]
2025-03-08T18:16:50+00:00 NOTICE filter :: Order 18566 was skipped by the filter
2025-03-08T18:16:55+00:00 NOTICE order.member.updated :: Updated katiedalie@gmail.com subscriber status to subscribedand language to en
2025-03-08T18:16:55+00:00 NOTICE order_submit.success :: addStoreOrder :: #18568 :: email: katiedalie@gmail.com :: landing site https://tryingtoadultrva.com/events/list/ :: abandoned cart deleted [51b9dc34d924e6a9708db506d8e0e4ad]
2025-03-08T18:17:00+00:00 NOTICE order.member.updated :: Updated dee4bank@gmail.com subscriber status to subscribedand language to en
2025-03-08T18:17:00+00:00 NOTICE order_submit.success :: addStoreOrder :: #18570 :: email: dee4bank@gmail.com :: landing site https://tryingtoadultrva.com/checkout/order-received/18565/?key=wc_order_O4qgug1ixlaof
2025-03-08T18:19:21+00:00 NOTICE action_scheduler.queue_job :: MailChimp_WooCommerce_Cart_Update queued :: obj_id 30e2e096e0d6418f32ff9565b979b6f2 with id 68459
2025-03-08T18:20:14+00:00 NOTICE action_scheduler.queue_job :: MailChimp_WooCommerce_User_Submit queued :: obj_id 473 with id 68460
2025-03-08T18:20:15+00:00 NOTICE action_scheduler.queue_job :: MailChimp_WooCommerce_Single_Order starts in 90 seconds :: obj_id 18572 with id 68461
2025-03-08T18:20:16+00:00 NOTICE handleOrderUpdate :: order_status
2025-03-08T18:20:16+00:00 NOTICE action_scheduler.queue_job :: MailChimp_WooCommerce_Single_Order starts in 90 seconds :: obj_id 18573 with id 68463
2025-03-08T18:20:16+00:00 NOTICE handleOrderUpdate :: order_status
2025-03-08T18:20:16+00:00 NOTICE handleOrderUpdate :: order_status
2025-03-08T18:20:16+00:00 NOTICE handleOrderUpdate :: order_status
2025-03-08T18:20:17+00:00 NOTICE handleOrderUpdate :: order_status
2025-03-08T18:20:17+00:00 NOTICE abandoned_cart.success :: email: kat7777love@gmail.com :: checkout_url: https://tryingtoadultrva.com/checkout/?mc_cart_id=30e2e096e0d6418f32ff9565b979b6f2
2025-03-08T18:20:18+00:00 NOTICE cart.member.updated :: Updated kat7777love@gmail.com subscriber status to transactionaland language to en
2025-03-08T18:20:20+00:00 NOTICE handleOrderUpdate :: order_status
2025-03-08T18:20:20+00:00 NOTICE handleOrderUpdate :: order_status
2025-03-08T18:20:20+00:00 NOTICE handleOrderUpdate :: order_status
2025-03-08T18:20:20+00:00 NOTICE handleOrderUpdate :: order_status
2025-03-08T18:20:21+00:00 NOTICE handleOrderUpdate :: order_status
2025-03-08T18:20:21+00:00 NOTICE debug :: Order ID 18572 was pending and is now failed :: Array
(
    [new_order] => 
    [tracking] => 
)
2025-03-08T18:20:21+00:00 NOTICE member.sync :: Updated Member kat7777love@gmail.com :: Array
(
    [status] => subscribed
    [language] => 
    [merge_fields] => Array
        (
            [FNAME] => Kaitlyn
            [LNAME] => Martin
        )

    [gdpr_fields] => 
)
2025-03-08T18:20:23+00:00 NOTICE webhook :: Subscriber Sync :: subscribe :: kat7777love@gmail.com :: Array
(
    [subscribed] => 1
    [user_id] => 473
)
2025-03-08T18:20:55+00:00 NOTICE action_scheduler.queue_job :: MailChimp_WooCommerce_Cart_Update queued :: obj_id 30e2e096e0d6418f32ff9565b979b6f2 with id 68468
2025-03-08T18:21:03+00:00 NOTICE abandoned_cart.success :: email: kat7777love@gmail.com :: checkout_url: https://tryingtoadultrva.com/checkout/?mc_cart_id=30e2e096e0d6418f32ff9565b979b6f2
2025-03-08T18:21:25+00:00 NOTICE action_scheduler.queue_job :: MailChimp_WooCommerce_Cart_Update queued :: obj_id 30e2e096e0d6418f32ff9565b979b6f2 with id 68472
2025-03-08T18:21:32+00:00 NOTICE abandoned_cart.success :: email: kat7777love@gmail.com :: checkout_url: https://tryingtoadultrva.com/checkout/?mc_cart_id=30e2e096e0d6418f32ff9565b979b6f2
2025-03-08T18:21:44+00:00 NOTICE handleOrderUpdate :: order_status
2025-03-08T18:21:45+00:00 NOTICE handleOrderUpdate :: order_status
2025-03-08T18:21:46+00:00 NOTICE action_scheduler.queue_job :: MailChimp_WooCommerce_Single_Order starts in 90 seconds :: obj_id 18574 with id 68475
2025-03-08T18:21:47+00:00 NOTICE handleOrderUpdate :: order_status
2025-03-08T18:21:47+00:00 NOTICE handleOrderUpdate :: order_status
2025-03-08T18:21:47+00:00 NOTICE handleOrderUpdate :: order_status
2025-03-08T18:21:53+00:00 NOTICE action_scheduler.queue_job :: MailChimp_WooCommerce_Cart_Update queued :: obj_id 30e2e096e0d6418f32ff9565b979b6f2 with id 68477
2025-03-08T18:21:59+00:00 NOTICE handleOrderUpdate :: order_status
2025-03-08T18:21:59+00:00 NOTICE handleOrderUpdate :: order_status
2025-03-08T18:22:02+00:00 NOTICE action_scheduler.queue_job :: MailChimp_WooCommerce_Single_Order starts in 90 seconds :: obj_id 18575 with id 68479
2025-03-08T18:22:02+00:00 NOTICE handleOrderUpdate :: order_status
2025-03-08T18:22:02+00:00 NOTICE handleOrderUpdate :: order_status
2025-03-08T18:22:02+00:00 NOTICE handleOrderUpdate :: order_status
2025-03-08T18:22:19+00:00 NOTICE abandoned_cart.success :: email: kat7777love@gmail.com :: checkout_url: https://tryingtoadultrva.com/checkout/?mc_cart_id=30e2e096e0d6418f32ff9565b979b6f2
2025-03-08T18:22:19+00:00 NOTICE order_sync.failure :: Order #18573. Can’t submit order without a valid ID
2025-03-08T18:22:19+00:00 NOTICE order_submit.failure :: There is no real order number to use for order ID 18573.
2025-03-08T18:22:22+00:00 NOTICE handleOrderUpdate :: order_status
2025-03-08T18:22:22+00:00 NOTICE handleOrderUpdate :: order_status
2025-03-08T18:22:24+00:00 NOTICE action_scheduler.queue_job :: MailChimp_WooCommerce_Single_Order starts in 90 seconds :: obj_id 18576 with id 68483
2025-03-08T18:22:24+00:00 NOTICE handleOrderUpdate :: order_status
2025-03-08T18:22:24+00:00 NOTICE handleOrderUpdate :: order_status
2025-03-08T18:22:24+00:00 NOTICE handleOrderUpdate :: order_status
2025-03-08T18:23:03+00:00 NOTICE handleOrderUpdate :: order_status
2025-03-08T18:23:03+00:00 NOTICE handleOrderUpdate :: order_status
2025-03-08T18:23:05+00:00 NOTICE action_scheduler.queue_job :: MailChimp_WooCommerce_Single_Order starts in 90 seconds :: obj_id 18577 with id 68487
2025-03-08T18:23:05+00:00 NOTICE handleOrderUpdate :: order_status
2025-03-08T18:23:05+00:00 NOTICE handleOrderUpdate :: order_status
2025-03-08T18:23:05+00:00 NOTICE handleOrderUpdate :: order_status
2025-03-08T18:23:08+00:00 NOTICE handleOrderUpdate :: order_status
2025-03-08T18:23:08+00:00 NOTICE handleOrderUpdate :: order_status
2025-03-08T18:23:09+00:00 NOTICE handleOrderUpdate :: order_status
2025-03-08T18:23:09+00:00 NOTICE debug :: Order ID 18572 was failed and is now processing :: Array
(
    [new_order] => 
    [tracking] => 
)
2025-03-08T18:24:26+00:00 NOTICE order_sync.failure :: Order #18574. Can’t submit order without a valid ID
2025-03-08T18:24:26+00:00 NOTICE order_submit.failure :: There is no real order number to use for order ID 18574.
2025-03-08T18:24:26+00:00 NOTICE order_sync.failure :: Order #18575. Can’t submit order without a valid ID
2025-03-08T18:24:26+00:00 NOTICE order_submit.failure :: There is no real order number to use for order ID 18575.
2025-03-08T18:24:26+00:00 NOTICE order_sync.failure :: Order #18576. Can’t submit order without a valid ID
2025-03-08T18:24:26+00:00 NOTICE order_submit.failure :: There is no real order number to use for order ID 18576.
2025-03-08T18:25:24+00:00 NOTICE order.member.updated :: Updated kat7777love@gmail.com subscriber status to subscribedand language to en
2025-03-08T18:25:24+00:00 NOTICE order_submit.success :: addStoreOrder :: #18572 :: email: kat7777love@gmail.com :: landing site https://tryingtoadultrva.com/product/membership/ :: abandoned cart deleted [30e2e096e0d6418f32ff9565b979b6f2]
2025-03-08T18:25:24+00:00 NOTICE filter :: Order 18577 was skipped by the filter
2025-03-08T18:28:22+00:00 NOTICE action_scheduler.queue_job :: MailChimp_WooCommerce_Cart_Update queued :: obj_id e088b78f99ca22f38576db9fc7433d60 with id 68494
2025-03-08T18:28:27+00:00 NOTICE abandoned_cart.success :: email: eippih@gmail.com :: checkout_url: https://tryingtoadultrva.com/checkout/?mc_cart_id=e088b78f99ca22f38576db9fc7433d60
2025-03-08T18:28:29+00:00 NOTICE integration_logic :: mailchimp_member_data_update set the user meta for eippih@gmail.com to subscribed because it was out of sync.
2025-03-08T18:28:29+00:00 NOTICE cart.member.updated :: Updated eippih@gmail.com subscriber status to subscribedand language to en
2025-03-08T18:28:33+00:00 NOTICE action_scheduler.queue_job :: MailChimp_WooCommerce_Single_Order starts in 90 seconds :: obj_id 18579 with id 68495
2025-03-08T18:28:34+00:00 NOTICE handleOrderUpdate :: order_status
2025-03-08T18:28:37+00:00 NOTICE handleOrderUpdate :: order_status
2025-03-08T18:28:37+00:00 NOTICE handleOrderUpdate :: order_status
2025-03-08T18:28:38+00:00 NOTICE debug :: Order ID 18579 was pending and is now processing :: Array
(
    [new_order] => 1
    [tracking] => Array
        (
            [landing_site] => https://tryingtoadultrva.com/login-account-information/
        )

)
2025-03-08T18:30:31+00:00 NOTICE order.member.updated :: Updated eippih@gmail.com subscriber status to subscribedand language to en
2025-03-08T18:30:31+00:00 NOTICE order_submit.success :: addStoreOrder :: #18579 :: email: eippih@gmail.com :: landing site https://tryingtoadultrva.com/login-account-information/ :: abandoned cart deleted [e088b78f99ca22f38576db9fc7433d60]
2025-03-08T18:49:27+00:00 NOTICE action_scheduler.queue_job :: MailChimp_WooCommerce_Cart_Update queued :: obj_id aec3510303cfe2e54910230e62148546 with id 68498
2025-03-08T18:49:39+00:00 NOTICE action_scheduler.queue_job :: MailChimp_WooCommerce_Single_Order starts in 90 seconds :: obj_id 18581 with id 68499
2025-03-08T18:49:40+00:00 NOTICE handleOrderUpdate :: order_status
2025-03-08T18:49:40+00:00 NOTICE handleOrderUpdate :: order_status
2025-03-08T18:49:40+00:00 NOTICE debug :: Order ID 18581 was pending and is now processing :: Array
(
    [new_order] => 1
    [tracking] => Array
        (
            [landing_site] => https://tryingtoadultrva.com/checkout/order-received/18076/?key=wc_order_7Dl4ziHhhW4Oi
        )

)
2025-03-08T18:50:12+00:00 NOTICE abandoned_cart.success :: email: marcel.ferreiro@gmail.com :: checkout_url: https://tryingtoadultrva.com/checkout/?mc_cart_id=aec3510303cfe2e54910230e62148546
2025-03-08T18:50:14+00:00 NOTICE integration_logic :: mailchimp_member_data_update set the user meta for marcel.ferreiro@gmail.com to subscribed because it was out of sync.
2025-03-08T18:50:14+00:00 NOTICE cart.member.updated :: Updated marcel.ferreiro@gmail.com subscriber status to subscribedand language to en
2025-03-08T18:51:31+00:00 NOTICE order.member.updated :: Updated marcel.ferreiro@gmail.com subscriber status to subscribedand language to en
2025-03-08T18:51:31+00:00 NOTICE order_submit.success :: addStoreOrder :: #18581 :: email: marcel.ferreiro@gmail.com :: landing site https://tryingtoadultrva.com/checkout/order-received/18076/?key=wc_order_7Dl4ziHhhW4Oi :: abandoned cart deleted [aec3510303cfe2e54910230e62148546]
2025-03-08T19:08:27+00:00 NOTICE action_scheduler.queue_job :: MailChimp_WooCommerce_Cart_Update queued :: obj_id 1c001909677e326c7002ce67f02947b3 with id 68502
2025-03-08T19:08:31+00:00 NOTICE abandoned_cart.success :: email: sharigian3@gmail.com :: checkout_url: https://tryingtoadultrva.com/checkout/?mc_cart_id=1c001909677e326c7002ce67f02947b3
2025-03-08T19:08:32+00:00 NOTICE cart.member.updated :: Updated sharigian3@gmail.com subscriber status to subscribedand language to en
2025-03-08T19:08:58+00:00 NOTICE action_scheduler.queue_job :: MailChimp_WooCommerce_Single_Order starts in 90 seconds :: obj_id 18583 with id 68504
2025-03-08T19:08:59+00:00 NOTICE handleOrderUpdate :: order_status
2025-03-08T19:09:00+00:00 NOTICE handleOrderUpdate :: order_status
2025-03-08T19:09:00+00:00 NOTICE handleOrderUpdate :: order_status
2025-03-08T19:09:01+00:00 NOTICE debug :: Order ID 18583 was pending and is now processing :: Array
(
    [new_order] => 1
    [tracking] => Array
        (
            [landing_site] => https://tryingtoadultrva.com/checkout/
        )

)
2025-03-08T19:11:28+00:00 NOTICE order.member.updated :: Updated sharigian3@gmail.com subscriber status to subscribedand language to en
2025-03-08T19:11:28+00:00 NOTICE order_submit.success :: addStoreOrder :: #18583 :: email: sharigian3@gmail.com :: landing site https://tryingtoadultrva.com/checkout/ :: abandoned cart deleted [1c001909677e326c7002ce67f02947b3]
2025-03-08T20:39:15+00:00 NOTICE action_scheduler.queue_job :: MailChimp_WooCommerce_Cart_Update queued :: obj_id f4dc69711c13b7a5e851956423501f79 with id 68507
2025-03-08T20:39:23+00:00 NOTICE action_scheduler.queue_job :: MailChimp_WooCommerce_Single_Order starts in 90 seconds :: obj_id 18585 with id 68508
2025-03-08T20:39:24+00:00 NOTICE handleOrderUpdate :: order_status
2025-03-08T20:39:24+00:00 NOTICE handleOrderUpdate :: order_status
2025-03-08T20:39:25+00:00 NOTICE debug :: Order ID 18585 was pending and is now processing :: Array
(
    [new_order] => 1
    [tracking] => Array
        (
            [landing_site] => https://tryingtoadultrva.com/checkout/order-received/18502/?key=wc_order_eojy3Khmt9sgK
        )

)
2025-03-08T20:39:31+00:00 NOTICE abandoned_cart.success :: email: jgrobinette@gmail.com :: checkout_url: https://tryingtoadultrva.com/checkout/?mc_cart_id=f4dc69711c13b7a5e851956423501f79
2025-03-08T20:39:32+00:00 NOTICE integration_logic :: mailchimp_member_data_update set the user meta for jgrobinette@gmail.com to subscribed because it was out of sync.
2025-03-08T20:39:32+00:00 NOTICE cart.member.updated :: Updated jgrobinette@gmail.com subscriber status to subscribedand language to en
2025-03-08T20:41:10+00:00 NOTICE order.member.updated :: Updated jgrobinette@gmail.com subscriber status to subscribedand language to en
2025-03-08T20:41:10+00:00 NOTICE order_submit.success :: addStoreOrder :: #18585 :: email: jgrobinette@gmail.com :: landing site https://tryingtoadultrva.com/checkout/order-received/18502/?key=wc_order_eojy3Khmt9sgK :: abandoned cart deleted [f4dc69711c13b7a5e851956423501f79]
2025-03-08T21:06:24+00:00 NOTICE handleOrderUpdate :: order_status
2025-03-08T21:06:24+00:00 NOTICE action_scheduler.queue_job :: MailChimp_WooCommerce_Single_Order starts in 90 seconds :: obj_id 18360 with id 68512
2025-03-08T21:06:24+00:00 NOTICE handleOrderUpdate :: order_status
2025-03-08T21:06:24+00:00 NOTICE handleOrderUpdate :: order_status
2025-03-08T21:06:24+00:00 NOTICE handleOrderUpdate :: order_status
2025-03-08T21:06:27+00:00 NOTICE handleOrderUpdate :: order_status
2025-03-08T21:06:27+00:00 NOTICE handleOrderUpdate :: order_status
2025-03-08T21:06:27+00:00 NOTICE handleOrderUpdate :: order_status
2025-03-08T21:06:27+00:00 NOTICE debug :: Order ID 18360 was failed and is now pending :: Array
(
    [new_order] => 
    [tracking] => 
)
2025-03-08T21:06:27+00:00 NOTICE debug :: Order ID 18360 was pending and is now failed :: Array
(
    [new_order] => 
    [tracking] => 
)
2025-03-08T21:08:11+00:00 NOTICE order_submit :: #18360 has a financial status of pending and was skipped.
2025-03-08T21:14:00+00:00 NOTICE action_scheduler.queue_job :: MailChimp_WooCommerce_Cart_Update queued :: obj_id 480c864c3c69b381bd2ebfe05811e346 with id 68515
2025-03-08T21:14:09+00:00 NOTICE abandoned_cart.success :: email: mkg511@verizon.net :: checkout_url: https://tryingtoadultrva.com/checkout/?mc_cart_id=480c864c3c69b381bd2ebfe05811e346
2025-03-08T21:14:10+00:00 NOTICE integration_logic :: mailchimp_member_data_update set the user meta for mkg511@verizon.net to subscribed because it was out of sync.
2025-03-08T21:14:10+00:00 NOTICE cart.member.updated :: Updated mkg511@verizon.net subscriber status to subscribedand language to en
2025-03-08T21:14:36+00:00 NOTICE action_scheduler.queue_job :: MailChimp_WooCommerce_Single_Order starts in 90 seconds :: obj_id 18587 with id 68516
2025-03-08T21:14:36+00:00 NOTICE handleOrderUpdate :: order_status
2025-03-08T21:14:39+00:00 NOTICE handleOrderUpdate :: order_status
2025-03-08T21:14:39+00:00 NOTICE handleOrderUpdate :: order_status
2025-03-08T21:14:39+00:00 NOTICE debug :: Order ID 18587 was pending and is now processing :: Array
(
    [new_order] => 1
    [tracking] => Array
        (
            [landing_site] => https://tryingtoadultrva.com/checkout/order-received/17231/?key=wc_order_I9VTwdUujFo5p
        )

)
2025-03-08T21:16:30+00:00 NOTICE order.member.updated :: Updated mkg511@verizon.net subscriber status to subscribedand language to en
2025-03-08T21:16:30+00:00 NOTICE order_submit.success :: addStoreOrder :: #18587 :: email: mkg511@verizon.net :: landing site https://tryingtoadultrva.com/checkout/order-received/17231/?key=wc_order_I9VTwdUujFo5p :: abandoned cart deleted [480c864c3c69b381bd2ebfe05811e346]
2025-03-08T21:29:06+00:00 NOTICE handleOrderUpdate :: order_status
2025-03-08T21:29:06+00:00 NOTICE action_scheduler.queue_job :: MailChimp_WooCommerce_Single_Order starts in 90 seconds :: obj_id 18371 with id 68520
2025-03-08T21:29:06+00:00 NOTICE handleOrderUpdate :: order_status
2025-03-08T21:29:06+00:00 NOTICE handleOrderUpdate :: order_status
2025-03-08T21:29:07+00:00 NOTICE handleOrderUpdate :: order_status
2025-03-08T21:29:09+00:00 NOTICE handleOrderUpdate :: order_status
2025-03-08T21:29:09+00:00 NOTICE handleOrderUpdate :: order_status
2025-03-08T21:29:09+00:00 NOTICE handleOrderUpdate :: order_status
2025-03-08T21:29:09+00:00 NOTICE debug :: Order ID 18371 was failed and is now pending :: Array
(
    [new_order] => 
    [tracking] => 
)
2025-03-08T21:29:09+00:00 NOTICE debug :: Order ID 18371 was pending and is now failed :: Array
(
    [new_order] => 
    [tracking] => 
)
2025-03-08T21:31:14+00:00 NOTICE order_submit :: #18371 has a financial status of pending and was skipped.
2025-03-08T22:13:33+00:00 NOTICE handleOrderUpdate :: order_status
2025-03-08T22:13:33+00:00 NOTICE action_scheduler.queue_job :: MailChimp_WooCommerce_Single_Order starts in 90 seconds :: obj_id 18397 with id 68524
2025-03-08T22:13:33+00:00 NOTICE handleOrderUpdate :: order_status
2025-03-08T22:13:33+00:00 NOTICE handleOrderUpdate :: order_status
2025-03-08T22:13:33+00:00 NOTICE handleOrderUpdate :: order_status
2025-03-08T22:13:36+00:00 NOTICE handleOrderUpdate :: order_status
2025-03-08T22:13:36+00:00 NOTICE handleOrderUpdate :: order_status
2025-03-08T22:13:36+00:00 NOTICE handleOrderUpdate :: order_status
2025-03-08T22:13:37+00:00 NOTICE debug :: Order ID 18397 was failed and is now pending :: Array
(
    [new_order] => 
    [tracking] => 
)
2025-03-08T22:13:37+00:00 NOTICE debug :: Order ID 18397 was pending and is now failed :: Array
(
    [new_order] => 
    [tracking] => 
)
2025-03-08T22:15:30+00:00 NOTICE order_submit :: #18397 has a financial status of pending and was skipped.
2025-03-08T22:29:17+00:00 NOTICE handleOrderUpdate :: order_status
2025-03-08T22:29:17+00:00 NOTICE action_scheduler.queue_job :: MailChimp_WooCommerce_Single_Order starts in 90 seconds :: obj_id 16958 with id 68527
2025-03-08T22:29:19+00:00 NOTICE action_scheduler.queue_job :: MailChimp_WooCommerce_Single_Order starts in 90 seconds :: obj_id 18589 with id 68528
2025-03-08T22:29:19+00:00 NOTICE handleOrderUpdate :: order_status
2025-03-08T22:29:19+00:00 NOTICE handleOrderUpdate :: order_status
2025-03-08T22:29:19+00:00 NOTICE handleOrderUpdate :: order_status
2025-03-08T22:29:19+00:00 NOTICE handleOrderUpdate :: order_status
2025-03-08T22:29:22+00:00 NOTICE handleOrderUpdate :: order_status
2025-03-08T22:29:22+00:00 NOTICE handleOrderUpdate :: order_status
2025-03-08T22:29:23+00:00 NOTICE handleOrderUpdate :: order_status
2025-03-08T22:29:23+00:00 NOTICE handleOrderUpdate :: order_status
2025-03-08T22:29:23+00:00 NOTICE handleOrderUpdate :: order_status
2025-03-08T22:29:23+00:00 NOTICE debug :: Order ID 18589 was pending and is now processing :: Array
(
    [new_order] => 1
    [tracking] => Array
        (
            [landing_site] => https://tryingtoadultrva.com/product/membership/
        )

)
2025-03-08T22:31:28+00:00 NOTICE filter :: Order 16958 was skipped by the filter
2025-03-08T22:31:34+00:00 NOTICE order.member.updated :: Updated nwkontopanos@gmail.com subscriber status to subscribedand language to en
2025-03-08T22:31:34+00:00 NOTICE order_submit.success :: addStoreOrder :: #18589 :: email: nwkontopanos@gmail.com
2025-03-08T23:28:00+00:00 NOTICE handleOrderUpdate :: order_status
2025-03-08T23:28:00+00:00 NOTICE action_scheduler.queue_job :: MailChimp_WooCommerce_Single_Order starts in 90 seconds :: obj_id 18405 with id 68538
2025-03-08T23:28:00+00:00 NOTICE handleOrderUpdate :: order_status
2025-03-08T23:28:00+00:00 NOTICE handleOrderUpdate :: order_status
2025-03-08T23:28:00+00:00 NOTICE handleOrderUpdate :: order_status
2025-03-08T23:28:03+00:00 NOTICE handleOrderUpdate :: order_status
2025-03-08T23:28:03+00:00 NOTICE handleOrderUpdate :: order_status
2025-03-08T23:28:03+00:00 NOTICE handleOrderUpdate :: order_status
2025-03-08T23:28:03+00:00 NOTICE debug :: Order ID 18405 was failed and is now pending :: Array
(
    [new_order] => 
    [tracking] => 
)
2025-03-08T23:28:04+00:00 NOTICE debug :: Order ID 18405 was pending and is now failed :: Array
(
    [new_order] => 
    [tracking] => 
)
2025-03-08T23:30:17+00:00 NOTICE order_submit :: #18405 has a financial status of pending and was skipped.
2025-03-08T23:39:15+00:00 NOTICE handleOrderUpdate :: order_status
2025-03-08T23:39:15+00:00 NOTICE action_scheduler.queue_job :: MailChimp_WooCommerce_Single_Order starts in 90 seconds :: obj_id 16963 with id 68541
2025-03-08T23:39:16+00:00 NOTICE action_scheduler.queue_job :: MailChimp_WooCommerce_Single_Order starts in 90 seconds :: obj_id 18590 with id 68542
2025-03-08T23:39:16+00:00 NOTICE handleOrderUpdate :: order_status
2025-03-08T23:39:16+00:00 NOTICE handleOrderUpdate :: order_status
2025-03-08T23:39:16+00:00 NOTICE handleOrderUpdate :: order_status
2025-03-08T23:39:16+00:00 NOTICE handleOrderUpdate :: order_status
2025-03-08T23:39:19+00:00 NOTICE handleOrderUpdate :: order_status
2025-03-08T23:39:19+00:00 NOTICE handleOrderUpdate :: order_status
2025-03-08T23:39:20+00:00 NOTICE handleOrderUpdate :: order_status
2025-03-08T23:39:20+00:00 NOTICE handleOrderUpdate :: order_status
2025-03-08T23:39:20+00:00 NOTICE handleOrderUpdate :: order_status
2025-03-08T23:39:20+00:00 NOTICE debug :: Order ID 18590 was pending and is now processing :: Array
(
    [new_order] => 1
    [tracking] => Array
        (
            [landing_site] => https://tryingtoadultrva.com/login-account-information/
        )

)
2025-03-08T23:41:10+00:00 NOTICE filter :: Order 16963 was skipped by the filter
2025-03-08T23:41:17+00:00 NOTICE order.member.updated :: Updated aluochfaey@gmail.com subscriber status to subscribedand language to en
2025-03-08T23:41:17+00:00 NOTICE order_submit.success :: addStoreOrder :: #18590 :: email: aluochfaey@gmail.com
