2024-05-30T01:20:20+00:00 NOTICE action_scheduler.queue_job :: MailChimp_WooCommerce_Cart_Update queued :: obj_id 1e516962b9f1c931d5c1628aee18f544
2024-05-30T01:20:38+00:00 NOTICE action_scheduler.queue_job :: MailChimp_WooCommerce_Single_Order starts in 90 seconds :: obj_id 9871
2024-05-30T01:20:38+00:00 NOTICE handleOrderUpdate :: order_status
2024-05-30T01:20:40+00:00 NOTICE handleOrderUpdate :: order_status
2024-05-30T01:20:40+00:00 NOTICE action_scheduler.queue_job :: MailChimp_WooCommerce_Single_Product starts in 5 seconds :: obj_id 9206
2024-05-30T01:20:40+00:00 NOTICE debug :: Order ID 9871 was pending and is now processing :: Array
(
    [new_order] => 1
    [tracking] => Array
        (
            [landing_site] => https://tryingtoadultrva.com/checkout/
        )

)
2024-05-30T01:21:03+00:00 NOTICE abandoned_cart.success :: email: mlafine@hotmail.com :: checkout_url: https://tryingtoadultrva.com/checkout/?mc_cart_id=1e516962b9f1c931d5c1628aee18f544
2024-05-30T01:21:04+00:00 NOTICE cart.member.updated :: Updated mlafine@hotmail.com subscriber status to transactional and language to en
2024-05-30T01:21:04+00:00 NOTICE product_submit.success :: updateStoreProduct :: #9206
2024-05-30T01:23:51+00:00 NOTICE order.member.updated :: Updated mlafine@hotmail.com subscriber status to subscribed and language to en
2024-05-30T01:23:51+00:00 NOTICE order_submit.success :: addStoreOrder :: #9871 :: email: mlafine@hotmail.com :: landing site https://tryingtoadultrva.com/checkout/ :: abandoned cart deleted [1e516962b9f1c931d5c1628aee18f544]
2024-05-30T10:24:27+00:00 NOTICE action_scheduler.queue_job :: MailChimp_WooCommerce_Cart_Update queued :: obj_id 2e72410673f08ff1feb4bcb3d8f21c5d
2024-05-30T10:24:29+00:00 NOTICE abandoned_cart.success :: email: mikaelar50@gmail.com :: checkout_url: https://tryingtoadultrva.com/checkout/?mc_cart_id=2e72410673f08ff1feb4bcb3d8f21c5d
2024-05-30T10:24:30+00:00 NOTICE cart.member.updated :: Updated mikaelar50@gmail.com subscriber status to transactional and language to en
2024-05-30T10:24:52+00:00 NOTICE action_scheduler.queue_job :: MailChimp_WooCommerce_User_Submit queued :: obj_id 124
2024-05-30T10:24:53+00:00 NOTICE member.sync :: Updated Member mikaelar50@gmail.com :: Array
(
    [previous_status] => transactional
    [status] => 1
    [language] => 
    [merge_fields] => Array
        (
            [FNAME] => Mikaela
            [LNAME] => Richardson
        )

    [gdpr_fields] => 
)
2024-05-30T10:24:53+00:00 NOTICE action_scheduler.queue_job :: MailChimp_WooCommerce_Single_Order starts in 90 seconds :: obj_id 9873
2024-05-30T10:24:53+00:00 NOTICE handleOrderUpdate :: order_status
2024-05-30T10:24:54+00:00 NOTICE action_scheduler.queue_job :: MailChimp_WooCommerce_Single_Order starts in 90 seconds :: obj_id 9874
2024-05-30T10:24:54+00:00 NOTICE handleOrderUpdate :: order_status
2024-05-30T10:24:54+00:00 NOTICE handleOrderUpdate :: order_status
2024-05-30T10:24:54+00:00 NOTICE handleOrderUpdate :: order_status
2024-05-30T10:24:55+00:00 NOTICE webhook :: Subscriber Sync :: subscribe :: mikaelar50@gmail.com :: Array
(
    [subscribed] => 1
    [user_id] => 124
)
2024-05-30T10:24:59+00:00 NOTICE handleOrderUpdate :: order_status
2024-05-30T10:25:00+00:00 NOTICE handleOrderUpdate :: order_status
2024-05-30T10:25:00+00:00 NOTICE debug :: Order ID 9873 was pending and is now processing :: Array
(
    [new_order] => 1
    [tracking] => Array
        (
            [landing_site] => https://tryingtoadultrva.com/product/membership/
        )

)
2024-05-30T10:27:08+00:00 NOTICE webhook :: Subscriber Sync :: subscribe :: mikaelar50@gmail.com :: Array
(
    [subscribed] => 1
    [user_id] => 124
)
2024-05-30T10:27:08+00:00 NOTICE order.member.updated :: Updated mikaelar50@gmail.com subscriber status to subscribed and language to en
2024-05-30T10:27:08+00:00 NOTICE order_submit.success :: addStoreOrder :: #9873 :: email: mikaelar50@gmail.com :: landing site https://tryingtoadultrva.com/product/membership/ :: abandoned cart deleted [2e72410673f08ff1feb4bcb3d8f21c5d]
2024-05-30T10:27:08+00:00 NOTICE filter :: Order 9874 was skipped by the filter
2024-05-30T10:27:11+00:00 NOTICE action_scheduler.queue_job :: MailChimp_WooCommerce_Cart_Update queued :: obj_id 2e72410673f08ff1feb4bcb3d8f21c5d
2024-05-30T10:27:23+00:00 NOTICE abandoned_cart.success :: email: mikaelar50@gmail.com :: checkout_url: https://tryingtoadultrva.com/checkout/?mc_cart_id=2e72410673f08ff1feb4bcb3d8f21c5d
2024-05-30T10:27:32+00:00 NOTICE action_scheduler.queue_job :: MailChimp_WooCommerce_Single_Order starts in 90 seconds :: obj_id 9876
2024-05-30T10:27:33+00:00 NOTICE handleOrderUpdate :: order_status
2024-05-30T10:27:33+00:00 NOTICE handleOrderUpdate :: order_status
2024-05-30T10:27:33+00:00 NOTICE debug :: Order ID 9876 was pending and is now processing :: Array
(
    [new_order] => 1
    [tracking] => Array
        (
            [landing_site] => https://tryingtoadultrva.com/checkout/order-received/9873/?key=wc_order_pTGe59AOF4Yfe
        )

)
2024-05-30T10:29:09+00:00 NOTICE webhook :: Subscriber Sync :: subscribe :: mikaelar50@gmail.com :: Array
(
    [subscribed] => 1
    [user_id] => 124
)
2024-05-30T10:29:10+00:00 NOTICE order.member.updated :: Updated mikaelar50@gmail.com subscriber status to subscribed and language to en
2024-05-30T10:29:10+00:00 NOTICE order_submit.success :: addStoreOrder :: #9876 :: email: mikaelar50@gmail.com :: landing site https://tryingtoadultrva.com/checkout/order-received/9873/?key=wc_order_pTGe59AOF4Yfe :: abandoned cart deleted [2e72410673f08ff1feb4bcb3d8f21c5d]
2024-05-30T10:32:10+00:00 NOTICE action_scheduler.queue_job :: MailChimp_WooCommerce_Cart_Update queued :: obj_id 2e72410673f08ff1feb4bcb3d8f21c5d
2024-05-30T10:32:13+00:00 NOTICE abandoned_cart.success :: email: mikaelar50@gmail.com :: checkout_url: https://tryingtoadultrva.com/checkout/?mc_cart_id=2e72410673f08ff1feb4bcb3d8f21c5d
2024-05-30T10:32:17+00:00 NOTICE action_scheduler.queue_job :: MailChimp_WooCommerce_Single_Order starts in 90 seconds :: obj_id 9878
2024-05-30T10:32:17+00:00 NOTICE handleOrderUpdate :: order_status
2024-05-30T10:32:17+00:00 NOTICE handleOrderUpdate :: order_status
2024-05-30T10:32:18+00:00 NOTICE debug :: Order ID 9878 was pending and is now processing :: Array
(
    [new_order] => 1
    [tracking] => Array
        (
            [landing_site] => https://tryingtoadultrva.com/checkout/order-received/9876/?key=wc_order_TIpByiU797oR9
        )

)
2024-05-30T10:33:49+00:00 NOTICE webhook :: Subscriber Sync :: subscribe :: mikaelar50@gmail.com :: Array
(
    [subscribed] => 1
    [user_id] => 124
)
2024-05-30T10:33:49+00:00 NOTICE order.member.updated :: Updated mikaelar50@gmail.com subscriber status to subscribed and language to en
2024-05-30T10:33:49+00:00 NOTICE order_submit.success :: addStoreOrder :: #9878 :: email: mikaelar50@gmail.com :: landing site https://tryingtoadultrva.com/checkout/order-received/9876/?key=wc_order_TIpByiU797oR9 :: abandoned cart deleted [2e72410673f08ff1feb4bcb3d8f21c5d]
2024-05-30T11:16:47+00:00 NOTICE action_scheduler.queue_job :: MailChimp_WooCommerce_Cart_Update queued :: obj_id ff9b0cefe8913ec6085becf30259be7a
2024-05-30T11:16:57+00:00 NOTICE abandoned_cart.success :: email: shelleydoreenhorner@gmail.com :: checkout_url: https://tryingtoadultrva.com/checkout/?mc_cart_id=ff9b0cefe8913ec6085becf30259be7a
2024-05-30T11:16:58+00:00 NOTICE cart.member.updated :: Updated shelleydoreenhorner@gmail.com subscriber status to subscribed and language to en
2024-05-30T11:17:27+00:00 NOTICE action_scheduler.queue_job :: MailChimp_WooCommerce_Single_Order starts in 90 seconds :: obj_id 9880
2024-05-30T11:17:27+00:00 NOTICE handleOrderUpdate :: order_status
2024-05-30T11:17:29+00:00 NOTICE handleOrderUpdate :: order_status
2024-05-30T11:17:30+00:00 NOTICE debug :: Order ID 9880 was pending and is now processing :: Array
(
    [new_order] => 1
    [tracking] => Array
        (
            [landing_site] => https://tryingtoadultrva.com/checkout/order-received/9731/?key=wc_order_jSiP4RQeQaMwd
        )

)
2024-05-30T11:19:02+00:00 NOTICE webhook :: Subscriber Sync :: subscribe :: shelleydoreenhorner@gmail.com :: Array
(
    [subscribed] => 1
    [user_id] => 74
)
2024-05-30T11:19:02+00:00 NOTICE order.member.updated :: Updated shelleydoreenhorner@gmail.com subscriber status to subscribed and language to en
2024-05-30T11:19:02+00:00 NOTICE order_submit.success :: addStoreOrder :: #9880 :: email: shelleydoreenhorner@gmail.com :: landing site https://tryingtoadultrva.com/checkout/order-received/9731/?key=wc_order_jSiP4RQeQaMwd :: abandoned cart deleted [ff9b0cefe8913ec6085becf30259be7a]
2024-05-30T13:52:30+00:00 NOTICE action_scheduler.queue_job :: MailChimp_WooCommerce_Cart_Update queued :: obj_id fbb2498d4a63060320b8d4ddc41ba96c
2024-05-30T13:53:25+00:00 NOTICE abandoned_cart.success :: email: 8011anb@gmail.com :: checkout_url: https://tryingtoadultrva.com/checkout/?mc_cart_id=fbb2498d4a63060320b8d4ddc41ba96c
2024-05-30T13:53:25+00:00 NOTICE cart.member.updated :: Updated 8011anb@gmail.com subscriber status to transactional and language to en
2024-05-30T13:53:51+00:00 NOTICE action_scheduler.queue_job :: MailChimp_WooCommerce_Single_Order starts in 90 seconds :: obj_id 9882
2024-05-30T13:53:51+00:00 NOTICE handleOrderUpdate :: order_status
2024-05-30T13:53:53+00:00 NOTICE handleOrderUpdate :: order_status
2024-05-30T13:53:53+00:00 NOTICE debug :: Order ID 9882 was pending and is now processing :: Array
(
    [new_order] => 1
    [tracking] => Array
        (
            [landing_site] => https://tryingtoadultrva.com/events/list/
        )

)
2024-05-30T13:56:07+00:00 NOTICE order.member.updated :: Updated 8011anb@gmail.com subscriber status to subscribed and language to en
2024-05-30T13:56:07+00:00 NOTICE order_submit.success :: addStoreOrder :: #9882 :: email: 8011anb@gmail.com :: landing site https://tryingtoadultrva.com/events/list/ :: abandoned cart deleted [fbb2498d4a63060320b8d4ddc41ba96c]
2024-05-30T13:56:35+00:00 NOTICE action_scheduler.queue_job :: MailChimp_WooCommerce_Cart_Update queued :: obj_id fbb2498d4a63060320b8d4ddc41ba96c
2024-05-30T13:56:40+00:00 NOTICE abandoned_cart.success :: email: 8011anb@gmail.com :: checkout_url: https://tryingtoadultrva.com/checkout/?mc_cart_id=fbb2498d4a63060320b8d4ddc41ba96c
2024-05-30T13:57:54+00:00 NOTICE action_scheduler.queue_job :: MailChimp_WooCommerce_Cart_Update queued :: obj_id fbb2498d4a63060320b8d4ddc41ba96c
2024-05-30T13:57:55+00:00 NOTICE abandoned_cart.success :: email: 8011anb@gmail.com :: checkout_url: https://tryingtoadultrva.com/checkout/?mc_cart_id=fbb2498d4a63060320b8d4ddc41ba96c
2024-05-30T13:58:01+00:00 NOTICE action_scheduler.queue_job :: MailChimp_WooCommerce_Cart_Update queued :: obj_id fbb2498d4a63060320b8d4ddc41ba96c
2024-05-30T13:58:46+00:00 NOTICE abandoned_cart.success :: email: 8011anb@gmail.com :: checkout_url: https://tryingtoadultrva.com/checkout/?mc_cart_id=fbb2498d4a63060320b8d4ddc41ba96c
2024-05-30T13:59:07+00:00 NOTICE action_scheduler.queue_job :: MailChimp_WooCommerce_Cart_Update queued :: obj_id fbb2498d4a63060320b8d4ddc41ba96c
2024-05-30T13:59:10+00:00 NOTICE abandoned_cart.success :: email: 8011anb@gmail.com :: checkout_url: https://tryingtoadultrva.com/checkout/?mc_cart_id=fbb2498d4a63060320b8d4ddc41ba96c
2024-05-30T13:59:53+00:00 NOTICE action_scheduler.queue_job :: MailChimp_WooCommerce_Cart_Update queued :: obj_id fbb2498d4a63060320b8d4ddc41ba96c
2024-05-30T13:59:53+00:00 NOTICE action_scheduler.queue_job :: MailChimp_WooCommerce_Cart_Update queued :: obj_id fbb2498d4a63060320b8d4ddc41ba96c
2024-05-30T13:59:54+00:00 NOTICE abandoned_cart.success :: email: 8011anb@gmail.com :: checkout_url: https://tryingtoadultrva.com/checkout/?mc_cart_id=fbb2498d4a63060320b8d4ddc41ba96c
2024-05-30T13:59:55+00:00 NOTICE abandoned_cart.success :: email: 8011anb@gmail.com :: checkout_url: https://tryingtoadultrva.com/checkout/?mc_cart_id=fbb2498d4a63060320b8d4ddc41ba96c
2024-05-30T14:00:04+00:00 NOTICE action_scheduler.queue_job :: MailChimp_WooCommerce_Single_Order starts in 90 seconds :: obj_id 9884
2024-05-30T14:00:05+00:00 NOTICE handleOrderUpdate :: order_status
2024-05-30T14:00:06+00:00 NOTICE handleOrderUpdate :: order_status
2024-05-30T14:00:07+00:00 NOTICE debug :: Order ID 9884 was pending and is now processing :: Array
(
    [new_order] => 1
    [tracking] => Array
        (
            [landing_site] => https://tryingtoadultrva.com/checkout/order-received/9882/?key=wc_order_AbcsRiWZc41Zn
        )

)
2024-05-30T14:02:16+00:00 NOTICE order.member.updated :: Updated 8011anb@gmail.com subscriber status to subscribed and language to en
2024-05-30T14:02:16+00:00 NOTICE order_submit.success :: addStoreOrder :: #9884 :: email: 8011anb@gmail.com :: landing site https://tryingtoadultrva.com/checkout/order-received/9882/?key=wc_order_AbcsRiWZc41Zn :: abandoned cart deleted [fbb2498d4a63060320b8d4ddc41ba96c]
2024-05-30T20:11:56+00:00 NOTICE action_scheduler.queue_job :: MailChimp_WooCommerce_Cart_Update queued :: obj_id c6ca473affd89121b8a6e221d14d89e4
2024-05-30T20:11:58+00:00 NOTICE abandoned_cart.success :: email: dutchprin@gmail.com :: checkout_url: https://tryingtoadultrva.com/checkout/?mc_cart_id=c6ca473affd89121b8a6e221d14d89e4
2024-05-30T20:11:59+00:00 NOTICE cart.member.updated :: Updated dutchprin@gmail.com subscriber status to subscribed and language to en
2024-05-30T20:12:26+00:00 NOTICE action_scheduler.queue_job :: MailChimp_WooCommerce_Single_Order starts in 90 seconds :: obj_id 9887
2024-05-30T20:12:27+00:00 NOTICE handleOrderUpdate :: order_status
2024-05-30T20:12:30+00:00 NOTICE handleOrderUpdate :: order_status
2024-05-30T20:12:30+00:00 NOTICE debug :: Order ID 9887 was pending and is now processing :: Array
(
    [new_order] => 1
    [tracking] => Array
        (
            [landing_site] => https://tryingtoadultrva.com/events/list/
        )

)
2024-05-30T20:14:20+00:00 NOTICE webhook :: Subscriber Sync :: subscribe :: DutchPrin@gmail.com :: Array
(
    [subscribed] => 1
    [user_id] => 10
)
2024-05-30T20:14:21+00:00 NOTICE order.member.updated :: Updated DutchPrin@gmail.com subscriber status to subscribed and language to en
2024-05-30T20:14:21+00:00 NOTICE order_submit.success :: addStoreOrder :: #9887 :: email: DutchPrin@gmail.com :: landing site https://tryingtoadultrva.com/events/list/ :: abandoned cart deleted [c6ca473affd89121b8a6e221d14d89e4]
2024-05-30T21:48:40+00:00 NOTICE action_scheduler.queue_job :: MailChimp_WooCommerce_Cart_Update queued :: obj_id f6f66e783e8def5187683e2f633475f0
2024-05-30T21:49:30+00:00 NOTICE abandoned_cart.success :: email: claineryan13@gmail.com :: checkout_url: https://tryingtoadultrva.com/checkout/?mc_cart_id=f6f66e783e8def5187683e2f633475f0
2024-05-30T21:49:31+00:00 NOTICE cart.member.updated :: Updated claineryan13@gmail.com subscriber status to subscribed and language to en
