2025-07-15T00:53:22+00:00 NOTICE handleOrderUpdate :: order_status
2025-07-15T00:53:22+00:00 NOTICE action_scheduler.queue_job :: MailChimp_WooCommerce_Single_Order starts in 90 seconds :: obj_id 24245 with id 107056
2025-07-15T00:53:22+00:00 NOTICE handleOrderUpdate :: order_status
2025-07-15T00:53:22+00:00 NOTICE handleOrderUpdate :: order_status
2025-07-15T00:53:22+00:00 NOTICE handleOrderUpdate :: order_status
2025-07-15T00:53:24+00:00 NOTICE handleOrderUpdate :: order_status
2025-07-15T00:53:24+00:00 NOTICE handleOrderUpdate :: order_status
2025-07-15T00:53:24+00:00 NOTICE debug :: Order ID 24245 was pending and is now failed :: Array
(
    [new_order] => 
    [tracking] => 
)
2025-07-15T00:55:31+00:00 NOTICE api.add_product.error :: Resource Not FoundThe requested resource could not be found. :: Array
(
    [submission] => Array
        (
            [id] => deleted_0
            [title] => Membership
            [variants] => Array
                (
                    [0] => Array
                        (
                            [id] => deleted_0
                            [title] => Membership
                            [inventory_quantity] => 0
                            [backorders] => false
                            [visibility] => hidden
                        )

                )

        )

)
2025-07-15T00:55:32+00:00 NOTICE api.add_product.error :: Resource Not FoundThe requested resource could not be found. :: Array
(
    [submission] => Array
        (
            [id] => deleted_0
            [title] => Membership
            [variants] => Array
                (
                    [0] => Array
                        (
                            [id] => deleted_0
                            [title] => Membership
                            [inventory_quantity] => 0
                            [backorders] => false
                            [visibility] => hidden
                        )

                )

        )

)
2025-07-15T00:55:32+00:00 NOTICE order.items.error :: Order #24245 :: Product 0 does not exist!
2025-07-15T01:12:57+00:00 NOTICE handleOrderUpdate :: order_status
2025-07-15T01:12:57+00:00 NOTICE action_scheduler.queue_job :: MailChimp_WooCommerce_Single_Order starts in 90 seconds :: obj_id 24395 with id 107059
2025-07-15T01:12:57+00:00 NOTICE handleOrderUpdate :: order_status
2025-07-15T01:12:57+00:00 NOTICE handleOrderUpdate :: order_status
2025-07-15T01:12:57+00:00 NOTICE handleOrderUpdate :: order_status
2025-07-15T01:12:59+00:00 NOTICE handleOrderUpdate :: order_status
2025-07-15T01:12:59+00:00 NOTICE handleOrderUpdate :: order_status
2025-07-15T01:13:00+00:00 NOTICE handleOrderUpdate :: order_status
2025-07-15T01:13:00+00:00 NOTICE debug :: Order ID 24395 was failed and is now pending :: Array
(
    [new_order] => 
    [tracking] => 
)
2025-07-15T01:13:00+00:00 NOTICE debug :: Order ID 24395 was pending and is now failed :: Array
(
    [new_order] => 
    [tracking] => 
)
2025-07-15T01:14:40+00:00 NOTICE api.add_product.error :: Resource Not FoundThe requested resource could not be found. :: Array
(
    [submission] => Array
        (
            [id] => deleted_0
            [title] => Membership
            [variants] => Array
                (
                    [0] => Array
                        (
                            [id] => deleted_0
                            [title] => Membership
                            [inventory_quantity] => 0
                            [backorders] => false
                            [visibility] => hidden
                        )

                )

        )

)
2025-07-15T01:14:41+00:00 NOTICE api.add_product.error :: Resource Not FoundThe requested resource could not be found. :: Array
(
    [submission] => Array
        (
            [id] => deleted_0
            [title] => Membership
            [variants] => Array
                (
                    [0] => Array
                        (
                            [id] => deleted_0
                            [title] => Membership
                            [inventory_quantity] => 0
                            [backorders] => false
                            [visibility] => hidden
                        )

                )

        )

)
2025-07-15T01:14:41+00:00 NOTICE order.items.error :: Order #24395 :: Product 0 does not exist!
2025-07-15T01:14:41+00:00 NOTICE order_submit :: #24395 has a financial status of pending and was skipped.
2025-07-15T01:19:00+00:00 NOTICE handleOrderUpdate :: order_status
2025-07-15T01:19:00+00:00 NOTICE action_scheduler.queue_job :: MailChimp_WooCommerce_Single_Order starts in 90 seconds :: obj_id 24247 with id 107063
2025-07-15T01:19:00+00:00 NOTICE handleOrderUpdate :: order_status
2025-07-15T01:19:00+00:00 NOTICE handleOrderUpdate :: order_status
2025-07-15T01:19:00+00:00 NOTICE handleOrderUpdate :: order_status
2025-07-15T01:19:03+00:00 NOTICE handleOrderUpdate :: order_status
2025-07-15T01:19:03+00:00 NOTICE handleOrderUpdate :: order_status
2025-07-15T01:19:03+00:00 NOTICE debug :: Order ID 24247 was pending and is now failed :: Array
(
    [new_order] => 
    [tracking] => 
)
2025-07-15T01:44:20+00:00 NOTICE handleOrderUpdate :: order_status
2025-07-15T01:44:20+00:00 NOTICE action_scheduler.queue_job :: MailChimp_WooCommerce_Single_Order starts in 90 seconds :: obj_id 24248 with id 107068
2025-07-15T01:44:20+00:00 NOTICE handleOrderUpdate :: order_status
2025-07-15T01:44:20+00:00 NOTICE handleOrderUpdate :: order_status
2025-07-15T01:44:20+00:00 NOTICE handleOrderUpdate :: order_status
2025-07-15T01:44:23+00:00 NOTICE handleOrderUpdate :: order_status
2025-07-15T01:44:23+00:00 NOTICE handleOrderUpdate :: order_status
2025-07-15T01:44:23+00:00 NOTICE debug :: Order ID 24248 was pending and is now failed :: Array
(
    [new_order] => 
    [tracking] => 
)
2025-07-15T02:12:18+00:00 NOTICE action_scheduler.queue_job :: MailChimp_WooCommerce_Cart_Update queued :: obj_id d1bdd99359c49b915944c785e0ce94cc with id 107070
2025-07-15T02:12:27+00:00 NOTICE action_scheduler.queue_job :: MailChimp_WooCommerce_Single_Order starts in 90 seconds :: obj_id 24562 with id 107071
2025-07-15T02:12:28+00:00 NOTICE handleOrderUpdate :: order_status
2025-07-15T02:12:28+00:00 NOTICE handleOrderUpdate :: order_status
2025-07-15T02:12:28+00:00 NOTICE handleOrderUpdate :: order_status
2025-07-15T02:12:28+00:00 NOTICE action_scheduler.queue_job :: MailChimp_WooCommerce_Single_Product starts in 5 seconds :: obj_id 23470 with id 107073
2025-07-15T02:12:29+00:00 NOTICE debug :: Order ID 24562 was pending and is now processing :: Array
(
    [new_order] => 1
    [tracking] => Array
        (
            [landing_site] => https://tryingtoadultrva.com/checkout/order-received/24438/?key=wc_order_AAy8C2EnZ8P0x
        )

)
2025-07-15T02:12:39+00:00 ERROR abandoned_cart.error :: email: rlsarts@gmail.com :: attempting product update :: Resource Not FoundThe requested resource could not be found.
2025-07-15T02:12:39+00:00 NOTICE product_submit.error :: upsert :: #23470 :: Error Code 400 :: We were unable to determine the store ID. on 2791 in /www/wp-content/plugins/mailchimp-for-woocommerce/includes/api/class-mailchimp-api.php
2025-07-15T02:12:39+00:00 ERROR abandoned_cart.error :: Error Code 400 :: We were unable to determine the store ID. on 2791 in /www/wp-content/plugins/mailchimp-for-woocommerce/includes/api/class-mailchimp-api.php
2025-07-15T02:12:40+00:00 NOTICE product_submit.error :: upsert :: #23470 :: Error Code 400 :: We were unable to determine the store ID. on 2791 in /www/wp-content/plugins/mailchimp-for-woocommerce/includes/api/class-mailchimp-api.php
2025-07-15T02:14:04+00:00 ERROR order_submit.error :: addStoreOrder :: #24562 :: Error Code 404 :: Resource Not FoundThe requested resource could not be found. on 2745 in /www/wp-content/plugins/mailchimp-for-woocommerce/includes/api/class-mailchimp-api.php
2025-07-15T02:39:59+00:00 NOTICE handleOrderUpdate :: order_status
2025-07-15T02:39:59+00:00 NOTICE action_scheduler.queue_job :: MailChimp_WooCommerce_Single_Order starts in 90 seconds :: obj_id 24399 with id 107078
2025-07-15T02:39:59+00:00 NOTICE handleOrderUpdate :: order_status
2025-07-15T02:39:59+00:00 NOTICE handleOrderUpdate :: order_status
2025-07-15T02:39:59+00:00 NOTICE handleOrderUpdate :: order_status
2025-07-15T02:40:02+00:00 NOTICE handleOrderUpdate :: order_status
2025-07-15T02:40:02+00:00 NOTICE handleOrderUpdate :: order_status
2025-07-15T02:40:02+00:00 NOTICE handleOrderUpdate :: order_status
2025-07-15T02:40:02+00:00 NOTICE debug :: Order ID 24399 was failed and is now pending :: Array
(
    [new_order] => 
    [tracking] => 
)
2025-07-15T02:40:03+00:00 NOTICE debug :: Order ID 24399 was pending and is now failed :: Array
(
    [new_order] => 
    [tracking] => 
)
2025-07-15T02:42:13+00:00 NOTICE order_submit :: #24399 has a financial status of pending and was skipped.
2025-07-15T02:45:57+00:00 NOTICE action_scheduler.queue_job :: MailChimp_WooCommerce_Single_Product starts in 5 seconds :: obj_id 23470 with id 107081
2025-07-15T02:46:32+00:00 NOTICE product_submit.error :: upsert :: #23470 :: Error Code 400 :: We were unable to determine the store ID. on 2791 in /www/wp-content/plugins/mailchimp-for-woocommerce/includes/api/class-mailchimp-api.php
2025-07-15T03:00:57+00:00 NOTICE action_scheduler.queue_job :: MailChimp_WooCommerce_Single_Product starts in 5 seconds :: obj_id 23868 with id 107085
2025-07-15T03:01:23+00:00 NOTICE product_submit.error :: upsert :: #23868 :: Error Code 400 :: We were unable to determine the store ID. on 2791 in /www/wp-content/plugins/mailchimp-for-woocommerce/includes/api/class-mailchimp-api.php
2025-07-15T03:04:39+00:00 NOTICE handleOrderUpdate :: order_status
2025-07-15T03:04:39+00:00 NOTICE action_scheduler.queue_job :: MailChimp_WooCommerce_Single_Order starts in 90 seconds :: obj_id 18976 with id 107088
2025-07-15T03:04:40+00:00 NOTICE action_scheduler.queue_job :: MailChimp_WooCommerce_Single_Order starts in 90 seconds :: obj_id 24564 with id 107089
2025-07-15T03:04:40+00:00 NOTICE handleOrderUpdate :: order_status
2025-07-15T03:04:41+00:00 NOTICE handleOrderUpdate :: order_status
2025-07-15T03:04:41+00:00 NOTICE handleOrderUpdate :: order_status
2025-07-15T03:04:41+00:00 NOTICE handleOrderUpdate :: order_status
2025-07-15T03:04:41+00:00 NOTICE handleOrderUpdate :: order_status
2025-07-15T03:04:41+00:00 NOTICE handleOrderUpdate :: order_status
2025-07-15T03:04:44+00:00 NOTICE handleOrderUpdate :: order_status
2025-07-15T03:04:44+00:00 NOTICE handleOrderUpdate :: order_status
2025-07-15T03:04:45+00:00 NOTICE handleOrderUpdate :: order_status
2025-07-15T03:04:45+00:00 NOTICE handleOrderUpdate :: order_status
2025-07-15T03:04:46+00:00 NOTICE debug :: Order ID 24564 was pending and is now processing :: Array
(
    [new_order] => 1
    [tracking] => Array
        (
            [landing_site] => https://tryingtoadultrva.com/
        )

)
2025-07-15T03:06:11+00:00 NOTICE filter :: Order 18976 was skipped by the filter
2025-07-15T03:06:13+00:00 ERROR order_submit.error :: addStoreOrder :: #24564 :: Error Code 404 :: Resource Not FoundThe requested resource could not be found. on 2745 in /www/wp-content/plugins/mailchimp-for-woocommerce/includes/api/class-mailchimp-api.php
2025-07-15T03:29:50+00:00 NOTICE handleOrderUpdate :: order_status
2025-07-15T03:29:50+00:00 NOTICE action_scheduler.queue_job :: MailChimp_WooCommerce_Single_Order starts in 90 seconds :: obj_id 24496 with id 107099
2025-07-15T03:29:50+00:00 NOTICE handleOrderUpdate :: order_status
2025-07-15T03:29:50+00:00 NOTICE handleOrderUpdate :: order_status
2025-07-15T03:29:50+00:00 NOTICE handleOrderUpdate :: order_status
2025-07-15T03:29:52+00:00 NOTICE handleOrderUpdate :: order_status
2025-07-15T03:29:52+00:00 NOTICE handleOrderUpdate :: order_status
2025-07-15T03:29:52+00:00 NOTICE handleOrderUpdate :: order_status
2025-07-15T03:29:53+00:00 NOTICE debug :: Order ID 24496 was failed and is now pending :: Array
(
    [new_order] => 
    [tracking] => 
)
2025-07-15T03:29:53+00:00 NOTICE debug :: Order ID 24496 was pending and is now failed :: Array
(
    [new_order] => 
    [tracking] => 
)
2025-07-15T03:29:53+00:00 NOTICE handleOrderUpdate :: order_status
2025-07-15T03:29:53+00:00 NOTICE action_scheduler.queue_job :: MailChimp_WooCommerce_Single_Order starts in 90 seconds :: obj_id 14913 with id 107101
2025-07-15T03:29:53+00:00 NOTICE action_scheduler.queue_job :: MailChimp_WooCommerce_Single_Order starts in 90 seconds :: obj_id 24565 with id 107102
2025-07-15T03:29:53+00:00 NOTICE handleOrderUpdate :: order_status
2025-07-15T03:29:53+00:00 NOTICE handleOrderUpdate :: order_status
2025-07-15T03:29:53+00:00 NOTICE handleOrderUpdate :: order_status
2025-07-15T03:29:53+00:00 NOTICE handleOrderUpdate :: order_status
2025-07-15T03:29:53+00:00 NOTICE handleOrderUpdate :: order_status
2025-07-15T03:29:53+00:00 NOTICE handleOrderUpdate :: order_status
2025-07-15T03:29:55+00:00 NOTICE handleOrderUpdate :: order_status
2025-07-15T03:29:55+00:00 NOTICE handleOrderUpdate :: order_status
2025-07-15T03:29:55+00:00 NOTICE handleOrderUpdate :: order_status
2025-07-15T03:29:55+00:00 NOTICE debug :: Order ID 24565 was failed and is now pending :: Array
(
    [new_order] => 
    [tracking] => 
)
2025-07-15T03:29:55+00:00 NOTICE debug :: Order ID 24565 was pending and is now failed :: Array
(
    [new_order] => 
    [tracking] => 
)
2025-07-15T03:32:25+00:00 NOTICE handleOrderUpdate :: order_status
2025-07-15T03:32:25+00:00 NOTICE action_scheduler.queue_job :: MailChimp_WooCommerce_Single_Order starts in 90 seconds :: obj_id 14916 with id 107110
2025-07-15T03:32:28+00:00 NOTICE api.add_product.error :: Resource Not FoundThe requested resource could not be found. :: Array
(
    [submission] => Array
        (
            [id] => deleted_0
            [title] => Premium Membership
            [variants] => Array
                (
                    [0] => Array
                        (
                            [id] => deleted_0
                            [title] => Premium Membership
                            [inventory_quantity] => 0
                            [backorders] => false
                            [visibility] => hidden
                        )

                )

        )

)
2025-07-15T03:32:29+00:00 NOTICE api.add_product.error :: Resource Not FoundThe requested resource could not be found. :: Array
(
    [submission] => Array
        (
            [id] => deleted_0
            [title] => Premium Membership
            [variants] => Array
                (
                    [0] => Array
                        (
                            [id] => deleted_0
                            [title] => Premium Membership
                            [inventory_quantity] => 0
                            [backorders] => false
                            [visibility] => hidden
                        )

                )

        )

)
2025-07-15T03:32:29+00:00 NOTICE order.items.error :: Order #24496 :: Product 0 does not exist!
2025-07-15T03:32:29+00:00 NOTICE order_submit :: #24496 has a financial status of pending and was skipped.
2025-07-15T03:32:29+00:00 NOTICE filter :: Order 14913 was skipped by the filter
2025-07-15T03:32:30+00:00 NOTICE api.add_product.error :: Resource Not FoundThe requested resource could not be found. :: Array
(
    [submission] => Array
        (
            [id] => deleted_0
            [title] => Membership
            [variants] => Array
                (
                    [0] => Array
                        (
                            [id] => deleted_0
                            [title] => Membership
                            [inventory_quantity] => 0
                            [backorders] => false
                            [visibility] => hidden
                        )

                )

        )

)
2025-07-15T03:32:31+00:00 NOTICE api.add_product.error :: Resource Not FoundThe requested resource could not be found. :: Array
(
    [submission] => Array
        (
            [id] => deleted_0
            [title] => Membership
            [variants] => Array
                (
                    [0] => Array
                        (
                            [id] => deleted_0
                            [title] => Membership
                            [inventory_quantity] => 0
                            [backorders] => false
                            [visibility] => hidden
                        )

                )

        )

)
2025-07-15T03:32:31+00:00 NOTICE order.items.error :: Order #24565 :: Product 0 does not exist!
2025-07-15T03:32:31+00:00 NOTICE order_submit :: #24565 has a financial status of pending and was skipped.
2025-07-15T03:38:06+00:00 NOTICE filter :: Order 14916 was skipped by the filter
2025-07-15T03:55:29+00:00 NOTICE handleOrderUpdate :: order_status
2025-07-15T03:55:29+00:00 NOTICE action_scheduler.queue_job :: MailChimp_WooCommerce_Single_Order starts in 90 seconds :: obj_id 14926 with id 107114
2025-07-15T03:55:30+00:00 NOTICE action_scheduler.queue_job :: MailChimp_WooCommerce_Single_Order starts in 90 seconds :: obj_id 24566 with id 107115
2025-07-15T03:55:30+00:00 NOTICE handleOrderUpdate :: order_status
2025-07-15T03:55:30+00:00 NOTICE handleOrderUpdate :: order_status
2025-07-15T03:55:30+00:00 NOTICE handleOrderUpdate :: order_status
2025-07-15T03:55:30+00:00 NOTICE handleOrderUpdate :: order_status
2025-07-15T03:55:30+00:00 NOTICE handleOrderUpdate :: order_status
2025-07-15T03:55:31+00:00 NOTICE handleOrderUpdate :: order_status
2025-07-15T03:55:33+00:00 NOTICE handleOrderUpdate :: order_status
2025-07-15T03:55:33+00:00 NOTICE handleOrderUpdate :: order_status
2025-07-15T03:55:33+00:00 NOTICE handleOrderUpdate :: order_status
2025-07-15T03:55:33+00:00 NOTICE debug :: Order ID 24566 was failed and is now pending :: Array
(
    [new_order] => 
    [tracking] => 
)
2025-07-15T03:55:33+00:00 NOTICE debug :: Order ID 24566 was pending and is now failed :: Array
(
    [new_order] => 
    [tracking] => 
)
2025-07-15T03:58:59+00:00 NOTICE filter :: Order 14926 was skipped by the filter
2025-07-15T03:59:00+00:00 NOTICE api.add_product.error :: Resource Not FoundThe requested resource could not be found. :: Array
(
    [submission] => Array
        (
            [id] => deleted_0
            [title] => Membership
            [variants] => Array
                (
                    [0] => Array
                        (
                            [id] => deleted_0
                            [title] => Membership
                            [inventory_quantity] => 0
                            [backorders] => false
                            [visibility] => hidden
                        )

                )

        )

)
2025-07-15T03:59:01+00:00 NOTICE api.add_product.error :: Resource Not FoundThe requested resource could not be found. :: Array
(
    [submission] => Array
        (
            [id] => deleted_0
            [title] => Membership
            [variants] => Array
                (
                    [0] => Array
                        (
                            [id] => deleted_0
                            [title] => Membership
                            [inventory_quantity] => 0
                            [backorders] => false
                            [visibility] => hidden
                        )

                )

        )

)
2025-07-15T03:59:01+00:00 NOTICE order.items.error :: Order #24566 :: Product 0 does not exist!
2025-07-15T03:59:01+00:00 NOTICE order_submit :: #24566 has a financial status of pending and was skipped.
2025-07-15T04:41:51+00:00 NOTICE handleOrderUpdate :: order_status
2025-07-15T04:41:51+00:00 NOTICE action_scheduler.queue_job :: MailChimp_WooCommerce_Single_Order starts in 90 seconds :: obj_id 24406 with id 107123
2025-07-15T04:41:51+00:00 NOTICE handleOrderUpdate :: order_status
2025-07-15T04:41:51+00:00 NOTICE handleOrderUpdate :: order_status
2025-07-15T04:41:51+00:00 NOTICE handleOrderUpdate :: order_status
2025-07-15T04:41:54+00:00 NOTICE handleOrderUpdate :: order_status
2025-07-15T04:41:54+00:00 NOTICE handleOrderUpdate :: order_status
2025-07-15T04:41:54+00:00 NOTICE handleOrderUpdate :: order_status
2025-07-15T04:41:54+00:00 NOTICE debug :: Order ID 24406 was failed and is now pending :: Array
(
    [new_order] => 
    [tracking] => 
)
2025-07-15T04:41:54+00:00 NOTICE debug :: Order ID 24406 was pending and is now failed :: Array
(
    [new_order] => 
    [tracking] => 
)
2025-07-15T04:43:58+00:00 NOTICE order_submit :: #24406 has a financial status of pending and was skipped.
2025-07-15T06:13:17+00:00 NOTICE handleOrderUpdate :: order_status
2025-07-15T06:13:17+00:00 NOTICE action_scheduler.queue_job :: MailChimp_WooCommerce_Single_Order starts in 90 seconds :: obj_id 24551 with id 107127
2025-07-15T06:13:17+00:00 NOTICE handleOrderUpdate :: order_status
2025-07-15T06:13:17+00:00 NOTICE handleOrderUpdate :: order_status
2025-07-15T06:13:17+00:00 NOTICE handleOrderUpdate :: order_status
2025-07-15T06:13:19+00:00 NOTICE handleOrderUpdate :: order_status
2025-07-15T06:13:19+00:00 NOTICE handleOrderUpdate :: order_status
2025-07-15T06:13:19+00:00 NOTICE handleOrderUpdate :: order_status
2025-07-15T06:13:20+00:00 NOTICE debug :: Order ID 24551 was failed and is now pending :: Array
(
    [new_order] => 
    [tracking] => 
)
2025-07-15T06:13:20+00:00 NOTICE debug :: Order ID 24551 was pending and is now failed :: Array
(
    [new_order] => 
    [tracking] => 
)
2025-07-15T06:16:19+00:00 NOTICE api.add_product.error :: Resource Not FoundThe requested resource could not be found. :: Array
(
    [submission] => Array
        (
            [id] => deleted_0
            [title] => Membership
            [variants] => Array
                (
                    [0] => Array
                        (
                            [id] => deleted_0
                            [title] => Membership
                            [inventory_quantity] => 0
                            [backorders] => false
                            [visibility] => hidden
                        )

                )

        )

)
2025-07-15T06:16:19+00:00 NOTICE api.add_product.error :: Resource Not FoundThe requested resource could not be found. :: Array
(
    [submission] => Array
        (
            [id] => deleted_0
            [title] => Membership
            [variants] => Array
                (
                    [0] => Array
                        (
                            [id] => deleted_0
                            [title] => Membership
                            [inventory_quantity] => 0
                            [backorders] => false
                            [visibility] => hidden
                        )

                )

        )

)
2025-07-15T06:16:19+00:00 NOTICE order.items.error :: Order #24551 :: Product 0 does not exist!
2025-07-15T06:16:19+00:00 NOTICE order_submit :: #24551 has a financial status of pending and was skipped.
2025-07-15T07:12:38+00:00 NOTICE handleOrderUpdate :: order_status
2025-07-15T07:12:38+00:00 NOTICE action_scheduler.queue_job :: MailChimp_WooCommerce_Single_Order starts in 90 seconds :: obj_id 24497 with id 107131
2025-07-15T07:12:38+00:00 NOTICE handleOrderUpdate :: order_status
2025-07-15T07:12:38+00:00 NOTICE handleOrderUpdate :: order_status
2025-07-15T07:12:38+00:00 NOTICE handleOrderUpdate :: order_status
2025-07-15T07:12:40+00:00 NOTICE handleOrderUpdate :: order_status
2025-07-15T07:12:40+00:00 NOTICE handleOrderUpdate :: order_status
2025-07-15T07:12:40+00:00 NOTICE handleOrderUpdate :: order_status
2025-07-15T07:12:40+00:00 NOTICE debug :: Order ID 24497 was failed and is now pending :: Array
(
    [new_order] => 
    [tracking] => 
)
2025-07-15T07:12:41+00:00 NOTICE debug :: Order ID 24497 was pending and is now failed :: Array
(
    [new_order] => 
    [tracking] => 
)
2025-07-15T07:15:04+00:00 NOTICE order_submit :: #24497 has a financial status of pending and was skipped.
2025-07-15T07:40:59+00:00 NOTICE handleOrderUpdate :: order_status
2025-07-15T07:40:59+00:00 NOTICE action_scheduler.queue_job :: MailChimp_WooCommerce_Single_Order starts in 90 seconds :: obj_id 24555 with id 107135
2025-07-15T07:40:59+00:00 NOTICE handleOrderUpdate :: order_status
2025-07-15T07:40:59+00:00 NOTICE handleOrderUpdate :: order_status
2025-07-15T07:40:59+00:00 NOTICE handleOrderUpdate :: order_status
2025-07-15T07:41:02+00:00 NOTICE handleOrderUpdate :: order_status
2025-07-15T07:41:02+00:00 NOTICE handleOrderUpdate :: order_status
2025-07-15T07:41:02+00:00 NOTICE handleOrderUpdate :: order_status
2025-07-15T07:41:02+00:00 NOTICE debug :: Order ID 24555 was failed and is now pending :: Array
(
    [new_order] => 
    [tracking] => 
)
2025-07-15T07:41:02+00:00 NOTICE debug :: Order ID 24555 was pending and is now failed :: Array
(
    [new_order] => 
    [tracking] => 
)
2025-07-15T07:42:40+00:00 NOTICE order_submit :: #24555 has a financial status of pending and was skipped.
2025-07-15T09:31:00+00:00 NOTICE handleOrderUpdate :: order_status
2025-07-15T09:31:00+00:00 NOTICE action_scheduler.queue_job :: MailChimp_WooCommerce_Single_Order starts in 90 seconds :: obj_id 24413 with id 107139
2025-07-15T09:31:00+00:00 NOTICE handleOrderUpdate :: order_status
2025-07-15T09:31:00+00:00 NOTICE handleOrderUpdate :: order_status
2025-07-15T09:31:00+00:00 NOTICE handleOrderUpdate :: order_status
2025-07-15T09:31:02+00:00 NOTICE handleOrderUpdate :: order_status
2025-07-15T09:31:02+00:00 NOTICE handleOrderUpdate :: order_status
2025-07-15T09:31:02+00:00 NOTICE handleOrderUpdate :: order_status
2025-07-15T09:31:02+00:00 NOTICE debug :: Order ID 24413 was failed and is now pending :: Array
(
    [new_order] => 
    [tracking] => 
)
2025-07-15T09:31:03+00:00 NOTICE debug :: Order ID 24413 was pending and is now failed :: Array
(
    [new_order] => 
    [tracking] => 
)
2025-07-15T09:32:38+00:00 NOTICE api.add_product.error :: Resource Not FoundThe requested resource could not be found. :: Array
(
    [submission] => Array
        (
            [id] => deleted_0
            [title] => Membership
            [variants] => Array
                (
                    [0] => Array
                        (
                            [id] => deleted_0
                            [title] => Membership
                            [inventory_quantity] => 0
                            [backorders] => false
                            [visibility] => hidden
                        )

                )

        )

)
2025-07-15T09:32:38+00:00 NOTICE api.add_product.error :: Resource Not FoundThe requested resource could not be found. :: Array
(
    [submission] => Array
        (
            [id] => deleted_0
            [title] => Membership
            [variants] => Array
                (
                    [0] => Array
                        (
                            [id] => deleted_0
                            [title] => Membership
                            [inventory_quantity] => 0
                            [backorders] => false
                            [visibility] => hidden
                        )

                )

        )

)
2025-07-15T09:32:38+00:00 NOTICE order.items.error :: Order #24413 :: Product 0 does not exist!
2025-07-15T09:32:38+00:00 NOTICE order_submit :: #24413 has a financial status of pending and was skipped.
2025-07-15T09:51:04+00:00 NOTICE handleOrderUpdate :: order_status
2025-07-15T09:51:04+00:00 NOTICE action_scheduler.queue_job :: MailChimp_WooCommerce_Single_Order starts in 90 seconds :: obj_id 24540 with id 107143
2025-07-15T09:51:04+00:00 NOTICE handleOrderUpdate :: order_status
2025-07-15T09:51:04+00:00 NOTICE handleOrderUpdate :: order_status
2025-07-15T09:51:04+00:00 NOTICE handleOrderUpdate :: order_status
2025-07-15T09:51:06+00:00 NOTICE handleOrderUpdate :: order_status
2025-07-15T09:51:06+00:00 NOTICE handleOrderUpdate :: order_status
2025-07-15T09:51:06+00:00 NOTICE handleOrderUpdate :: order_status
2025-07-15T09:51:06+00:00 NOTICE debug :: Order ID 24540 was failed and is now pending :: Array
(
    [new_order] => 
    [tracking] => 
)
2025-07-15T09:51:06+00:00 NOTICE debug :: Order ID 24540 was pending and is now failed :: Array
(
    [new_order] => 
    [tracking] => 
)
2025-07-15T09:58:37+00:00 NOTICE api.add_product.error :: Resource Not FoundThe requested resource could not be found. :: Array
(
    [submission] => Array
        (
            [id] => deleted_0
            [title] => Membership
            [variants] => Array
                (
                    [0] => Array
                        (
                            [id] => deleted_0
                            [title] => Membership
                            [inventory_quantity] => 0
                            [backorders] => false
                            [visibility] => hidden
                        )

                )

        )

)
2025-07-15T09:58:38+00:00 NOTICE api.add_product.error :: Resource Not FoundThe requested resource could not be found. :: Array
(
    [submission] => Array
        (
            [id] => deleted_0
            [title] => Membership
            [variants] => Array
                (
                    [0] => Array
                        (
                            [id] => deleted_0
                            [title] => Membership
                            [inventory_quantity] => 0
                            [backorders] => false
                            [visibility] => hidden
                        )

                )

        )

)
2025-07-15T09:58:38+00:00 NOTICE order.items.error :: Order #24540 :: Product 0 does not exist!
2025-07-15T09:58:38+00:00 NOTICE order_submit :: #24540 has a financial status of pending and was skipped.
2025-07-15T11:17:16+00:00 NOTICE handleOrderUpdate :: order_status
2025-07-15T11:17:16+00:00 NOTICE action_scheduler.queue_job :: MailChimp_WooCommerce_Single_Order starts in 90 seconds :: obj_id 24558 with id 107147
2025-07-15T11:17:16+00:00 NOTICE handleOrderUpdate :: order_status
2025-07-15T11:17:16+00:00 NOTICE handleOrderUpdate :: order_status
2025-07-15T11:17:16+00:00 NOTICE handleOrderUpdate :: order_status
2025-07-15T11:17:19+00:00 NOTICE handleOrderUpdate :: order_status
2025-07-15T11:17:19+00:00 NOTICE handleOrderUpdate :: order_status
2025-07-15T11:17:19+00:00 NOTICE handleOrderUpdate :: order_status
2025-07-15T11:17:19+00:00 NOTICE debug :: Order ID 24558 was failed and is now pending :: Array
(
    [new_order] => 
    [tracking] => 
)
2025-07-15T11:17:19+00:00 NOTICE debug :: Order ID 24558 was pending and is now failed :: Array
(
    [new_order] => 
    [tracking] => 
)
2025-07-15T11:19:19+00:00 NOTICE api.add_product.error :: Resource Not FoundThe requested resource could not be found. :: Array
(
    [submission] => Array
        (
            [id] => deleted_0
            [title] => Membership
            [variants] => Array
                (
                    [0] => Array
                        (
                            [id] => deleted_0
                            [title] => Membership
                            [inventory_quantity] => 0
                            [backorders] => false
                            [visibility] => hidden
                        )

                )

        )

)
2025-07-15T11:19:20+00:00 NOTICE api.add_product.error :: Resource Not FoundThe requested resource could not be found. :: Array
(
    [submission] => Array
        (
            [id] => deleted_0
            [title] => Membership
            [variants] => Array
                (
                    [0] => Array
                        (
                            [id] => deleted_0
                            [title] => Membership
                            [inventory_quantity] => 0
                            [backorders] => false
                            [visibility] => hidden
                        )

                )

        )

)
2025-07-15T11:19:20+00:00 NOTICE order.items.error :: Order #24558 :: Product 0 does not exist!
2025-07-15T11:19:20+00:00 NOTICE order_submit :: #24558 has a financial status of pending and was skipped.
2025-07-15T11:21:54+00:00 NOTICE handleOrderUpdate :: order_status
2025-07-15T11:21:54+00:00 NOTICE action_scheduler.queue_job :: MailChimp_WooCommerce_Single_Order starts in 90 seconds :: obj_id 24414 with id 107151
2025-07-15T11:21:54+00:00 NOTICE handleOrderUpdate :: order_status
2025-07-15T11:21:54+00:00 NOTICE handleOrderUpdate :: order_status
2025-07-15T11:21:54+00:00 NOTICE handleOrderUpdate :: order_status
2025-07-15T11:21:57+00:00 NOTICE handleOrderUpdate :: order_status
2025-07-15T11:21:57+00:00 NOTICE handleOrderUpdate :: order_status
2025-07-15T11:21:57+00:00 NOTICE handleOrderUpdate :: order_status
2025-07-15T11:21:57+00:00 NOTICE debug :: Order ID 24414 was failed and is now pending :: Array
(
    [new_order] => 
    [tracking] => 
)
2025-07-15T11:21:58+00:00 NOTICE debug :: Order ID 24414 was pending and is now failed :: Array
(
    [new_order] => 
    [tracking] => 
)
2025-07-15T11:24:19+00:00 NOTICE order_submit :: #24414 has a financial status of pending and was skipped.
2025-07-15T12:04:46+00:00 NOTICE action_scheduler.queue_job :: MailChimp_WooCommerce_Cart_Update queued :: obj_id f6f66e783e8def5187683e2f633475f0 with id 107154
2025-07-15T12:04:55+00:00 NOTICE action_scheduler.queue_job :: MailChimp_WooCommerce_Single_Order starts in 90 seconds :: obj_id 24567 with id 107155
2025-07-15T12:04:55+00:00 NOTICE handleOrderUpdate :: order_status
2025-07-15T12:04:56+00:00 NOTICE handleOrderUpdate :: order_status
2025-07-15T12:04:56+00:00 NOTICE handleOrderUpdate :: order_status
2025-07-15T12:04:56+00:00 NOTICE debug :: Order ID 24567 was pending and is now processing :: Array
(
    [new_order] => 1
    [tracking] => Array
        (
            [landing_site] => https://tryingtoadultrva.com/cart/
        )

)
2025-07-15T12:05:40+00:00 ERROR abandoned_cart.error :: email: claineryan13@gmail.com :: attempting product update :: Resource Not FoundThe requested resource could not be found.
2025-07-15T12:05:40+00:00 NOTICE product_submit.error :: upsert :: #23880 :: Error Code 400 :: We were unable to determine the store ID. on 2791 in /www/wp-content/plugins/mailchimp-for-woocommerce/includes/api/class-mailchimp-api.php
2025-07-15T12:05:40+00:00 ERROR abandoned_cart.error :: Error Code 400 :: We were unable to determine the store ID. on 2791 in /www/wp-content/plugins/mailchimp-for-woocommerce/includes/api/class-mailchimp-api.php
2025-07-15T12:05:46+00:00 NOTICE action_scheduler.queue_job :: MailChimp_WooCommerce_Single_Order starts in 90 seconds :: obj_id 24569 with id 107160
2025-07-15T12:05:46+00:00 NOTICE handleOrderUpdate :: order_status
2025-07-15T12:05:46+00:00 NOTICE handleOrderUpdate :: order_status
2025-07-15T12:05:46+00:00 NOTICE handleOrderUpdate :: order_status
2025-07-15T12:05:47+00:00 NOTICE debug :: Order ID 24569 was pending and is now processing :: Array
(
    [new_order] => 1
    [tracking] => Array
        (
            [landing_site] => https://tryingtoadultrva.com/checkout/order-received/24567/?key=wc_order_OIW88xFOKB3aL
        )

)
2025-07-15T12:06:53+00:00 ERROR order_submit.error :: addStoreOrder :: #24567 :: Error Code 404 :: Resource Not FoundThe requested resource could not be found. on 2745 in /www/wp-content/plugins/mailchimp-for-woocommerce/includes/api/class-mailchimp-api.php
2025-07-15T12:08:49+00:00 ERROR order_submit.error :: addStoreOrder :: #24569 :: Error Code 404 :: Resource Not FoundThe requested resource could not be found. on 2745 in /www/wp-content/plugins/mailchimp-for-woocommerce/includes/api/class-mailchimp-api.php
2025-07-15T12:19:30+00:00 NOTICE handleOrderUpdate :: order_status
2025-07-15T12:19:30+00:00 NOTICE action_scheduler.queue_job :: MailChimp_WooCommerce_Single_Order starts in 90 seconds :: obj_id 11129 with id 107164
2025-07-15T12:19:31+00:00 NOTICE action_scheduler.queue_job :: MailChimp_WooCommerce_Single_Order starts in 90 seconds :: obj_id 24571 with id 107165
2025-07-15T12:19:32+00:00 NOTICE handleOrderUpdate :: order_status
2025-07-15T12:19:32+00:00 NOTICE handleOrderUpdate :: order_status
2025-07-15T12:19:32+00:00 NOTICE handleOrderUpdate :: order_status
2025-07-15T12:19:32+00:00 NOTICE handleOrderUpdate :: order_status
2025-07-15T12:19:32+00:00 NOTICE handleOrderUpdate :: order_status
2025-07-15T12:19:32+00:00 NOTICE handleOrderUpdate :: order_status
2025-07-15T12:19:35+00:00 NOTICE handleOrderUpdate :: order_status
2025-07-15T12:19:35+00:00 NOTICE handleOrderUpdate :: order_status
2025-07-15T12:19:35+00:00 NOTICE handleOrderUpdate :: order_status
2025-07-15T12:19:35+00:00 NOTICE debug :: Order ID 24571 was failed and is now pending :: Array
(
    [new_order] => 
    [tracking] => 
)
2025-07-15T12:19:35+00:00 NOTICE debug :: Order ID 24571 was pending and is now failed :: Array
(
    [new_order] => 
    [tracking] => 
)
2025-07-15T12:21:10+00:00 NOTICE filter :: Order 11129 was skipped by the filter
2025-07-15T12:21:11+00:00 NOTICE order_submit :: #24571 has a financial status of pending and was skipped.
2025-07-15T14:35:58+00:00 NOTICE handleOrderUpdate :: order_status
2025-07-15T14:35:58+00:00 NOTICE action_scheduler.queue_job :: MailChimp_WooCommerce_Single_Order starts in 90 seconds :: obj_id 24508 with id 107175
2025-07-15T14:35:58+00:00 NOTICE handleOrderUpdate :: order_status
2025-07-15T14:35:58+00:00 NOTICE handleOrderUpdate :: order_status
2025-07-15T14:35:58+00:00 NOTICE handleOrderUpdate :: order_status
2025-07-15T14:36:01+00:00 NOTICE handleOrderUpdate :: order_status
2025-07-15T14:36:01+00:00 NOTICE handleOrderUpdate :: order_status
2025-07-15T14:36:01+00:00 NOTICE handleOrderUpdate :: order_status
2025-07-15T14:36:01+00:00 NOTICE debug :: Order ID 24508 was failed and is now pending :: Array
(
    [new_order] => 
    [tracking] => 
)
2025-07-15T14:36:01+00:00 NOTICE debug :: Order ID 24508 was pending and is now failed :: Array
(
    [new_order] => 
    [tracking] => 
)
2025-07-15T14:39:11+00:00 NOTICE order_submit :: #24508 has a financial status of pending and was skipped.
2025-07-15T15:29:59+00:00 NOTICE handleOrderUpdate :: order_status
2025-07-15T15:29:59+00:00 NOTICE action_scheduler.queue_job :: MailChimp_WooCommerce_Single_Order starts in 90 seconds :: obj_id 24565 with id 107179
2025-07-15T15:29:59+00:00 NOTICE handleOrderUpdate :: order_status
2025-07-15T15:29:59+00:00 NOTICE handleOrderUpdate :: order_status
2025-07-15T15:29:59+00:00 NOTICE handleOrderUpdate :: order_status
2025-07-15T15:30:01+00:00 NOTICE handleOrderUpdate :: order_status
2025-07-15T15:30:01+00:00 NOTICE handleOrderUpdate :: order_status
2025-07-15T15:30:01+00:00 NOTICE handleOrderUpdate :: order_status
2025-07-15T15:30:01+00:00 NOTICE debug :: Order ID 24565 was failed and is now pending :: Array
(
    [new_order] => 
    [tracking] => 
)
2025-07-15T15:30:02+00:00 NOTICE debug :: Order ID 24565 was pending and is now failed :: Array
(
    [new_order] => 
    [tracking] => 
)
2025-07-15T15:32:02+00:00 NOTICE api.add_product.error :: Resource Not FoundThe requested resource could not be found. :: Array
(
    [submission] => Array
        (
            [id] => deleted_0
            [title] => Membership
            [variants] => Array
                (
                    [0] => Array
                        (
                            [id] => deleted_0
                            [title] => Membership
                            [inventory_quantity] => 0
                            [backorders] => false
                            [visibility] => hidden
                        )

                )

        )

)
2025-07-15T15:32:03+00:00 NOTICE api.add_product.error :: Resource Not FoundThe requested resource could not be found. :: Array
(
    [submission] => Array
        (
            [id] => deleted_0
            [title] => Membership
            [variants] => Array
                (
                    [0] => Array
                        (
                            [id] => deleted_0
                            [title] => Membership
                            [inventory_quantity] => 0
                            [backorders] => false
                            [visibility] => hidden
                        )

                )

        )

)
2025-07-15T15:32:03+00:00 NOTICE order.items.error :: Order #24565 :: Product 0 does not exist!
2025-07-15T15:32:03+00:00 NOTICE order_submit :: #24565 has a financial status of pending and was skipped.
2025-07-15T15:41:51+00:00 NOTICE action_scheduler.queue_job :: MailChimp_WooCommerce_Cart_Update queued :: obj_id af88f1d0fb4568298cbf164cbab85ff1 with id 107182
2025-07-15T15:41:58+00:00 ERROR abandoned_cart.error :: email: bmdalbis@gmail.com :: attempting product update :: Resource Not FoundThe requested resource could not be found.
2025-07-15T15:41:58+00:00 NOTICE product_submit.error :: upsert :: #23880 :: Error Code 400 :: We were unable to determine the store ID. on 2791 in /www/wp-content/plugins/mailchimp-for-woocommerce/includes/api/class-mailchimp-api.php
2025-07-15T15:41:58+00:00 ERROR abandoned_cart.error :: Error Code 400 :: We were unable to determine the store ID. on 2791 in /www/wp-content/plugins/mailchimp-for-woocommerce/includes/api/class-mailchimp-api.php
2025-07-15T15:42:00+00:00 NOTICE action_scheduler.queue_job :: MailChimp_WooCommerce_Single_Order starts in 90 seconds :: obj_id 24572 with id 107183
2025-07-15T15:42:01+00:00 NOTICE handleOrderUpdate :: order_status
2025-07-15T15:42:01+00:00 NOTICE handleOrderUpdate :: order_status
2025-07-15T15:42:01+00:00 NOTICE handleOrderUpdate :: order_status
2025-07-15T15:42:02+00:00 NOTICE debug :: Order ID 24572 was pending and is now processing :: Array
(
    [new_order] => 1
    [tracking] => Array
        (
            [landing_site] => https://tryingtoadultrva.com/checkout/order-received/23980/?key=wc_order_U4OieL7dHbVTH
        )

)
2025-07-15T15:48:22+00:00 ERROR order_submit.error :: addStoreOrder :: #24572 :: Error Code 404 :: Resource Not FoundThe requested resource could not be found. on 2745 in /www/wp-content/plugins/mailchimp-for-woocommerce/includes/api/class-mailchimp-api.php
2025-07-15T15:56:56+00:00 NOTICE handleOrderUpdate :: order_status
2025-07-15T15:56:56+00:00 NOTICE action_scheduler.queue_job :: MailChimp_WooCommerce_Single_Order starts in 90 seconds :: obj_id 24566 with id 107188
2025-07-15T15:56:56+00:00 NOTICE handleOrderUpdate :: order_status
2025-07-15T15:56:56+00:00 NOTICE handleOrderUpdate :: order_status
2025-07-15T15:56:56+00:00 NOTICE handleOrderUpdate :: order_status
2025-07-15T15:56:58+00:00 NOTICE handleOrderUpdate :: order_status
2025-07-15T15:56:58+00:00 NOTICE handleOrderUpdate :: order_status
2025-07-15T15:56:58+00:00 NOTICE handleOrderUpdate :: order_status
2025-07-15T15:56:58+00:00 NOTICE debug :: Order ID 24566 was failed and is now pending :: Array
(
    [new_order] => 
    [tracking] => 
)
2025-07-15T15:56:58+00:00 NOTICE debug :: Order ID 24566 was pending and is now failed :: Array
(
    [new_order] => 
    [tracking] => 
)
2025-07-15T15:58:56+00:00 NOTICE api.add_product.error :: Resource Not FoundThe requested resource could not be found. :: Array
(
    [submission] => Array
        (
            [id] => deleted_0
            [title] => Membership
            [variants] => Array
                (
                    [0] => Array
                        (
                            [id] => deleted_0
                            [title] => Membership
                            [inventory_quantity] => 0
                            [backorders] => false
                            [visibility] => hidden
                        )

                )

        )

)
2025-07-15T15:58:56+00:00 NOTICE api.add_product.error :: Resource Not FoundThe requested resource could not be found. :: Array
(
    [submission] => Array
        (
            [id] => deleted_0
            [title] => Membership
            [variants] => Array
                (
                    [0] => Array
                        (
                            [id] => deleted_0
                            [title] => Membership
                            [inventory_quantity] => 0
                            [backorders] => false
                            [visibility] => hidden
                        )

                )

        )

)
2025-07-15T15:58:56+00:00 NOTICE order.items.error :: Order #24566 :: Product 0 does not exist!
2025-07-15T15:58:56+00:00 NOTICE order_submit :: #24566 has a financial status of pending and was skipped.
2025-07-15T16:28:22+00:00 NOTICE action_scheduler.queue_job :: MailChimp_WooCommerce_Cart_Update queued :: obj_id 646ea2060b137ab725de1cb9665697f2 with id 107191
2025-07-15T16:28:29+00:00 ERROR abandoned_cart.error :: email: kristin.ouellette@gmail.com :: attempting product update :: Resource Not FoundThe requested resource could not be found.
2025-07-15T16:28:29+00:00 NOTICE product_submit.error :: upsert :: #23470 :: Error Code 400 :: We were unable to determine the store ID. on 2791 in /www/wp-content/plugins/mailchimp-for-woocommerce/includes/api/class-mailchimp-api.php
2025-07-15T16:28:29+00:00 ERROR abandoned_cart.error :: Error Code 400 :: We were unable to determine the store ID. on 2791 in /www/wp-content/plugins/mailchimp-for-woocommerce/includes/api/class-mailchimp-api.php
2025-07-15T16:28:41+00:00 NOTICE action_scheduler.queue_job :: MailChimp_WooCommerce_Single_Order starts in 90 seconds :: obj_id 24574 with id 107192
2025-07-15T16:28:41+00:00 NOTICE handleOrderUpdate :: order_status
2025-07-15T16:28:41+00:00 NOTICE handleOrderUpdate :: order_status
2025-07-15T16:28:41+00:00 NOTICE handleOrderUpdate :: order_status
2025-07-15T16:28:42+00:00 NOTICE debug :: Order ID 24574 was pending and is now processing :: Array
(
    [new_order] => 1
    [tracking] => Array
        (
            [landing_site] => https://tryingtoadultrva.com/checkout/order-received/23727/?key=wc_order_ggdFi5zCCtLTx
        )

)
2025-07-15T16:30:47+00:00 ERROR order_submit.error :: addStoreOrder :: #24574 :: Error Code 404 :: Resource Not FoundThe requested resource could not be found. on 2745 in /www/wp-content/plugins/mailchimp-for-woocommerce/includes/api/class-mailchimp-api.php
2025-07-15T16:34:02+00:00 NOTICE action_scheduler.queue_job :: MailChimp_WooCommerce_Cart_Update queued :: obj_id 646ea2060b137ab725de1cb9665697f2 with id 107196
2025-07-15T16:34:03+00:00 NOTICE handleOrderUpdate :: order_status
2025-07-15T16:34:03+00:00 NOTICE action_scheduler.queue_job :: MailChimp_WooCommerce_Single_Order starts in 90 seconds :: obj_id 24270 with id 107198
2025-07-15T16:34:03+00:00 NOTICE handleOrderUpdate :: order_status
2025-07-15T16:34:03+00:00 NOTICE handleOrderUpdate :: order_status
2025-07-15T16:34:03+00:00 NOTICE handleOrderUpdate :: order_status
2025-07-15T16:34:06+00:00 NOTICE handleOrderUpdate :: order_status
2025-07-15T16:34:06+00:00 NOTICE handleOrderUpdate :: order_status
2025-07-15T16:34:06+00:00 NOTICE debug :: Order ID 24270 was pending and is now failed :: Array
(
    [new_order] => 
    [tracking] => 
)
2025-07-15T16:34:07+00:00 ERROR abandoned_cart.error :: email: kristin.ouellette@gmail.com :: attempting product update :: Resource Not FoundThe requested resource could not be found.
2025-07-15T16:34:08+00:00 NOTICE product_submit.error :: upsert :: #23486 :: Error Code 400 :: We were unable to determine the store ID. on 2791 in /www/wp-content/plugins/mailchimp-for-woocommerce/includes/api/class-mailchimp-api.php
2025-07-15T16:34:08+00:00 ERROR abandoned_cart.error :: Error Code 400 :: We were unable to determine the store ID. on 2791 in /www/wp-content/plugins/mailchimp-for-woocommerce/includes/api/class-mailchimp-api.php
2025-07-15T16:34:12+00:00 NOTICE action_scheduler.queue_job :: MailChimp_WooCommerce_Single_Order starts in 90 seconds :: obj_id 24577 with id 107200
2025-07-15T16:34:13+00:00 NOTICE handleOrderUpdate :: order_status
2025-07-15T16:34:13+00:00 NOTICE handleOrderUpdate :: order_status
2025-07-15T16:34:13+00:00 NOTICE handleOrderUpdate :: order_status
2025-07-15T16:34:13+00:00 NOTICE action_scheduler.queue_job :: MailChimp_WooCommerce_Single_Product starts in 5 seconds :: obj_id 23486 with id 107202
2025-07-15T16:34:14+00:00 NOTICE debug :: Order ID 24577 was pending and is now processing :: Array
(
    [new_order] => 1
    [tracking] => Array
        (
            [landing_site] => https://tryingtoadultrva.com/checkout/order-received/24574/?key=wc_order_hF8f7d7v5zKYw
        )

)
2025-07-15T16:34:38+00:00 NOTICE product_submit.error :: upsert :: #23486 :: Error Code 400 :: We were unable to determine the store ID. on 2791 in /www/wp-content/plugins/mailchimp-for-woocommerce/includes/api/class-mailchimp-api.php
2025-07-15T16:39:51+00:00 ERROR order_submit.error :: addStoreOrder :: #24577 :: Error Code 404 :: Resource Not FoundThe requested resource could not be found. on 2745 in /www/wp-content/plugins/mailchimp-for-woocommerce/includes/api/class-mailchimp-api.php
2025-07-15T16:50:03+00:00 NOTICE handleOrderUpdate :: order_status
2025-07-15T16:50:03+00:00 NOTICE action_scheduler.queue_job :: MailChimp_WooCommerce_Single_Order starts in 90 seconds :: obj_id 24516 with id 107207
2025-07-15T16:50:03+00:00 NOTICE handleOrderUpdate :: order_status
2025-07-15T16:50:03+00:00 NOTICE handleOrderUpdate :: order_status
2025-07-15T16:50:03+00:00 NOTICE handleOrderUpdate :: order_status
2025-07-15T16:50:06+00:00 NOTICE handleOrderUpdate :: order_status
2025-07-15T16:50:06+00:00 NOTICE handleOrderUpdate :: order_status
2025-07-15T16:50:06+00:00 NOTICE handleOrderUpdate :: order_status
2025-07-15T16:50:06+00:00 NOTICE debug :: Order ID 24516 was failed and is now pending :: Array
(
    [new_order] => 
    [tracking] => 
)
2025-07-15T16:50:07+00:00 NOTICE debug :: Order ID 24516 was pending and is now failed :: Array
(
    [new_order] => 
    [tracking] => 
)
2025-07-15T16:53:23+00:00 NOTICE order_submit :: #24516 has a financial status of pending and was skipped.
2025-07-15T18:14:05+00:00 NOTICE handleOrderUpdate :: order_status
2025-07-15T18:14:05+00:00 NOTICE action_scheduler.queue_job :: MailChimp_WooCommerce_Single_Order starts in 90 seconds :: obj_id 24551 with id 107212
2025-07-15T18:14:05+00:00 NOTICE handleOrderUpdate :: order_status
2025-07-15T18:14:05+00:00 NOTICE handleOrderUpdate :: order_status
2025-07-15T18:14:05+00:00 NOTICE handleOrderUpdate :: order_status
2025-07-15T18:14:07+00:00 NOTICE handleOrderUpdate :: order_status
2025-07-15T18:14:07+00:00 NOTICE handleOrderUpdate :: order_status
2025-07-15T18:14:07+00:00 NOTICE handleOrderUpdate :: order_status
2025-07-15T18:14:07+00:00 NOTICE debug :: Order ID 24551 was failed and is now pending :: Array
(
    [new_order] => 
    [tracking] => 
)
2025-07-15T18:14:07+00:00 NOTICE debug :: Order ID 24551 was pending and is now failed :: Array
(
    [new_order] => 
    [tracking] => 
)
2025-07-15T18:15:44+00:00 NOTICE api.add_product.error :: Resource Not FoundThe requested resource could not be found. :: Array
(
    [submission] => Array
        (
            [id] => deleted_0
            [title] => Membership
            [variants] => Array
                (
                    [0] => Array
                        (
                            [id] => deleted_0
                            [title] => Membership
                            [inventory_quantity] => 0
                            [backorders] => false
                            [visibility] => hidden
                        )

                )

        )

)
2025-07-15T18:15:45+00:00 NOTICE api.add_product.error :: Resource Not FoundThe requested resource could not be found. :: Array
(
    [submission] => Array
        (
            [id] => deleted_0
            [title] => Membership
            [variants] => Array
                (
                    [0] => Array
                        (
                            [id] => deleted_0
                            [title] => Membership
                            [inventory_quantity] => 0
                            [backorders] => false
                            [visibility] => hidden
                        )

                )

        )

)
2025-07-15T18:15:45+00:00 NOTICE order.items.error :: Order #24551 :: Product 0 does not exist!
2025-07-15T18:15:45+00:00 NOTICE order_submit :: #24551 has a financial status of pending and was skipped.
2025-07-15T18:21:03+00:00 NOTICE handleOrderUpdate :: order_status
2025-07-15T18:21:03+00:00 NOTICE action_scheduler.queue_job :: MailChimp_WooCommerce_Single_Order starts in 90 seconds :: obj_id 24274 with id 107216
2025-07-15T18:21:03+00:00 NOTICE handleOrderUpdate :: order_status
2025-07-15T18:21:03+00:00 NOTICE handleOrderUpdate :: order_status
2025-07-15T18:21:04+00:00 NOTICE handleOrderUpdate :: order_status
2025-07-15T18:21:06+00:00 NOTICE handleOrderUpdate :: order_status
2025-07-15T18:21:06+00:00 NOTICE handleOrderUpdate :: order_status
2025-07-15T18:21:07+00:00 NOTICE debug :: Order ID 24274 was pending and is now failed :: Array
(
    [new_order] => 
    [tracking] => 
)
2025-07-15T18:23:36+00:00 NOTICE handleOrderUpdate :: order_status
2025-07-15T18:23:36+00:00 NOTICE action_scheduler.queue_job :: MailChimp_WooCommerce_Single_Order starts in 90 seconds :: obj_id 24522 with id 107219
2025-07-15T18:23:36+00:00 NOTICE handleOrderUpdate :: order_status
2025-07-15T18:23:36+00:00 NOTICE handleOrderUpdate :: order_status
2025-07-15T18:23:37+00:00 NOTICE handleOrderUpdate :: order_status
2025-07-15T18:23:38+00:00 NOTICE handleOrderUpdate :: order_status
2025-07-15T18:23:39+00:00 NOTICE handleOrderUpdate :: order_status
2025-07-15T18:23:39+00:00 NOTICE handleOrderUpdate :: order_status
2025-07-15T18:23:39+00:00 NOTICE debug :: Order ID 24522 was failed and is now pending :: Array
(
    [new_order] => 
    [tracking] => 
)
2025-07-15T18:23:39+00:00 NOTICE debug :: Order ID 24522 was pending and is now failed :: Array
(
    [new_order] => 
    [tracking] => 
)
2025-07-15T18:25:25+00:00 NOTICE api.add_product.error :: Resource Not FoundThe requested resource could not be found. :: Array
(
    [submission] => Array
        (
            [id] => deleted_0
            [title] => Membership
            [variants] => Array
                (
                    [0] => Array
                        (
                            [id] => deleted_0
                            [title] => Membership
                            [inventory_quantity] => 0
                            [backorders] => false
                            [visibility] => hidden
                        )

                )

        )

)
2025-07-15T18:25:26+00:00 NOTICE api.add_product.error :: Resource Not FoundThe requested resource could not be found. :: Array
(
    [submission] => Array
        (
            [id] => deleted_0
            [title] => Membership
            [variants] => Array
                (
                    [0] => Array
                        (
                            [id] => deleted_0
                            [title] => Membership
                            [inventory_quantity] => 0
                            [backorders] => false
                            [visibility] => hidden
                        )

                )

        )

)
2025-07-15T18:25:26+00:00 NOTICE order.items.error :: Order #24522 :: Product 0 does not exist!
2025-07-15T18:25:26+00:00 NOTICE order_submit :: #24522 has a financial status of pending and was skipped.
2025-07-15T19:21:00+00:00 NOTICE handleOrderUpdate :: order_status
2025-07-15T19:21:00+00:00 NOTICE action_scheduler.queue_job :: MailChimp_WooCommerce_Single_Order starts in 90 seconds :: obj_id 19015 with id 107222
2025-07-15T19:21:01+00:00 NOTICE action_scheduler.queue_job :: MailChimp_WooCommerce_Single_Order starts in 90 seconds :: obj_id 24580 with id 107223
2025-07-15T19:21:01+00:00 NOTICE handleOrderUpdate :: order_status
2025-07-15T19:21:02+00:00 NOTICE handleOrderUpdate :: order_status
2025-07-15T19:21:02+00:00 NOTICE handleOrderUpdate :: order_status
2025-07-15T19:21:02+00:00 NOTICE handleOrderUpdate :: order_status
2025-07-15T19:21:02+00:00 NOTICE handleOrderUpdate :: order_status
2025-07-15T19:21:02+00:00 NOTICE handleOrderUpdate :: order_status
2025-07-15T19:21:04+00:00 NOTICE handleOrderUpdate :: order_status
2025-07-15T19:21:05+00:00 NOTICE handleOrderUpdate :: order_status
2025-07-15T19:21:05+00:00 NOTICE handleOrderUpdate :: order_status
2025-07-15T19:21:06+00:00 NOTICE handleOrderUpdate :: order_status
2025-07-15T19:21:06+00:00 NOTICE handleOrderUpdate :: order_status
2025-07-15T19:21:06+00:00 NOTICE debug :: Order ID 24580 was pending and is now processing :: Array
(
    [new_order] => 1
    [tracking] => Array
        (
            [landing_site] => https://tryingtoadultrva.com/checkout/
        )

)
2025-07-15T19:22:41+00:00 NOTICE filter :: Order 19015 was skipped by the filter
2025-07-15T19:22:43+00:00 ERROR order_submit.error :: addStoreOrder :: #24580 :: Error Code 404 :: Resource Not FoundThe requested resource could not be found. on 2745 in /www/wp-content/plugins/mailchimp-for-woocommerce/includes/api/class-mailchimp-api.php
2025-07-15T19:31:55+00:00 NOTICE handleOrderUpdate :: order_status
2025-07-15T19:31:55+00:00 NOTICE action_scheduler.queue_job :: MailChimp_WooCommerce_Single_Order starts in 90 seconds :: obj_id 17302 with id 107232
2025-07-15T19:31:56+00:00 NOTICE action_scheduler.queue_job :: MailChimp_WooCommerce_Single_Order starts in 90 seconds :: obj_id 24581 with id 107233
2025-07-15T19:31:56+00:00 NOTICE handleOrderUpdate :: order_status
2025-07-15T19:31:56+00:00 NOTICE handleOrderUpdate :: order_status
2025-07-15T19:31:56+00:00 NOTICE handleOrderUpdate :: order_status
2025-07-15T19:31:56+00:00 NOTICE handleOrderUpdate :: order_status
2025-07-15T19:31:56+00:00 NOTICE handleOrderUpdate :: order_status
2025-07-15T19:31:56+00:00 NOTICE handleOrderUpdate :: order_status
2025-07-15T19:31:59+00:00 NOTICE handleOrderUpdate :: order_status
2025-07-15T19:31:59+00:00 NOTICE handleOrderUpdate :: order_status
2025-07-15T19:31:59+00:00 NOTICE handleOrderUpdate :: order_status
2025-07-15T19:31:59+00:00 NOTICE debug :: Order ID 24581 was failed and is now pending :: Array
(
    [new_order] => 
    [tracking] => 
)
2025-07-15T19:32:00+00:00 NOTICE debug :: Order ID 24581 was pending and is now failed :: Array
(
    [new_order] => 
    [tracking] => 
)
2025-07-15T19:34:25+00:00 NOTICE filter :: Order 17302 was skipped by the filter
2025-07-15T19:34:26+00:00 NOTICE order_submit :: #24581 has a financial status of pending and was skipped.
2025-07-15T19:41:04+00:00 NOTICE handleOrderUpdate :: order_status
2025-07-15T19:41:04+00:00 NOTICE action_scheduler.queue_job :: MailChimp_WooCommerce_Single_Order starts in 90 seconds :: obj_id 24555 with id 107241
2025-07-15T19:41:04+00:00 NOTICE handleOrderUpdate :: order_status
2025-07-15T19:41:04+00:00 NOTICE handleOrderUpdate :: order_status
2025-07-15T19:41:04+00:00 NOTICE handleOrderUpdate :: order_status
2025-07-15T19:41:07+00:00 NOTICE handleOrderUpdate :: order_status
2025-07-15T19:41:07+00:00 NOTICE handleOrderUpdate :: order_status
2025-07-15T19:41:07+00:00 NOTICE handleOrderUpdate :: order_status
2025-07-15T19:41:07+00:00 NOTICE debug :: Order ID 24555 was failed and is now pending :: Array
(
    [new_order] => 
    [tracking] => 
)
2025-07-15T19:41:08+00:00 NOTICE debug :: Order ID 24555 was pending and is now failed :: Array
(
    [new_order] => 
    [tracking] => 
)
2025-07-15T19:44:19+00:00 NOTICE order_submit :: #24555 has a financial status of pending and was skipped.
2025-07-15T20:04:00+00:00 NOTICE handleOrderUpdate :: order_status
2025-07-15T20:04:00+00:00 NOTICE action_scheduler.queue_job :: MailChimp_WooCommerce_Single_Order starts in 90 seconds :: obj_id 24428 with id 107245
2025-07-15T20:04:00+00:00 NOTICE handleOrderUpdate :: order_status
2025-07-15T20:04:00+00:00 NOTICE handleOrderUpdate :: order_status
2025-07-15T20:04:00+00:00 NOTICE handleOrderUpdate :: order_status
2025-07-15T20:04:03+00:00 NOTICE handleOrderUpdate :: order_status
2025-07-15T20:04:03+00:00 NOTICE handleOrderUpdate :: order_status
2025-07-15T20:04:03+00:00 NOTICE handleOrderUpdate :: order_status
2025-07-15T20:04:03+00:00 NOTICE debug :: Order ID 24428 was failed and is now pending :: Array
(
    [new_order] => 
    [tracking] => 
)
2025-07-15T20:04:03+00:00 NOTICE debug :: Order ID 24428 was pending and is now failed :: Array
(
    [new_order] => 
    [tracking] => 
)
2025-07-15T20:05:38+00:00 NOTICE api.add_product.error :: Resource Not FoundThe requested resource could not be found. :: Array
(
    [submission] => Array
        (
            [id] => deleted_0
            [title] => Membership
            [variants] => Array
                (
                    [0] => Array
                        (
                            [id] => deleted_0
                            [title] => Membership
                            [inventory_quantity] => 0
                            [backorders] => false
                            [visibility] => hidden
                        )

                )

        )

)
2025-07-15T20:05:39+00:00 NOTICE api.add_product.error :: Resource Not FoundThe requested resource could not be found. :: Array
(
    [submission] => Array
        (
            [id] => deleted_0
            [title] => Membership
            [variants] => Array
                (
                    [0] => Array
                        (
                            [id] => deleted_0
                            [title] => Membership
                            [inventory_quantity] => 0
                            [backorders] => false
                            [visibility] => hidden
                        )

                )

        )

)
2025-07-15T20:05:39+00:00 NOTICE order.items.error :: Order #24428 :: Product 0 does not exist!
2025-07-15T20:05:39+00:00 NOTICE order_submit :: #24428 has a financial status of pending and was skipped.
2025-07-15T20:31:09+00:00 NOTICE handleOrderUpdate :: order_status
2025-07-15T20:31:09+00:00 NOTICE action_scheduler.queue_job :: MailChimp_WooCommerce_Single_Order starts in 90 seconds :: obj_id 17310 with id 107248
2025-07-15T20:31:10+00:00 NOTICE action_scheduler.queue_job :: MailChimp_WooCommerce_Single_Order starts in 90 seconds :: obj_id 24582 with id 107249
2025-07-15T20:31:11+00:00 NOTICE handleOrderUpdate :: order_status
2025-07-15T20:31:11+00:00 NOTICE handleOrderUpdate :: order_status
2025-07-15T20:31:11+00:00 NOTICE handleOrderUpdate :: order_status
2025-07-15T20:31:11+00:00 NOTICE handleOrderUpdate :: order_status
2025-07-15T20:31:11+00:00 NOTICE handleOrderUpdate :: order_status
2025-07-15T20:31:11+00:00 NOTICE handleOrderUpdate :: order_status
2025-07-15T20:31:14+00:00 NOTICE handleOrderUpdate :: order_status
2025-07-15T20:31:14+00:00 NOTICE handleOrderUpdate :: order_status
2025-07-15T20:31:15+00:00 NOTICE handleOrderUpdate :: order_status
2025-07-15T20:31:15+00:00 NOTICE handleOrderUpdate :: order_status
2025-07-15T20:31:15+00:00 NOTICE debug :: Order ID 24582 was pending and is now processing :: Array
(
    [new_order] => 1
    [tracking] => Array
        (
            [landing_site] => https://tryingtoadultrva.com/events/list/
        )

)
2025-07-15T20:33:13+00:00 NOTICE filter :: Order 17310 was skipped by the filter
2025-07-15T20:33:14+00:00 ERROR order_submit.error :: addStoreOrder :: #24582 :: Error Code 404 :: Resource Not FoundThe requested resource could not be found. on 2745 in /www/wp-content/plugins/mailchimp-for-woocommerce/includes/api/class-mailchimp-api.php
2025-07-15T20:58:48+00:00 NOTICE handleOrderUpdate :: order_status
2025-07-15T20:58:48+00:00 NOTICE action_scheduler.queue_job :: MailChimp_WooCommerce_Single_Order starts in 90 seconds :: obj_id 17321 with id 107258
2025-07-15T20:58:49+00:00 NOTICE action_scheduler.queue_job :: MailChimp_WooCommerce_Single_Order starts in 90 seconds :: obj_id 24583 with id 107259
2025-07-15T20:58:49+00:00 NOTICE handleOrderUpdate :: order_status
2025-07-15T20:58:49+00:00 NOTICE handleOrderUpdate :: order_status
2025-07-15T20:58:49+00:00 NOTICE handleOrderUpdate :: order_status
2025-07-15T20:58:49+00:00 NOTICE handleOrderUpdate :: order_status
2025-07-15T20:58:49+00:00 NOTICE handleOrderUpdate :: order_status
2025-07-15T20:58:49+00:00 NOTICE handleOrderUpdate :: order_status
2025-07-15T20:58:52+00:00 NOTICE handleOrderUpdate :: order_status
2025-07-15T20:58:52+00:00 NOTICE handleOrderUpdate :: order_status
2025-07-15T20:58:52+00:00 NOTICE handleOrderUpdate :: order_status
2025-07-15T20:58:53+00:00 NOTICE debug :: Order ID 24583 was failed and is now pending :: Array
(
    [new_order] => 
    [tracking] => 
)
2025-07-15T20:58:53+00:00 NOTICE debug :: Order ID 24583 was pending and is now failed :: Array
(
    [new_order] => 
    [tracking] => 
)
2025-07-15T21:00:49+00:00 NOTICE filter :: Order 17321 was skipped by the filter
2025-07-15T21:00:50+00:00 NOTICE order_submit :: #24583 has a financial status of pending and was skipped.
2025-07-15T21:06:53+00:00 NOTICE handleOrderUpdate :: order_status
2025-07-15T21:06:53+00:00 NOTICE action_scheduler.queue_job :: MailChimp_WooCommerce_Single_Order starts in 90 seconds :: obj_id 17326 with id 107266
2025-07-15T21:06:55+00:00 NOTICE action_scheduler.queue_job :: MailChimp_WooCommerce_Single_Order starts in 90 seconds :: obj_id 24584 with id 107267
2025-07-15T21:06:55+00:00 NOTICE handleOrderUpdate :: order_status
2025-07-15T21:06:55+00:00 NOTICE handleOrderUpdate :: order_status
2025-07-15T21:06:55+00:00 NOTICE handleOrderUpdate :: order_status
2025-07-15T21:06:55+00:00 NOTICE handleOrderUpdate :: order_status
2025-07-15T21:06:55+00:00 NOTICE handleOrderUpdate :: order_status
2025-07-15T21:06:55+00:00 NOTICE handleOrderUpdate :: order_status
2025-07-15T21:06:58+00:00 NOTICE handleOrderUpdate :: order_status
2025-07-15T21:06:58+00:00 NOTICE handleOrderUpdate :: order_status
2025-07-15T21:06:59+00:00 NOTICE handleOrderUpdate :: order_status
2025-07-15T21:06:59+00:00 NOTICE handleOrderUpdate :: order_status
2025-07-15T21:06:59+00:00 NOTICE handleOrderUpdate :: order_status
2025-07-15T21:06:59+00:00 NOTICE debug :: Order ID 24584 was pending and is now processing :: Array
(
    [new_order] => 1
    [tracking] => Array
        (
            [landing_site] => https://tryingtoadultrva.com/checkout/
        )

)
2025-07-15T21:09:55+00:00 NOTICE filter :: Order 17326 was skipped by the filter
2025-07-15T21:09:56+00:00 ERROR order_submit.error :: addStoreOrder :: #24584 :: Error Code 404 :: Resource Not FoundThe requested resource could not be found. on 2745 in /www/wp-content/plugins/mailchimp-for-woocommerce/includes/api/class-mailchimp-api.php
2025-07-15T21:14:05+00:00 NOTICE action_scheduler.queue_job :: MailChimp_WooCommerce_Cart_Update queued :: obj_id 433df4a9ceac0a61ec6ac56533384f00 with id 107276
2025-07-15T21:14:12+00:00 ERROR abandoned_cart.error :: email: dspicer99@yahoo.com :: attempting product update :: Resource Not FoundThe requested resource could not be found.
2025-07-15T21:14:13+00:00 NOTICE product_submit.error :: upsert :: #24176 :: Error Code 400 :: We were unable to determine the store ID. on 2791 in /www/wp-content/plugins/mailchimp-for-woocommerce/includes/api/class-mailchimp-api.php
2025-07-15T21:14:13+00:00 ERROR abandoned_cart.error :: Error Code 400 :: We were unable to determine the store ID. on 2791 in /www/wp-content/plugins/mailchimp-for-woocommerce/includes/api/class-mailchimp-api.php
2025-07-15T21:14:21+00:00 NOTICE action_scheduler.queue_job :: MailChimp_WooCommerce_Single_Order starts in 90 seconds :: obj_id 24585 with id 107277
2025-07-15T21:14:21+00:00 NOTICE handleOrderUpdate :: order_status
2025-07-15T21:14:21+00:00 NOTICE handleOrderUpdate :: order_status
2025-07-15T21:14:22+00:00 NOTICE handleOrderUpdate :: order_status
2025-07-15T21:14:22+00:00 NOTICE debug :: Order ID 24585 was pending and is now processing :: Array
(
    [new_order] => 1
    [tracking] => Array
        (
            [landing_site] => https://tryingtoadultrva.com/checkout/order-received/24369/?key=wc_order_gqRiUjRSAMem8
        )

)
2025-07-15T21:17:00+00:00 ERROR order_submit.error :: addStoreOrder :: #24585 :: Error Code 404 :: Resource Not FoundThe requested resource could not be found. on 2745 in /www/wp-content/plugins/mailchimp-for-woocommerce/includes/api/class-mailchimp-api.php
2025-07-15T21:34:05+00:00 NOTICE action_scheduler.queue_job :: MailChimp_WooCommerce_Cart_Update queued :: obj_id 7f0c2c950237ace0e2f876cfc00ab99d with id 107281
2025-07-15T21:34:18+00:00 NOTICE action_scheduler.queue_job :: MailChimp_WooCommerce_Single_Order starts in 90 seconds :: obj_id 24587 with id 107282
2025-07-15T21:34:18+00:00 NOTICE handleOrderUpdate :: order_status
2025-07-15T21:34:18+00:00 NOTICE handleOrderUpdate :: order_status
2025-07-15T21:34:19+00:00 NOTICE handleOrderUpdate :: order_status
2025-07-15T21:34:19+00:00 NOTICE debug :: Order ID 24587 was pending and is now processing :: Array
(
    [new_order] => 1
    [tracking] => Array
        (
            [landing_site] => https://tryingtoadultrva.com/events/list/
        )

)
2025-07-15T21:35:39+00:00 ERROR abandoned_cart.error :: email: hblane1703@gmail.com :: attempting product update :: Resource Not FoundThe requested resource could not be found.
2025-07-15T21:35:40+00:00 NOTICE product_submit.error :: upsert :: #23880 :: Error Code 400 :: We were unable to determine the store ID. on 2791 in /www/wp-content/plugins/mailchimp-for-woocommerce/includes/api/class-mailchimp-api.php
2025-07-15T21:35:40+00:00 ERROR abandoned_cart.error :: Error Code 400 :: We were unable to determine the store ID. on 2791 in /www/wp-content/plugins/mailchimp-for-woocommerce/includes/api/class-mailchimp-api.php
2025-07-15T21:36:56+00:00 ERROR order_submit.error :: addStoreOrder :: #24587 :: Error Code 404 :: Resource Not FoundThe requested resource could not be found. on 2745 in /www/wp-content/plugins/mailchimp-for-woocommerce/includes/api/class-mailchimp-api.php
2025-07-15T22:31:05+00:00 NOTICE handleOrderUpdate :: order_status
2025-07-15T22:31:05+00:00 NOTICE action_scheduler.queue_job :: MailChimp_WooCommerce_Single_Order starts in 90 seconds :: obj_id 15903 with id 107286
2025-07-15T22:31:06+00:00 NOTICE action_scheduler.queue_job :: MailChimp_WooCommerce_Single_Order starts in 90 seconds :: obj_id 24589 with id 107287
2025-07-15T22:31:06+00:00 NOTICE handleOrderUpdate :: order_status
2025-07-15T22:31:06+00:00 NOTICE handleOrderUpdate :: order_status
2025-07-15T22:31:06+00:00 NOTICE handleOrderUpdate :: order_status
2025-07-15T22:31:06+00:00 NOTICE handleOrderUpdate :: order_status
2025-07-15T22:31:06+00:00 NOTICE handleOrderUpdate :: order_status
2025-07-15T22:31:07+00:00 NOTICE handleOrderUpdate :: order_status
2025-07-15T22:31:09+00:00 NOTICE handleOrderUpdate :: order_status
2025-07-15T22:31:09+00:00 NOTICE handleOrderUpdate :: order_status
2025-07-15T22:31:09+00:00 NOTICE handleOrderUpdate :: order_status
2025-07-15T22:31:09+00:00 NOTICE debug :: Order ID 24589 was failed and is now pending :: Array
(
    [new_order] => 
    [tracking] => 
)
2025-07-15T22:31:09+00:00 NOTICE debug :: Order ID 24589 was pending and is now failed :: Array
(
    [new_order] => 
    [tracking] => 
)
2025-07-15T22:34:31+00:00 NOTICE filter :: Order 15903 was skipped by the filter
2025-07-15T22:34:32+00:00 NOTICE api.add_product.error :: Resource Not FoundThe requested resource could not be found. :: Array
(
    [submission] => Array
        (
            [id] => deleted_0
            [title] => Membership
            [variants] => Array
                (
                    [0] => Array
                        (
                            [id] => deleted_0
                            [title] => Membership
                            [inventory_quantity] => 0
                            [backorders] => false
                            [visibility] => hidden
                        )

                )

        )

)
2025-07-15T22:34:33+00:00 NOTICE api.add_product.error :: Resource Not FoundThe requested resource could not be found. :: Array
(
    [submission] => Array
        (
            [id] => deleted_0
            [title] => Membership
            [variants] => Array
                (
                    [0] => Array
                        (
                            [id] => deleted_0
                            [title] => Membership
                            [inventory_quantity] => 0
                            [backorders] => false
                            [visibility] => hidden
                        )

                )

        )

)
2025-07-15T22:34:33+00:00 NOTICE order.items.error :: Order #24589 :: Product 0 does not exist!
2025-07-15T22:34:33+00:00 NOTICE order_submit :: #24589 has a financial status of pending and was skipped.
2025-07-15T22:37:07+00:00 NOTICE handleOrderUpdate :: order_status
2025-07-15T22:37:07+00:00 NOTICE action_scheduler.queue_job :: MailChimp_WooCommerce_Single_Order starts in 90 seconds :: obj_id 24288 with id 107295
2025-07-15T22:37:07+00:00 NOTICE handleOrderUpdate :: order_status
2025-07-15T22:37:07+00:00 NOTICE handleOrderUpdate :: order_status
2025-07-15T22:37:07+00:00 NOTICE handleOrderUpdate :: order_status
2025-07-15T22:37:10+00:00 NOTICE handleOrderUpdate :: order_status
2025-07-15T22:37:11+00:00 NOTICE handleOrderUpdate :: order_status
2025-07-15T22:37:11+00:00 NOTICE debug :: Order ID 24288 was pending and is now failed :: Array
(
    [new_order] => 
    [tracking] => 
)
2025-07-15T22:43:46+00:00 NOTICE handleOrderUpdate :: order_status
2025-07-15T22:43:46+00:00 NOTICE action_scheduler.queue_job :: MailChimp_WooCommerce_Single_Order starts in 90 seconds :: obj_id 24432 with id 107298
2025-07-15T22:43:46+00:00 NOTICE handleOrderUpdate :: order_status
2025-07-15T22:43:46+00:00 NOTICE handleOrderUpdate :: order_status
2025-07-15T22:43:46+00:00 NOTICE handleOrderUpdate :: order_status
2025-07-15T22:43:49+00:00 NOTICE handleOrderUpdate :: order_status
2025-07-15T22:43:49+00:00 NOTICE handleOrderUpdate :: order_status
2025-07-15T22:43:49+00:00 NOTICE handleOrderUpdate :: order_status
2025-07-15T22:43:49+00:00 NOTICE debug :: Order ID 24432 was failed and is now pending :: Array
(
    [new_order] => 
    [tracking] => 
)
2025-07-15T22:43:49+00:00 NOTICE debug :: Order ID 24432 was pending and is now failed :: Array
(
    [new_order] => 
    [tracking] => 
)
2025-07-15T22:45:42+00:00 NOTICE handleOrderUpdate :: order_status
2025-07-15T22:45:42+00:00 NOTICE action_scheduler.queue_job :: MailChimp_WooCommerce_Single_Order starts in 90 seconds :: obj_id 24433 with id 107302
2025-07-15T22:45:42+00:00 NOTICE handleOrderUpdate :: order_status
2025-07-15T22:45:42+00:00 NOTICE handleOrderUpdate :: order_status
2025-07-15T22:45:42+00:00 NOTICE handleOrderUpdate :: order_status
2025-07-15T22:45:44+00:00 NOTICE handleOrderUpdate :: order_status
2025-07-15T22:45:45+00:00 NOTICE handleOrderUpdate :: order_status
2025-07-15T22:45:45+00:00 NOTICE handleOrderUpdate :: order_status
2025-07-15T22:45:45+00:00 NOTICE debug :: Order ID 24433 was failed and is now pending :: Array
(
    [new_order] => 
    [tracking] => 
)
2025-07-15T22:45:45+00:00 NOTICE debug :: Order ID 24433 was pending and is now failed :: Array
(
    [new_order] => 
    [tracking] => 
)
2025-07-15T22:45:47+00:00 NOTICE api.add_product.error :: Resource Not FoundThe requested resource could not be found. :: Array
(
    [submission] => Array
        (
            [id] => deleted_0
            [title] => Membership
            [variants] => Array
                (
                    [0] => Array
                        (
                            [id] => deleted_0
                            [title] => Membership
                            [inventory_quantity] => 0
                            [backorders] => false
                            [visibility] => hidden
                        )

                )

        )

)
2025-07-15T22:45:48+00:00 NOTICE api.add_product.error :: Resource Not FoundThe requested resource could not be found. :: Array
(
    [submission] => Array
        (
            [id] => deleted_0
            [title] => Membership
            [variants] => Array
                (
                    [0] => Array
                        (
                            [id] => deleted_0
                            [title] => Membership
                            [inventory_quantity] => 0
                            [backorders] => false
                            [visibility] => hidden
                        )

                )

        )

)
2025-07-15T22:45:48+00:00 NOTICE order.items.error :: Order #24432 :: Product 0 does not exist!
2025-07-15T22:45:48+00:00 NOTICE order_submit :: #24432 has a financial status of pending and was skipped.
2025-07-15T22:46:35+00:00 NOTICE action_scheduler.queue_job :: MailChimp_WooCommerce_Cart_Update queued :: obj_id 3be728391c501dbf878b8f5cb6e4a2ce with id 107305
2025-07-15T22:46:36+00:00 ERROR abandoned_cart.error :: email: ckrotondo@gmail.com :: attempting product update :: Resource Not FoundThe requested resource could not be found.
2025-07-15T22:46:37+00:00 NOTICE product_submit.error :: upsert :: #378 :: Error Code 400 :: We were unable to determine the store ID. on 2791 in /www/wp-content/plugins/mailchimp-for-woocommerce/includes/api/class-mailchimp-api.php
2025-07-15T22:46:37+00:00 ERROR abandoned_cart.error :: Error Code 400 :: We were unable to determine the store ID. on 2791 in /www/wp-content/plugins/mailchimp-for-woocommerce/includes/api/class-mailchimp-api.php
2025-07-15T22:47:03+00:00 NOTICE action_scheduler.queue_job :: MailChimp_WooCommerce_User_Submit queued :: obj_id 667 with id 107306
2025-07-15T22:47:04+00:00 NOTICE action_scheduler.queue_job :: MailChimp_WooCommerce_Single_Order starts in 90 seconds :: obj_id 24590 with id 107307
2025-07-15T22:47:05+00:00 NOTICE handleOrderUpdate :: order_status
2025-07-15T22:47:05+00:00 NOTICE action_scheduler.queue_job :: MailChimp_WooCommerce_Single_Order starts in 90 seconds :: obj_id 24591 with id 107309
2025-07-15T22:47:05+00:00 NOTICE handleOrderUpdate :: order_status
2025-07-15T22:47:05+00:00 NOTICE handleOrderUpdate :: order_status
2025-07-15T22:47:05+00:00 NOTICE handleOrderUpdate :: order_status
2025-07-15T22:47:05+00:00 NOTICE handleOrderUpdate :: order_status
2025-07-15T22:47:06+00:00 NOTICE handleOrderUpdate :: order_status
2025-07-15T22:47:06+00:00 NOTICE handleOrderUpdate :: order_status
2025-07-15T22:47:06+00:00 NOTICE handleOrderUpdate :: order_status
2025-07-15T22:47:07+00:00 NOTICE handleOrderUpdate :: order_status
2025-07-15T22:47:08+00:00 NOTICE debug :: Order ID 24590 was pending and is now processing :: Array
(
    [new_order] => 1
    [tracking] => Array
        (
            [landing_site] => https://tryingtoadultrva.com/become-a-member/?add-to-cart=7184
        )

)
2025-07-15T22:47:53+00:00 NOTICE action_scheduler.queue_job :: MailChimp_WooCommerce_Cart_Update queued :: obj_id 3be728391c501dbf878b8f5cb6e4a2ce with id 107316
2025-07-15T22:47:54+00:00 ERROR abandoned_cart.error :: email: ckrotondo@gmail.com :: attempting product update :: Resource Not FoundThe requested resource could not be found.
2025-07-15T22:47:55+00:00 NOTICE product_submit.error :: upsert :: #23470 :: Error Code 400 :: We were unable to determine the store ID. on 2791 in /www/wp-content/plugins/mailchimp-for-woocommerce/includes/api/class-mailchimp-api.php
2025-07-15T22:47:55+00:00 ERROR abandoned_cart.error :: Error Code 400 :: We were unable to determine the store ID. on 2791 in /www/wp-content/plugins/mailchimp-for-woocommerce/includes/api/class-mailchimp-api.php
2025-07-15T22:47:56+00:00 NOTICE member.sync :: Updated Member ckrotondo@gmail.com :: Array
(
    [status] => subscribed
    [language] => 
    [merge_fields] => Array
        (
            [FNAME] => Cambria
            [LNAME] => Rotondo
        )

    [gdpr_fields] => 
)
2025-07-15T22:47:58+00:00 NOTICE api.add_product.error :: Resource Not FoundThe requested resource could not be found. :: Array
(
    [submission] => Array
        (
            [id] => deleted_0
            [title] => Premium Membership
            [variants] => Array
                (
                    [0] => Array
                        (
                            [id] => deleted_0
                            [title] => Premium Membership
                            [inventory_quantity] => 0
                            [backorders] => false
                            [visibility] => hidden
                        )

                )

        )

)
2025-07-15T22:47:58+00:00 NOTICE api.add_product.error :: Resource Not FoundThe requested resource could not be found. :: Array
(
    [submission] => Array
        (
            [id] => deleted_0
            [title] => Premium Membership
            [variants] => Array
                (
                    [0] => Array
                        (
                            [id] => deleted_0
                            [title] => Premium Membership
                            [inventory_quantity] => 0
                            [backorders] => false
                            [visibility] => hidden
                        )

                )

        )

)
2025-07-15T22:47:58+00:00 NOTICE order.items.error :: Order #24433 :: Product 0 does not exist!
2025-07-15T22:47:58+00:00 NOTICE order_submit :: #24433 has a financial status of pending and was skipped.
2025-07-15T22:48:00+00:00 NOTICE webhook :: Subscriber Sync :: subscribe :: ckrotondo@gmail.com :: Array
(
    [subscribed] => 1
    [user_id] => 667
)
2025-07-15T22:48:08+00:00 NOTICE action_scheduler.queue_job :: MailChimp_WooCommerce_Single_Order starts in 90 seconds :: obj_id 24593 with id 107317
2025-07-15T22:48:09+00:00 NOTICE handleOrderUpdate :: order_status
2025-07-15T22:48:09+00:00 NOTICE handleOrderUpdate :: order_status
2025-07-15T22:48:09+00:00 NOTICE handleOrderUpdate :: order_status
2025-07-15T22:48:09+00:00 NOTICE action_scheduler.queue_job :: MailChimp_WooCommerce_Single_Product starts in 5 seconds :: obj_id 23470 with id 107319
2025-07-15T22:48:10+00:00 NOTICE debug :: Order ID 24593 was pending and is now processing :: Array
(
    [new_order] => 1
    [tracking] => Array
        (
            [landing_site] => https://tryingtoadultrva.com/checkout/order-received/24590/?key=wc_order_XvFHB2ugQYHcb
        )

)
2025-07-15T22:48:58+00:00 NOTICE product_submit.error :: upsert :: #23470 :: Error Code 400 :: We were unable to determine the store ID. on 2791 in /www/wp-content/plugins/mailchimp-for-woocommerce/includes/api/class-mailchimp-api.php
2025-07-15T22:48:59+00:00 ERROR order_submit.error :: addStoreOrder :: #24590 :: Error Code 404 :: Resource Not FoundThe requested resource could not be found. on 2745 in /www/wp-content/plugins/mailchimp-for-woocommerce/includes/api/class-mailchimp-api.php
2025-07-15T22:48:59+00:00 NOTICE filter :: Order 24591 was skipped by the filter
2025-07-15T22:50:05+00:00 ERROR order_submit.error :: addStoreOrder :: #24593 :: Error Code 404 :: Resource Not FoundThe requested resource could not be found. on 2745 in /www/wp-content/plugins/mailchimp-for-woocommerce/includes/api/class-mailchimp-api.php
2025-07-15T22:52:41+00:00 NOTICE action_scheduler.queue_job :: MailChimp_WooCommerce_Cart_Update queued :: obj_id 3be728391c501dbf878b8f5cb6e4a2ce with id 107323
2025-07-15T22:52:42+00:00 ERROR abandoned_cart.error :: email: ckrotondo@gmail.com :: attempting product update :: Resource Not FoundThe requested resource could not be found.
2025-07-15T22:52:43+00:00 NOTICE product_submit.error :: upsert :: #24176 :: Error Code 400 :: We were unable to determine the store ID. on 2791 in /www/wp-content/plugins/mailchimp-for-woocommerce/includes/api/class-mailchimp-api.php
2025-07-15T22:52:43+00:00 ERROR abandoned_cart.error :: Error Code 400 :: We were unable to determine the store ID. on 2791 in /www/wp-content/plugins/mailchimp-for-woocommerce/includes/api/class-mailchimp-api.php
2025-07-15T22:53:22+00:00 NOTICE action_scheduler.queue_job :: MailChimp_WooCommerce_Single_Order starts in 90 seconds :: obj_id 24595 with id 107324
2025-07-15T22:53:23+00:00 NOTICE handleOrderUpdate :: order_status
2025-07-15T22:53:23+00:00 NOTICE handleOrderUpdate :: order_status
2025-07-15T22:53:23+00:00 NOTICE handleOrderUpdate :: order_status
2025-07-15T22:53:24+00:00 NOTICE debug :: Order ID 24595 was pending and is now processing :: Array
(
    [new_order] => 1
    [tracking] => Array
        (
            [landing_site] => https://tryingtoadultrva.com/checkout/order-received/24593/?key=wc_order_OmPnylCOldZHz
        )

)
2025-07-15T22:55:12+00:00 ERROR order_submit.error :: addStoreOrder :: #24595 :: Error Code 404 :: Resource Not FoundThe requested resource could not be found. on 2745 in /www/wp-content/plugins/mailchimp-for-woocommerce/includes/api/class-mailchimp-api.php
2025-07-15T23:18:09+00:00 NOTICE handleOrderUpdate :: order_status
2025-07-15T23:18:09+00:00 NOTICE action_scheduler.queue_job :: MailChimp_WooCommerce_Single_Order starts in 90 seconds :: obj_id 24558 with id 107329
2025-07-15T23:18:09+00:00 NOTICE handleOrderUpdate :: order_status
2025-07-15T23:18:09+00:00 NOTICE handleOrderUpdate :: order_status
2025-07-15T23:18:09+00:00 NOTICE handleOrderUpdate :: order_status
2025-07-15T23:18:11+00:00 NOTICE handleOrderUpdate :: order_status
2025-07-15T23:18:11+00:00 NOTICE handleOrderUpdate :: order_status
2025-07-15T23:18:11+00:00 NOTICE handleOrderUpdate :: order_status
2025-07-15T23:18:11+00:00 NOTICE debug :: Order ID 24558 was failed and is now pending :: Array
(
    [new_order] => 
    [tracking] => 
)
2025-07-15T23:18:12+00:00 NOTICE debug :: Order ID 24558 was pending and is now failed :: Array
(
    [new_order] => 
    [tracking] => 
)
2025-07-15T23:19:43+00:00 NOTICE api.add_product.error :: Resource Not FoundThe requested resource could not be found. :: Array
(
    [submission] => Array
        (
            [id] => deleted_0
            [title] => Membership
            [variants] => Array
                (
                    [0] => Array
                        (
                            [id] => deleted_0
                            [title] => Membership
                            [inventory_quantity] => 0
                            [backorders] => false
                            [visibility] => hidden
                        )

                )

        )

)
2025-07-15T23:19:44+00:00 NOTICE api.add_product.error :: Resource Not FoundThe requested resource could not be found. :: Array
(
    [submission] => Array
        (
            [id] => deleted_0
            [title] => Membership
            [variants] => Array
                (
                    [0] => Array
                        (
                            [id] => deleted_0
                            [title] => Membership
                            [inventory_quantity] => 0
                            [backorders] => false
                            [visibility] => hidden
                        )

                )

        )

)
2025-07-15T23:19:44+00:00 NOTICE order.items.error :: Order #24558 :: Product 0 does not exist!
2025-07-15T23:19:44+00:00 NOTICE order_submit :: #24558 has a financial status of pending and was skipped.
