2024-05-10T01:31:32+00:00 NOTICE action_scheduler.queue_job :: MailChimp_WooCommerce_Cart_Update queued :: obj_id 1d006929f0b984d6e10b716225ba1f8b
2024-05-10T01:31:34+00:00 NOTICE abandoned_cart.success :: email: anna.garrtt@gmail.com :: checkout_url: https://tryingtoadultrva.com/checkout/?mc_cart_id=1d006929f0b984d6e10b716225ba1f8b
2024-05-10T01:31:35+00:00 NOTICE cart.member.updated :: Updated anna.garrtt@gmail.com subscriber status to subscribed and language to en
2024-05-10T01:32:22+00:00 NOTICE action_scheduler.queue_job :: MailChimp_WooCommerce_Single_Order starts in 90 seconds :: obj_id 9565
2024-05-10T01:32:22+00:00 NOTICE handleOrderUpdate :: order_status
2024-05-10T01:32:23+00:00 NOTICE handleOrderUpdate :: order_status
2024-05-10T01:32:24+00:00 NOTICE debug :: Order ID 9565 was pending and is now processing :: Array
(
    [new_order] => 1
    [tracking] => Array
        (
            [landing_site] => https://tryingtoadultrva.com/checkout/order-received/8357/?key=wc_order_AObFPY4iFfXCE
        )

)
2024-05-10T01:33:59+00:00 NOTICE order.member.updated :: Updated anna.garrtt@gmail.com subscriber status to subscribed and language to en
2024-05-10T01:33:59+00:00 NOTICE order_submit.success :: addStoreOrder :: #9565 :: email: anna.garrtt@gmail.com :: landing site https://tryingtoadultrva.com/checkout/order-received/8357/?key=wc_order_AObFPY4iFfXCE :: abandoned cart deleted [1d006929f0b984d6e10b716225ba1f8b]
2024-05-10T02:16:44+00:00 NOTICE handleOrderUpdate :: order_status
2024-05-10T02:16:44+00:00 NOTICE action_scheduler.queue_job :: MailChimp_WooCommerce_Single_Order starts in 90 seconds :: obj_id 1405
2024-05-10T02:19:01+00:00 NOTICE filter :: Order 1405 was skipped by the filter
2024-05-10T04:46:58+00:00 NOTICE handleOrderUpdate :: order_status
2024-05-10T04:46:59+00:00 NOTICE action_scheduler.queue_job :: MailChimp_WooCommerce_Single_Order starts in 90 seconds :: obj_id 6442
2024-05-10T04:47:00+00:00 NOTICE action_scheduler.queue_job :: MailChimp_WooCommerce_Single_Order starts in 90 seconds :: obj_id 9567
2024-05-10T04:47:00+00:00 NOTICE handleOrderUpdate :: order_status
2024-05-10T04:47:01+00:00 NOTICE handleOrderUpdate :: order_status
2024-05-10T04:47:01+00:00 NOTICE handleOrderUpdate :: order_status
2024-05-10T04:47:03+00:00 NOTICE handleOrderUpdate :: order_status
2024-05-10T04:47:03+00:00 NOTICE handleOrderUpdate :: order_status
2024-05-10T04:47:04+00:00 NOTICE handleOrderUpdate :: order_status
2024-05-10T04:47:04+00:00 NOTICE debug :: Order ID 9567 was pending and is now processing :: Array
(
    [new_order] => 1
    [tracking] => Array
        (
            [landing_site] => https://tryingtoadultrva.com/checkout/order-received/6060/?key=wc_order_135fmxUmwqTLW
        )

)
2024-05-10T04:48:33+00:00 NOTICE filter :: Order 6442 was skipped by the filter
2024-05-10T04:48:36+00:00 NOTICE order.member.updated :: Updated rl.business.contact@gmail.com subscriber status to subscribed and language to en
2024-05-10T04:48:36+00:00 NOTICE order_submit.success :: addStoreOrder :: #9567 :: email: rl.business.contact@gmail.com
2024-05-10T14:19:20+00:00 NOTICE action_scheduler.queue_job :: MailChimp_WooCommerce_Cart_Update queued :: obj_id 4a4d7545590e5d1cd18d183f0b9d8e47
2024-05-10T14:19:22+00:00 NOTICE abandoned_cart.success :: email: barrow.william24@gmail.com :: checkout_url: https://tryingtoadultrva.com/checkout/?mc_cart_id=4a4d7545590e5d1cd18d183f0b9d8e47
2024-05-10T14:19:22+00:00 NOTICE cart.member.updated :: Updated barrow.william24@gmail.com subscriber status to subscribed and language to en
2024-05-10T14:19:28+00:00 NOTICE action_scheduler.queue_job :: MailChimp_WooCommerce_Cart_Update queued :: obj_id 4a4d7545590e5d1cd18d183f0b9d8e47
2024-05-10T14:19:55+00:00 NOTICE action_scheduler.queue_job :: MailChimp_WooCommerce_Single_Order starts in 90 seconds :: obj_id 9568
2024-05-10T14:19:56+00:00 NOTICE handleOrderUpdate :: order_status
2024-05-10T14:19:56+00:00 NOTICE abandoned_cart.success :: email: barrow.william24@gmail.com :: checkout_url: https://tryingtoadultrva.com/checkout/?mc_cart_id=4a4d7545590e5d1cd18d183f0b9d8e47
2024-05-10T14:19:57+00:00 NOTICE handleOrderUpdate :: order_status
2024-05-10T14:19:57+00:00 NOTICE debug :: Order ID 9568 was pending and is now processing :: Array
(
    [new_order] => 1
    [tracking] => Array
        (
            [landing_site] => https://tryingtoadultrva.com/checkout/
        )

)
2024-05-10T14:22:23+00:00 NOTICE webhook :: Subscriber Sync :: subscribe :: barrow.william24@gmail.com :: Array
(
    [subscribed] => 1
    [user_id] => 85
)
2024-05-10T14:22:23+00:00 NOTICE order.member.updated :: Updated barrow.william24@gmail.com subscriber status to subscribed and language to en
2024-05-10T14:22:23+00:00 NOTICE order_submit.success :: addStoreOrder :: #9568 :: email: barrow.william24@gmail.com :: landing site https://tryingtoadultrva.com/checkout/ :: abandoned cart deleted [4a4d7545590e5d1cd18d183f0b9d8e47]
2024-05-10T16:11:12+00:00 NOTICE action_scheduler.queue_job :: MailChimp_WooCommerce_Cart_Update queued :: obj_id 378d940c414191a133b38766255e7c85
2024-05-10T16:11:17+00:00 NOTICE action_scheduler.queue_job :: MailChimp_WooCommerce_Cart_Update queued :: obj_id 6f561d495e48490fe7b268722e4d96a3
2024-05-10T16:12:06+00:00 NOTICE action_scheduler.queue_job :: MailChimp_WooCommerce_Single_Order starts in 90 seconds :: obj_id 9570
2024-05-10T16:12:06+00:00 NOTICE handleOrderUpdate :: order_status
2024-05-10T16:12:08+00:00 NOTICE abandoned_cart.success :: email: lauryn.summer24@yahoo.com :: checkout_url: https://tryingtoadultrva.com/checkout/?mc_cart_id=378d940c414191a133b38766255e7c85
2024-05-10T16:12:08+00:00 NOTICE handleOrderUpdate :: order_status
2024-05-10T16:12:09+00:00 NOTICE cart.member.updated :: Updated lauryn.summer24@yahoo.com subscriber status to transactional and language to en
2024-05-10T16:12:09+00:00 NOTICE debug :: Order ID 9570 was pending and is now processing :: Array
(
    [new_order] => 1
    [tracking] => Array
        (
            [landing_site] => https://tryingtoadultrva.com/checkout/
        )

)
2024-05-10T16:12:09+00:00 NOTICE abandoned_cart.success :: email: laurynshaw2424@yahoo.com :: checkout_url: https://tryingtoadultrva.com/checkout/?mc_cart_id=6f561d495e48490fe7b268722e4d96a3
2024-05-10T16:12:10+00:00 NOTICE cart.member.updated :: Updated laurynshaw2424@yahoo.com subscriber status to subscribed and language to en
2024-05-10T16:14:07+00:00 NOTICE order.member.updated :: Updated laurynshaw2424@yahoo.com subscriber status to subscribed and language to en
2024-05-10T16:14:07+00:00 NOTICE order_submit.success :: addStoreOrder :: #9570 :: email: laurynshaw2424@yahoo.com :: landing site https://tryingtoadultrva.com/checkout/ :: abandoned cart deleted [6f561d495e48490fe7b268722e4d96a3]
2024-05-10T16:57:30+00:00 NOTICE handleOrderUpdate :: order_status
2024-05-10T16:57:30+00:00 NOTICE action_scheduler.queue_job :: MailChimp_WooCommerce_Single_Order starts in 90 seconds :: obj_id 8042
2024-05-10T16:57:31+00:00 NOTICE action_scheduler.queue_job :: MailChimp_WooCommerce_Single_Order starts in 90 seconds :: obj_id 9572
2024-05-10T16:57:31+00:00 NOTICE handleOrderUpdate :: order_status
2024-05-10T16:57:31+00:00 NOTICE handleOrderUpdate :: order_status
2024-05-10T16:57:31+00:00 NOTICE handleOrderUpdate :: order_status
2024-05-10T16:57:34+00:00 NOTICE handleOrderUpdate :: order_status
2024-05-10T16:57:34+00:00 NOTICE handleOrderUpdate :: order_status
2024-05-10T16:57:35+00:00 NOTICE handleOrderUpdate :: order_status
2024-05-10T16:57:35+00:00 NOTICE debug :: Order ID 9572 was pending and is now processing :: Array
(
    [new_order] => 1
    [tracking] => Array
        (
            [landing_site] => https://tryingtoadultrva.com/cart/
        )

)
2024-05-10T16:59:15+00:00 NOTICE filter :: Order 8042 was skipped by the filter
2024-05-10T16:59:18+00:00 NOTICE order.member.updated :: Updated ivyrose97@gmail.com subscriber status to subscribed and language to en
2024-05-10T16:59:18+00:00 NOTICE order_submit.success :: addStoreOrder :: #9572 :: email: ivyrose97@gmail.com
