2025-01-10T01:44:34+00:00 NOTICE action_scheduler.queue_job :: MailChimp_WooCommerce_Single_Order starts in 90 seconds :: obj_id 15720 with id 55194
2025-01-10T01:44:35+00:00 NOTICE handleOrderUpdate :: order_status
2025-01-10T01:44:35+00:00 NOTICE handleOrderUpdate :: order_status
2025-01-10T01:44:36+00:00 NOTICE debug :: Order ID 15720 was pending and is now processing :: Array
(
    [new_order] => 1
    [tracking] => Array
        (
            [landing_site] => https://tryingtoadultrva.com/checkout/
        )

)
2025-01-10T01:46:11+00:00 NOTICE order.member.updated :: Updated rosasweeney13@gmail.com subscriber status to subscribedand language to en
2025-01-10T01:46:11+00:00 NOTICE order_submit.success :: addStoreOrder :: #15720 :: email: rosasweeney13@gmail.com :: landing site https://tryingtoadultrva.com/checkout/
2025-01-10T03:06:26+00:00 NOTICE handleOrderUpdate :: order_status
2025-01-10T03:06:26+00:00 NOTICE action_scheduler.queue_job :: MailChimp_WooCommerce_Single_Order starts in 90 seconds :: obj_id 10982 with id 55197
2025-01-10T03:06:28+00:00 NOTICE action_scheduler.queue_job :: MailChimp_WooCommerce_Single_Order starts in 90 seconds :: obj_id 15722 with id 55198
2025-01-10T03:06:28+00:00 NOTICE handleOrderUpdate :: order_status
2025-01-10T03:06:28+00:00 NOTICE handleOrderUpdate :: order_status
2025-01-10T03:06:28+00:00 NOTICE handleOrderUpdate :: order_status
2025-01-10T03:06:28+00:00 NOTICE handleOrderUpdate :: order_status
2025-01-10T03:06:31+00:00 NOTICE handleOrderUpdate :: order_status
2025-01-10T03:06:31+00:00 NOTICE handleOrderUpdate :: order_status
2025-01-10T03:06:32+00:00 NOTICE handleOrderUpdate :: order_status
2025-01-10T03:06:32+00:00 NOTICE handleOrderUpdate :: order_status
2025-01-10T03:06:32+00:00 NOTICE handleOrderUpdate :: order_status
2025-01-10T03:06:32+00:00 NOTICE debug :: Order ID 15722 was pending and is now processing :: Array
(
    [new_order] => 1
    [tracking] => Array
        (
            [landing_site] => https://tryingtoadultrva.com/checkout/order-received/14130/?key=wc_order_0dtbaz7ZyQk8E
        )

)
2025-01-10T03:08:09+00:00 NOTICE filter :: Order 10982 was skipped by the filter
2025-01-10T03:08:12+00:00 NOTICE order.member.updated :: Updated fiorellacmt@gmail.com subscriber status to subscribedand language to en
2025-01-10T03:08:12+00:00 NOTICE order_submit.success :: addStoreOrder :: #15722 :: email: fiorellacmt@gmail.com
2025-01-10T15:21:09+00:00 NOTICE handleOrderUpdate :: order_status
2025-01-10T15:21:09+00:00 NOTICE action_scheduler.queue_job :: MailChimp_WooCommerce_Single_Order starts in 90 seconds :: obj_id 13462 with id 55207
2025-01-10T15:21:11+00:00 NOTICE action_scheduler.queue_job :: MailChimp_WooCommerce_Single_Order starts in 90 seconds :: obj_id 15723 with id 55208
2025-01-10T15:21:11+00:00 NOTICE handleOrderUpdate :: order_status
2025-01-10T15:21:11+00:00 NOTICE handleOrderUpdate :: order_status
2025-01-10T15:21:11+00:00 NOTICE handleOrderUpdate :: order_status
2025-01-10T15:21:11+00:00 NOTICE handleOrderUpdate :: order_status
2025-01-10T15:21:15+00:00 NOTICE handleOrderUpdate :: order_status
2025-01-10T15:21:15+00:00 NOTICE handleOrderUpdate :: order_status
2025-01-10T15:21:16+00:00 NOTICE handleOrderUpdate :: order_status
2025-01-10T15:21:16+00:00 NOTICE handleOrderUpdate :: order_status
2025-01-10T15:21:16+00:00 NOTICE handleOrderUpdate :: order_status
2025-01-10T15:21:16+00:00 NOTICE debug :: Order ID 15723 was pending and is now processing :: Array
(
    [new_order] => 1
    [tracking] => Array
        (
            [landing_site] => https://tryingtoadultrva.com/product/membership/
        )

)
2025-01-10T15:23:16+00:00 NOTICE filter :: Order 13462 was skipped by the filter
2025-01-10T15:23:19+00:00 NOTICE order.member.updated :: Updated yuchenzhang4@gmail.com subscriber status to subscribedand language to en
2025-01-10T15:23:19+00:00 NOTICE order_submit.success :: addStoreOrder :: #15723 :: email: yuchenzhang4@gmail.com
2025-01-10T17:13:31+00:00 NOTICE action_scheduler.queue_job :: MailChimp_WooCommerce_Cart_Update queued :: obj_id 5ea2613a8faa966787cd5d68a8d922ab with id 55218
2025-01-10T17:13:36+00:00 NOTICE abandoned_cart.success :: email: mariah.payne831@gmail.com :: checkout_url: https://tryingtoadultrva.com/checkout/?mc_cart_id=5ea2613a8faa966787cd5d68a8d922ab
2025-01-10T17:13:36+00:00 NOTICE integration_logic :: mailchimp_member_data_update set the user meta for mariah.payne831@gmail.com to subscribed because it was out of sync.
2025-01-10T17:13:36+00:00 NOTICE cart.member.updated :: Updated mariah.payne831@gmail.com subscriber status to subscribedand language to en
2025-01-10T17:14:39+00:00 NOTICE action_scheduler.queue_job :: MailChimp_WooCommerce_Cart_Update queued :: obj_id 5ea2613a8faa966787cd5d68a8d922ab with id 55219
2025-01-10T17:14:43+00:00 NOTICE abandoned_cart.success :: email: mariah.payne831@gmail.com :: checkout_url: https://tryingtoadultrva.com/checkout/?mc_cart_id=5ea2613a8faa966787cd5d68a8d922ab
2025-01-10T17:15:07+00:00 NOTICE action_scheduler.queue_job :: MailChimp_WooCommerce_Single_Order starts in 90 seconds :: obj_id 15724 with id 55220
2025-01-10T17:15:08+00:00 NOTICE handleOrderUpdate :: order_status
2025-01-10T17:15:08+00:00 NOTICE handleOrderUpdate :: order_status
2025-01-10T17:15:09+00:00 NOTICE debug :: Order ID 15724 was pending and is now processing :: Array
(
    [new_order] => 1
    [tracking] => Array
        (
            [landing_site] => https://tryingtoadultrva.com/login-account-information/
        )

)
2025-01-10T17:17:41+00:00 NOTICE order.member.updated :: Updated mariah.payne831@gmail.com subscriber status to subscribedand language to en
2025-01-10T17:17:41+00:00 NOTICE order_submit.success :: addStoreOrder :: #15724 :: email: mariah.payne831@gmail.com :: landing site https://tryingtoadultrva.com/login-account-information/ :: abandoned cart deleted [5ea2613a8faa966787cd5d68a8d922ab]
2025-01-10T19:34:14+00:00 NOTICE handleOrderUpdate :: order_status
2025-01-10T19:34:14+00:00 NOTICE action_scheduler.queue_job :: MailChimp_WooCommerce_Single_Order starts in 90 seconds :: obj_id 11004 with id 55223
2025-01-10T19:34:16+00:00 NOTICE action_scheduler.queue_job :: MailChimp_WooCommerce_Single_Order starts in 90 seconds :: obj_id 15727 with id 55224
2025-01-10T19:34:16+00:00 NOTICE handleOrderUpdate :: order_status
2025-01-10T19:34:16+00:00 NOTICE handleOrderUpdate :: order_status
2025-01-10T19:34:16+00:00 NOTICE handleOrderUpdate :: order_status
2025-01-10T19:34:16+00:00 NOTICE handleOrderUpdate :: order_status
2025-01-10T19:34:20+00:00 NOTICE handleOrderUpdate :: order_status
2025-01-10T19:34:20+00:00 NOTICE handleOrderUpdate :: order_status
2025-01-10T19:34:20+00:00 NOTICE handleOrderUpdate :: order_status
2025-01-10T19:34:21+00:00 NOTICE handleOrderUpdate :: order_status
2025-01-10T19:34:21+00:00 NOTICE handleOrderUpdate :: order_status
2025-01-10T19:34:21+00:00 NOTICE debug :: Order ID 15727 was pending and is now processing :: Array
(
    [new_order] => 1
    [tracking] => Array
        (
            [landing_site] => https://tryingtoadultrva.com/checkout/
        )

)
2025-01-10T19:36:18+00:00 NOTICE filter :: Order 11004 was skipped by the filter
2025-01-10T19:36:21+00:00 NOTICE order.member.updated :: Updated angelampatterson1@gmail.com subscriber status to subscribedand language to en
2025-01-10T19:36:21+00:00 NOTICE order_submit.success :: addStoreOrder :: #15727 :: email: angelampatterson1@gmail.com
2025-01-10T21:21:09+00:00 NOTICE handleOrderUpdate :: order_status
2025-01-10T21:21:09+00:00 NOTICE action_scheduler.queue_job :: MailChimp_WooCommerce_Single_Order starts in 90 seconds :: obj_id 13470 with id 55233
2025-01-10T21:21:11+00:00 NOTICE action_scheduler.queue_job :: MailChimp_WooCommerce_Single_Order starts in 90 seconds :: obj_id 15728 with id 55234
2025-01-10T21:21:11+00:00 NOTICE handleOrderUpdate :: order_status
2025-01-10T21:21:11+00:00 NOTICE handleOrderUpdate :: order_status
2025-01-10T21:21:11+00:00 NOTICE handleOrderUpdate :: order_status
2025-01-10T21:21:11+00:00 NOTICE handleOrderUpdate :: order_status
2025-01-10T21:21:14+00:00 NOTICE handleOrderUpdate :: order_status
2025-01-10T21:21:15+00:00 NOTICE handleOrderUpdate :: order_status
2025-01-10T21:21:15+00:00 NOTICE handleOrderUpdate :: order_status
2025-01-10T21:21:16+00:00 NOTICE handleOrderUpdate :: order_status
2025-01-10T21:21:16+00:00 NOTICE handleOrderUpdate :: order_status
2025-01-10T21:21:16+00:00 NOTICE debug :: Order ID 15728 was pending and is now processing :: Array
(
    [new_order] => 1
    [tracking] => Array
        (
            [landing_site] => https://tryingtoadultrva.com/events/list/
        )

)
2025-01-10T21:23:14+00:00 NOTICE filter :: Order 13470 was skipped by the filter
2025-01-10T21:23:17+00:00 NOTICE order.member.updated :: Updated jm.weeden@yahoo.com subscriber status to subscribedand language to en
2025-01-10T21:23:17+00:00 NOTICE order_submit.success :: addStoreOrder :: #15728 :: email: jm.weeden@yahoo.com
2025-01-10T22:24:46+00:00 NOTICE handleOrderUpdate :: order_status
2025-01-10T22:24:46+00:00 NOTICE action_scheduler.queue_job :: MailChimp_WooCommerce_Single_Order starts in 90 seconds :: obj_id 15695 with id 55246
2025-01-10T22:26:21+00:00 NOTICE filter :: Order 15695 was skipped by the filter
2025-01-10T22:30:56+00:00 NOTICE action_scheduler.queue_job :: MailChimp_WooCommerce_Cart_Update queued :: obj_id 4c74ec08af33a00d3c9d187066759a25 with id 55251
2025-01-10T22:31:00+00:00 NOTICE abandoned_cart.success :: email: ebyland@vcu.edu :: checkout_url: https://tryingtoadultrva.com/checkout/?mc_cart_id=4c74ec08af33a00d3c9d187066759a25
2025-01-10T22:31:00+00:00 NOTICE cart.member.updated :: Updated ebyland@vcu.edu subscriber status to transactionaland language to en
2025-01-10T22:31:50+00:00 NOTICE ac.cart_swap :: Deleted cart [ebyland@vcu.edu] :: ID [4c74ec08af33a00d3c9d187066759a25]
2025-01-10T22:31:50+00:00 NOTICE action_scheduler.queue_job :: MailChimp_WooCommerce_Cart_Update queued :: obj_id ec6b8d7a7142eca38ab4bdf6961b9e09 with id 55252
2025-01-10T22:31:50+00:00 NOTICE action_scheduler.queue_job :: MailChimp_WooCommerce_User_Submit queued :: obj_id 367 with id 55253
2025-01-10T22:31:52+00:00 NOTICE action_scheduler.queue_job :: MailChimp_WooCommerce_Single_Order starts in 90 seconds :: obj_id 15729 with id 55254
2025-01-10T22:31:52+00:00 NOTICE handleOrderUpdate :: order_status
2025-01-10T22:31:52+00:00 NOTICE action_scheduler.queue_job :: MailChimp_WooCommerce_Single_Order starts in 90 seconds :: obj_id 15730 with id 55256
2025-01-10T22:31:53+00:00 NOTICE handleOrderUpdate :: order_status
2025-01-10T22:31:53+00:00 NOTICE handleOrderUpdate :: order_status
2025-01-10T22:31:53+00:00 NOTICE handleOrderUpdate :: order_status
2025-01-10T22:31:54+00:00 NOTICE handleOrderUpdate :: order_status
2025-01-10T22:31:58+00:00 NOTICE handleOrderUpdate :: order_status
2025-01-10T22:31:58+00:00 NOTICE handleOrderUpdate :: order_status
2025-01-10T22:31:59+00:00 NOTICE handleOrderUpdate :: order_status
2025-01-10T22:31:59+00:00 NOTICE debug :: Order ID 15729 was pending and is now processing :: Array
(
    [new_order] => 1
    [tracking] => Array
        (
            [landing_site] => https://tryingtoadultrva.com/events/list/
        )

)
2025-01-10T22:32:07+00:00 NOTICE abandoned_cart.success :: email: elizabethbyland@gmail.com :: checkout_url: https://tryingtoadultrva.com/checkout/?mc_cart_id=ec6b8d7a7142eca38ab4bdf6961b9e09
2025-01-10T22:32:07+00:00 NOTICE cart.member.updated :: Updated elizabethbyland@gmail.com subscriber status to transactionaland language to en
2025-01-10T22:32:08+00:00 NOTICE member.sync :: Updated Member ElizabethByland@gmail.com :: Array
(
    [status] => subscribed
    [language] => 
    [merge_fields] => Array
        (
            [FNAME] => Elizabeth
            [LNAME] => Byland
        )

    [gdpr_fields] => 
)
2025-01-10T22:32:09+00:00 NOTICE webhook :: Subscriber Sync :: subscribe :: elizabethbyland@gmail.com :: Array
(
    [subscribed] => 1
    [user_id] => 367
)
2025-01-10T22:34:08+00:00 NOTICE order.member.updated :: Updated ElizabethByland@gmail.com subscriber status to subscribedand language to en
2025-01-10T22:34:08+00:00 NOTICE order_submit.success :: addStoreOrder :: #15729 :: email: ElizabethByland@gmail.com :: landing site https://tryingtoadultrva.com/events/list/ :: abandoned cart deleted [ec6b8d7a7142eca38ab4bdf6961b9e09]
2025-01-10T22:34:08+00:00 NOTICE filter :: Order 15730 was skipped by the filter
2025-01-10T22:43:47+00:00 NOTICE action_scheduler.queue_job :: MailChimp_WooCommerce_Cart_Update queued :: obj_id 1c101d07da6cb181b10cf8b82fba966f with id 55263
2025-01-10T22:44:06+00:00 NOTICE abandoned_cart.success :: email: todd.sincerelyiris@gmail.com :: checkout_url: https://tryingtoadultrva.com/checkout/?mc_cart_id=1c101d07da6cb181b10cf8b82fba966f
2025-01-10T22:44:07+00:00 NOTICE cart.member.updated :: Updated todd.sincerelyiris@gmail.com subscriber status to transactionaland language to en
2025-01-10T22:44:16+00:00 NOTICE action_scheduler.queue_job :: MailChimp_WooCommerce_User_Submit queued :: obj_id 368 with id 55264
2025-01-10T22:44:17+00:00 NOTICE action_scheduler.queue_job :: MailChimp_WooCommerce_Single_Order starts in 90 seconds :: obj_id 15732 with id 55265
2025-01-10T22:44:17+00:00 NOTICE handleOrderUpdate :: order_status
2025-01-10T22:44:17+00:00 NOTICE action_scheduler.queue_job :: MailChimp_WooCommerce_Single_Order starts in 90 seconds :: obj_id 15733 with id 55267
2025-01-10T22:44:17+00:00 NOTICE handleOrderUpdate :: order_status
2025-01-10T22:44:18+00:00 NOTICE handleOrderUpdate :: order_status
2025-01-10T22:44:18+00:00 NOTICE handleOrderUpdate :: order_status
2025-01-10T22:44:19+00:00 NOTICE handleOrderUpdate :: order_status
2025-01-10T22:44:22+00:00 NOTICE handleOrderUpdate :: order_status
2025-01-10T22:44:23+00:00 NOTICE handleOrderUpdate :: order_status
2025-01-10T22:44:24+00:00 NOTICE handleOrderUpdate :: order_status
2025-01-10T22:44:24+00:00 NOTICE debug :: Order ID 15732 was pending and is now processing :: Array
(
    [new_order] => 1
    [tracking] => Array
        (
            [landing_site] => https://tryingtoadultrva.com/product/premium-membership/
        )

)
2025-01-10T22:44:38+00:00 NOTICE member.sync :: Updated Member todd.sincerelyiris@gmail.com :: Array
(
    [status] => subscribed
    [language] => 
    [merge_fields] => Array
        (
            [FNAME] => Todd
            [LNAME] => Murray
        )

    [gdpr_fields] => 
)
2025-01-10T22:44:39+00:00 NOTICE webhook :: Subscriber Sync :: subscribe :: todd.sincerelyiris@gmail.com :: Array
(
    [subscribed] => 1
    [user_id] => 368
)
2025-01-10T22:46:17+00:00 NOTICE order.member.updated :: Updated todd.sincerelyiris@gmail.com subscriber status to subscribedand language to en
2025-01-10T22:46:18+00:00 NOTICE order_submit.success :: addStoreOrder :: #15732 :: email: todd.sincerelyiris@gmail.com :: landing site https://tryingtoadultrva.com/product/premium-membership/ :: abandoned cart deleted [1c101d07da6cb181b10cf8b82fba966f]
2025-01-10T22:46:18+00:00 NOTICE filter :: Order 15733 was skipped by the filter
