2024-05-20T02:21:01+00:00 NOTICE action_scheduler.queue_job :: MailChimp_WooCommerce_Cart_Update queued :: obj_id 68c1ea622cf23e3e308be07311818d95
2024-05-20T02:21:47+00:00 NOTICE abandoned_cart.success :: email: leibowitzzachary@gmail.com :: checkout_url: https://tryingtoadultrva.com/checkout/?mc_cart_id=68c1ea622cf23e3e308be07311818d95
2024-05-20T02:21:48+00:00 NOTICE cart.member.updated :: Updated leibowitzzachary@gmail.com subscriber status to subscribed and language to en
2024-05-20T02:21:48+00:00 NOTICE handleOrderUpdate :: order_status
2024-05-20T02:21:48+00:00 NOTICE action_scheduler.queue_job :: MailChimp_WooCommerce_Single_Order starts in 90 seconds :: obj_id 9592
2024-05-20T02:21:48+00:00 NOTICE handleOrderUpdate :: order_status
2024-05-20T02:21:49+00:00 NOTICE handleOrderUpdate :: order_status
2024-05-20T02:21:49+00:00 NOTICE handleOrderUpdate :: order_status
2024-05-20T02:21:51+00:00 NOTICE handleOrderUpdate :: order_status
2024-05-20T02:21:52+00:00 NOTICE debug :: Order ID 9592 was pending and is now failed :: Array
(
    [new_order] => 
    [tracking] => 
)
2024-05-20T02:22:37+00:00 NOTICE action_scheduler.queue_job :: MailChimp_WooCommerce_Single_Order starts in 90 seconds :: obj_id 9752
2024-05-20T02:22:37+00:00 NOTICE handleOrderUpdate :: order_status
2024-05-20T02:22:38+00:00 NOTICE handleOrderUpdate :: order_status
2024-05-20T02:22:38+00:00 NOTICE action_scheduler.queue_job :: MailChimp_WooCommerce_Single_Product starts in 5 seconds :: obj_id 9282
2024-05-20T02:22:39+00:00 NOTICE debug :: Order ID 9752 was pending and is now processing :: Array
(
    [new_order] => 1
    [tracking] => Array
        (
            [landing_site] => https://tryingtoadultrva.com/events/list/
        )

)
2024-05-20T02:22:46+00:00 NOTICE product_submit.success :: updateStoreProduct :: #9282
2024-05-20T02:24:48+00:00 NOTICE order.member.updated :: Updated leibowitzzachary@gmail.com subscriber status to subscribed and language to en
2024-05-20T02:24:48+00:00 NOTICE order_submit.success :: addStoreOrder :: #9752 :: email: leibowitzzachary@gmail.com :: landing site https://tryingtoadultrva.com/events/list/ :: abandoned cart deleted [68c1ea622cf23e3e308be07311818d95]
2024-05-20T02:26:40+00:00 NOTICE action_scheduler.queue_job :: MailChimp_WooCommerce_Cart_Update queued :: obj_id 68c1ea622cf23e3e308be07311818d95
2024-05-20T02:26:46+00:00 NOTICE abandoned_cart.success :: email: leibowitzzachary@gmail.com :: checkout_url: https://tryingtoadultrva.com/checkout/?mc_cart_id=68c1ea622cf23e3e308be07311818d95
2024-05-20T02:28:41+00:00 NOTICE action_scheduler.queue_job :: MailChimp_WooCommerce_Single_Order starts in 90 seconds :: obj_id 9754
2024-05-20T02:28:41+00:00 NOTICE handleOrderUpdate :: order_status
2024-05-20T02:28:43+00:00 NOTICE handleOrderUpdate :: order_status
2024-05-20T02:28:43+00:00 NOTICE debug :: Order ID 9754 was pending and is now processing :: Array
(
    [new_order] => 1
    [tracking] => Array
        (
            [landing_site] => https://tryingtoadultrva.com/checkout/order-received/9752/?key=wc_order_wOVVIfMmPlSEk
        )

)
2024-05-20T02:30:48+00:00 NOTICE order.member.updated :: Updated leibowitzzachary@gmail.com subscriber status to subscribed and language to en
2024-05-20T02:30:48+00:00 NOTICE order_submit.success :: addStoreOrder :: #9754 :: email: leibowitzzachary@gmail.com :: landing site https://tryingtoadultrva.com/checkout/order-received/9752/?key=wc_order_wOVVIfMmPlSEk :: abandoned cart deleted [68c1ea622cf23e3e308be07311818d95]
2024-05-20T15:21:10+00:00 NOTICE handleOrderUpdate :: order_status
2024-05-20T15:21:10+00:00 NOTICE action_scheduler.queue_job :: MailChimp_WooCommerce_Single_Order starts in 90 seconds :: obj_id 7318
2024-05-20T15:21:11+00:00 NOTICE action_scheduler.queue_job :: MailChimp_WooCommerce_Single_Order starts in 90 seconds :: obj_id 9756
2024-05-20T15:21:12+00:00 NOTICE handleOrderUpdate :: order_status
2024-05-20T15:21:12+00:00 NOTICE handleOrderUpdate :: order_status
2024-05-20T15:21:12+00:00 NOTICE handleOrderUpdate :: order_status
2024-05-20T15:21:15+00:00 NOTICE handleOrderUpdate :: order_status
2024-05-20T15:21:16+00:00 NOTICE handleOrderUpdate :: order_status
2024-05-20T15:21:16+00:00 NOTICE handleOrderUpdate :: order_status
2024-05-20T15:21:16+00:00 NOTICE debug :: Order ID 9756 was pending and is now processing :: Array
(
    [new_order] => 1
    [tracking] => Array
        (
            [landing_site] => https://tryingtoadultrva.com/checkout/order-received/6872/?key=wc_order_aF8oBeClzAlP1
        )

)
2024-05-20T15:23:21+00:00 NOTICE filter :: Order 7318 was skipped by the filter
2024-05-20T15:23:25+00:00 NOTICE order.member.updated :: Updated barrow.william24@gmail.com subscriber status to subscribed and language to en
2024-05-20T15:23:25+00:00 NOTICE order_submit.success :: addStoreOrder :: #9756 :: email: barrow.william24@gmail.com
2024-05-20T19:10:37+00:00 NOTICE action_scheduler.queue_job :: MailChimp_WooCommerce_Cart_Update queued :: obj_id 60d5f62d9e4e1fe0a0c6d1021434fc63
2024-05-20T19:10:37+00:00 NOTICE action_scheduler.queue_job :: MailChimp_WooCommerce_Cart_Update queued :: obj_id 60d5f62d9e4e1fe0a0c6d1021434fc63
2024-05-20T19:10:39+00:00 NOTICE action_scheduler.queue_job :: MailChimp_WooCommerce_Single_Order starts in 90 seconds :: obj_id 9757
2024-05-20T19:10:39+00:00 NOTICE handleOrderUpdate :: order_status
2024-05-20T19:10:39+00:00 NOTICE handleOrderUpdate :: order_status
2024-05-20T19:10:40+00:00 NOTICE debug :: Order ID 9757 was pending and is now processing :: Array
(
    [new_order] => 1
    [tracking] => Array
        (
            [landing_site] => https://tryingtoadultrva.com/events/list/
        )

)
2024-05-20T19:11:10+00:00 NOTICE abandoned_cart.success :: email: mackayla76@gmail.com :: checkout_url: https://tryingtoadultrva.com/checkout/?mc_cart_id=60d5f62d9e4e1fe0a0c6d1021434fc63
2024-05-20T19:11:11+00:00 NOTICE cart.member.updated :: Updated mackayla76@gmail.com subscriber status to transactional and language to en
2024-05-20T19:11:12+00:00 NOTICE abandoned_cart.success :: email: mackayla76@gmail.com :: checkout_url: https://tryingtoadultrva.com/checkout/?mc_cart_id=60d5f62d9e4e1fe0a0c6d1021434fc63
2024-05-20T19:12:52+00:00 NOTICE order.member.updated :: Updated mackayla76@gmail.com subscriber status to transactional and language to en
2024-05-20T19:12:52+00:00 NOTICE order_submit.success :: addStoreOrder :: #9757 :: email: mackayla76@gmail.com :: landing site https://tryingtoadultrva.com/events/list/ :: abandoned cart deleted [60d5f62d9e4e1fe0a0c6d1021434fc63]
2024-05-20T19:46:09+00:00 NOTICE action_scheduler.queue_job :: MailChimp_WooCommerce_Cart_Update queued :: obj_id 72614b5c4f4436ca49f3edd1ee22e6e0
2024-05-20T19:46:30+00:00 NOTICE action_scheduler.queue_job :: MailChimp_WooCommerce_Single_Order starts in 90 seconds :: obj_id 9759
2024-05-20T19:46:30+00:00 NOTICE handleOrderUpdate :: order_status
2024-05-20T19:46:31+00:00 NOTICE handleOrderUpdate :: order_status
2024-05-20T19:46:32+00:00 NOTICE debug :: Order ID 9759 was pending and is now processing :: Array
(
    [new_order] => 1
    [tracking] => Array
        (
            [landing_site] => https://tryingtoadultrva.com/events/list/
        )

)
2024-05-20T19:47:11+00:00 NOTICE abandoned_cart.success :: email: rowland.maddie@gmail.com :: checkout_url: https://tryingtoadultrva.com/checkout/?mc_cart_id=72614b5c4f4436ca49f3edd1ee22e6e0
2024-05-20T19:47:12+00:00 NOTICE cart.member.updated :: Updated rowland.maddie@gmail.com subscriber status to subscribed and language to en
2024-05-20T19:48:51+00:00 NOTICE order.member.updated :: Updated rowland.maddie@gmail.com subscriber status to subscribed and language to en
2024-05-20T19:48:51+00:00 NOTICE order_submit.success :: addStoreOrder :: #9759 :: email: rowland.maddie@gmail.com :: landing site https://tryingtoadultrva.com/events/list/ :: abandoned cart deleted [72614b5c4f4436ca49f3edd1ee22e6e0]
2024-05-20T22:23:21+00:00 NOTICE action_scheduler.queue_job :: MailChimp_WooCommerce_Cart_Update queued :: obj_id 10fa7ec0b3be6742069c4039c8a4647c
2024-05-20T22:23:47+00:00 NOTICE abandoned_cart.success :: email: a.padaon@gmail.com :: checkout_url: https://tryingtoadultrva.com/checkout/?mc_cart_id=10fa7ec0b3be6742069c4039c8a4647c
2024-05-20T22:23:48+00:00 NOTICE cart.member.updated :: Updated a.padaon@gmail.com subscriber status to transactional and language to en
2024-05-20T22:23:50+00:00 NOTICE action_scheduler.queue_job :: MailChimp_WooCommerce_Single_Order starts in 90 seconds :: obj_id 9761
2024-05-20T22:23:50+00:00 NOTICE handleOrderUpdate :: order_status
2024-05-20T22:23:50+00:00 NOTICE handleOrderUpdate :: order_status
2024-05-20T22:23:51+00:00 NOTICE debug :: Order ID 9761 was pending and is now processing :: Array
(
    [new_order] => 1
    [tracking] => Array
        (
            [landing_site] => https://tryingtoadultrva.com/checkout/
        )

)
2024-05-20T22:25:59+00:00 NOTICE order.member.updated :: Updated a.padaon@gmail.com subscriber status to subscribed and language to en
2024-05-20T22:26:00+00:00 NOTICE order_submit.success :: addStoreOrder :: #9761 :: email: a.padaon@gmail.com :: landing site https://tryingtoadultrva.com/checkout/ :: abandoned cart deleted [10fa7ec0b3be6742069c4039c8a4647c]
2024-05-20T22:28:08+00:00 NOTICE action_scheduler.queue_job :: MailChimp_WooCommerce_Cart_Update queued :: obj_id dd9e438cba65ba2981d72685818a8a45
2024-05-20T22:28:30+00:00 NOTICE abandoned_cart.success :: email: tuckmackenzie@yahoo.com :: checkout_url: https://tryingtoadultrva.com/checkout/?mc_cart_id=dd9e438cba65ba2981d72685818a8a45
2024-05-20T22:28:30+00:00 NOTICE cart.member.updated :: Updated tuckmackenzie@yahoo.com subscriber status to subscribed and language to en
2024-05-20T22:29:30+00:00 NOTICE action_scheduler.queue_job :: MailChimp_WooCommerce_Cart_Update queued :: obj_id dd9e438cba65ba2981d72685818a8a45
2024-05-20T22:29:32+00:00 NOTICE abandoned_cart.success :: email: tuckmackenzie@yahoo.com :: checkout_url: https://tryingtoadultrva.com/checkout/?mc_cart_id=dd9e438cba65ba2981d72685818a8a45
2024-05-20T22:29:34+00:00 NOTICE action_scheduler.queue_job :: MailChimp_WooCommerce_Single_Order starts in 90 seconds :: obj_id 9763
2024-05-20T22:29:34+00:00 NOTICE handleOrderUpdate :: order_status
2024-05-20T22:29:34+00:00 NOTICE handleOrderUpdate :: order_status
2024-05-20T22:29:35+00:00 NOTICE debug :: Order ID 9763 was pending and is now processing :: Array
(
    [new_order] => 1
    [tracking] => Array
        (
            [landing_site] => https://tryingtoadultrva.com/checkout/order-received/9522/?key=wc_order_yWyek5hNRou3R
        )

)
2024-05-20T22:31:17+00:00 NOTICE webhook :: Subscriber Sync :: subscribe :: tuckmackenzie@yahoo.com :: Array
(
    [subscribed] => 1
    [user_id] => 86
)
2024-05-20T22:31:17+00:00 NOTICE order.member.updated :: Updated tuckmackenzie@yahoo.com subscriber status to subscribed and language to en
2024-05-20T22:31:17+00:00 NOTICE order_submit.success :: addStoreOrder :: #9763 :: email: tuckmackenzie@yahoo.com :: landing site https://tryingtoadultrva.com/checkout/order-received/9522/?key=wc_order_yWyek5hNRou3R :: abandoned cart deleted [dd9e438cba65ba2981d72685818a8a45]
2024-05-20T23:41:09+00:00 NOTICE handleOrderUpdate :: order_status
2024-05-20T23:41:10+00:00 NOTICE action_scheduler.queue_job :: MailChimp_WooCommerce_Single_Order starts in 90 seconds :: obj_id 8976
2024-05-20T23:41:11+00:00 NOTICE action_scheduler.queue_job :: MailChimp_WooCommerce_Single_Order starts in 90 seconds :: obj_id 9765
2024-05-20T23:41:11+00:00 NOTICE handleOrderUpdate :: order_status
2024-05-20T23:41:11+00:00 NOTICE handleOrderUpdate :: order_status
2024-05-20T23:41:11+00:00 NOTICE handleOrderUpdate :: order_status
2024-05-20T23:41:14+00:00 NOTICE handleOrderUpdate :: order_status
2024-05-20T23:41:14+00:00 NOTICE handleOrderUpdate :: order_status
2024-05-20T23:41:15+00:00 NOTICE handleOrderUpdate :: order_status
2024-05-20T23:41:15+00:00 NOTICE debug :: Order ID 9765 was pending and is now processing :: Array
(
    [new_order] => 1
    [tracking] => Array
        (
            [landing_site] => https://tryingtoadultrva.com/product/premium-membership/?add-to-cart=7184
        )

)
2024-05-20T23:43:48+00:00 NOTICE filter :: Order 8976 was skipped by the filter
2024-05-20T23:43:51+00:00 NOTICE order.member.updated :: Updated Cannoncordell3@gmail.com subscriber status to subscribed and language to en
2024-05-20T23:43:51+00:00 NOTICE order_submit.success :: addStoreOrder :: #9765 :: email: Cannoncordell3@gmail.com
