2025-08-14T10:29:16+00:00 NOTICE handleOrderUpdate :: order_status
2025-08-14T10:29:17+00:00 NOTICE action_scheduler.queue_job :: MailChimp_WooCommerce_Single_Order starts in 90 seconds :: obj_id 13018 with id 73294
2025-08-14T10:29:18+00:00 NOTICE action_scheduler.queue_job :: MailChimp_WooCommerce_Single_Order starts in 90 seconds :: obj_id 19686 with id 73295
2025-08-14T10:29:18+00:00 NOTICE handleOrderUpdate :: order_status
2025-08-14T10:29:18+00:00 NOTICE handleOrderUpdate :: order_status
2025-08-14T10:29:18+00:00 NOTICE handleOrderUpdate :: order_status
2025-08-14T10:29:18+00:00 NOTICE handleOrderUpdate :: order_status
2025-08-14T10:29:22+00:00 NOTICE handleOrderUpdate :: order_status
2025-08-14T10:29:22+00:00 NOTICE action_scheduler.queue_job :: MailChimp_WooCommerce_Single_Order starts in 90 seconds :: obj_id 19670 with id 73302
2025-08-14T10:29:22+00:00 NOTICE handleOrderUpdate :: order_status
2025-08-14T10:29:22+00:00 NOTICE handleOrderUpdate :: order_status
2025-08-14T10:29:22+00:00 NOTICE action_scheduler.queue_job :: MailChimp_WooCommerce_Single_Order starts in 90 seconds :: obj_id 13024 with id 73303
2025-08-14T10:29:23+00:00 NOTICE action_scheduler.queue_job :: MailChimp_WooCommerce_Single_Order starts in 90 seconds :: obj_id 19687 with id 73304
2025-08-14T10:29:23+00:00 NOTICE handleOrderUpdate :: order_status
2025-08-14T10:29:23+00:00 NOTICE handleOrderUpdate :: order_status
2025-08-14T10:29:23+00:00 NOTICE handleOrderUpdate :: order_status
2025-08-14T10:29:23+00:00 NOTICE handleOrderUpdate :: order_status
2025-08-14T10:29:23+00:00 NOTICE handleOrderUpdate :: order_status
2025-08-14T10:29:23+00:00 NOTICE action_scheduler.queue_job :: MailChimp_WooCommerce_Single_Order starts in 90 seconds :: obj_id 13034 with id 73306
2025-08-14T10:29:23+00:00 NOTICE action_scheduler.queue_job :: MailChimp_WooCommerce_Single_Order starts in 90 seconds :: obj_id 19688 with id 73307
2025-08-14T10:29:23+00:00 NOTICE handleOrderUpdate :: order_status
2025-08-14T10:29:23+00:00 NOTICE handleOrderUpdate :: order_status
2025-08-14T10:29:23+00:00 NOTICE handleOrderUpdate :: order_status
2025-08-14T10:29:23+00:00 NOTICE handleOrderUpdate :: order_status
2025-08-14T10:29:24+00:00 NOTICE handleOrderUpdate :: order_status
2025-08-14T10:29:24+00:00 NOTICE action_scheduler.queue_job :: MailChimp_WooCommerce_Single_Order starts in 90 seconds :: obj_id 13038 with id 73309
2025-08-14T10:29:25+00:00 NOTICE action_scheduler.queue_job :: MailChimp_WooCommerce_Single_Order starts in 90 seconds :: obj_id 19689 with id 73310
2025-08-14T10:29:25+00:00 NOTICE handleOrderUpdate :: order_status
2025-08-14T10:29:25+00:00 NOTICE handleOrderUpdate :: order_status
2025-08-14T10:29:25+00:00 NOTICE handleOrderUpdate :: order_status
2025-08-14T10:29:25+00:00 NOTICE handleOrderUpdate :: order_status
2025-08-14T10:29:25+00:00 NOTICE handleOrderUpdate :: order_status
2025-08-14T10:29:25+00:00 NOTICE action_scheduler.queue_job :: MailChimp_WooCommerce_Single_Order starts in 90 seconds :: obj_id 19674 with id 73313
2025-08-14T10:29:25+00:00 NOTICE handleOrderUpdate :: order_status
2025-08-14T10:29:25+00:00 NOTICE handleOrderUpdate :: order_status
2025-08-14T10:29:25+00:00 NOTICE action_scheduler.queue_job :: MailChimp_WooCommerce_Single_Order starts in 90 seconds :: obj_id 7573 with id 73314
2025-08-14T10:29:26+00:00 NOTICE action_scheduler.queue_job :: MailChimp_WooCommerce_Single_Order starts in 90 seconds :: obj_id 19690 with id 73315
2025-08-14T10:29:26+00:00 NOTICE handleOrderUpdate :: order_status
2025-08-14T10:29:26+00:00 NOTICE handleOrderUpdate :: order_status
2025-08-14T10:29:26+00:00 NOTICE handleOrderUpdate :: order_status
2025-08-14T10:29:26+00:00 NOTICE handleOrderUpdate :: order_status
2025-08-14T10:29:26+00:00 NOTICE handleOrderUpdate :: order_status
2025-08-14T10:29:26+00:00 NOTICE action_scheduler.queue_job :: MailChimp_WooCommerce_Single_Order starts in 90 seconds :: obj_id 7351 with id 73317
2025-08-14T10:29:26+00:00 NOTICE action_scheduler.queue_job :: MailChimp_WooCommerce_Single_Order starts in 90 seconds :: obj_id 19691 with id 73318
2025-08-14T10:29:26+00:00 NOTICE handleOrderUpdate :: order_status
2025-08-14T10:29:26+00:00 NOTICE handleOrderUpdate :: order_status
2025-08-14T10:29:26+00:00 NOTICE handleOrderUpdate :: order_status
2025-08-14T10:29:26+00:00 NOTICE handleOrderUpdate :: order_status
2025-08-14T10:29:26+00:00 NOTICE handleOrderUpdate :: order_status
2025-08-14T10:29:26+00:00 NOTICE action_scheduler.queue_job :: MailChimp_WooCommerce_Single_Order starts in 90 seconds :: obj_id 17914 with id 73320
2025-08-14T10:29:27+00:00 NOTICE action_scheduler.queue_job :: MailChimp_WooCommerce_Single_Order starts in 90 seconds :: obj_id 19692 with id 73321
2025-08-14T10:29:27+00:00 NOTICE handleOrderUpdate :: order_status
2025-08-14T10:29:27+00:00 NOTICE handleOrderUpdate :: order_status
2025-08-14T10:29:27+00:00 NOTICE handleOrderUpdate :: order_status
2025-08-14T10:29:27+00:00 NOTICE handleOrderUpdate :: order_status
2025-08-14T10:29:27+00:00 NOTICE handleOrderUpdate :: order_status
2025-08-14T10:29:27+00:00 NOTICE action_scheduler.queue_job :: MailChimp_WooCommerce_Single_Order starts in 90 seconds :: obj_id 1183 with id 73323
2025-08-14T10:29:28+00:00 NOTICE action_scheduler.queue_job :: MailChimp_WooCommerce_Single_Order starts in 90 seconds :: obj_id 19693 with id 73324
2025-08-14T10:29:28+00:00 NOTICE handleOrderUpdate :: order_status
2025-08-14T10:29:28+00:00 NOTICE handleOrderUpdate :: order_status
2025-08-14T10:29:28+00:00 NOTICE handleOrderUpdate :: order_status
2025-08-14T10:29:28+00:00 NOTICE handleOrderUpdate :: order_status
2025-08-14T10:29:28+00:00 NOTICE handleOrderUpdate :: order_status
2025-08-14T10:29:28+00:00 NOTICE action_scheduler.queue_job :: MailChimp_WooCommerce_Single_Order starts in 90 seconds :: obj_id 19676 with id 73327
2025-08-14T10:29:28+00:00 NOTICE handleOrderUpdate :: order_status
2025-08-14T10:29:28+00:00 NOTICE handleOrderUpdate :: order_status
2025-08-14T10:29:28+00:00 NOTICE action_scheduler.queue_job :: MailChimp_WooCommerce_Single_Order starts in 90 seconds :: obj_id 19679 with id 73329
2025-08-14T10:29:28+00:00 NOTICE handleOrderUpdate :: order_status
2025-08-14T10:29:28+00:00 NOTICE handleOrderUpdate :: order_status
2025-08-14T10:29:28+00:00 NOTICE action_scheduler.queue_job :: MailChimp_WooCommerce_Single_Order starts in 90 seconds :: obj_id 16353 with id 73330
2025-08-14T10:29:29+00:00 NOTICE action_scheduler.queue_job :: MailChimp_WooCommerce_Single_Order starts in 90 seconds :: obj_id 19694 with id 73331
2025-08-14T10:29:29+00:00 NOTICE handleOrderUpdate :: order_status
2025-08-14T10:29:29+00:00 NOTICE handleOrderUpdate :: order_status
2025-08-14T10:29:29+00:00 NOTICE handleOrderUpdate :: order_status
2025-08-14T10:29:29+00:00 NOTICE handleOrderUpdate :: order_status
2025-08-14T10:29:29+00:00 NOTICE handleOrderUpdate :: order_status
2025-08-14T10:29:29+00:00 NOTICE action_scheduler.queue_job :: MailChimp_WooCommerce_Single_Order starts in 90 seconds :: obj_id 19683 with id 73334
2025-08-14T10:29:29+00:00 NOTICE handleOrderUpdate :: order_status
2025-08-14T10:29:29+00:00 NOTICE handleOrderUpdate :: order_status
2025-08-14T10:29:29+00:00 NOTICE action_scheduler.queue_job :: MailChimp_WooCommerce_Single_Order starts in 90 seconds :: obj_id 19684 with id 73336
2025-08-14T10:29:29+00:00 NOTICE handleOrderUpdate :: order_status
2025-08-14T10:29:29+00:00 NOTICE handleOrderUpdate :: order_status
2025-08-14T10:29:29+00:00 NOTICE action_scheduler.queue_job :: MailChimp_WooCommerce_Single_Order starts in 90 seconds :: obj_id 19685 with id 73338
2025-08-14T10:29:29+00:00 NOTICE handleOrderUpdate :: order_status
2025-08-14T10:29:29+00:00 NOTICE handleOrderUpdate :: order_status
2025-08-14T10:29:30+00:00 NOTICE action_scheduler.queue_job :: MailChimp_WooCommerce_Single_Order starts in 90 seconds :: obj_id 16362 with id 73339
2025-08-14T10:29:30+00:00 NOTICE action_scheduler.queue_job :: MailChimp_WooCommerce_Single_Order starts in 90 seconds :: obj_id 19695 with id 73340
2025-08-14T10:29:30+00:00 NOTICE handleOrderUpdate :: order_status
2025-08-14T10:29:30+00:00 NOTICE handleOrderUpdate :: order_status
2025-08-14T10:29:30+00:00 NOTICE handleOrderUpdate :: order_status
2025-08-14T10:29:30+00:00 NOTICE handleOrderUpdate :: order_status
2025-08-14T10:29:30+00:00 NOTICE handleOrderUpdate :: order_status
2025-08-14T10:29:30+00:00 NOTICE action_scheduler.queue_job :: MailChimp_WooCommerce_Single_Order starts in 90 seconds :: obj_id 15158 with id 73342
2025-08-14T10:29:31+00:00 NOTICE action_scheduler.queue_job :: MailChimp_WooCommerce_Single_Order starts in 90 seconds :: obj_id 19696 with id 73343
2025-08-14T10:29:31+00:00 NOTICE handleOrderUpdate :: order_status
2025-08-14T10:29:31+00:00 NOTICE handleOrderUpdate :: order_status
2025-08-14T10:29:31+00:00 NOTICE handleOrderUpdate :: order_status
2025-08-14T10:29:31+00:00 NOTICE handleOrderUpdate :: order_status
2025-08-14T10:29:31+00:00 NOTICE handleOrderUpdate :: order_status
2025-08-14T10:29:31+00:00 NOTICE action_scheduler.queue_job :: MailChimp_WooCommerce_Single_Order starts in 90 seconds :: obj_id 14582 with id 73345
2025-08-14T10:29:32+00:00 NOTICE action_scheduler.queue_job :: MailChimp_WooCommerce_Single_Order starts in 90 seconds :: obj_id 19697 with id 73346
2025-08-14T10:29:32+00:00 NOTICE handleOrderUpdate :: order_status
2025-08-14T10:29:32+00:00 NOTICE handleOrderUpdate :: order_status
2025-08-14T10:29:32+00:00 NOTICE handleOrderUpdate :: order_status
2025-08-14T10:29:32+00:00 NOTICE handleOrderUpdate :: order_status
2025-08-14T10:29:32+00:00 NOTICE handleOrderUpdate :: order_status
2025-08-14T10:29:32+00:00 NOTICE action_scheduler.queue_job :: MailChimp_WooCommerce_Single_Order starts in 90 seconds :: obj_id 17943 with id 73348
2025-08-14T10:29:33+00:00 NOTICE action_scheduler.queue_job :: MailChimp_WooCommerce_Single_Order starts in 90 seconds :: obj_id 19698 with id 73349
2025-08-14T10:29:33+00:00 NOTICE handleOrderUpdate :: order_status
2025-08-14T10:29:33+00:00 NOTICE handleOrderUpdate :: order_status
2025-08-14T10:29:33+00:00 NOTICE handleOrderUpdate :: order_status
2025-08-14T10:29:33+00:00 NOTICE handleOrderUpdate :: order_status
2025-08-14T10:29:33+00:00 NOTICE handleOrderUpdate :: order_status
2025-08-14T10:29:33+00:00 NOTICE action_scheduler.queue_job :: MailChimp_WooCommerce_Single_Order starts in 90 seconds :: obj_id 13138 with id 73351
2025-08-14T10:29:34+00:00 NOTICE action_scheduler.queue_job :: MailChimp_WooCommerce_Single_Order starts in 90 seconds :: obj_id 19699 with id 73352
2025-08-14T10:29:34+00:00 NOTICE handleOrderUpdate :: order_status
2025-08-14T10:29:34+00:00 NOTICE handleOrderUpdate :: order_status
2025-08-14T10:29:34+00:00 NOTICE handleOrderUpdate :: order_status
2025-08-14T10:29:34+00:00 NOTICE handleOrderUpdate :: order_status
2025-08-14T10:29:34+00:00 NOTICE handleOrderUpdate :: order_status
2025-08-14T10:29:34+00:00 NOTICE action_scheduler.queue_job :: MailChimp_WooCommerce_Single_Order starts in 90 seconds :: obj_id 17977 with id 73354
2025-08-14T10:29:35+00:00 NOTICE action_scheduler.queue_job :: MailChimp_WooCommerce_Single_Order starts in 90 seconds :: obj_id 19700 with id 73355
2025-08-14T10:29:35+00:00 NOTICE handleOrderUpdate :: order_status
2025-08-14T10:29:35+00:00 NOTICE handleOrderUpdate :: order_status
2025-08-14T10:29:35+00:00 NOTICE handleOrderUpdate :: order_status
2025-08-14T10:29:35+00:00 NOTICE handleOrderUpdate :: order_status
2025-08-14T10:29:35+00:00 NOTICE handleOrderUpdate :: order_status
2025-08-14T10:29:35+00:00 NOTICE action_scheduler.queue_job :: MailChimp_WooCommerce_Single_Order starts in 90 seconds :: obj_id 16407 with id 73357
2025-08-14T10:29:35+00:00 NOTICE action_scheduler.queue_job :: MailChimp_WooCommerce_Single_Order starts in 90 seconds :: obj_id 19701 with id 73358
2025-08-14T10:29:35+00:00 NOTICE handleOrderUpdate :: order_status
2025-08-14T10:29:35+00:00 NOTICE handleOrderUpdate :: order_status
2025-08-14T10:29:35+00:00 NOTICE handleOrderUpdate :: order_status
2025-08-14T10:29:35+00:00 NOTICE handleOrderUpdate :: order_status
2025-08-14T10:29:36+00:00 NOTICE handleOrderUpdate :: order_status
2025-08-14T10:29:36+00:00 NOTICE action_scheduler.queue_job :: MailChimp_WooCommerce_Single_Order starts in 90 seconds :: obj_id 6846 with id 73360
2025-08-14T10:29:36+00:00 NOTICE action_scheduler.queue_job :: MailChimp_WooCommerce_Single_Order starts in 90 seconds :: obj_id 19702 with id 73361
2025-08-14T10:29:36+00:00 NOTICE handleOrderUpdate :: order_status
2025-08-14T10:29:36+00:00 NOTICE handleOrderUpdate :: order_status
2025-08-14T10:29:36+00:00 NOTICE handleOrderUpdate :: order_status
2025-08-14T10:29:36+00:00 NOTICE handleOrderUpdate :: order_status
2025-08-14T10:29:36+00:00 NOTICE handleOrderUpdate :: order_status
2025-08-14T10:29:37+00:00 NOTICE action_scheduler.queue_job :: MailChimp_WooCommerce_Single_Order starts in 90 seconds :: obj_id 8510 with id 73363
2025-08-14T10:29:37+00:00 NOTICE action_scheduler.queue_job :: MailChimp_WooCommerce_Single_Order starts in 90 seconds :: obj_id 19703 with id 73364
2025-08-14T10:29:37+00:00 NOTICE handleOrderUpdate :: order_status
2025-08-14T10:29:37+00:00 NOTICE handleOrderUpdate :: order_status
2025-08-14T10:29:37+00:00 NOTICE handleOrderUpdate :: order_status
2025-08-14T10:29:37+00:00 NOTICE handleOrderUpdate :: order_status
2025-08-14T10:29:37+00:00 NOTICE handleOrderUpdate :: order_status
2025-08-14T10:29:38+00:00 NOTICE action_scheduler.queue_job :: MailChimp_WooCommerce_Single_Order starts in 90 seconds :: obj_id 11587 with id 73366
2025-08-14T10:29:38+00:00 NOTICE action_scheduler.queue_job :: MailChimp_WooCommerce_Single_Order starts in 90 seconds :: obj_id 19704 with id 73367
2025-08-14T10:29:38+00:00 NOTICE handleOrderUpdate :: order_status
2025-08-14T10:29:38+00:00 NOTICE handleOrderUpdate :: order_status
2025-08-14T10:29:38+00:00 NOTICE handleOrderUpdate :: order_status
2025-08-14T10:29:38+00:00 NOTICE handleOrderUpdate :: order_status
2025-08-14T10:29:38+00:00 NOTICE handleOrderUpdate :: order_status
2025-08-14T10:29:39+00:00 NOTICE action_scheduler.queue_job :: MailChimp_WooCommerce_Single_Order starts in 90 seconds :: obj_id 12312 with id 73369
2025-08-14T10:29:39+00:00 NOTICE action_scheduler.queue_job :: MailChimp_WooCommerce_Single_Order starts in 90 seconds :: obj_id 19705 with id 73370
2025-08-14T10:29:39+00:00 NOTICE handleOrderUpdate :: order_status
2025-08-14T10:29:39+00:00 NOTICE handleOrderUpdate :: order_status
2025-08-14T10:29:39+00:00 NOTICE handleOrderUpdate :: order_status
2025-08-14T10:29:39+00:00 NOTICE handleOrderUpdate :: order_status
2025-08-14T10:29:39+00:00 NOTICE handleOrderUpdate :: order_status
2025-08-14T10:29:39+00:00 NOTICE action_scheduler.queue_job :: MailChimp_WooCommerce_Single_Order starts in 90 seconds :: obj_id 11547 with id 73372
2025-08-14T10:29:40+00:00 NOTICE action_scheduler.queue_job :: MailChimp_WooCommerce_Single_Order starts in 90 seconds :: obj_id 19706 with id 73373
2025-08-14T10:29:40+00:00 NOTICE handleOrderUpdate :: order_status
2025-08-14T10:29:40+00:00 NOTICE handleOrderUpdate :: order_status
2025-08-14T10:29:40+00:00 NOTICE handleOrderUpdate :: order_status
2025-08-14T10:29:40+00:00 NOTICE handleOrderUpdate :: order_status
2025-08-14T10:29:40+00:00 NOTICE handleOrderUpdate :: order_status
2025-08-14T10:29:40+00:00 NOTICE action_scheduler.queue_job :: MailChimp_WooCommerce_Single_Order starts in 90 seconds :: obj_id 16489 with id 73375
2025-08-14T10:29:40+00:00 NOTICE action_scheduler.queue_job :: MailChimp_WooCommerce_Single_Order starts in 90 seconds :: obj_id 19707 with id 73376
2025-08-14T10:29:40+00:00 NOTICE handleOrderUpdate :: order_status
2025-08-14T10:29:40+00:00 NOTICE handleOrderUpdate :: order_status
2025-08-14T10:29:40+00:00 NOTICE handleOrderUpdate :: order_status
2025-08-14T10:29:40+00:00 NOTICE handleOrderUpdate :: order_status
2025-08-14T10:29:41+00:00 NOTICE handleOrderUpdate :: order_status
2025-08-14T10:29:41+00:00 NOTICE action_scheduler.queue_job :: MailChimp_WooCommerce_Single_Order starts in 90 seconds :: obj_id 15196 with id 73378
2025-08-14T10:29:41+00:00 NOTICE action_scheduler.queue_job :: MailChimp_WooCommerce_Single_Order starts in 90 seconds :: obj_id 19708 with id 73379
2025-08-14T10:29:41+00:00 NOTICE handleOrderUpdate :: order_status
2025-08-14T10:29:41+00:00 NOTICE handleOrderUpdate :: order_status
2025-08-14T10:29:41+00:00 NOTICE handleOrderUpdate :: order_status
2025-08-14T10:29:41+00:00 NOTICE handleOrderUpdate :: order_status
2025-08-14T10:29:41+00:00 NOTICE handleOrderUpdate :: order_status
2025-08-14T10:29:41+00:00 NOTICE action_scheduler.queue_job :: MailChimp_WooCommerce_Single_Order starts in 90 seconds :: obj_id 4118 with id 73381
2025-08-14T10:29:42+00:00 NOTICE action_scheduler.queue_job :: MailChimp_WooCommerce_Single_Order starts in 90 seconds :: obj_id 19709 with id 73382
2025-08-14T10:29:42+00:00 NOTICE handleOrderUpdate :: order_status
2025-08-14T10:29:42+00:00 NOTICE handleOrderUpdate :: order_status
2025-08-14T10:29:42+00:00 NOTICE handleOrderUpdate :: order_status
2025-08-14T10:29:42+00:00 NOTICE handleOrderUpdate :: order_status
2025-08-14T10:29:42+00:00 NOTICE handleOrderUpdate :: order_status
2025-08-14T10:29:42+00:00 NOTICE action_scheduler.queue_job :: MailChimp_WooCommerce_Single_Order starts in 90 seconds :: obj_id 16546 with id 73384
2025-08-14T10:29:42+00:00 NOTICE action_scheduler.queue_job :: MailChimp_WooCommerce_Single_Order starts in 90 seconds :: obj_id 19710 with id 73385
2025-08-14T10:29:43+00:00 NOTICE handleOrderUpdate :: order_status
2025-08-14T10:29:43+00:00 NOTICE handleOrderUpdate :: order_status
2025-08-14T10:29:43+00:00 NOTICE handleOrderUpdate :: order_status
2025-08-14T10:29:43+00:00 NOTICE handleOrderUpdate :: order_status
2025-08-14T10:29:43+00:00 NOTICE handleOrderUpdate :: order_status
2025-08-14T10:29:43+00:00 NOTICE action_scheduler.queue_job :: MailChimp_WooCommerce_Single_Order starts in 90 seconds :: obj_id 12320 with id 73387
2025-08-14T10:29:44+00:00 NOTICE action_scheduler.queue_job :: MailChimp_WooCommerce_Single_Order starts in 90 seconds :: obj_id 19711 with id 73388
2025-08-14T10:29:44+00:00 NOTICE handleOrderUpdate :: order_status
2025-08-14T10:29:44+00:00 NOTICE handleOrderUpdate :: order_status
2025-08-14T10:29:44+00:00 NOTICE handleOrderUpdate :: order_status
2025-08-14T10:29:44+00:00 NOTICE handleOrderUpdate :: order_status
2025-08-14T10:29:44+00:00 NOTICE handleOrderUpdate :: order_status
2025-08-14T10:29:44+00:00 NOTICE action_scheduler.queue_job :: MailChimp_WooCommerce_Single_Order starts in 90 seconds :: obj_id 8513 with id 73390
2025-08-14T10:29:45+00:00 NOTICE action_scheduler.queue_job :: MailChimp_WooCommerce_Single_Order starts in 90 seconds :: obj_id 19712 with id 73391
2025-08-14T10:29:45+00:00 NOTICE handleOrderUpdate :: order_status
2025-08-14T10:29:45+00:00 NOTICE handleOrderUpdate :: order_status
2025-08-14T10:29:45+00:00 NOTICE handleOrderUpdate :: order_status
2025-08-14T10:29:45+00:00 NOTICE handleOrderUpdate :: order_status
2025-08-14T10:29:45+00:00 NOTICE handleOrderUpdate :: order_status
2025-08-14T10:29:45+00:00 NOTICE action_scheduler.queue_job :: MailChimp_WooCommerce_Single_Order starts in 90 seconds :: obj_id 16581 with id 73393
2025-08-14T10:29:46+00:00 NOTICE action_scheduler.queue_job :: MailChimp_WooCommerce_Single_Order starts in 90 seconds :: obj_id 19713 with id 73394
2025-08-14T10:29:46+00:00 NOTICE handleOrderUpdate :: order_status
2025-08-14T10:29:46+00:00 NOTICE handleOrderUpdate :: order_status
2025-08-14T10:29:46+00:00 NOTICE handleOrderUpdate :: order_status
2025-08-14T10:29:46+00:00 NOTICE handleOrderUpdate :: order_status
2025-08-14T10:29:46+00:00 NOTICE handleOrderUpdate :: order_status
2025-08-14T10:29:46+00:00 NOTICE action_scheduler.queue_job :: MailChimp_WooCommerce_Single_Order starts in 90 seconds :: obj_id 18026 with id 73396
2025-08-14T10:29:47+00:00 NOTICE action_scheduler.queue_job :: MailChimp_WooCommerce_Single_Order starts in 90 seconds :: obj_id 19714 with id 73397
2025-08-14T10:29:47+00:00 NOTICE handleOrderUpdate :: order_status
2025-08-14T10:29:47+00:00 NOTICE handleOrderUpdate :: order_status
2025-08-14T10:29:47+00:00 NOTICE handleOrderUpdate :: order_status
2025-08-14T10:29:47+00:00 NOTICE handleOrderUpdate :: order_status
2025-08-14T10:29:47+00:00 NOTICE handleOrderUpdate :: order_status
2025-08-14T10:29:47+00:00 NOTICE action_scheduler.queue_job :: MailChimp_WooCommerce_Single_Order starts in 90 seconds :: obj_id 15173 with id 73399
2025-08-14T10:29:48+00:00 NOTICE action_scheduler.queue_job :: MailChimp_WooCommerce_Single_Order starts in 90 seconds :: obj_id 19715 with id 73400
2025-08-14T10:29:48+00:00 NOTICE handleOrderUpdate :: order_status
2025-08-14T10:29:48+00:00 NOTICE handleOrderUpdate :: order_status
2025-08-14T10:29:48+00:00 NOTICE handleOrderUpdate :: order_status
2025-08-14T10:29:48+00:00 NOTICE handleOrderUpdate :: order_status
2025-08-14T10:29:48+00:00 NOTICE handleOrderUpdate :: order_status
2025-08-14T10:29:48+00:00 NOTICE action_scheduler.queue_job :: MailChimp_WooCommerce_Single_Order starts in 90 seconds :: obj_id 13151 with id 73402
2025-08-14T10:29:49+00:00 NOTICE action_scheduler.queue_job :: MailChimp_WooCommerce_Single_Order starts in 90 seconds :: obj_id 19716 with id 73403
2025-08-14T10:29:49+00:00 NOTICE handleOrderUpdate :: order_status
2025-08-14T10:29:49+00:00 NOTICE handleOrderUpdate :: order_status
2025-08-14T10:29:49+00:00 NOTICE handleOrderUpdate :: order_status
2025-08-14T10:29:49+00:00 NOTICE handleOrderUpdate :: order_status
2025-08-14T10:29:57+00:00 NOTICE handleOrderUpdate :: order_status
2025-08-14T10:29:57+00:00 NOTICE action_scheduler.queue_job :: MailChimp_WooCommerce_Single_Order starts in 90 seconds :: obj_id 13232 with id 73409
2025-08-14T10:29:58+00:00 NOTICE action_scheduler.queue_job :: MailChimp_WooCommerce_Single_Order starts in 90 seconds :: obj_id 19717 with id 73410
2025-08-14T10:29:58+00:00 NOTICE handleOrderUpdate :: order_status
2025-08-14T10:29:58+00:00 NOTICE handleOrderUpdate :: order_status
2025-08-14T10:29:58+00:00 NOTICE handleOrderUpdate :: order_status
2025-08-14T10:29:58+00:00 NOTICE handleOrderUpdate :: order_status
2025-08-14T10:29:58+00:00 NOTICE handleOrderUpdate :: order_status
2025-08-14T10:29:58+00:00 NOTICE action_scheduler.queue_job :: MailChimp_WooCommerce_Single_Order starts in 90 seconds :: obj_id 10536 with id 73412
2025-08-14T10:29:58+00:00 NOTICE action_scheduler.queue_job :: MailChimp_WooCommerce_Single_Order starts in 90 seconds :: obj_id 19718 with id 73413
2025-08-14T10:29:58+00:00 NOTICE handleOrderUpdate :: order_status
2025-08-14T10:29:58+00:00 NOTICE handleOrderUpdate :: order_status
2025-08-14T10:29:59+00:00 NOTICE handleOrderUpdate :: order_status
2025-08-14T10:29:59+00:00 NOTICE handleOrderUpdate :: order_status
2025-08-14T10:29:59+00:00 NOTICE handleOrderUpdate :: order_status
2025-08-14T10:29:59+00:00 NOTICE action_scheduler.queue_job :: MailChimp_WooCommerce_Single_Order starts in 90 seconds :: obj_id 18042 with id 73415
2025-08-14T10:29:59+00:00 NOTICE action_scheduler.queue_job :: MailChimp_WooCommerce_Single_Order starts in 90 seconds :: obj_id 19719 with id 73416
2025-08-14T10:29:59+00:00 NOTICE handleOrderUpdate :: order_status
2025-08-14T10:30:00+00:00 NOTICE handleOrderUpdate :: order_status
2025-08-14T10:30:00+00:00 NOTICE handleOrderUpdate :: order_status
2025-08-14T10:30:00+00:00 NOTICE handleOrderUpdate :: order_status
2025-08-14T10:30:00+00:00 NOTICE handleOrderUpdate :: order_status
2025-08-14T10:30:00+00:00 NOTICE action_scheduler.queue_job :: MailChimp_WooCommerce_Single_Order starts in 90 seconds :: obj_id 13899 with id 73418
2025-08-14T10:30:00+00:00 NOTICE action_scheduler.queue_job :: MailChimp_WooCommerce_Single_Order starts in 90 seconds :: obj_id 19720 with id 73419
2025-08-14T10:30:00+00:00 NOTICE handleOrderUpdate :: order_status
2025-08-14T10:30:01+00:00 NOTICE handleOrderUpdate :: order_status
2025-08-14T10:30:01+00:00 NOTICE handleOrderUpdate :: order_status
2025-08-14T10:30:01+00:00 NOTICE handleOrderUpdate :: order_status
2025-08-14T10:30:01+00:00 NOTICE handleOrderUpdate :: order_status
2025-08-14T10:30:01+00:00 NOTICE action_scheduler.queue_job :: MailChimp_WooCommerce_Single_Order starts in 90 seconds :: obj_id 11601 with id 73421
2025-08-14T10:30:02+00:00 NOTICE action_scheduler.queue_job :: MailChimp_WooCommerce_Single_Order starts in 90 seconds :: obj_id 19721 with id 73422
2025-08-14T10:30:02+00:00 NOTICE handleOrderUpdate :: order_status
2025-08-14T10:30:02+00:00 NOTICE handleOrderUpdate :: order_status
2025-08-14T10:30:02+00:00 NOTICE handleOrderUpdate :: order_status
2025-08-14T10:30:02+00:00 NOTICE handleOrderUpdate :: order_status
2025-08-14T10:30:02+00:00 NOTICE handleOrderUpdate :: order_status
2025-08-14T10:30:02+00:00 NOTICE action_scheduler.queue_job :: MailChimp_WooCommerce_Single_Order starts in 90 seconds :: obj_id 13175 with id 73424
2025-08-14T10:30:03+00:00 NOTICE action_scheduler.queue_job :: MailChimp_WooCommerce_Single_Order starts in 90 seconds :: obj_id 19722 with id 73425
2025-08-14T10:30:03+00:00 NOTICE handleOrderUpdate :: order_status
2025-08-14T10:30:03+00:00 NOTICE handleOrderUpdate :: order_status
2025-08-14T10:30:03+00:00 NOTICE handleOrderUpdate :: order_status
2025-08-14T10:30:03+00:00 NOTICE handleOrderUpdate :: order_status
2025-08-14T10:30:03+00:00 NOTICE handleOrderUpdate :: order_status
2025-08-14T10:30:03+00:00 NOTICE action_scheduler.queue_job :: MailChimp_WooCommerce_Single_Order starts in 90 seconds :: obj_id 14612 with id 73427
2025-08-14T10:30:04+00:00 NOTICE action_scheduler.queue_job :: MailChimp_WooCommerce_Single_Order starts in 90 seconds :: obj_id 19723 with id 73428
2025-08-14T10:30:04+00:00 NOTICE handleOrderUpdate :: order_status
2025-08-14T10:30:04+00:00 NOTICE handleOrderUpdate :: order_status
2025-08-14T10:30:04+00:00 NOTICE handleOrderUpdate :: order_status
2025-08-14T10:30:04+00:00 NOTICE handleOrderUpdate :: order_status
2025-08-14T10:30:04+00:00 NOTICE handleOrderUpdate :: order_status
2025-08-14T10:30:05+00:00 NOTICE action_scheduler.queue_job :: MailChimp_WooCommerce_Single_Order starts in 90 seconds :: obj_id 18058 with id 73430
2025-08-14T10:30:06+00:00 NOTICE action_scheduler.queue_job :: MailChimp_WooCommerce_Single_Order starts in 90 seconds :: obj_id 19724 with id 73431
2025-08-14T10:30:06+00:00 NOTICE handleOrderUpdate :: order_status
2025-08-14T10:30:06+00:00 NOTICE handleOrderUpdate :: order_status
2025-08-14T10:30:06+00:00 NOTICE handleOrderUpdate :: order_status
2025-08-14T10:30:06+00:00 NOTICE handleOrderUpdate :: order_status
2025-08-14T10:30:06+00:00 NOTICE handleOrderUpdate :: order_status
2025-08-14T10:30:06+00:00 NOTICE action_scheduler.queue_job :: MailChimp_WooCommerce_Single_Order starts in 90 seconds :: obj_id 16442 with id 73433
2025-08-14T10:30:07+00:00 NOTICE action_scheduler.queue_job :: MailChimp_WooCommerce_Single_Order starts in 90 seconds :: obj_id 19725 with id 73434
2025-08-14T10:30:07+00:00 NOTICE handleOrderUpdate :: order_status
2025-08-14T10:30:07+00:00 NOTICE handleOrderUpdate :: order_status
2025-08-14T10:30:07+00:00 NOTICE handleOrderUpdate :: order_status
2025-08-14T10:30:07+00:00 NOTICE handleOrderUpdate :: order_status
2025-08-14T10:30:07+00:00 NOTICE handleOrderUpdate :: order_status
2025-08-14T10:30:08+00:00 NOTICE handleOrderUpdate :: order_status
2025-08-14T10:30:08+00:00 NOTICE handleOrderUpdate :: order_status
2025-08-14T10:30:08+00:00 NOTICE debug :: Order ID 19725 was pending and is now completed :: Array
(
    [new_order] => 1
    [tracking] => Array
        (
            [landing_site] => https://trying-to-adult.local/login-account-information/
        )

)

2025-08-14T10:30:09+00:00 NOTICE handleOrderUpdate :: order_status
2025-08-14T10:30:09+00:00 NOTICE action_scheduler.queue_job :: MailChimp_WooCommerce_Single_Order starts in 90 seconds :: obj_id 18066 with id 73438
2025-08-14T10:30:10+00:00 NOTICE action_scheduler.queue_job :: MailChimp_WooCommerce_Single_Order starts in 90 seconds :: obj_id 19726 with id 73439
2025-08-14T10:30:10+00:00 NOTICE handleOrderUpdate :: order_status
2025-08-14T10:30:10+00:00 NOTICE handleOrderUpdate :: order_status
2025-08-14T10:30:10+00:00 NOTICE handleOrderUpdate :: order_status
2025-08-14T10:30:10+00:00 NOTICE handleOrderUpdate :: order_status
2025-08-14T10:30:10+00:00 NOTICE handleOrderUpdate :: order_status
2025-08-14T10:30:10+00:00 NOTICE action_scheduler.queue_job :: MailChimp_WooCommerce_Single_Order starts in 90 seconds :: obj_id 16596 with id 73441
2025-08-14T10:30:11+00:00 NOTICE action_scheduler.queue_job :: MailChimp_WooCommerce_Single_Order starts in 90 seconds :: obj_id 19727 with id 73442
2025-08-14T10:30:12+00:00 NOTICE handleOrderUpdate :: order_status
2025-08-14T10:30:12+00:00 NOTICE handleOrderUpdate :: order_status
2025-08-14T10:30:12+00:00 NOTICE handleOrderUpdate :: order_status
2025-08-14T10:30:12+00:00 NOTICE handleOrderUpdate :: order_status
2025-08-14T10:30:12+00:00 NOTICE handleOrderUpdate :: order_status
2025-08-14T10:30:12+00:00 NOTICE action_scheduler.queue_job :: MailChimp_WooCommerce_Single_Order starts in 90 seconds :: obj_id 13158 with id 73444
2025-08-14T10:30:13+00:00 NOTICE action_scheduler.queue_job :: MailChimp_WooCommerce_Single_Order starts in 90 seconds :: obj_id 19728 with id 73445
2025-08-14T10:30:13+00:00 NOTICE handleOrderUpdate :: order_status
2025-08-14T10:30:13+00:00 NOTICE handleOrderUpdate :: order_status
2025-08-14T10:30:13+00:00 NOTICE handleOrderUpdate :: order_status
2025-08-14T10:30:13+00:00 NOTICE handleOrderUpdate :: order_status
2025-08-14T10:30:13+00:00 NOTICE handleOrderUpdate :: order_status
2025-08-14T10:30:13+00:00 NOTICE action_scheduler.queue_job :: MailChimp_WooCommerce_Single_Order starts in 90 seconds :: obj_id 14623 with id 73447
2025-08-14T10:30:14+00:00 NOTICE action_scheduler.queue_job :: MailChimp_WooCommerce_Single_Order starts in 90 seconds :: obj_id 19729 with id 73448
2025-08-14T10:30:14+00:00 NOTICE handleOrderUpdate :: order_status
2025-08-14T10:30:14+00:00 NOTICE handleOrderUpdate :: order_status
2025-08-14T10:30:14+00:00 NOTICE handleOrderUpdate :: order_status
2025-08-14T10:30:14+00:00 NOTICE handleOrderUpdate :: order_status
2025-08-14T10:30:14+00:00 NOTICE handleOrderUpdate :: order_status
2025-08-14T10:30:14+00:00 NOTICE action_scheduler.queue_job :: MailChimp_WooCommerce_Single_Order starts in 90 seconds :: obj_id 6165 with id 73450
2025-08-14T10:30:15+00:00 NOTICE action_scheduler.queue_job :: MailChimp_WooCommerce_Single_Order starts in 90 seconds :: obj_id 19730 with id 73451
2025-08-14T10:30:15+00:00 NOTICE handleOrderUpdate :: order_status
2025-08-14T10:30:15+00:00 NOTICE handleOrderUpdate :: order_status
2025-08-14T10:30:15+00:00 NOTICE handleOrderUpdate :: order_status
2025-08-14T10:30:15+00:00 NOTICE handleOrderUpdate :: order_status
2025-08-14T10:30:15+00:00 NOTICE handleOrderUpdate :: order_status
2025-08-14T10:30:15+00:00 NOTICE action_scheduler.queue_job :: MailChimp_WooCommerce_Single_Order starts in 90 seconds :: obj_id 15297 with id 73453
2025-08-14T10:30:16+00:00 NOTICE action_scheduler.queue_job :: MailChimp_WooCommerce_Single_Order starts in 90 seconds :: obj_id 19731 with id 73454
2025-08-14T10:30:16+00:00 NOTICE handleOrderUpdate :: order_status
2025-08-14T10:30:16+00:00 NOTICE handleOrderUpdate :: order_status
2025-08-14T10:30:16+00:00 NOTICE handleOrderUpdate :: order_status
2025-08-14T10:30:16+00:00 NOTICE handleOrderUpdate :: order_status
2025-08-14T10:30:17+00:00 NOTICE handleOrderUpdate :: order_status
2025-08-14T10:30:17+00:00 NOTICE action_scheduler.queue_job :: MailChimp_WooCommerce_Single_Order starts in 90 seconds :: obj_id 3086 with id 73456
2025-08-14T10:30:17+00:00 NOTICE action_scheduler.queue_job :: MailChimp_WooCommerce_Single_Order starts in 90 seconds :: obj_id 19732 with id 73457
2025-08-14T10:30:17+00:00 NOTICE handleOrderUpdate :: order_status
2025-08-14T10:30:17+00:00 NOTICE handleOrderUpdate :: order_status
2025-08-14T10:30:17+00:00 NOTICE handleOrderUpdate :: order_status
2025-08-14T10:30:17+00:00 NOTICE handleOrderUpdate :: order_status
2025-08-14T10:30:17+00:00 NOTICE handleOrderUpdate :: order_status
2025-08-14T10:30:18+00:00 NOTICE handleOrderUpdate :: order_status
2025-08-14T10:30:18+00:00 NOTICE handleOrderUpdate :: order_status
2025-08-14T10:30:18+00:00 NOTICE debug :: Order ID 19732 was pending and is now processing :: Array
(
    [new_order] => 1
    [tracking] => Array
        (
            [landing_site] => https://trying-to-adult.local/
        )

)

2025-08-14T10:30:18+00:00 NOTICE handleOrderUpdate :: order_status
2025-08-14T10:30:18+00:00 NOTICE action_scheduler.queue_job :: MailChimp_WooCommerce_Single_Order starts in 90 seconds :: obj_id 3089 with id 73461
2025-08-14T10:30:18+00:00 NOTICE action_scheduler.queue_job :: MailChimp_WooCommerce_Single_Order starts in 90 seconds :: obj_id 19733 with id 73462
2025-08-14T10:30:18+00:00 NOTICE handleOrderUpdate :: order_status
2025-08-14T10:30:18+00:00 NOTICE handleOrderUpdate :: order_status
2025-08-14T10:30:18+00:00 NOTICE handleOrderUpdate :: order_status
2025-08-14T10:30:18+00:00 NOTICE handleOrderUpdate :: order_status
2025-08-14T10:30:19+00:00 NOTICE handleOrderUpdate :: order_status
2025-08-14T10:30:19+00:00 NOTICE handleOrderUpdate :: order_status
2025-08-14T10:30:19+00:00 NOTICE handleOrderUpdate :: order_status
2025-08-14T10:30:19+00:00 NOTICE debug :: Order ID 19733 was pending and is now processing :: Array
(
    [new_order] => 1
    [tracking] => Array
        (
            [landing_site] => https://trying-to-adult.local/checkout/order-received/2976/?key=wc_order_BplYDMphs2uNs
        )

)

2025-08-14T10:30:19+00:00 NOTICE handleOrderUpdate :: order_status
2025-08-14T10:30:19+00:00 NOTICE action_scheduler.queue_job :: MailChimp_WooCommerce_Single_Order starts in 90 seconds :: obj_id 16615 with id 73466
2025-08-14T10:30:20+00:00 NOTICE action_scheduler.queue_job :: MailChimp_WooCommerce_Single_Order starts in 90 seconds :: obj_id 19734 with id 73467
2025-08-14T10:30:20+00:00 NOTICE handleOrderUpdate :: order_status
2025-08-14T10:30:20+00:00 NOTICE handleOrderUpdate :: order_status
2025-08-14T10:30:20+00:00 NOTICE handleOrderUpdate :: order_status
2025-08-14T10:30:20+00:00 NOTICE handleOrderUpdate :: order_status
2025-08-14T10:30:21+00:00 NOTICE handleOrderUpdate :: order_status
2025-08-14T10:30:21+00:00 NOTICE action_scheduler.queue_job :: MailChimp_WooCommerce_Single_Order starts in 90 seconds :: obj_id 10093 with id 73469
2025-08-14T10:30:21+00:00 NOTICE action_scheduler.queue_job :: MailChimp_WooCommerce_Single_Order starts in 90 seconds :: obj_id 19735 with id 73470
2025-08-14T10:30:22+00:00 NOTICE handleOrderUpdate :: order_status
2025-08-14T10:30:22+00:00 NOTICE handleOrderUpdate :: order_status
2025-08-14T10:30:22+00:00 NOTICE handleOrderUpdate :: order_status
2025-08-14T10:30:22+00:00 NOTICE handleOrderUpdate :: order_status
2025-08-14T10:42:39+00:00 ERROR webhook :: <p>url: We couldn't verify the URL is working. Please double check and try again. HTTP Code: 503</p>
2025-08-14T10:42:39+00:00 NOTICE webhooks :: Ran plugin updater
2025-08-14T13:14:22+00:00 ERROR delete_store 63c5d2d5274ca :: Resource Not FoundThe requested resource could not be found.
