2025-01-24T00:33:23+00:00 NOTICE handleOrderUpdate :: order_status
2025-01-24T00:33:23+00:00 NOTICE action_scheduler.queue_job :: MailChimp_WooCommerce_Single_Order starts in 90 seconds :: obj_id 15049 with id 57089
2025-01-24T00:33:25+00:00 NOTICE action_scheduler.queue_job :: MailChimp_WooCommerce_Single_Order starts in 90 seconds :: obj_id 16165 with id 57090
2025-01-24T00:33:25+00:00 NOTICE handleOrderUpdate :: order_status
2025-01-24T00:33:25+00:00 NOTICE handleOrderUpdate :: order_status
2025-01-24T00:33:25+00:00 NOTICE handleOrderUpdate :: order_status
2025-01-24T00:33:25+00:00 NOTICE handleOrderUpdate :: order_status
2025-01-24T00:33:29+00:00 NOTICE handleOrderUpdate :: order_status
2025-01-24T00:33:29+00:00 NOTICE handleOrderUpdate :: order_status
2025-01-24T00:33:30+00:00 NOTICE handleOrderUpdate :: order_status
2025-01-24T00:33:30+00:00 NOTICE handleOrderUpdate :: order_status
2025-01-24T00:33:31+00:00 NOTICE handleOrderUpdate :: order_status
2025-01-24T00:33:31+00:00 NOTICE handleOrderUpdate :: order_status
2025-01-24T00:33:31+00:00 NOTICE debug :: Order ID 16165 was pending and is now processing :: Array
(
    [new_order] => 1
    [tracking] => Array
        (
            [landing_site] => https://tryingtoadultrva.com/checkout/
        )

)
2025-01-24T00:33:49+00:00 NOTICE action_scheduler.queue_job :: MailChimp_WooCommerce_Cart_Update queued :: obj_id 0d8824efb4d84fd2ecf31f501c2996ce with id 57099
2025-01-24T00:33:58+00:00 NOTICE action_scheduler.queue_job :: MailChimp_WooCommerce_Single_Order starts in 90 seconds :: obj_id 16166 with id 57100
2025-01-24T00:33:58+00:00 NOTICE handleOrderUpdate :: order_status
2025-01-24T00:33:59+00:00 NOTICE handleOrderUpdate :: order_status
2025-01-24T00:34:00+00:00 NOTICE debug :: Order ID 16166 was pending and is now processing :: Array
(
    [new_order] => 1
    [tracking] => Array
        (
            [landing_site] => https://tryingtoadultrva.com/checkout/order-received/16155/?key=wc_order_WVMkHgN57a8Za
        )

)
2025-01-24T00:34:24+00:00 NOTICE abandoned_cart.success :: email: atuc011596@gmail.com :: checkout_url: https://tryingtoadultrva.com/checkout/?mc_cart_id=0d8824efb4d84fd2ecf31f501c2996ce
2025-01-24T00:34:24+00:00 NOTICE integration_logic :: mailchimp_member_data_update set the user meta for atuc011596@gmail.com to subscribed because it was out of sync.
2025-01-24T00:34:24+00:00 NOTICE cart.member.updated :: Updated atuc011596@gmail.com subscriber status to subscribedand language to en
2025-01-24T00:35:21+00:00 NOTICE filter :: Order 15049 was skipped by the filter
2025-01-24T00:35:24+00:00 NOTICE order.member.updated :: Updated rbagby98@gmail.com subscriber status to subscribedand language to en
2025-01-24T00:35:24+00:00 NOTICE order_submit.success :: addStoreOrder :: #16165 :: email: rbagby98@gmail.com
2025-01-24T00:36:23+00:00 NOTICE order.member.updated :: Updated atuc011596@gmail.com subscriber status to subscribedand language to en
2025-01-24T00:36:23+00:00 NOTICE order_submit.success :: addStoreOrder :: #16166 :: email: atuc011596@gmail.com :: landing site https://tryingtoadultrva.com/checkout/order-received/16155/?key=wc_order_WVMkHgN57a8Za :: abandoned cart deleted [0d8824efb4d84fd2ecf31f501c2996ce]
2025-01-24T00:37:01+00:00 NOTICE action_scheduler.queue_job :: MailChimp_WooCommerce_Cart_Update queued :: obj_id 0d8824efb4d84fd2ecf31f501c2996ce with id 57103
2025-01-24T00:37:08+00:00 NOTICE abandoned_cart.success :: email: atuc011596@gmail.com :: checkout_url: https://tryingtoadultrva.com/checkout/?mc_cart_id=0d8824efb4d84fd2ecf31f501c2996ce
2025-01-24T00:37:09+00:00 NOTICE action_scheduler.queue_job :: MailChimp_WooCommerce_Single_Order starts in 90 seconds :: obj_id 16168 with id 57104
2025-01-24T00:37:10+00:00 NOTICE handleOrderUpdate :: order_status
2025-01-24T00:37:10+00:00 NOTICE handleOrderUpdate :: order_status
2025-01-24T00:37:11+00:00 NOTICE debug :: Order ID 16168 was pending and is now processing :: Array
(
    [new_order] => 1
    [tracking] => Array
        (
            [landing_site] => https://tryingtoadultrva.com/checkout/order-received/16166/?key=wc_order_OaujjHSdkVoTd
        )

)
2025-01-24T00:39:28+00:00 NOTICE order.member.updated :: Updated atuc011596@gmail.com subscriber status to subscribedand language to en
2025-01-24T00:39:28+00:00 NOTICE order_submit.success :: addStoreOrder :: #16168 :: email: atuc011596@gmail.com :: landing site https://tryingtoadultrva.com/checkout/order-received/16166/?key=wc_order_OaujjHSdkVoTd :: abandoned cart deleted [0d8824efb4d84fd2ecf31f501c2996ce]
2025-01-24T03:12:54+00:00 NOTICE handleOrderUpdate :: order_status
2025-01-24T03:12:55+00:00 NOTICE action_scheduler.queue_job :: MailChimp_WooCommerce_Single_Order starts in 90 seconds :: obj_id 11358 with id 57107
2025-01-24T03:12:56+00:00 NOTICE action_scheduler.queue_job :: MailChimp_WooCommerce_Single_Order starts in 90 seconds :: obj_id 16170 with id 57108
2025-01-24T03:12:56+00:00 NOTICE handleOrderUpdate :: order_status
2025-01-24T03:12:56+00:00 NOTICE handleOrderUpdate :: order_status
2025-01-24T03:12:56+00:00 NOTICE handleOrderUpdate :: order_status
2025-01-24T03:12:56+00:00 NOTICE handleOrderUpdate :: order_status
2025-01-24T03:13:00+00:00 NOTICE handleOrderUpdate :: order_status
2025-01-24T03:13:00+00:00 NOTICE handleOrderUpdate :: order_status
2025-01-24T03:13:00+00:00 NOTICE handleOrderUpdate :: order_status
2025-01-24T03:13:01+00:00 NOTICE handleOrderUpdate :: order_status
2025-01-24T03:13:01+00:00 NOTICE handleOrderUpdate :: order_status
2025-01-24T03:13:01+00:00 NOTICE debug :: Order ID 16170 was pending and is now processing :: Array
(
    [new_order] => 1
    [tracking] => Array
        (
            [landing_site] => https://tryingtoadultrva.com/product/membership/
        )

)
2025-01-24T03:15:26+00:00 NOTICE filter :: Order 11358 was skipped by the filter
2025-01-24T03:15:30+00:00 NOTICE order.member.updated :: Updated mmagitz@icloud.com subscriber status to subscribedand language to en
2025-01-24T03:15:30+00:00 NOTICE order_submit.success :: addStoreOrder :: #16170 :: email: mmagitz@icloud.com
2025-01-24T03:33:31+00:00 NOTICE handleOrderUpdate :: order_status
2025-01-24T03:33:31+00:00 NOTICE action_scheduler.queue_job :: MailChimp_WooCommerce_Single_Order starts in 90 seconds :: obj_id 11404 with id 57117
2025-01-24T03:33:33+00:00 NOTICE action_scheduler.queue_job :: MailChimp_WooCommerce_Single_Order starts in 90 seconds :: obj_id 16171 with id 57118
2025-01-24T03:33:33+00:00 NOTICE handleOrderUpdate :: order_status
2025-01-24T03:33:33+00:00 NOTICE handleOrderUpdate :: order_status
2025-01-24T03:33:33+00:00 NOTICE handleOrderUpdate :: order_status
2025-01-24T03:33:34+00:00 NOTICE handleOrderUpdate :: order_status
2025-01-24T03:33:38+00:00 NOTICE handleOrderUpdate :: order_status
2025-01-24T03:33:38+00:00 NOTICE handleOrderUpdate :: order_status
2025-01-24T03:33:38+00:00 NOTICE handleOrderUpdate :: order_status
2025-01-24T03:33:39+00:00 NOTICE handleOrderUpdate :: order_status
2025-01-24T03:33:39+00:00 NOTICE handleOrderUpdate :: order_status
2025-01-24T03:33:39+00:00 NOTICE debug :: Order ID 16171 was pending and is now processing :: Array
(
    [new_order] => 1
    [tracking] => Array
        (
            [landing_site] => https://tryingtoadultrva.com/product/membership/
        )

)
2025-01-24T03:35:34+00:00 NOTICE filter :: Order 11404 was skipped by the filter
2025-01-24T03:35:36+00:00 NOTICE order.member.updated :: Updated jtbrski@hotmail.com subscriber status to subscribedand language to en
2025-01-24T03:35:36+00:00 NOTICE order_submit.success :: addStoreOrder :: #16171 :: email: jtbrski@hotmail.com
2025-01-24T13:16:10+00:00 NOTICE action_scheduler.queue_job :: MailChimp_WooCommerce_Cart_Update queued :: obj_id 9b758bf318819ab3a466cddcace23208 with id 57127
2025-01-24T13:16:16+00:00 NOTICE abandoned_cart.success :: email: clarkcm90@gmail.com :: checkout_url: https://tryingtoadultrva.com/checkout/?mc_cart_id=9b758bf318819ab3a466cddcace23208
2025-01-24T13:16:16+00:00 NOTICE integration_logic :: mailchimp_member_data_update set the user meta for clarkcm90@gmail.com to subscribed because it was out of sync.
2025-01-24T13:16:16+00:00 NOTICE cart.member.updated :: Updated clarkcm90@gmail.com subscriber status to subscribedand language to en
2025-01-24T13:16:23+00:00 NOTICE action_scheduler.queue_job :: MailChimp_WooCommerce_Single_Order starts in 90 seconds :: obj_id 16172 with id 57128
2025-01-24T13:16:24+00:00 NOTICE handleOrderUpdate :: order_status
2025-01-24T13:16:24+00:00 NOTICE handleOrderUpdate :: order_status
2025-01-24T13:16:25+00:00 NOTICE debug :: Order ID 16172 was pending and is now processing :: Array
(
    [new_order] => 1
    [tracking] => Array
        (
            [landing_site] => https://tryingtoadultrva.com/login-account-information/lost-password/?show-reset-form=true&action
        )

)
2025-01-24T13:18:31+00:00 NOTICE order.member.updated :: Updated clarkcm90@gmail.com subscriber status to subscribedand language to en
2025-01-24T13:18:31+00:00 NOTICE order_submit.success :: addStoreOrder :: #16172 :: email: clarkcm90@gmail.com :: landing site https://tryingtoadultrva.com/login-account-information/lost-password/?show-reset-form=true&action :: abandoned cart deleted [9b758bf318819ab3a466cddcace23208]
2025-01-24T14:26:21+00:00 NOTICE handleOrderUpdate :: order_status
2025-01-24T14:26:21+00:00 NOTICE action_scheduler.queue_job :: MailChimp_WooCommerce_Single_Order starts in 90 seconds :: obj_id 12988 with id 57131
2025-01-24T14:26:22+00:00 NOTICE action_scheduler.queue_job :: MailChimp_WooCommerce_Single_Order starts in 90 seconds :: obj_id 16174 with id 57132
2025-01-24T14:26:23+00:00 NOTICE handleOrderUpdate :: order_status
2025-01-24T14:26:23+00:00 NOTICE handleOrderUpdate :: order_status
2025-01-24T14:26:23+00:00 NOTICE handleOrderUpdate :: order_status
2025-01-24T14:26:23+00:00 NOTICE handleOrderUpdate :: order_status
2025-01-24T14:26:26+00:00 NOTICE handleOrderUpdate :: order_status
2025-01-24T14:26:26+00:00 NOTICE handleOrderUpdate :: order_status
2025-01-24T14:26:26+00:00 NOTICE handleOrderUpdate :: order_status
2025-01-24T14:26:26+00:00 NOTICE handleOrderUpdate :: order_status
2025-01-24T14:26:27+00:00 NOTICE handleOrderUpdate :: order_status
2025-01-24T14:26:27+00:00 NOTICE debug :: Order ID 16174 was pending and is now processing :: Array
(
    [new_order] => 1
    [tracking] => Array
        (
            [landing_site] => https://tryingtoadultrva.com/events/list/
        )

)
2025-01-24T14:28:26+00:00 NOTICE filter :: Order 12988 was skipped by the filter
2025-01-24T14:28:30+00:00 NOTICE order.member.updated :: Updated lauryn.samone@gmail.com subscriber status to subscribedand language to en
2025-01-24T14:28:30+00:00 NOTICE order_submit.success :: addStoreOrder :: #16174 :: email: lauryn.samone@gmail.com
2025-01-24T15:15:24+00:00 NOTICE handleOrderUpdate :: order_status
2025-01-24T15:15:24+00:00 NOTICE action_scheduler.queue_job :: MailChimp_WooCommerce_Single_Order starts in 90 seconds :: obj_id 16140 with id 57142
2025-01-24T15:15:24+00:00 NOTICE handleOrderUpdate :: order_status
2025-01-24T15:15:24+00:00 NOTICE handleOrderUpdate :: order_status
2025-01-24T15:15:24+00:00 NOTICE handleOrderUpdate :: order_status
2025-01-24T15:15:27+00:00 NOTICE handleOrderUpdate :: order_status
2025-01-24T15:15:28+00:00 NOTICE handleOrderUpdate :: order_status
2025-01-24T15:15:28+00:00 NOTICE handleOrderUpdate :: order_status
2025-01-24T15:15:28+00:00 NOTICE debug :: Order ID 16140 was failed and is now pending :: Array
(
    [new_order] => 
    [tracking] => 
)
2025-01-24T15:15:28+00:00 NOTICE debug :: Order ID 16140 was pending and is now failed :: Array
(
    [new_order] => 
    [tracking] => 
)
2025-01-24T15:17:23+00:00 NOTICE order_submit :: #16140 has a financial status of pending and was skipped.
2025-01-24T15:49:33+00:00 NOTICE handleOrderUpdate :: order_status
2025-01-24T15:49:33+00:00 NOTICE action_scheduler.queue_job :: MailChimp_WooCommerce_Single_Order starts in 90 seconds :: obj_id 15093 with id 57146
2025-01-24T15:49:35+00:00 NOTICE action_scheduler.queue_job :: MailChimp_WooCommerce_Single_Order starts in 90 seconds :: obj_id 16175 with id 57147
2025-01-24T15:49:35+00:00 NOTICE handleOrderUpdate :: order_status
2025-01-24T15:49:35+00:00 NOTICE handleOrderUpdate :: order_status
2025-01-24T15:49:35+00:00 NOTICE handleOrderUpdate :: order_status
2025-01-24T15:49:35+00:00 NOTICE handleOrderUpdate :: order_status
2025-01-24T15:49:39+00:00 NOTICE handleOrderUpdate :: order_status
2025-01-24T15:49:39+00:00 NOTICE handleOrderUpdate :: order_status
2025-01-24T15:49:39+00:00 NOTICE handleOrderUpdate :: order_status
2025-01-24T15:49:40+00:00 NOTICE handleOrderUpdate :: order_status
2025-01-24T15:49:40+00:00 NOTICE handleOrderUpdate :: order_status
2025-01-24T15:49:40+00:00 NOTICE debug :: Order ID 16175 was pending and is now processing :: Array
(
    [new_order] => 1
    [tracking] => Array
        (
            [landing_site] => https://tryingtoadultrva.com/login-account-information/
        )

)
2025-01-24T15:51:21+00:00 NOTICE filter :: Order 15093 was skipped by the filter
2025-01-24T15:51:24+00:00 NOTICE order.member.updated :: Updated 4x2equals8@gmail.com subscriber status to subscribedand language to en
2025-01-24T15:51:24+00:00 NOTICE order_submit.success :: addStoreOrder :: #16175 :: email: 4x2equals8@gmail.com
2025-01-24T16:37:07+00:00 NOTICE action_scheduler.queue_job :: MailChimp_WooCommerce_Single_Product starts in 5 seconds :: obj_id 16177 with id 57156
2025-01-24T16:37:21+00:00 NOTICE product_submit.success :: upsert :: #16177
2025-01-24T16:43:15+00:00 NOTICE product.deleted :: deleted product 16177
2025-01-24T16:43:15+00:00 NOTICE product.update.blocked :: product 16177 was blocked because status is trash
2025-01-24T16:43:44+00:00 NOTICE action_scheduler.queue_job :: MailChimp_WooCommerce_Single_Product starts in 5 seconds :: obj_id 16180 with id 57161
2025-01-24T16:44:09+00:00 NOTICE product_submit.success :: upsert :: #16180
2025-01-24T16:49:58+00:00 NOTICE action_scheduler.queue_job :: MailChimp_WooCommerce_Single_Product starts in 5 seconds :: obj_id 16183 with id 57166
2025-01-24T16:50:21+00:00 NOTICE product_submit.success :: upsert :: #16183
2025-01-24T16:52:51+00:00 NOTICE product.deleted :: deleted product 16183
2025-01-24T16:52:51+00:00 NOTICE product.update.blocked :: product 16183 was blocked because status is trash
2025-01-24T16:53:23+00:00 NOTICE action_scheduler.queue_job :: MailChimp_WooCommerce_Single_Product starts in 5 seconds :: obj_id 16186 with id 57171
2025-01-24T16:54:10+00:00 NOTICE product_submit.success :: upsert :: #16186
2025-01-24T17:05:58+00:00 NOTICE action_scheduler.queue_job :: MailChimp_WooCommerce_Cart_Update queued :: obj_id f6f66e783e8def5187683e2f633475f0 with id 57175
2025-01-24T17:06:02+00:00 NOTICE handleOrderUpdate :: order_status
2025-01-24T17:06:02+00:00 NOTICE action_scheduler.queue_job :: MailChimp_WooCommerce_Single_Order starts in 90 seconds :: obj_id 15093 with id 57176
2025-01-24T17:06:21+00:00 NOTICE abandoned_cart.success :: email: claineryan13@gmail.com :: checkout_url: https://tryingtoadultrva.com/checkout/?mc_cart_id=f6f66e783e8def5187683e2f633475f0
2025-01-24T17:06:22+00:00 NOTICE integration_logic :: mailchimp_member_data_update set the user meta for claineryan13@gmail.com to subscribed because it was out of sync.
2025-01-24T17:06:22+00:00 NOTICE cart.member.updated :: Updated claineryan13@gmail.com subscriber status to subscribedand language to en
2025-01-24T17:07:08+00:00 NOTICE action_scheduler.queue_job :: MailChimp_WooCommerce_Cart_Update queued :: obj_id f6f66e783e8def5187683e2f633475f0 with id 57177
2025-01-24T17:07:22+00:00 NOTICE abandoned_cart.success :: email: claineryan13@gmail.com :: checkout_url: https://tryingtoadultrva.com/checkout/?mc_cart_id=f6f66e783e8def5187683e2f633475f0
2025-01-24T17:08:26+00:00 NOTICE filter :: Order 15093 was skipped by the filter
2025-01-24T17:09:36+00:00 NOTICE action_scheduler.queue_job :: MailChimp_WooCommerce_Cart_Update queued :: obj_id f6f66e783e8def5187683e2f633475f0 with id 57178
2025-01-24T17:10:23+00:00 NOTICE abandoned_cart.success :: email: claineryan13@gmail.com :: checkout_url: https://tryingtoadultrva.com/checkout/?mc_cart_id=f6f66e783e8def5187683e2f633475f0
2025-01-24T17:12:12+00:00 NOTICE action_scheduler.queue_job :: MailChimp_WooCommerce_Single_Order starts in 90 seconds :: obj_id 16190 with id 57180
2025-01-24T17:12:13+00:00 NOTICE handleOrderUpdate :: order_status
2025-01-24T17:12:18+00:00 NOTICE handleOrderUpdate :: order_status
2025-01-24T17:12:18+00:00 NOTICE handleOrderUpdate :: order_status
2025-01-24T17:12:19+00:00 NOTICE debug :: Order ID 16190 was pending and is now processing :: Array
(
    [new_order] => 1
    [tracking] => Array
        (
            [landing_site] => https://tryingtoadultrva.com/checkout/order-received/15888/?key=wc_order_v3xSbLAINWIQF
        )

)
2025-01-24T17:14:05+00:00 NOTICE order.member.updated :: Updated claineryan13@gmail.com subscriber status to subscribedand language to en
2025-01-24T17:14:05+00:00 NOTICE order_submit.success :: addStoreOrder :: #16190 :: email: claineryan13@gmail.com :: landing site https://tryingtoadultrva.com/checkout/order-received/15888/?key=wc_order_v3xSbLAINWIQF :: abandoned cart deleted [f6f66e783e8def5187683e2f633475f0]
2025-01-24T17:14:48+00:00 NOTICE action_scheduler.queue_job :: MailChimp_WooCommerce_Cart_Update queued :: obj_id b05599d4cac53dc74a1a0eb6672416b8 with id 57183
2025-01-24T17:15:06+00:00 NOTICE abandoned_cart.success :: email: chstrickler19@hotmail.com :: checkout_url: https://tryingtoadultrva.com/checkout/?mc_cart_id=b05599d4cac53dc74a1a0eb6672416b8
2025-01-24T17:15:06+00:00 NOTICE integration_logic :: mailchimp_member_data_update set the user meta for chstrickler19@hotmail.com to subscribed because it was out of sync.
2025-01-24T17:15:06+00:00 NOTICE cart.member.updated :: Updated chstrickler19@hotmail.com subscriber status to subscribedand language to en
2025-01-24T17:15:36+00:00 NOTICE action_scheduler.queue_job :: MailChimp_WooCommerce_Cart_Update queued :: obj_id e7861318587779024f56a573302de099 with id 57184
2025-01-24T17:16:11+00:00 NOTICE abandoned_cart.success :: email: dana.p.harrell@gmail.com :: checkout_url: https://tryingtoadultrva.com/checkout/?mc_cart_id=e7861318587779024f56a573302de099
2025-01-24T17:16:12+00:00 NOTICE integration_logic :: mailchimp_member_data_update set the user meta for dana.p.harrell@gmail.com to subscribed because it was out of sync.
2025-01-24T17:16:12+00:00 NOTICE cart.member.updated :: Updated dana.p.harrell@gmail.com subscriber status to subscribedand language to en
2025-01-24T17:17:12+00:00 NOTICE action_scheduler.queue_job :: MailChimp_WooCommerce_Single_Order starts in 90 seconds :: obj_id 16195 with id 57185
2025-01-24T17:17:12+00:00 NOTICE handleOrderUpdate :: order_status
2025-01-24T17:17:13+00:00 NOTICE handleOrderUpdate :: order_status
2025-01-24T17:17:14+00:00 NOTICE debug :: Order ID 16195 was pending and is now processing :: Array
(
    [new_order] => 1
    [tracking] => Array
        (
            [landing_site] => https://tryingtoadultrva.com/checkout/order-received/15842/?key=wc_order_OyKqDuA8HARlX
        )

)
2025-01-24T17:18:47+00:00 NOTICE order.member.updated :: Updated dana.p.harrell@gmail.com subscriber status to subscribedand language to en
2025-01-24T17:18:47+00:00 NOTICE order_submit.success :: addStoreOrder :: #16195 :: email: dana.p.harrell@gmail.com :: landing site https://tryingtoadultrva.com/checkout/order-received/15842/?key=wc_order_OyKqDuA8HARlX :: abandoned cart deleted [e7861318587779024f56a573302de099]
2025-01-24T17:18:59+00:00 NOTICE action_scheduler.queue_job :: MailChimp_WooCommerce_Cart_Update queued :: obj_id b05599d4cac53dc74a1a0eb6672416b8 with id 57188
2025-01-24T17:19:20+00:00 NOTICE abandoned_cart.success :: email: chstrickler19@hotmail.com :: checkout_url: https://tryingtoadultrva.com/checkout/?mc_cart_id=b05599d4cac53dc74a1a0eb6672416b8
2025-01-24T17:19:35+00:00 NOTICE action_scheduler.queue_job :: MailChimp_WooCommerce_Cart_Update queued :: obj_id b05599d4cac53dc74a1a0eb6672416b8 with id 57189
2025-01-24T17:19:47+00:00 NOTICE abandoned_cart.success :: email: chstrickler19@hotmail.com :: checkout_url: https://tryingtoadultrva.com/checkout/?mc_cart_id=b05599d4cac53dc74a1a0eb6672416b8
2025-01-24T17:20:34+00:00 NOTICE action_scheduler.queue_job :: MailChimp_WooCommerce_Single_Order starts in 90 seconds :: obj_id 16197 with id 57190
2025-01-24T17:20:34+00:00 NOTICE handleOrderUpdate :: order_status
2025-01-24T17:20:38+00:00 NOTICE handleOrderUpdate :: order_status
2025-01-24T17:20:38+00:00 NOTICE handleOrderUpdate :: order_status
2025-01-24T17:20:38+00:00 NOTICE debug :: Order ID 16197 was pending and is now processing :: Array
(
    [new_order] => 1
    [tracking] => Array
        (
            [landing_site] => https://tryingtoadultrva.com/checkout/order-received/16130/?key=wc_order_28HkqiS4aW7Fn
        )

)
2025-01-24T17:22:28+00:00 NOTICE order.member.updated :: Updated chstrickler19@hotmail.com subscriber status to subscribedand language to en
2025-01-24T17:22:28+00:00 NOTICE order_submit.success :: addStoreOrder :: #16197 :: email: chstrickler19@hotmail.com :: landing site https://tryingtoadultrva.com/checkout/order-received/16130/?key=wc_order_28HkqiS4aW7Fn :: abandoned cart deleted [b05599d4cac53dc74a1a0eb6672416b8]
2025-01-24T17:24:00+00:00 NOTICE action_scheduler.queue_job :: MailChimp_WooCommerce_Cart_Update queued :: obj_id b05599d4cac53dc74a1a0eb6672416b8 with id 57193
2025-01-24T17:24:08+00:00 NOTICE action_scheduler.queue_job :: MailChimp_WooCommerce_Single_Order starts in 90 seconds :: obj_id 16199 with id 57194
2025-01-24T17:24:08+00:00 NOTICE handleOrderUpdate :: order_status
2025-01-24T17:24:08+00:00 NOTICE handleOrderUpdate :: order_status
2025-01-24T17:24:09+00:00 NOTICE debug :: Order ID 16199 was pending and is now processing :: Array
(
    [new_order] => 1
    [tracking] => Array
        (
            [landing_site] => https://tryingtoadultrva.com/checkout/order-received/16197/?key=wc_order_V7zUf0jjyBziO
        )

)
2025-01-24T17:24:24+00:00 NOTICE action_scheduler.queue_job :: MailChimp_WooCommerce_Cart_Update queued :: obj_id 2045ffd021f5dbf64c1e8c9ba1bee0b9 with id 57197
2025-01-24T17:24:24+00:00 NOTICE abandoned_cart.success :: email: chstrickler19@hotmail.com :: checkout_url: https://tryingtoadultrva.com/checkout/?mc_cart_id=b05599d4cac53dc74a1a0eb6672416b8
2025-01-24T17:24:26+00:00 NOTICE abandoned_cart.success :: email: spoolings@comcast.net :: checkout_url: https://tryingtoadultrva.com/checkout/?mc_cart_id=2045ffd021f5dbf64c1e8c9ba1bee0b9
2025-01-24T17:24:26+00:00 NOTICE action_scheduler.queue_job :: MailChimp_WooCommerce_Cart_Update queued :: obj_id 2045ffd021f5dbf64c1e8c9ba1bee0b9 with id 57199
2025-01-24T17:24:26+00:00 NOTICE action_scheduler.queue_job :: MailChimp_WooCommerce_Single_Order starts in 90 seconds :: obj_id 16201 with id 57200
2025-01-24T17:24:27+00:00 NOTICE cart.member.updated :: Updated spoolings@comcast.net subscriber status to subscribedand language to en
2025-01-24T17:24:27+00:00 NOTICE handleOrderUpdate :: order_status
2025-01-24T17:24:27+00:00 NOTICE abandoned_cart.success :: email: spoolings@comcast.net :: checkout_url: https://tryingtoadultrva.com/checkout/?mc_cart_id=2045ffd021f5dbf64c1e8c9ba1bee0b9
2025-01-24T17:24:27+00:00 NOTICE handleOrderUpdate :: order_status
2025-01-24T17:24:28+00:00 NOTICE debug :: Order ID 16201 was pending and is now processing :: Array
(
    [new_order] => 1
    [tracking] => Array
        (
            [landing_site] => https://tryingtoadultrva.com/checkout/
        )

)
2025-01-24T17:26:23+00:00 NOTICE order.member.updated :: Updated chstrickler19@hotmail.com subscriber status to subscribedand language to en
2025-01-24T17:26:23+00:00 NOTICE order_submit.success :: addStoreOrder :: #16199 :: email: chstrickler19@hotmail.com :: landing site https://tryingtoadultrva.com/checkout/order-received/16197/?key=wc_order_V7zUf0jjyBziO :: abandoned cart deleted [b05599d4cac53dc74a1a0eb6672416b8]
2025-01-24T17:26:25+00:00 NOTICE order.member.updated :: Updated spoolings@comcast.net subscriber status to transactionaland language to en
2025-01-24T17:26:25+00:00 NOTICE order_submit.success :: addStoreOrder :: #16201 :: email: spoolings@comcast.net :: landing site https://tryingtoadultrva.com/checkout/ :: abandoned cart deleted [2045ffd021f5dbf64c1e8c9ba1bee0b9]
2025-01-24T17:35:08+00:00 NOTICE action_scheduler.queue_job :: MailChimp_WooCommerce_Cart_Update queued :: obj_id df75f7afc4b16f871e98fa5b3bd5da61 with id 57203
2025-01-24T17:35:22+00:00 NOTICE abandoned_cart.success :: email: jimmypl56@gmail.com :: checkout_url: https://tryingtoadultrva.com/checkout/?mc_cart_id=df75f7afc4b16f871e98fa5b3bd5da61
2025-01-24T17:35:22+00:00 NOTICE integration_logic :: mailchimp_member_data_update set the user meta for jimmypl56@gmail.com to subscribed because it was out of sync.
2025-01-24T17:35:22+00:00 NOTICE cart.member.updated :: Updated jimmypl56@gmail.com subscriber status to subscribedand language to en
2025-01-24T17:35:25+00:00 NOTICE action_scheduler.queue_job :: MailChimp_WooCommerce_Single_Order starts in 90 seconds :: obj_id 16203 with id 57204
2025-01-24T17:35:26+00:00 NOTICE handleOrderUpdate :: order_status
2025-01-24T17:35:26+00:00 NOTICE handleOrderUpdate :: order_status
2025-01-24T17:35:27+00:00 NOTICE debug :: Order ID 16203 was pending and is now processing :: Array
(
    [new_order] => 1
    [tracking] => Array
        (
            [landing_site] => https://tryingtoadultrva.com/checkout/order-received/16041/?key=wc_order_oZTLnMU7dOJSu
        )

)
2025-01-24T17:37:23+00:00 NOTICE order.member.updated :: Updated jimmypl56@gmail.com subscriber status to subscribedand language to en
2025-01-24T17:37:23+00:00 NOTICE order_submit.success :: addStoreOrder :: #16203 :: email: jimmypl56@gmail.com :: landing site https://tryingtoadultrva.com/checkout/order-received/16041/?key=wc_order_oZTLnMU7dOJSu :: abandoned cart deleted [df75f7afc4b16f871e98fa5b3bd5da61]
2025-01-24T17:40:20+00:00 NOTICE action_scheduler.queue_job :: MailChimp_WooCommerce_Cart_Update queued :: obj_id 7e1d430159240601970dc0c8adca9a40 with id 57207
2025-01-24T17:40:29+00:00 NOTICE action_scheduler.queue_job :: MailChimp_WooCommerce_Single_Order starts in 90 seconds :: obj_id 16205 with id 57208
2025-01-24T17:40:29+00:00 NOTICE handleOrderUpdate :: order_status
2025-01-24T17:40:32+00:00 NOTICE handleOrderUpdate :: order_status
2025-01-24T17:40:32+00:00 NOTICE handleOrderUpdate :: order_status
2025-01-24T17:40:32+00:00 NOTICE debug :: Order ID 16205 was pending and is now processing :: Array
(
    [new_order] => 1
    [tracking] => Array
        (
            [landing_site] => https://tryingtoadultrva.com/checkout/order-received/16061/?key=wc_order_ORHvgTc8PEHb9
        )

)
2025-01-24T17:41:26+00:00 NOTICE abandoned_cart.success :: email: kethan.aggarwal@gmail.com :: checkout_url: https://tryingtoadultrva.com/checkout/?mc_cart_id=7e1d430159240601970dc0c8adca9a40
2025-01-24T17:41:27+00:00 NOTICE integration_logic :: mailchimp_member_data_update set the user meta for kethan.aggarwal@gmail.com to subscribed because it was out of sync.
2025-01-24T17:41:27+00:00 NOTICE cart.member.updated :: Updated kethan.aggarwal@gmail.com subscriber status to subscribedand language to en
2025-01-24T17:42:30+00:00 NOTICE order.member.updated :: Updated kethan.aggarwal@gmail.com subscriber status to subscribedand language to en
2025-01-24T17:42:30+00:00 NOTICE order_submit.success :: addStoreOrder :: #16205 :: email: kethan.aggarwal@gmail.com :: landing site https://tryingtoadultrva.com/checkout/order-received/16061/?key=wc_order_ORHvgTc8PEHb9 :: abandoned cart deleted [7e1d430159240601970dc0c8adca9a40]
2025-01-24T17:48:06+00:00 NOTICE action_scheduler.queue_job :: MailChimp_WooCommerce_Cart_Update queued :: obj_id e3c5438d880d5a52c404850ebbb8ac67 with id 57211
2025-01-24T17:48:21+00:00 NOTICE abandoned_cart.success :: email: ritvik.karnati99@gmail.com :: checkout_url: https://tryingtoadultrva.com/checkout/?mc_cart_id=e3c5438d880d5a52c404850ebbb8ac67
2025-01-24T17:48:22+00:00 NOTICE cart.member.updated :: Updated ritvik.karnati99@gmail.com subscriber status to subscribedand language to en
2025-01-24T17:48:22+00:00 NOTICE action_scheduler.queue_job :: MailChimp_WooCommerce_Cart_Update queued :: obj_id 37cd930c9bd11f3cc279c5e1c1c126c1 with id 57212
2025-01-24T17:48:27+00:00 NOTICE abandoned_cart.success :: email: yuchenzhang4@gmail.com :: checkout_url: https://tryingtoadultrva.com/checkout/?mc_cart_id=37cd930c9bd11f3cc279c5e1c1c126c1
2025-01-24T17:48:27+00:00 NOTICE integration_logic :: mailchimp_member_data_update set the user meta for yuchenzhang4@gmail.com to subscribed because it was out of sync.
2025-01-24T17:48:27+00:00 NOTICE cart.member.updated :: Updated yuchenzhang4@gmail.com subscriber status to subscribedand language to en
2025-01-24T17:48:35+00:00 NOTICE action_scheduler.queue_job :: MailChimp_WooCommerce_Single_Order starts in 90 seconds :: obj_id 16207 with id 57213
2025-01-24T17:48:35+00:00 NOTICE handleOrderUpdate :: order_status
2025-01-24T17:48:36+00:00 NOTICE handleOrderUpdate :: order_status
2025-01-24T17:48:36+00:00 NOTICE debug :: Order ID 16207 was pending and is now processing :: Array
(
    [new_order] => 1
    [tracking] => Array
        (
            [landing_site] => https://tryingtoadultrva.com/checkout/order-received/16086/?key=wc_order_6J9WOZeEFiPDS
        )

)
2025-01-24T17:50:33+00:00 NOTICE order.member.updated :: Updated yuchenzhang4@gmail.com subscriber status to subscribedand language to en
2025-01-24T17:50:33+00:00 NOTICE order_submit.success :: addStoreOrder :: #16207 :: email: yuchenzhang4@gmail.com :: landing site https://tryingtoadultrva.com/checkout/order-received/16086/?key=wc_order_6J9WOZeEFiPDS :: abandoned cart deleted [37cd930c9bd11f3cc279c5e1c1c126c1]
2025-01-24T17:56:27+00:00 NOTICE action_scheduler.queue_job :: MailChimp_WooCommerce_Cart_Update queued :: obj_id e088b78f99ca22f38576db9fc7433d60 with id 57216
2025-01-24T17:57:21+00:00 NOTICE abandoned_cart.success :: email: eippih@gmail.com :: checkout_url: https://tryingtoadultrva.com/checkout/?mc_cart_id=e088b78f99ca22f38576db9fc7433d60
2025-01-24T17:57:21+00:00 NOTICE integration_logic :: mailchimp_member_data_update set the user meta for eippih@gmail.com to subscribed because it was out of sync.
2025-01-24T17:57:21+00:00 NOTICE cart.member.updated :: Updated eippih@gmail.com subscriber status to subscribedand language to en
2025-01-24T17:58:01+00:00 NOTICE action_scheduler.queue_job :: MailChimp_WooCommerce_Cart_Update queued :: obj_id e088b78f99ca22f38576db9fc7433d60 with id 57218
2025-01-24T17:58:11+00:00 NOTICE action_scheduler.queue_job :: MailChimp_WooCommerce_Single_Order starts in 90 seconds :: obj_id 16210 with id 57219
2025-01-24T17:58:12+00:00 NOTICE handleOrderUpdate :: order_status
2025-01-24T17:58:12+00:00 NOTICE handleOrderUpdate :: order_status
2025-01-24T17:58:13+00:00 NOTICE debug :: Order ID 16210 was pending and is now processing :: Array
(
    [new_order] => 1
    [tracking] => Array
        (
            [landing_site] => https://tryingtoadultrva.com/checkout/order-received/15419/?key=wc_order_k5bvWBaXxTCp4
        )

)
2025-01-24T17:58:26+00:00 NOTICE abandoned_cart.success :: email: eippih@gmail.com :: checkout_url: https://tryingtoadultrva.com/checkout/?mc_cart_id=e088b78f99ca22f38576db9fc7433d60
2025-01-24T17:58:43+00:00 NOTICE action_scheduler.queue_job :: MailChimp_WooCommerce_SingleCoupon queued :: obj_id 16209 with id 57222
2025-01-24T17:59:22+00:00 NOTICE promo_code_submit.success :: #16209 :: code: irlrva
2025-01-24T18:00:25+00:00 NOTICE order.member.updated :: Updated eippih@gmail.com subscriber status to subscribedand language to en
2025-01-24T18:00:25+00:00 NOTICE order_submit.success :: addStoreOrder :: #16210 :: email: eippih@gmail.com :: landing site https://tryingtoadultrva.com/checkout/order-received/15419/?key=wc_order_k5bvWBaXxTCp4 :: abandoned cart deleted [e088b78f99ca22f38576db9fc7433d60]
2025-01-24T18:32:54+00:00 NOTICE action_scheduler.queue_job :: MailChimp_WooCommerce_Cart_Update queued :: obj_id 198ae6e1328b0d54801db6d1ffb9d347 with id 57223
2025-01-24T18:33:16+00:00 NOTICE action_scheduler.queue_job :: MailChimp_WooCommerce_User_Submit queued :: obj_id 388 with id 57224
2025-01-24T18:33:17+00:00 NOTICE action_scheduler.queue_job :: MailChimp_WooCommerce_Single_Order starts in 90 seconds :: obj_id 16214 with id 57225
2025-01-24T18:33:17+00:00 NOTICE handleOrderUpdate :: order_status
2025-01-24T18:33:18+00:00 NOTICE action_scheduler.queue_job :: MailChimp_WooCommerce_Single_Order starts in 90 seconds :: obj_id 16215 with id 57227
2025-01-24T18:33:18+00:00 NOTICE handleOrderUpdate :: order_status
2025-01-24T18:33:18+00:00 NOTICE handleOrderUpdate :: order_status
2025-01-24T18:33:18+00:00 NOTICE handleOrderUpdate :: order_status
2025-01-24T18:33:19+00:00 NOTICE handleOrderUpdate :: order_status
2025-01-24T18:33:23+00:00 NOTICE handleOrderUpdate :: order_status
2025-01-24T18:33:23+00:00 NOTICE handleOrderUpdate :: order_status
2025-01-24T18:33:24+00:00 NOTICE handleOrderUpdate :: order_status
2025-01-24T18:33:24+00:00 NOTICE debug :: Order ID 16214 was pending and is now processing :: Array
(
    [new_order] => 1
    [tracking] => Array
        (
            [landing_site] => https://tryingtoadultrva.com/product/membership/
        )

)
2025-01-24T18:33:29+00:00 NOTICE abandoned_cart.success :: email: jaimeloach@gmail.com :: checkout_url: https://tryingtoadultrva.com/checkout/?mc_cart_id=198ae6e1328b0d54801db6d1ffb9d347
2025-01-24T18:33:29+00:00 NOTICE cart.member.updated :: Updated jaimeloach@gmail.com subscriber status to transactionaland language to en
2025-01-24T18:33:30+00:00 NOTICE member.sync :: Updated Member jaimeloach@gmail.com :: Array
(
    [status] => subscribed
    [language] => 
    [merge_fields] => Array
        (
            [FNAME] => Jaime
            [LNAME] => Loach
        )

    [gdpr_fields] => 
)
2025-01-24T18:33:31+00:00 NOTICE webhook :: Subscriber Sync :: subscribe :: jaimeloach@gmail.com :: Array
(
    [subscribed] => 1
    [user_id] => 388
)
2025-01-24T18:35:00+00:00 NOTICE action_scheduler.queue_job :: MailChimp_WooCommerce_Cart_Update queued :: obj_id 198ae6e1328b0d54801db6d1ffb9d347 with id 57234
2025-01-24T18:35:06+00:00 NOTICE abandoned_cart.success :: email: jaimeloach@gmail.com :: checkout_url: https://tryingtoadultrva.com/checkout/?mc_cart_id=198ae6e1328b0d54801db6d1ffb9d347
2025-01-24T18:35:09+00:00 NOTICE order.member.updated :: Updated jaimeloach@gmail.com subscriber status to subscribedand language to en
2025-01-24T18:35:09+00:00 NOTICE order_submit.success :: addStoreOrder :: #16214 :: email: jaimeloach@gmail.com :: landing site https://tryingtoadultrva.com/product/membership/ :: abandoned cart deleted [198ae6e1328b0d54801db6d1ffb9d347]
2025-01-24T18:35:09+00:00 NOTICE filter :: Order 16215 was skipped by the filter
2025-01-24T18:35:12+00:00 NOTICE action_scheduler.queue_job :: MailChimp_WooCommerce_Single_Order starts in 90 seconds :: obj_id 16217 with id 57236
2025-01-24T18:35:13+00:00 NOTICE handleOrderUpdate :: order_status
2025-01-24T18:35:13+00:00 NOTICE handleOrderUpdate :: order_status
2025-01-24T18:35:14+00:00 NOTICE debug :: Order ID 16217 was pending and is now processing :: Array
(
    [new_order] => 1
    [tracking] => Array
        (
            [landing_site] => https://tryingtoadultrva.com/checkout/order-received/16214/?key=wc_order_SKJBclnMrf1Ft
        )

)
2025-01-24T18:37:23+00:00 NOTICE order.member.updated :: Updated jaimeloach@gmail.com subscriber status to subscribedand language to en
2025-01-24T18:37:23+00:00 NOTICE order_submit.success :: addStoreOrder :: #16217 :: email: jaimeloach@gmail.com :: landing site https://tryingtoadultrva.com/checkout/order-received/16214/?key=wc_order_SKJBclnMrf1Ft
2025-01-24T19:24:38+00:00 NOTICE action_scheduler.queue_job :: MailChimp_WooCommerce_Cart_Update queued :: obj_id d065731017341edc7454537b2811cbd9 with id 57239
2025-01-24T19:24:43+00:00 NOTICE abandoned_cart.success :: email: darksiderdragon@gmail.com :: checkout_url: https://tryingtoadultrva.com/checkout/?mc_cart_id=d065731017341edc7454537b2811cbd9
2025-01-24T19:24:44+00:00 NOTICE integration_logic :: mailchimp_member_data_update set the user meta for darksiderdragon@gmail.com to subscribed because it was out of sync.
2025-01-24T19:24:44+00:00 NOTICE cart.member.updated :: Updated darksiderdragon@gmail.com subscriber status to subscribedand language to en
2025-01-24T19:24:48+00:00 NOTICE action_scheduler.queue_job :: MailChimp_WooCommerce_Single_Order starts in 90 seconds :: obj_id 16222 with id 57240
2025-01-24T19:24:49+00:00 NOTICE handleOrderUpdate :: order_status
2025-01-24T19:24:49+00:00 NOTICE handleOrderUpdate :: order_status
2025-01-24T19:24:50+00:00 NOTICE debug :: Order ID 16222 was pending and is now processing :: Array
(
    [new_order] => 1
    [tracking] => Array
        (
            [landing_site] => https://tryingtoadultrva.com/login-account-information/
        )

)
2025-01-24T19:26:22+00:00 NOTICE order.member.updated :: Updated darksiderdragon@gmail.com subscriber status to subscribedand language to en
2025-01-24T19:26:22+00:00 NOTICE order_submit.success :: addStoreOrder :: #16222 :: email: darksiderdragon@gmail.com :: landing site https://tryingtoadultrva.com/login-account-information/ :: abandoned cart deleted [d065731017341edc7454537b2811cbd9]
2025-01-24T19:34:53+00:00 NOTICE handleOrderUpdate :: order_status
2025-01-24T19:34:53+00:00 NOTICE action_scheduler.queue_job :: MailChimp_WooCommerce_Single_Order starts in 90 seconds :: obj_id 4094 with id 57243
2025-01-24T19:34:54+00:00 NOTICE action_scheduler.queue_job :: MailChimp_WooCommerce_Single_Order starts in 90 seconds :: obj_id 16224 with id 57244
2025-01-24T19:34:54+00:00 NOTICE handleOrderUpdate :: order_status
2025-01-24T19:34:54+00:00 NOTICE handleOrderUpdate :: order_status
2025-01-24T19:34:54+00:00 NOTICE handleOrderUpdate :: order_status
2025-01-24T19:34:54+00:00 NOTICE handleOrderUpdate :: order_status
2025-01-24T19:34:55+00:00 NOTICE handleOrderUpdate :: order_status
2025-01-24T19:34:55+00:00 NOTICE handleOrderUpdate :: order_status
2025-01-24T19:34:56+00:00 NOTICE handleOrderUpdate :: order_status
2025-01-24T19:34:56+00:00 NOTICE debug :: Order ID 16224 was pending and is now processing :: Array
(
    [new_order] => 1
    [tracking] => Array
        (
            [landing_site] => https://tryingtoadultrva.com/checkout/order-received/3891/?key=wc_order_XttqsSdNQeVOO
        )

)
2025-01-24T19:36:28+00:00 NOTICE filter :: Order 4094 was skipped by the filter
2025-01-24T19:36:31+00:00 NOTICE order.member.updated :: Updated kandi135@hotmail.com subscriber status to subscribedand language to en
2025-01-24T19:36:31+00:00 NOTICE order_submit.success :: addStoreOrder :: #16224 :: email: kandi135@hotmail.com
2025-01-24T19:50:16+00:00 NOTICE handleOrderUpdate :: order_status
2025-01-24T19:50:16+00:00 NOTICE action_scheduler.queue_job :: MailChimp_WooCommerce_Single_Order starts in 90 seconds :: obj_id 16088 with id 57254
2025-01-24T19:50:16+00:00 NOTICE handleOrderUpdate :: order_status
2025-01-24T19:50:16+00:00 NOTICE handleOrderUpdate :: order_status
2025-01-24T19:50:16+00:00 NOTICE handleOrderUpdate :: order_status
2025-01-24T19:50:20+00:00 NOTICE handleOrderUpdate :: order_status
2025-01-24T19:50:20+00:00 NOTICE handleOrderUpdate :: order_status
2025-01-24T19:50:20+00:00 NOTICE handleOrderUpdate :: order_status
2025-01-24T19:50:21+00:00 NOTICE debug :: Order ID 16088 was failed and is now pending :: Array
(
    [new_order] => 
    [tracking] => 
)
2025-01-24T19:50:21+00:00 NOTICE debug :: Order ID 16088 was pending and is now failed :: Array
(
    [new_order] => 
    [tracking] => 
)
2025-01-24T19:52:06+00:00 NOTICE action_scheduler.queue_job :: MailChimp_WooCommerce_Cart_Update queued :: obj_id be54aab06518fe9266c14a75498fd838 with id 57257
2025-01-24T19:52:12+00:00 NOTICE abandoned_cart.success :: email: jpnyden@gmail.com :: checkout_url: https://tryingtoadultrva.com/checkout/?mc_cart_id=be54aab06518fe9266c14a75498fd838
2025-01-24T19:52:12+00:00 NOTICE action_scheduler.queue_job :: MailChimp_WooCommerce_Single_Order starts in 90 seconds :: obj_id 16225 with id 57258
2025-01-24T19:52:12+00:00 NOTICE integration_logic :: mailchimp_member_data_update set the user meta for jpnyden@gmail.com to subscribed because it was out of sync.
2025-01-24T19:52:12+00:00 NOTICE cart.member.updated :: Updated jpnyden@gmail.com subscriber status to subscribedand language to en
2025-01-24T19:52:13+00:00 NOTICE handleOrderUpdate :: order_status
2025-01-24T19:52:13+00:00 NOTICE order_submit :: #16088 has a financial status of pending and was skipped.
2025-01-24T19:52:13+00:00 NOTICE handleOrderUpdate :: order_status
2025-01-24T19:52:14+00:00 NOTICE debug :: Order ID 16225 was pending and is now processing :: Array
(
    [new_order] => 1
    [tracking] => Array
        (
            [landing_site] => https://tryingtoadultrva.com/checkout/order-received/15441/?key=wc_order_bnvYSCb3Ll28V
        )

)
2025-01-24T19:54:25+00:00 NOTICE handleOrderUpdate :: order_status
2025-01-24T19:54:25+00:00 NOTICE action_scheduler.queue_job :: MailChimp_WooCommerce_Single_Order starts in 90 seconds :: obj_id 16089 with id 57262
2025-01-24T19:54:26+00:00 NOTICE handleOrderUpdate :: order_status
2025-01-24T19:54:26+00:00 NOTICE handleOrderUpdate :: order_status
2025-01-24T19:54:26+00:00 NOTICE handleOrderUpdate :: order_status
2025-01-24T19:54:29+00:00 NOTICE handleOrderUpdate :: order_status
2025-01-24T19:54:29+00:00 NOTICE handleOrderUpdate :: order_status
2025-01-24T19:54:29+00:00 NOTICE handleOrderUpdate :: order_status
2025-01-24T19:54:29+00:00 NOTICE debug :: Order ID 16089 was failed and is now pending :: Array
(
    [new_order] => 
    [tracking] => 
)
2025-01-24T19:54:30+00:00 NOTICE debug :: Order ID 16089 was pending and is now failed :: Array
(
    [new_order] => 
    [tracking] => 
)
2025-01-24T19:54:33+00:00 NOTICE order.member.updated :: Updated jpnyden@gmail.com subscriber status to subscribedand language to en
2025-01-24T19:54:33+00:00 NOTICE order_submit.success :: addStoreOrder :: #16225 :: email: jpnyden@gmail.com :: landing site https://tryingtoadultrva.com/checkout/order-received/15441/?key=wc_order_bnvYSCb3Ll28V :: abandoned cart deleted [be54aab06518fe9266c14a75498fd838]
2025-01-24T19:56:26+00:00 NOTICE order_submit :: #16089 has a financial status of pending and was skipped.
2025-01-24T23:12:27+00:00 NOTICE action_scheduler.queue_job :: MailChimp_WooCommerce_Cart_Update queued :: obj_id 181e9436f1c2aa49b48894a779ffe47b with id 57265
2025-01-24T23:12:29+00:00 NOTICE abandoned_cart.success :: email: chinalasvegas65@hotmail.com :: checkout_url: https://tryingtoadultrva.com/checkout/?mc_cart_id=181e9436f1c2aa49b48894a779ffe47b
2025-01-24T23:12:30+00:00 NOTICE cart.member.updated :: Updated chinalasvegas65@hotmail.com subscriber status to transactionaland language to en
2025-01-24T23:13:25+00:00 NOTICE action_scheduler.queue_job :: MailChimp_WooCommerce_Single_Order starts in 90 seconds :: obj_id 16227 with id 57266
2025-01-24T23:13:25+00:00 NOTICE handleOrderUpdate :: order_status
2025-01-24T23:13:27+00:00 NOTICE handleOrderUpdate :: order_status
2025-01-24T23:13:27+00:00 NOTICE handleOrderUpdate :: order_status
2025-01-24T23:13:28+00:00 NOTICE debug :: Order ID 16227 was pending and is now processing :: Array
(
    [new_order] => 1
    [tracking] => Array
        (
            [landing_site] => https://tryingtoadultrva.com/checkout/
        )

)
2025-01-24T23:13:44+00:00 NOTICE handleOrderUpdate :: order_status
2025-01-24T23:13:44+00:00 NOTICE action_scheduler.queue_job :: MailChimp_WooCommerce_Single_Order starts in 90 seconds :: obj_id 401 with id 57269
2025-01-24T23:13:44+00:00 NOTICE action_scheduler.queue_job :: MailChimp_WooCommerce_Single_Order starts in 90 seconds :: obj_id 16229 with id 57270
2025-01-24T23:13:45+00:00 NOTICE handleOrderUpdate :: order_status
2025-01-24T23:13:45+00:00 NOTICE handleOrderUpdate :: order_status
2025-01-24T23:13:45+00:00 NOTICE handleOrderUpdate :: order_status
2025-01-24T23:13:45+00:00 NOTICE handleOrderUpdate :: order_status
2025-01-24T23:13:45+00:00 NOTICE handleOrderUpdate :: order_status
2025-01-24T23:13:46+00:00 NOTICE handleOrderUpdate :: order_status
2025-01-24T23:13:46+00:00 NOTICE handleOrderUpdate :: order_status
2025-01-24T23:13:46+00:00 NOTICE debug :: Order ID 16229 was pending and is now completed :: Array
(
    [new_order] => 1
    [tracking] => Array
        (
            [landing_site] => https://tryingtoadultrva.com/checkout/
        )

)
2025-01-24T23:15:25+00:00 NOTICE order.member.updated :: Updated chinalasvegas65@hotmail.com subscriber status to subscribedand language to en
2025-01-24T23:15:25+00:00 NOTICE order_submit.success :: addStoreOrder :: #16227 :: email: chinalasvegas65@hotmail.com :: landing site https://tryingtoadultrva.com/checkout/ :: abandoned cart deleted [181e9436f1c2aa49b48894a779ffe47b]
2025-01-24T23:15:25+00:00 NOTICE filter :: Order 401 was skipped by the filter
2025-01-24T23:15:26+00:00 ERROR order_submit.error :: addStoreOrder :: #16229 :: Error Code 400 :: <p>: Required fields were not provided: lines</p> on 2692 in /www/wp-content/plugins/mailchimp-for-woocommerce/includes/api/class-mailchimp-api.php
2025-01-24T23:42:00+00:00 NOTICE action_scheduler.queue_job :: MailChimp_WooCommerce_Cart_Update queued :: obj_id a31045fc25b727c6a260e7a2a0347cb6 with id 57278
2025-01-24T23:42:25+00:00 NOTICE abandoned_cart.success :: email: kandi135@hotmail.com :: checkout_url: https://tryingtoadultrva.com/checkout/?mc_cart_id=a31045fc25b727c6a260e7a2a0347cb6
2025-01-24T23:42:26+00:00 NOTICE integration_logic :: mailchimp_member_data_update set the user meta for kandi135@hotmail.com to subscribed because it was out of sync.
2025-01-24T23:42:26+00:00 NOTICE cart.member.updated :: Updated kandi135@hotmail.com subscriber status to subscribedand language to en
2025-01-24T23:43:09+00:00 NOTICE action_scheduler.queue_job :: MailChimp_WooCommerce_Cart_Update queued :: obj_id a31045fc25b727c6a260e7a2a0347cb6 with id 57279
2025-01-24T23:43:33+00:00 NOTICE abandoned_cart.success :: email: kandi135@hotmail.com :: checkout_url: https://tryingtoadultrva.com/checkout/?mc_cart_id=a31045fc25b727c6a260e7a2a0347cb6
2025-01-24T23:44:31+00:00 NOTICE action_scheduler.queue_job :: MailChimp_WooCommerce_Single_Order starts in 90 seconds :: obj_id 16230 with id 57280
2025-01-24T23:44:32+00:00 NOTICE handleOrderUpdate :: order_status
2025-01-24T23:44:34+00:00 NOTICE handleOrderUpdate :: order_status
2025-01-24T23:44:37+00:00 NOTICE handleOrderUpdate :: order_status
2025-01-24T23:44:37+00:00 NOTICE handleOrderUpdate :: order_status
2025-01-24T23:44:38+00:00 NOTICE debug :: Order ID 16230 was pending and is now processing :: Array
(
    [new_order] => 1
    [tracking] => Array
        (
            [landing_site] => https://tryingtoadultrva.com/checkout/order-received/15961/?key=wc_order_6f2aCR5FJVAwn
        )

)
2025-01-24T23:46:25+00:00 NOTICE order.member.updated :: Updated kandi135@hotmail.com subscriber status to subscribedand language to en
2025-01-24T23:46:25+00:00 NOTICE order_submit.success :: addStoreOrder :: #16230 :: email: kandi135@hotmail.com :: landing site https://tryingtoadultrva.com/checkout/order-received/15961/?key=wc_order_6f2aCR5FJVAwn :: abandoned cart deleted [a31045fc25b727c6a260e7a2a0347cb6]
