2025-02-15T00:24:48+00:00 NOTICE action_scheduler.queue_job :: MailChimp_WooCommerce_Cart_Update queued :: obj_id 8be5880c79911e4e2ff7069721f6cb73 with id 61635
2025-02-15T00:24:52+00:00 NOTICE abandoned_cart.success :: email: bamagrl321@gmail.com :: checkout_url: https://tryingtoadultrva.com/checkout/?mc_cart_id=8be5880c79911e4e2ff7069721f6cb73
2025-02-15T00:24:52+00:00 NOTICE integration_logic :: mailchimp_member_data_update set the user meta for bamagrl321@gmail.com to subscribed because it was out of sync.
2025-02-15T00:24:52+00:00 NOTICE cart.member.updated :: Updated bamagrl321@gmail.com subscriber status to subscribedand language to en
2025-02-15T00:27:24+00:00 NOTICE action_scheduler.queue_job :: MailChimp_WooCommerce_Cart_Update queued :: obj_id 8be5880c79911e4e2ff7069721f6cb73 with id 61637
2025-02-15T00:27:50+00:00 NOTICE abandoned_cart.success :: email: bamagrl321@gmail.com :: checkout_url: https://tryingtoadultrva.com/checkout/?mc_cart_id=8be5880c79911e4e2ff7069721f6cb73
2025-02-15T00:41:42+00:00 NOTICE handleOrderUpdate :: order_status
2025-02-15T00:41:42+00:00 NOTICE action_scheduler.queue_job :: MailChimp_WooCommerce_Single_Order starts in 90 seconds :: obj_id 14417 with id 61640
2025-02-15T00:42:27+00:00 NOTICE handleOrderUpdate :: order_status
2025-02-15T00:42:27+00:00 NOTICE action_scheduler.queue_job :: MailChimp_WooCommerce_Single_Order starts in 90 seconds :: obj_id 10995 with id 61645
2025-02-15T00:43:11+00:00 NOTICE action_scheduler.queue_job :: MailChimp_WooCommerce_Cart_Update queued :: obj_id 8be5880c79911e4e2ff7069721f6cb73 with id 61649
2025-02-15T00:43:22+00:00 NOTICE abandoned_cart.success :: email: bamagrl321@gmail.com :: checkout_url: https://tryingtoadultrva.com/checkout/?mc_cart_id=8be5880c79911e4e2ff7069721f6cb73
2025-02-15T00:43:22+00:00 NOTICE filter :: Order 14417 was skipped by the filter
2025-02-15T00:44:11+00:00 NOTICE action_scheduler.queue_job :: MailChimp_WooCommerce_Single_Order starts in 90 seconds :: obj_id 17265 with id 61650
2025-02-15T00:44:12+00:00 NOTICE handleOrderUpdate :: order_status
2025-02-15T00:44:12+00:00 NOTICE action_scheduler.queue_job :: MailChimp_WooCommerce_Single_Order starts in 90 seconds :: obj_id 17266 with id 61652
2025-02-15T00:44:12+00:00 NOTICE handleOrderUpdate :: order_status
2025-02-15T00:44:13+00:00 NOTICE handleOrderUpdate :: order_status
2025-02-15T00:44:13+00:00 NOTICE handleOrderUpdate :: order_status
2025-02-15T00:44:13+00:00 NOTICE handleOrderUpdate :: order_status
2025-02-15T00:44:13+00:00 NOTICE handleOrderUpdate :: order_status
2025-02-15T00:44:13+00:00 NOTICE handleOrderUpdate :: order_status
2025-02-15T00:44:14+00:00 NOTICE handleOrderUpdate :: order_status
2025-02-15T00:44:18+00:00 NOTICE handleOrderUpdate :: order_status
2025-02-15T00:44:18+00:00 NOTICE handleOrderUpdate :: order_status
2025-02-15T00:44:20+00:00 NOTICE handleOrderUpdate :: order_status
2025-02-15T00:44:20+00:00 NOTICE debug :: Order ID 17265 was pending and is now processing :: Array
(
    [new_order] => 1
    [tracking] => Array
        (
            [landing_site] => https://tryingtoadultrva.com/login-account-information/view-subscription/10995/
        )

)
2025-02-15T00:45:58+00:00 NOTICE order.member.updated :: Updated Bamagrl321@gmail.com subscriber status to subscribedand language to en
2025-02-15T00:45:58+00:00 NOTICE order_submit.success :: addStoreOrder :: #17265 :: email: Bamagrl321@gmail.com :: landing site https://tryingtoadultrva.com/login-account-information/view-subscription/10995/ :: abandoned cart deleted [8be5880c79911e4e2ff7069721f6cb73]
2025-02-15T00:46:53+00:00 NOTICE filter :: Order 17266 was skipped by the filter
2025-02-15T00:46:53+00:00 NOTICE filter :: Order 10995 was skipped by the filter
2025-02-15T00:52:17+00:00 NOTICE handleOrderUpdate :: order_status
2025-02-15T00:52:17+00:00 NOTICE action_scheduler.queue_job :: MailChimp_WooCommerce_Single_Order starts in 90 seconds :: obj_id 16901 with id 61661
2025-02-15T00:52:17+00:00 NOTICE handleOrderUpdate :: order_status
2025-02-15T00:52:18+00:00 NOTICE handleOrderUpdate :: order_status
2025-02-15T00:52:18+00:00 NOTICE handleOrderUpdate :: order_status
2025-02-15T00:52:22+00:00 NOTICE handleOrderUpdate :: order_status
2025-02-15T00:52:24+00:00 NOTICE handleOrderUpdate :: order_status
2025-02-15T00:52:25+00:00 NOTICE debug :: Order ID 16901 was pending and is now failed :: Array
(
    [new_order] => 
    [tracking] => 
)
2025-02-15T00:57:48+00:00 NOTICE handleOrderUpdate :: order_status
2025-02-15T00:57:48+00:00 NOTICE action_scheduler.queue_job :: MailChimp_WooCommerce_Single_Order starts in 90 seconds :: obj_id 14907 with id 61663
2025-02-15T00:57:49+00:00 NOTICE action_scheduler.queue_job :: MailChimp_WooCommerce_Single_Order starts in 90 seconds :: obj_id 17267 with id 61664
2025-02-15T00:57:49+00:00 NOTICE handleOrderUpdate :: order_status
2025-02-15T00:57:49+00:00 NOTICE handleOrderUpdate :: order_status
2025-02-15T00:57:50+00:00 NOTICE handleOrderUpdate :: order_status
2025-02-15T00:57:50+00:00 NOTICE handleOrderUpdate :: order_status
2025-02-15T00:57:53+00:00 NOTICE handleOrderUpdate :: order_status
2025-02-15T00:57:53+00:00 NOTICE handleOrderUpdate :: order_status
2025-02-15T00:57:53+00:00 NOTICE handleOrderUpdate :: order_status
2025-02-15T00:57:53+00:00 NOTICE debug :: Order ID 17267 was failed and is now pending :: Array
(
    [new_order] => 
    [tracking] => 
)
2025-02-15T00:57:53+00:00 NOTICE debug :: Order ID 17267 was pending and is now failed :: Array
(
    [new_order] => 
    [tracking] => 
)
2025-02-15T00:59:48+00:00 NOTICE filter :: Order 14907 was skipped by the filter
2025-02-15T00:59:50+00:00 NOTICE order_submit :: #17267 has a financial status of pending and was skipped.
2025-02-15T01:12:23+00:00 NOTICE handleOrderUpdate :: order_status
2025-02-15T01:12:24+00:00 NOTICE action_scheduler.queue_job :: MailChimp_WooCommerce_Single_Order starts in 90 seconds :: obj_id 17068 with id 61672
2025-02-15T01:12:24+00:00 NOTICE handleOrderUpdate :: order_status
2025-02-15T01:12:24+00:00 NOTICE handleOrderUpdate :: order_status
2025-02-15T01:12:25+00:00 NOTICE handleOrderUpdate :: order_status
2025-02-15T01:12:31+00:00 NOTICE handleOrderUpdate :: order_status
2025-02-15T01:12:33+00:00 NOTICE handleOrderUpdate :: order_status
2025-02-15T01:12:34+00:00 NOTICE handleOrderUpdate :: order_status
2025-02-15T01:12:34+00:00 NOTICE debug :: Order ID 17068 was failed and is now pending :: Array
(
    [new_order] => 
    [tracking] => 
)
2025-02-15T01:12:35+00:00 NOTICE debug :: Order ID 17068 was pending and is now failed :: Array
(
    [new_order] => 
    [tracking] => 
)
2025-02-15T01:14:50+00:00 NOTICE order_submit :: #17068 has a financial status of pending and was skipped.
2025-02-15T01:46:47+00:00 NOTICE action_scheduler.queue_job :: MailChimp_WooCommerce_Single_Product starts in 5 seconds :: obj_id 15773 with id 61675
2025-02-15T01:47:36+00:00 NOTICE product_submit.success :: upsert :: #15773
2025-02-15T01:51:02+00:00 NOTICE handleOrderUpdate :: order_status
2025-02-15T01:51:02+00:00 NOTICE action_scheduler.queue_job :: MailChimp_WooCommerce_Single_Order starts in 90 seconds :: obj_id 17157 with id 61677
2025-02-15T01:51:02+00:00 NOTICE handleOrderUpdate :: order_status
2025-02-15T01:51:03+00:00 NOTICE handleOrderUpdate :: order_status
2025-02-15T01:51:03+00:00 NOTICE handleOrderUpdate :: order_status
2025-02-15T01:51:10+00:00 NOTICE handleOrderUpdate :: order_status
2025-02-15T01:51:12+00:00 NOTICE handleOrderUpdate :: order_status
2025-02-15T01:51:13+00:00 NOTICE handleOrderUpdate :: order_status
2025-02-15T01:51:13+00:00 NOTICE debug :: Order ID 17157 was failed and is now pending :: Array
(
    [new_order] => 
    [tracking] => 
)
2025-02-15T01:51:15+00:00 NOTICE debug :: Order ID 17157 was pending and is now failed :: Array
(
    [new_order] => 
    [tracking] => 
)
2025-02-15T01:53:07+00:00 NOTICE order_submit :: #17157 has a financial status of pending and was skipped.
2025-02-15T01:56:12+00:00 NOTICE action_scheduler.queue_job :: MailChimp_WooCommerce_Single_Product starts in 5 seconds :: obj_id 17269 with id 61680
2025-02-15T01:56:25+00:00 NOTICE product_submit.success :: upsert :: #17269
2025-02-15T01:58:44+00:00 NOTICE product.deleted :: deleted product 17269
2025-02-15T01:58:45+00:00 NOTICE product.update.blocked :: product 17269 was blocked because status is trash
2025-02-15T01:59:28+00:00 NOTICE action_scheduler.queue_job :: MailChimp_WooCommerce_Single_Product starts in 5 seconds :: obj_id 17272 with id 61685
2025-02-15T01:59:53+00:00 NOTICE product_submit.success :: upsert :: #17272
2025-02-15T02:29:50+00:00 NOTICE handleOrderUpdate :: order_status
2025-02-15T02:29:50+00:00 NOTICE action_scheduler.queue_job :: MailChimp_WooCommerce_Single_Order starts in 90 seconds :: obj_id 17226 with id 61690
2025-02-15T02:29:50+00:00 NOTICE handleOrderUpdate :: order_status
2025-02-15T02:29:50+00:00 NOTICE handleOrderUpdate :: order_status
2025-02-15T02:29:50+00:00 NOTICE handleOrderUpdate :: order_status
2025-02-15T02:29:53+00:00 NOTICE handleOrderUpdate :: order_status
2025-02-15T02:29:53+00:00 NOTICE handleOrderUpdate :: order_status
2025-02-15T02:29:53+00:00 NOTICE handleOrderUpdate :: order_status
2025-02-15T02:29:53+00:00 NOTICE debug :: Order ID 17226 was failed and is now pending :: Array
(
    [new_order] => 
    [tracking] => 
)
2025-02-15T02:29:53+00:00 NOTICE debug :: Order ID 17226 was pending and is now failed :: Array
(
    [new_order] => 
    [tracking] => 
)
2025-02-15T02:31:48+00:00 NOTICE order_submit :: #17226 has a financial status of pending and was skipped.
2025-02-15T03:01:41+00:00 NOTICE action_scheduler.queue_job :: MailChimp_WooCommerce_Single_Product starts in 5 seconds :: obj_id 17275 with id 61693
2025-02-15T03:01:56+00:00 NOTICE product_submit.success :: upsert :: #17275
2025-02-15T03:27:08+00:00 NOTICE handleOrderUpdate :: order_status
2025-02-15T03:27:08+00:00 NOTICE action_scheduler.queue_job :: MailChimp_WooCommerce_Single_Order starts in 90 seconds :: obj_id 14913 with id 61697
2025-02-15T03:27:10+00:00 NOTICE action_scheduler.queue_job :: MailChimp_WooCommerce_Single_Order starts in 90 seconds :: obj_id 17277 with id 61698
2025-02-15T03:27:10+00:00 NOTICE handleOrderUpdate :: order_status
2025-02-15T03:27:10+00:00 NOTICE handleOrderUpdate :: order_status
2025-02-15T03:27:10+00:00 NOTICE handleOrderUpdate :: order_status
2025-02-15T03:27:10+00:00 NOTICE handleOrderUpdate :: order_status
2025-02-15T03:27:13+00:00 NOTICE handleOrderUpdate :: order_status
2025-02-15T03:27:13+00:00 NOTICE handleOrderUpdate :: order_status
2025-02-15T03:27:13+00:00 NOTICE handleOrderUpdate :: order_status
2025-02-15T03:27:13+00:00 NOTICE debug :: Order ID 17277 was failed and is now pending :: Array
(
    [new_order] => 
    [tracking] => 
)
2025-02-15T03:27:13+00:00 NOTICE debug :: Order ID 17277 was pending and is now failed :: Array
(
    [new_order] => 
    [tracking] => 
)
2025-02-15T03:28:51+00:00 NOTICE handleOrderUpdate :: order_status
2025-02-15T03:28:52+00:00 NOTICE action_scheduler.queue_job :: MailChimp_WooCommerce_Single_Order starts in 90 seconds :: obj_id 14916 with id 61705
2025-02-15T03:28:53+00:00 NOTICE action_scheduler.queue_job :: MailChimp_WooCommerce_Single_Order starts in 90 seconds :: obj_id 17278 with id 61706
2025-02-15T03:28:53+00:00 NOTICE handleOrderUpdate :: order_status
2025-02-15T03:28:53+00:00 NOTICE handleOrderUpdate :: order_status
2025-02-15T03:28:53+00:00 NOTICE handleOrderUpdate :: order_status
2025-02-15T03:28:53+00:00 NOTICE handleOrderUpdate :: order_status
2025-02-15T03:28:55+00:00 NOTICE handleOrderUpdate :: order_status
2025-02-15T03:28:55+00:00 NOTICE handleOrderUpdate :: order_status
2025-02-15T03:28:55+00:00 NOTICE handleOrderUpdate :: order_status
2025-02-15T03:28:55+00:00 NOTICE debug :: Order ID 17278 was failed and is now pending :: Array
(
    [new_order] => 
    [tracking] => 
)
2025-02-15T03:28:55+00:00 NOTICE debug :: Order ID 17278 was pending and is now failed :: Array
(
    [new_order] => 
    [tracking] => 
)
2025-02-15T03:28:56+00:00 NOTICE filter :: Order 14913 was skipped by the filter
2025-02-15T03:28:58+00:00 NOTICE order_submit :: #17277 has a financial status of pending and was skipped.
2025-02-15T03:30:49+00:00 NOTICE filter :: Order 14916 was skipped by the filter
2025-02-15T03:30:51+00:00 NOTICE order_submit :: #17278 has a financial status of pending and was skipped.
2025-02-15T03:31:47+00:00 NOTICE product.deleted :: deleted product 17275
2025-02-15T03:31:47+00:00 NOTICE product.update.blocked :: product 17275 was blocked because status is trash
2025-02-15T03:32:22+00:00 NOTICE action_scheduler.queue_job :: MailChimp_WooCommerce_Single_Product starts in 5 seconds :: obj_id 17280 with id 61714
2025-02-15T03:32:49+00:00 NOTICE product_submit.success :: upsert :: #17280
2025-02-15T03:53:02+00:00 NOTICE handleOrderUpdate :: order_status
2025-02-15T03:53:02+00:00 NOTICE action_scheduler.queue_job :: MailChimp_WooCommerce_Single_Order starts in 90 seconds :: obj_id 14926 with id 61718
2025-02-15T03:53:03+00:00 NOTICE action_scheduler.queue_job :: MailChimp_WooCommerce_Single_Order starts in 90 seconds :: obj_id 17283 with id 61719
2025-02-15T03:53:04+00:00 NOTICE handleOrderUpdate :: order_status
2025-02-15T03:53:04+00:00 NOTICE handleOrderUpdate :: order_status
2025-02-15T03:53:04+00:00 NOTICE handleOrderUpdate :: order_status
2025-02-15T03:53:04+00:00 NOTICE handleOrderUpdate :: order_status
2025-02-15T03:53:06+00:00 NOTICE handleOrderUpdate :: order_status
2025-02-15T03:53:06+00:00 NOTICE handleOrderUpdate :: order_status
2025-02-15T03:53:06+00:00 NOTICE handleOrderUpdate :: order_status
2025-02-15T03:53:06+00:00 NOTICE debug :: Order ID 17283 was failed and is now pending :: Array
(
    [new_order] => 
    [tracking] => 
)
2025-02-15T03:53:06+00:00 NOTICE debug :: Order ID 17283 was pending and is now failed :: Array
(
    [new_order] => 
    [tracking] => 
)
2025-02-15T03:54:46+00:00 NOTICE filter :: Order 14926 was skipped by the filter
2025-02-15T03:54:48+00:00 NOTICE order_submit :: #17283 has a financial status of pending and was skipped.
2025-02-15T04:19:17+00:00 NOTICE handleOrderUpdate :: order_status
2025-02-15T04:19:17+00:00 NOTICE action_scheduler.queue_job :: MailChimp_WooCommerce_Single_Order starts in 90 seconds :: obj_id 14272 with id 61726
2025-02-15T04:19:19+00:00 NOTICE action_scheduler.queue_job :: MailChimp_WooCommerce_Single_Order starts in 90 seconds :: obj_id 17284 with id 61727
2025-02-15T04:19:19+00:00 NOTICE handleOrderUpdate :: order_status
2025-02-15T04:19:19+00:00 NOTICE handleOrderUpdate :: order_status
2025-02-15T04:19:19+00:00 NOTICE handleOrderUpdate :: order_status
2025-02-15T04:19:19+00:00 NOTICE handleOrderUpdate :: order_status
2025-02-15T04:19:22+00:00 NOTICE handleOrderUpdate :: order_status
2025-02-15T04:19:22+00:00 NOTICE handleOrderUpdate :: order_status
2025-02-15T04:19:22+00:00 NOTICE handleOrderUpdate :: order_status
2025-02-15T04:19:22+00:00 NOTICE debug :: Order ID 17284 was failed and is now pending :: Array
(
    [new_order] => 
    [tracking] => 
)
2025-02-15T04:19:22+00:00 NOTICE debug :: Order ID 17284 was pending and is now failed :: Array
(
    [new_order] => 
    [tracking] => 
)
2025-02-15T04:20:52+00:00 NOTICE filter :: Order 14272 was skipped by the filter
2025-02-15T04:20:53+00:00 NOTICE order_submit :: #17284 has a financial status of pending and was skipped.
2025-02-15T05:11:45+00:00 NOTICE action_scheduler.queue_job :: MailChimp_WooCommerce_Cart_Update queued :: obj_id e3c5438d880d5a52c404850ebbb8ac67 with id 61734
2025-02-15T05:11:51+00:00 NOTICE abandoned_cart.success :: email: ritvik.karnati99@gmail.com :: checkout_url: https://tryingtoadultrva.com/checkout/?mc_cart_id=e3c5438d880d5a52c404850ebbb8ac67
2025-02-15T05:11:52+00:00 NOTICE integration_logic :: mailchimp_member_data_update set the user meta for ritvik.karnati99@gmail.com to subscribed because it was out of sync.
2025-02-15T05:11:52+00:00 NOTICE cart.member.updated :: Updated ritvik.karnati99@gmail.com subscriber status to subscribedand language to en
2025-02-15T06:11:02+00:00 NOTICE handleOrderUpdate :: order_status
2025-02-15T06:11:02+00:00 NOTICE action_scheduler.queue_job :: MailChimp_WooCommerce_Single_Order starts in 90 seconds :: obj_id 17250 with id 61736
2025-02-15T06:11:02+00:00 NOTICE handleOrderUpdate :: order_status
2025-02-15T06:11:02+00:00 NOTICE handleOrderUpdate :: order_status
2025-02-15T06:11:02+00:00 NOTICE handleOrderUpdate :: order_status
2025-02-15T06:11:04+00:00 NOTICE handleOrderUpdate :: order_status
2025-02-15T06:11:05+00:00 NOTICE handleOrderUpdate :: order_status
2025-02-15T06:11:05+00:00 NOTICE handleOrderUpdate :: order_status
2025-02-15T06:11:05+00:00 NOTICE debug :: Order ID 17250 was failed and is now pending :: Array
(
    [new_order] => 
    [tracking] => 
)
2025-02-15T06:11:05+00:00 NOTICE debug :: Order ID 17250 was pending and is now failed :: Array
(
    [new_order] => 
    [tracking] => 
)
2025-02-15T06:13:42+00:00 NOTICE order_submit :: #17250 has a financial status of pending and was skipped.
2025-02-15T09:46:12+00:00 NOTICE handleOrderUpdate :: order_status
2025-02-15T09:46:12+00:00 NOTICE action_scheduler.queue_job :: MailChimp_WooCommerce_Single_Order starts in 90 seconds :: obj_id 17243 with id 61740
2025-02-15T09:46:12+00:00 NOTICE handleOrderUpdate :: order_status
2025-02-15T09:46:12+00:00 NOTICE handleOrderUpdate :: order_status
2025-02-15T09:46:13+00:00 NOTICE handleOrderUpdate :: order_status
2025-02-15T09:46:15+00:00 NOTICE handleOrderUpdate :: order_status
2025-02-15T09:46:15+00:00 NOTICE handleOrderUpdate :: order_status
2025-02-15T09:46:15+00:00 NOTICE handleOrderUpdate :: order_status
2025-02-15T09:46:15+00:00 NOTICE debug :: Order ID 17243 was failed and is now pending :: Array
(
    [new_order] => 
    [tracking] => 
)
2025-02-15T09:46:16+00:00 NOTICE debug :: Order ID 17243 was pending and is now failed :: Array
(
    [new_order] => 
    [tracking] => 
)
2025-02-15T09:48:06+00:00 NOTICE order_submit :: #17243 has a financial status of pending and was skipped.
2025-02-15T10:58:26+00:00 NOTICE action_scheduler.queue_job :: MailChimp_WooCommerce_Cart_Update queued :: obj_id fd18d79c4c81273deab4d772a18207d4 with id 61743
2025-02-15T10:59:01+00:00 NOTICE abandoned_cart.success :: email: nickweatherholt@yahoo.com :: checkout_url: https://tryingtoadultrva.com/checkout/?mc_cart_id=fd18d79c4c81273deab4d772a18207d4
2025-02-15T10:59:02+00:00 NOTICE integration_logic :: mailchimp_member_data_update set the user meta for nickweatherholt@yahoo.com to subscribed because it was out of sync.
2025-02-15T10:59:02+00:00 NOTICE cart.member.updated :: Updated nickweatherholt@yahoo.com subscriber status to subscribedand language to en
2025-02-15T10:59:26+00:00 NOTICE action_scheduler.queue_job :: MailChimp_WooCommerce_Cart_Update queued :: obj_id fd18d79c4c81273deab4d772a18207d4 with id 61744
2025-02-15T11:00:03+00:00 NOTICE action_scheduler.queue_job :: MailChimp_WooCommerce_Single_Order starts in 90 seconds :: obj_id 17285 with id 61746
2025-02-15T11:00:04+00:00 NOTICE handleOrderUpdate :: order_status
2025-02-15T11:00:04+00:00 NOTICE abandoned_cart.success :: email: nickweatherholt@yahoo.com :: checkout_url: https://tryingtoadultrva.com/checkout/?mc_cart_id=fd18d79c4c81273deab4d772a18207d4
2025-02-15T11:00:04+00:00 NOTICE action_scheduler.queue_job :: MailChimp_WooCommerce_Single_Order starts in 90 seconds :: obj_id 17286 with id 61748
2025-02-15T11:00:04+00:00 NOTICE handleOrderUpdate :: order_status
2025-02-15T11:00:04+00:00 NOTICE handleOrderUpdate :: order_status
2025-02-15T11:00:04+00:00 NOTICE handleOrderUpdate :: order_status
2025-02-15T11:00:07+00:00 NOTICE handleOrderUpdate :: order_status
2025-02-15T11:00:07+00:00 NOTICE handleOrderUpdate :: order_status
2025-02-15T11:00:07+00:00 NOTICE handleOrderUpdate :: order_status
2025-02-15T11:00:08+00:00 NOTICE handleOrderUpdate :: order_status
2025-02-15T11:00:08+00:00 NOTICE debug :: Order ID 17285 was pending and is now processing :: Array
(
    [new_order] => 1
    [tracking] => Array
        (
            [landing_site] => https://tryingtoadultrva.com/login-account-information/
        )

)
2025-02-15T11:02:48+00:00 NOTICE order.member.updated :: Updated nickweatherholt@yahoo.com subscriber status to subscribedand language to en
2025-02-15T11:02:48+00:00 NOTICE order_submit.success :: addStoreOrder :: #17285 :: email: nickweatherholt@yahoo.com :: landing site https://tryingtoadultrva.com/login-account-information/ :: abandoned cart deleted [fd18d79c4c81273deab4d772a18207d4]
2025-02-15T11:02:48+00:00 NOTICE filter :: Order 17286 was skipped by the filter
2025-02-15T12:58:02+00:00 NOTICE handleOrderUpdate :: order_status
2025-02-15T12:58:02+00:00 NOTICE action_scheduler.queue_job :: MailChimp_WooCommerce_Single_Order starts in 90 seconds :: obj_id 17267 with id 61756
2025-02-15T12:58:02+00:00 NOTICE handleOrderUpdate :: order_status
2025-02-15T12:58:02+00:00 NOTICE handleOrderUpdate :: order_status
2025-02-15T12:58:02+00:00 NOTICE handleOrderUpdate :: order_status
2025-02-15T12:58:06+00:00 NOTICE handleOrderUpdate :: order_status
2025-02-15T12:58:06+00:00 NOTICE handleOrderUpdate :: order_status
2025-02-15T12:58:06+00:00 NOTICE handleOrderUpdate :: order_status
2025-02-15T12:58:06+00:00 NOTICE debug :: Order ID 17267 was failed and is now pending :: Array
(
    [new_order] => 
    [tracking] => 
)
2025-02-15T12:58:06+00:00 NOTICE debug :: Order ID 17267 was pending and is now failed :: Array
(
    [new_order] => 
    [tracking] => 
)
2025-02-15T13:00:17+00:00 NOTICE order_submit :: #17267 has a financial status of pending and was skipped.
2025-02-15T14:33:46+00:00 NOTICE action_scheduler.queue_job :: MailChimp_WooCommerce_Cart_Update queued :: obj_id a2ec3cbae2ee0cae94c83f88723363af with id 61759
2025-02-15T14:33:52+00:00 NOTICE abandoned_cart.success :: email: asmcclelland7@gmail.com :: checkout_url: https://tryingtoadultrva.com/checkout/?mc_cart_id=a2ec3cbae2ee0cae94c83f88723363af
2025-02-15T14:33:52+00:00 NOTICE integration_logic :: mailchimp_member_data_update set the user meta for asmcclelland7@gmail.com to subscribed because it was out of sync.
2025-02-15T14:33:52+00:00 NOTICE cart.member.updated :: Updated asmcclelland7@gmail.com subscriber status to subscribedand language to en
2025-02-15T14:34:02+00:00 NOTICE action_scheduler.queue_job :: MailChimp_WooCommerce_Single_Order starts in 90 seconds :: obj_id 17287 with id 61760
2025-02-15T14:34:02+00:00 NOTICE handleOrderUpdate :: order_status
2025-02-15T14:34:03+00:00 NOTICE handleOrderUpdate :: order_status
2025-02-15T14:34:03+00:00 NOTICE debug :: Order ID 17287 was pending and is now processing :: Array
(
    [new_order] => 1
    [tracking] => Array
        (
            [landing_site] => https://tryingtoadultrva.com/login-account-information/
        )

)
2025-02-15T14:35:51+00:00 NOTICE order.member.updated :: Updated asmcclelland7@gmail.com subscriber status to subscribedand language to en
2025-02-15T14:35:51+00:00 NOTICE order_submit.success :: addStoreOrder :: #17287 :: email: asmcclelland7@gmail.com :: landing site https://tryingtoadultrva.com/login-account-information/ :: abandoned cart deleted [a2ec3cbae2ee0cae94c83f88723363af]
2025-02-15T15:28:18+00:00 NOTICE handleOrderUpdate :: order_status
2025-02-15T15:28:18+00:00 NOTICE action_scheduler.queue_job :: MailChimp_WooCommerce_Single_Order starts in 90 seconds :: obj_id 17277 with id 61764
2025-02-15T15:28:18+00:00 NOTICE handleOrderUpdate :: order_status
2025-02-15T15:28:18+00:00 NOTICE handleOrderUpdate :: order_status
2025-02-15T15:28:18+00:00 NOTICE handleOrderUpdate :: order_status
2025-02-15T15:28:20+00:00 NOTICE handleOrderUpdate :: order_status
2025-02-15T15:28:21+00:00 NOTICE handleOrderUpdate :: order_status
2025-02-15T15:28:21+00:00 NOTICE handleOrderUpdate :: order_status
2025-02-15T15:28:21+00:00 NOTICE debug :: Order ID 17277 was failed and is now pending :: Array
(
    [new_order] => 
    [tracking] => 
)
2025-02-15T15:28:21+00:00 NOTICE debug :: Order ID 17277 was pending and is now failed :: Array
(
    [new_order] => 
    [tracking] => 
)
2025-02-15T15:29:37+00:00 NOTICE handleOrderUpdate :: order_status
2025-02-15T15:29:37+00:00 NOTICE action_scheduler.queue_job :: MailChimp_WooCommerce_Single_Order starts in 90 seconds :: obj_id 17278 with id 61768
2025-02-15T15:29:37+00:00 NOTICE handleOrderUpdate :: order_status
2025-02-15T15:29:37+00:00 NOTICE handleOrderUpdate :: order_status
2025-02-15T15:29:37+00:00 NOTICE handleOrderUpdate :: order_status
2025-02-15T15:29:40+00:00 NOTICE handleOrderUpdate :: order_status
2025-02-15T15:29:40+00:00 NOTICE handleOrderUpdate :: order_status
2025-02-15T15:29:40+00:00 NOTICE handleOrderUpdate :: order_status
2025-02-15T15:29:40+00:00 NOTICE debug :: Order ID 17278 was failed and is now pending :: Array
(
    [new_order] => 
    [tracking] => 
)
2025-02-15T15:29:41+00:00 NOTICE debug :: Order ID 17278 was pending and is now failed :: Array
(
    [new_order] => 
    [tracking] => 
)
2025-02-15T15:29:51+00:00 NOTICE order_submit :: #17277 has a financial status of pending and was skipped.
2025-02-15T15:31:09+00:00 NOTICE order_submit :: #17278 has a financial status of pending and was skipped.
2025-02-15T15:53:08+00:00 NOTICE handleOrderUpdate :: order_status
2025-02-15T15:53:08+00:00 NOTICE action_scheduler.queue_job :: MailChimp_WooCommerce_Single_Order starts in 90 seconds :: obj_id 17283 with id 61772
2025-02-15T15:53:08+00:00 NOTICE handleOrderUpdate :: order_status
2025-02-15T15:53:09+00:00 NOTICE handleOrderUpdate :: order_status
2025-02-15T15:53:09+00:00 NOTICE handleOrderUpdate :: order_status
2025-02-15T15:53:12+00:00 NOTICE handleOrderUpdate :: order_status
2025-02-15T15:53:12+00:00 NOTICE handleOrderUpdate :: order_status
2025-02-15T15:53:12+00:00 NOTICE handleOrderUpdate :: order_status
2025-02-15T15:53:12+00:00 NOTICE debug :: Order ID 17283 was failed and is now pending :: Array
(
    [new_order] => 
    [tracking] => 
)
2025-02-15T15:53:13+00:00 NOTICE debug :: Order ID 17283 was pending and is now failed :: Array
(
    [new_order] => 
    [tracking] => 
)
2025-02-15T15:55:04+00:00 NOTICE order_submit :: #17283 has a financial status of pending and was skipped.
2025-02-15T16:05:05+00:00 NOTICE handleOrderUpdate :: order_status
2025-02-15T16:05:05+00:00 NOTICE action_scheduler.queue_job :: MailChimp_WooCommerce_Single_Order starts in 90 seconds :: obj_id 16541 with id 61777
2025-02-15T16:05:05+00:00 NOTICE debug :: Order ID 16541 was processing and is now refunded :: Array
(
    [new_order] => 
    [tracking] => 
)
2025-02-15T16:05:06+00:00 NOTICE handleOrderUpdate :: order_status
2025-02-15T16:05:06+00:00 NOTICE debug :: Order ID 16541 was processing and is now refunded :: Array
(
    [new_order] => 
    [tracking] => 
)
2025-02-15T16:05:06+00:00 NOTICE handleOrderUpdate :: order_status
2025-02-15T16:05:47+00:00 NOTICE action_scheduler.queue_job :: MailChimp_WooCommerce_Single_Product starts in 5 seconds :: obj_id 16180 with id 61780
2025-02-15T16:05:54+00:00 NOTICE product_submit.success :: upsert :: #16180
2025-02-15T16:07:14+00:00 NOTICE order.member.updated :: Updated dpruitt0703@gmail.com subscriber status to subscribed
2025-02-15T16:07:14+00:00 NOTICE order_submit.success :: updateStoreOrder :: #16541 :: email: dpruitt0703@gmail.com
2025-02-15T16:08:06+00:00 NOTICE action_scheduler.queue_job :: MailChimp_WooCommerce_Cart_Update queued :: obj_id c405d82fd1b8497c0bd4fac9b17f0595 with id 61782
2025-02-15T16:08:14+00:00 NOTICE abandoned_cart.success :: email: nwkontopanos@gmail.com :: checkout_url: https://tryingtoadultrva.com/checkout/?mc_cart_id=c405d82fd1b8497c0bd4fac9b17f0595
2025-02-15T16:08:14+00:00 NOTICE integration_logic :: mailchimp_member_data_update set the user meta for nwkontopanos@gmail.com to subscribed because it was out of sync.
2025-02-15T16:08:14+00:00 NOTICE cart.member.updated :: Updated nwkontopanos@gmail.com subscriber status to subscribedand language to en
2025-02-15T16:08:20+00:00 NOTICE action_scheduler.queue_job :: MailChimp_WooCommerce_Single_Order starts in 90 seconds :: obj_id 17291 with id 61783
2025-02-15T16:08:21+00:00 NOTICE handleOrderUpdate :: order_status
2025-02-15T16:08:24+00:00 NOTICE handleOrderUpdate :: order_status
2025-02-15T16:08:24+00:00 NOTICE handleOrderUpdate :: order_status
2025-02-15T16:08:24+00:00 NOTICE action_scheduler.queue_job :: MailChimp_WooCommerce_Single_Product starts in 5 seconds :: obj_id 16180 with id 61785
2025-02-15T16:08:25+00:00 NOTICE debug :: Order ID 17291 was pending and is now processing :: Array
(
    [new_order] => 1
    [tracking] => Array
        (
            [landing_site] => https://tryingtoadultrva.com/checkout/order-received/16957/?key=wc_order_egVRY2oxbH03s
        )

)
2025-02-15T16:09:16+00:00 NOTICE product_submit.success :: upsert :: #16180
2025-02-15T16:11:32+00:00 NOTICE order.member.updated :: Updated nwkontopanos@gmail.com subscriber status to subscribedand language to en
2025-02-15T16:11:32+00:00 NOTICE order_submit.success :: addStoreOrder :: #17291 :: email: nwkontopanos@gmail.com :: landing site https://tryingtoadultrva.com/checkout/order-received/16957/?key=wc_order_egVRY2oxbH03s :: abandoned cart deleted [c405d82fd1b8497c0bd4fac9b17f0595]
2025-02-15T16:19:31+00:00 NOTICE handleOrderUpdate :: order_status
2025-02-15T16:19:31+00:00 NOTICE action_scheduler.queue_job :: MailChimp_WooCommerce_Single_Order starts in 90 seconds :: obj_id 17284 with id 61789
2025-02-15T16:19:31+00:00 NOTICE handleOrderUpdate :: order_status
2025-02-15T16:19:31+00:00 NOTICE handleOrderUpdate :: order_status
2025-02-15T16:19:31+00:00 NOTICE handleOrderUpdate :: order_status
2025-02-15T16:19:33+00:00 NOTICE handleOrderUpdate :: order_status
2025-02-15T16:19:33+00:00 NOTICE handleOrderUpdate :: order_status
2025-02-15T16:19:33+00:00 NOTICE handleOrderUpdate :: order_status
2025-02-15T16:19:34+00:00 NOTICE debug :: Order ID 17284 was failed and is now pending :: Array
(
    [new_order] => 
    [tracking] => 
)
2025-02-15T16:19:34+00:00 NOTICE debug :: Order ID 17284 was pending and is now failed :: Array
(
    [new_order] => 
    [tracking] => 
)
2025-02-15T16:21:19+00:00 NOTICE order_submit :: #17284 has a financial status of pending and was skipped.
2025-02-15T16:40:44+00:00 NOTICE action_scheduler.queue_job :: MailChimp_WooCommerce_Cart_Update queued :: obj_id 87e2c4e5cf8dc5d6f0ddf74e7b0c4137 with id 61792
2025-02-15T16:40:54+00:00 NOTICE action_scheduler.queue_job :: MailChimp_WooCommerce_Single_Order starts in 90 seconds :: obj_id 17293 with id 61793
2025-02-15T16:40:55+00:00 NOTICE handleOrderUpdate :: order_status
2025-02-15T16:40:55+00:00 NOTICE handleOrderUpdate :: order_status
2025-02-15T16:40:56+00:00 NOTICE debug :: Order ID 17293 was pending and is now processing :: Array
(
    [new_order] => 1
    [tracking] => Array
        (
            [landing_site] => https://tryingtoadultrva.com/login-account-information/
        )

)
2025-02-15T16:41:11+00:00 NOTICE abandoned_cart.success :: email: davedurrands@hotmail.com :: checkout_url: https://tryingtoadultrva.com/checkout/?mc_cart_id=87e2c4e5cf8dc5d6f0ddf74e7b0c4137
2025-02-15T16:41:12+00:00 NOTICE integration_logic :: mailchimp_member_data_update set the user meta for davedurrands@hotmail.com to subscribed because it was out of sync.
2025-02-15T16:41:12+00:00 NOTICE cart.member.updated :: Updated davedurrands@hotmail.com subscriber status to subscribedand language to en
2025-02-15T16:43:33+00:00 NOTICE order.member.updated :: Updated davedurrands@hotmail.com subscriber status to subscribedand language to en
2025-02-15T16:43:33+00:00 NOTICE order_submit.success :: addStoreOrder :: #17293 :: email: davedurrands@hotmail.com :: landing site https://tryingtoadultrva.com/login-account-information/ :: abandoned cart deleted [87e2c4e5cf8dc5d6f0ddf74e7b0c4137]
2025-02-15T16:48:05+00:00 NOTICE action_scheduler.queue_job :: MailChimp_WooCommerce_Cart_Update queued :: obj_id 4890c47fc8d81cbb23fbb1cddbcaeb91 with id 61796
2025-02-15T16:48:06+00:00 NOTICE action_scheduler.queue_job :: MailChimp_WooCommerce_Single_Order starts in 90 seconds :: obj_id 17295 with id 61798
2025-02-15T16:48:07+00:00 NOTICE handleOrderUpdate :: order_status
2025-02-15T16:48:07+00:00 NOTICE handleOrderUpdate :: order_status
2025-02-15T16:48:08+00:00 NOTICE debug :: Order ID 17295 was pending and is now processing :: Array
(
    [new_order] => 1
    [tracking] => Array
        (
            [landing_site] => https://tryingtoadultrva.com/checkout/
        )

)
2025-02-15T16:48:15+00:00 NOTICE abandoned_cart.success :: email: cinv2018@outlook.com :: checkout_url: https://tryingtoadultrva.com/checkout/?mc_cart_id=4890c47fc8d81cbb23fbb1cddbcaeb91
2025-02-15T16:48:15+00:00 NOTICE cart.member.updated :: Updated cinv2018@outlook.com subscriber status to transactionaland language to en
2025-02-15T16:49:44+00:00 NOTICE order.member.updated :: Updated cinv2018@outlook.com subscriber status to transactionaland language to en
2025-02-15T16:49:44+00:00 NOTICE order_submit.success :: addStoreOrder :: #17295 :: email: cinv2018@outlook.com :: landing site https://tryingtoadultrva.com/checkout/ :: abandoned cart deleted [4890c47fc8d81cbb23fbb1cddbcaeb91]
2025-02-15T18:12:02+00:00 NOTICE handleOrderUpdate :: order_status
2025-02-15T18:12:02+00:00 NOTICE action_scheduler.queue_job :: MailChimp_WooCommerce_Single_Order starts in 90 seconds :: obj_id 17250 with id 61802
2025-02-15T18:12:02+00:00 NOTICE handleOrderUpdate :: order_status
2025-02-15T18:12:02+00:00 NOTICE handleOrderUpdate :: order_status
2025-02-15T18:12:02+00:00 NOTICE handleOrderUpdate :: order_status
2025-02-15T18:12:05+00:00 NOTICE handleOrderUpdate :: order_status
2025-02-15T18:12:05+00:00 NOTICE handleOrderUpdate :: order_status
2025-02-15T18:12:05+00:00 NOTICE handleOrderUpdate :: order_status
2025-02-15T18:12:05+00:00 NOTICE debug :: Order ID 17250 was failed and is now pending :: Array
(
    [new_order] => 
    [tracking] => 
)
2025-02-15T18:12:05+00:00 NOTICE debug :: Order ID 17250 was pending and is now failed :: Array
(
    [new_order] => 
    [tracking] => 
)
2025-02-15T18:15:14+00:00 NOTICE order_submit :: #17250 has a financial status of pending and was skipped.
2025-02-15T18:20:28+00:00 NOTICE handleOrderUpdate :: order_status
2025-02-15T18:20:28+00:00 NOTICE action_scheduler.queue_job :: MailChimp_WooCommerce_Single_Order starts in 90 seconds :: obj_id 17173 with id 61806
2025-02-15T18:20:29+00:00 NOTICE handleOrderUpdate :: order_status
2025-02-15T18:20:29+00:00 NOTICE handleOrderUpdate :: order_status
2025-02-15T18:20:29+00:00 NOTICE handleOrderUpdate :: order_status
2025-02-15T18:20:32+00:00 NOTICE handleOrderUpdate :: order_status
2025-02-15T18:20:32+00:00 NOTICE handleOrderUpdate :: order_status
2025-02-15T18:20:32+00:00 NOTICE handleOrderUpdate :: order_status
2025-02-15T18:20:32+00:00 NOTICE debug :: Order ID 17173 was failed and is now pending :: Array
(
    [new_order] => 
    [tracking] => 
)
2025-02-15T18:20:32+00:00 NOTICE debug :: Order ID 17173 was pending and is now failed :: Array
(
    [new_order] => 
    [tracking] => 
)
2025-02-15T18:23:09+00:00 NOTICE order_submit :: #17173 has a financial status of pending and was skipped.
2025-02-15T19:20:32+00:00 NOTICE handleOrderUpdate :: order_status
2025-02-15T19:20:32+00:00 NOTICE action_scheduler.queue_job :: MailChimp_WooCommerce_Single_Order starts in 90 seconds :: obj_id 16332 with id 61810
2025-02-15T19:20:33+00:00 NOTICE debug :: Order ID 16332 was processing and is now refunded :: Array
(
    [new_order] => 
    [tracking] => 
)
2025-02-15T19:20:35+00:00 NOTICE handleOrderUpdate :: order_status
2025-02-15T19:20:36+00:00 NOTICE debug :: Order ID 16332 was processing and is now refunded :: Array
(
    [new_order] => 
    [tracking] => 
)
2025-02-15T19:20:37+00:00 NOTICE handleOrderUpdate :: order_status
2025-02-15T19:21:05+00:00 NOTICE action_scheduler.queue_job :: MailChimp_WooCommerce_Single_Product starts in 5 seconds :: obj_id 16180 with id 61813
2025-02-15T19:21:42+00:00 NOTICE product_submit.success :: upsert :: #16180
2025-02-15T19:22:39+00:00 NOTICE order.member.updated :: Updated victoriajloe@gmail.com subscriber status to subscribed
2025-02-15T19:22:39+00:00 NOTICE order_submit.success :: updateStoreOrder :: #16332 :: email: victoriajloe@gmail.com
2025-02-15T19:24:10+00:00 NOTICE handleOrderUpdate :: order_status
2025-02-15T19:24:10+00:00 NOTICE action_scheduler.queue_job :: MailChimp_WooCommerce_Single_Order starts in 90 seconds :: obj_id 16330 with id 61816
2025-02-15T19:24:11+00:00 NOTICE debug :: Order ID 16330 was processing and is now refunded :: Array
(
    [new_order] => 
    [tracking] => 
)
2025-02-15T19:24:11+00:00 NOTICE handleOrderUpdate :: order_status
2025-02-15T19:24:12+00:00 NOTICE debug :: Order ID 16330 was processing and is now refunded :: Array
(
    [new_order] => 
    [tracking] => 
)
2025-02-15T19:24:12+00:00 NOTICE handleOrderUpdate :: order_status
2025-02-15T19:26:12+00:00 NOTICE action_scheduler.queue_job :: MailChimp_WooCommerce_Cart_Update queued :: obj_id 91f2d756c72d9d0d96d7b62aec0fed24 with id 61819
2025-02-15T19:26:14+00:00 NOTICE order.member.updated :: Updated gowthams231@gmail.com subscriber status to transactional
2025-02-15T19:26:14+00:00 NOTICE order_submit.success :: updateStoreOrder :: #16330 :: email: gowthams231@gmail.com
2025-02-15T19:26:15+00:00 NOTICE abandoned_cart.success :: email: ashley.cloude@gmail.com :: checkout_url: https://tryingtoadultrva.com/checkout/?mc_cart_id=91f2d756c72d9d0d96d7b62aec0fed24
2025-02-15T19:26:16+00:00 NOTICE integration_logic :: mailchimp_member_data_update set the user meta for ashley.cloude@gmail.com to subscribed because it was out of sync.
2025-02-15T19:26:16+00:00 NOTICE cart.member.updated :: Updated ashley.cloude@gmail.com subscriber status to subscribedand language to en
2025-02-15T19:26:35+00:00 NOTICE action_scheduler.queue_job :: MailChimp_WooCommerce_Single_Order starts in 90 seconds :: obj_id 17299 with id 61820
2025-02-15T19:26:35+00:00 NOTICE handleOrderUpdate :: order_status
2025-02-15T19:26:38+00:00 NOTICE handleOrderUpdate :: order_status
2025-02-15T19:26:38+00:00 NOTICE handleOrderUpdate :: order_status
2025-02-15T19:26:39+00:00 NOTICE debug :: Order ID 17299 was pending and is now processing :: Array
(
    [new_order] => 1
    [tracking] => Array
        (
            [landing_site] => https://tryingtoadultrva.com/checkout/order-received/16804/?key=wc_order_mrRNJX3MSIsWK
        )

)
2025-02-15T19:28:24+00:00 NOTICE order.member.updated :: Updated ashley.cloude@gmail.com subscriber status to subscribedand language to en
2025-02-15T19:28:24+00:00 NOTICE order_submit.success :: addStoreOrder :: #17299 :: email: ashley.cloude@gmail.com :: landing site https://tryingtoadultrva.com/checkout/order-received/16804/?key=wc_order_mrRNJX3MSIsWK :: abandoned cart deleted [91f2d756c72d9d0d96d7b62aec0fed24]
2025-02-15T19:28:35+00:00 NOTICE action_scheduler.queue_job :: MailChimp_WooCommerce_Cart_Update queued :: obj_id c1145f05613663f3a0f8f3af4488fec0 with id 61823
2025-02-15T19:29:23+00:00 NOTICE action_scheduler.queue_job :: MailChimp_WooCommerce_User_Submit queued :: obj_id 430 with id 61824
2025-02-15T19:29:24+00:00 NOTICE action_scheduler.queue_job :: MailChimp_WooCommerce_Single_Order starts in 90 seconds :: obj_id 17301 with id 61825
2025-02-15T19:29:24+00:00 NOTICE handleOrderUpdate :: order_status
2025-02-15T19:29:25+00:00 NOTICE action_scheduler.queue_job :: MailChimp_WooCommerce_Single_Order starts in 90 seconds :: obj_id 17302 with id 61827
2025-02-15T19:29:25+00:00 NOTICE abandoned_cart.success :: email: connerleake6@gmail.com :: checkout_url: https://tryingtoadultrva.com/checkout/?mc_cart_id=c1145f05613663f3a0f8f3af4488fec0
2025-02-15T19:29:25+00:00 NOTICE handleOrderUpdate :: order_status
2025-02-15T19:29:25+00:00 NOTICE handleOrderUpdate :: order_status
2025-02-15T19:29:25+00:00 NOTICE handleOrderUpdate :: order_status
2025-02-15T19:29:26+00:00 NOTICE cart.member.updated :: Updated connerleake6@gmail.com subscriber status to transactionaland language to en
2025-02-15T19:29:26+00:00 NOTICE handleOrderUpdate :: order_status
2025-02-15T19:29:27+00:00 NOTICE member.sync :: Updated Member connerleake6@gmail.com :: Array
(
    [status] => subscribed
    [language] => 
    [merge_fields] => Array
        (
            [FNAME] => Conner
            [LNAME] => Leake
        )

    [gdpr_fields] => 
)
2025-02-15T19:29:31+00:00 NOTICE handleOrderUpdate :: order_status
2025-02-15T19:29:31+00:00 NOTICE handleOrderUpdate :: order_status
2025-02-15T19:29:31+00:00 NOTICE webhook :: Subscriber Sync :: subscribe :: connerleake6@gmail.com :: Array
(
    [subscribed] => 1
    [user_id] => 430
)
2025-02-15T19:29:35+00:00 NOTICE handleOrderUpdate :: order_status
2025-02-15T19:29:36+00:00 NOTICE debug :: Order ID 17301 was pending and is now processing :: Array
(
    [new_order] => 1
    [tracking] => Array
        (
            [landing_site] => https://tryingtoadultrva.com/product/membership/
        )

)
2025-02-15T19:31:29+00:00 NOTICE order.member.updated :: Updated connerleake6@gmail.com subscriber status to subscribedand language to en
2025-02-15T19:31:29+00:00 NOTICE order_submit.success :: addStoreOrder :: #17301 :: email: connerleake6@gmail.com :: landing site https://tryingtoadultrva.com/product/membership/ :: abandoned cart deleted [c1145f05613663f3a0f8f3af4488fec0]
2025-02-15T19:31:32+00:00 NOTICE handleOrderUpdate :: order_status
2025-02-15T19:31:32+00:00 NOTICE action_scheduler.queue_job :: MailChimp_WooCommerce_Single_Order starts in 90 seconds :: obj_id 16493 with id 61835
2025-02-15T19:31:33+00:00 NOTICE debug :: Order ID 16493 was processing and is now refunded :: Array
(
    [new_order] => 
    [tracking] => 
)
2025-02-15T19:31:33+00:00 NOTICE handleOrderUpdate :: order_status
2025-02-15T19:31:33+00:00 NOTICE debug :: Order ID 16493 was processing and is now refunded :: Array
(
    [new_order] => 
    [tracking] => 
)
2025-02-15T19:31:33+00:00 NOTICE handleOrderUpdate :: order_status
2025-02-15T19:31:49+00:00 NOTICE action_scheduler.queue_job :: MailChimp_WooCommerce_Cart_Update queued :: obj_id c1145f05613663f3a0f8f3af4488fec0 with id 61838
2025-02-15T19:32:21+00:00 NOTICE abandoned_cart.success :: email: connerleake6@gmail.com :: checkout_url: https://tryingtoadultrva.com/checkout/?mc_cart_id=c1145f05613663f3a0f8f3af4488fec0
2025-02-15T19:32:42+00:00 NOTICE filter :: Order 17302 was skipped by the filter
2025-02-15T19:33:18+00:00 NOTICE action_scheduler.queue_job :: MailChimp_WooCommerce_Single_Order starts in 90 seconds :: obj_id 17305 with id 61839
2025-02-15T19:33:20+00:00 NOTICE handleOrderUpdate :: order_status
2025-02-15T19:33:27+00:00 NOTICE order.member.updated :: Updated josh@ziplitics.co subscriber status to transactional
2025-02-15T19:33:27+00:00 NOTICE order_submit.success :: updateStoreOrder :: #16493 :: email: josh@ziplitics.co
2025-02-15T19:33:29+00:00 NOTICE handleOrderUpdate :: order_status
2025-02-15T19:33:29+00:00 NOTICE handleOrderUpdate :: order_status
2025-02-15T19:33:30+00:00 NOTICE debug :: Order ID 17305 was pending and is now processing :: Array
(
    [new_order] => 1
    [tracking] => Array
        (
            [landing_site] => https://tryingtoadultrva.com/checkout/order-received/17301/?key=wc_order_SSYJoWJXN3a9S
        )

)
2025-02-15T19:35:16+00:00 NOTICE order.member.updated :: Updated connerleake6@gmail.com subscriber status to subscribedand language to en
2025-02-15T19:35:16+00:00 NOTICE order_submit.success :: addStoreOrder :: #17305 :: email: connerleake6@gmail.com :: landing site https://tryingtoadultrva.com/checkout/order-received/17301/?key=wc_order_SSYJoWJXN3a9S :: abandoned cart deleted [c1145f05613663f3a0f8f3af4488fec0]
2025-02-15T19:54:10+00:00 NOTICE action_scheduler.queue_job :: MailChimp_WooCommerce_Cart_Update queued :: obj_id 0df61f7582063a46490d698e76d7abc3 with id 61843
2025-02-15T19:54:10+00:00 NOTICE action_scheduler.queue_job :: MailChimp_WooCommerce_Cart_Update queued :: obj_id 8d35046870b0192834112ae0725e581b with id 61844
2025-02-15T19:54:12+00:00 NOTICE abandoned_cart.success :: email: jr104494@gmail.com :: checkout_url: https://tryingtoadultrva.com/checkout/?mc_cart_id=0df61f7582063a46490d698e76d7abc3
2025-02-15T19:54:12+00:00 NOTICE cart.member.updated :: Updated jr104494@gmail.com subscriber status to transactionaland language to en
2025-02-15T19:54:13+00:00 NOTICE abandoned_cart.success :: email: daniellejustine99@gmail.com :: checkout_url: https://tryingtoadultrva.com/checkout/?mc_cart_id=8d35046870b0192834112ae0725e581b
2025-02-15T19:54:14+00:00 NOTICE cart.member.updated :: Updated daniellejustine99@gmail.com subscriber status to subscribedand language to en
2025-02-15T19:54:14+00:00 ERROR action_scheduler.process_job.fail :: Job MailChimp_WooCommerce_Cart_Update not found at wp_j9bzlz98u3__mailchimp_jobs database table :: obj_id 0df61f7582063a46490d698e76d7abc3
2025-02-15T19:54:49+00:00 NOTICE action_scheduler.queue_job :: MailChimp_WooCommerce_Single_Order starts in 90 seconds :: obj_id 17307 with id 61846
2025-02-15T19:54:50+00:00 NOTICE handleOrderUpdate :: order_status
2025-02-15T19:54:51+00:00 NOTICE handleOrderUpdate :: order_status
2025-02-15T19:54:51+00:00 NOTICE handleOrderUpdate :: order_status
2025-02-15T19:54:52+00:00 NOTICE action_scheduler.queue_job :: MailChimp_WooCommerce_Single_Product starts in 5 seconds :: obj_id 16180 with id 61848
2025-02-15T19:54:52+00:00 NOTICE debug :: Order ID 17307 was pending and is now processing :: Array
(
    [new_order] => 1
    [tracking] => Array
        (
            [landing_site] => https://tryingtoadultrva.com/checkout/
        )

)
2025-02-15T19:55:00+00:00 NOTICE product_submit.success :: upsert :: #16180
2025-02-15T19:56:47+00:00 NOTICE order.member.updated :: Updated jr104494@gmail.com subscriber status to subscribedand language to en
2025-02-15T19:56:47+00:00 NOTICE order_submit.success :: addStoreOrder :: #17307 :: email: jr104494@gmail.com :: landing site https://tryingtoadultrva.com/checkout/ :: abandoned cart deleted [0df61f7582063a46490d698e76d7abc3]
2025-02-15T19:58:16+00:00 NOTICE handleOrderUpdate :: order_status
2025-02-15T19:58:17+00:00 NOTICE action_scheduler.queue_job :: MailChimp_WooCommerce_Single_Order starts in 90 seconds :: obj_id 17090 with id 61852
2025-02-15T19:58:17+00:00 NOTICE handleOrderUpdate :: order_status
2025-02-15T19:58:17+00:00 NOTICE handleOrderUpdate :: order_status
2025-02-15T19:58:17+00:00 NOTICE handleOrderUpdate :: order_status
2025-02-15T19:58:20+00:00 NOTICE handleOrderUpdate :: order_status
2025-02-15T19:58:20+00:00 NOTICE handleOrderUpdate :: order_status
2025-02-15T19:58:20+00:00 NOTICE handleOrderUpdate :: order_status
2025-02-15T19:58:20+00:00 NOTICE debug :: Order ID 17090 was failed and is now pending :: Array
(
    [new_order] => 
    [tracking] => 
)
2025-02-15T19:58:20+00:00 NOTICE debug :: Order ID 17090 was pending and is now failed :: Array
(
    [new_order] => 
    [tracking] => 
)
2025-02-15T20:00:09+00:00 NOTICE order_submit :: #17090 has a financial status of pending and was skipped.
2025-02-15T20:20:37+00:00 NOTICE action_scheduler.queue_job :: MailChimp_WooCommerce_Cart_Update queued :: obj_id 9e8e9cca568a57026648a3a7155a8d0b with id 61855
2025-02-15T20:21:11+00:00 NOTICE abandoned_cart.success :: email: renashworth@gmail.com :: checkout_url: https://tryingtoadultrva.com/checkout/?mc_cart_id=9e8e9cca568a57026648a3a7155a8d0b
2025-02-15T20:21:12+00:00 NOTICE integration_logic :: mailchimp_member_data_update set the user meta for renashworth@gmail.com to subscribed because it was out of sync.
2025-02-15T20:21:12+00:00 NOTICE cart.member.updated :: Updated renashworth@gmail.com subscriber status to subscribedand language to en
2025-02-15T20:25:03+00:00 NOTICE action_scheduler.queue_job :: MailChimp_WooCommerce_Cart_Update queued :: obj_id e0baf8b1414b5e6b42fdd8493c4a6ae3 with id 61856
2025-02-15T20:25:10+00:00 NOTICE abandoned_cart.success :: email: 33bbessette@gmail.com :: checkout_url: https://tryingtoadultrva.com/checkout/?mc_cart_id=e0baf8b1414b5e6b42fdd8493c4a6ae3
2025-02-15T20:25:11+00:00 NOTICE cart.member.updated :: Updated 33bbessette@gmail.com subscriber status to transactionaland language to en
2025-02-15T20:27:06+00:00 NOTICE action_scheduler.queue_job :: MailChimp_WooCommerce_User_Submit queued :: obj_id 431 with id 61857
2025-02-15T20:27:08+00:00 NOTICE action_scheduler.queue_job :: MailChimp_WooCommerce_Single_Order starts in 90 seconds :: obj_id 17309 with id 61858
2025-02-15T20:27:09+00:00 NOTICE handleOrderUpdate :: order_status
2025-02-15T20:27:10+00:00 NOTICE action_scheduler.queue_job :: MailChimp_WooCommerce_Single_Order starts in 90 seconds :: obj_id 17310 with id 61860
2025-02-15T20:27:10+00:00 NOTICE handleOrderUpdate :: order_status
2025-02-15T20:27:10+00:00 NOTICE handleOrderUpdate :: order_status
2025-02-15T20:27:11+00:00 NOTICE handleOrderUpdate :: order_status
2025-02-15T20:27:11+00:00 NOTICE member.sync :: Updated Member 33bbessette@gmail.com :: Array
(
    [status] => subscribed
    [language] => 
    [merge_fields] => Array
        (
            [FNAME] => Brooke
            [LNAME] => Bessette
        )

    [gdpr_fields] => 
)
2025-02-15T20:27:12+00:00 NOTICE handleOrderUpdate :: order_status
2025-02-15T20:27:14+00:00 NOTICE handleOrderUpdate :: order_status
2025-02-15T20:27:14+00:00 NOTICE handleOrderUpdate :: order_status
2025-02-15T20:27:16+00:00 NOTICE handleOrderUpdate :: order_status
2025-02-15T20:27:16+00:00 NOTICE debug :: Order ID 17309 was pending and is now processing :: Array
(
    [new_order] => 1
    [tracking] => Array
        (
            [landing_site] => https://tryingtoadultrva.com/events/list/
        )

)
2025-02-15T20:27:17+00:00 NOTICE webhook :: Subscriber Sync :: subscribe :: 33bbessette@gmail.com :: Array
(
    [subscribed] => 1
    [user_id] => 431
)
2025-02-15T20:29:14+00:00 NOTICE order.member.updated :: Updated 33bbessette@gmail.com subscriber status to subscribedand language to en
2025-02-15T20:29:14+00:00 NOTICE order_submit.success :: addStoreOrder :: #17309 :: email: 33bbessette@gmail.com :: landing site https://tryingtoadultrva.com/events/list/ :: abandoned cart deleted [e0baf8b1414b5e6b42fdd8493c4a6ae3]
2025-02-15T20:29:14+00:00 NOTICE filter :: Order 17310 was skipped by the filter
2025-02-15T20:38:33+00:00 NOTICE action_scheduler.queue_job :: MailChimp_WooCommerce_Cart_Update queued :: obj_id 0761a1cc56a4f8cf29df4fab84349393 with id 61867
2025-02-15T20:38:35+00:00 NOTICE abandoned_cart.success :: email: courtneynoel1988@gmail.com :: checkout_url: https://tryingtoadultrva.com/checkout/?mc_cart_id=0761a1cc56a4f8cf29df4fab84349393
2025-02-15T20:38:36+00:00 NOTICE cart.member.updated :: Updated courtneynoel1988@gmail.com subscriber status to transactionaland language to en
2025-02-15T20:38:40+00:00 NOTICE action_scheduler.queue_job :: MailChimp_WooCommerce_User_Submit queued :: obj_id 432 with id 61868
2025-02-15T20:38:41+00:00 NOTICE action_scheduler.queue_job :: MailChimp_WooCommerce_Single_Order starts in 90 seconds :: obj_id 17312 with id 61869
2025-02-15T20:38:41+00:00 NOTICE handleOrderUpdate :: order_status
2025-02-15T20:38:42+00:00 NOTICE action_scheduler.queue_job :: MailChimp_WooCommerce_Single_Order starts in 90 seconds :: obj_id 17313 with id 61871
2025-02-15T20:38:42+00:00 NOTICE handleOrderUpdate :: order_status
2025-02-15T20:38:42+00:00 NOTICE handleOrderUpdate :: order_status
2025-02-15T20:38:42+00:00 NOTICE handleOrderUpdate :: order_status
2025-02-15T20:38:43+00:00 NOTICE handleOrderUpdate :: order_status
2025-02-15T20:38:44+00:00 NOTICE member.sync :: Updated Member courtneynoel1988@gmail.com :: Array
(
    [status] => subscribed
    [language] => 
    [merge_fields] => Array
        (
            [FNAME] => Courtney
            [LNAME] => Flores
        )

    [gdpr_fields] => 
)
2025-02-15T20:38:47+00:00 NOTICE handleOrderUpdate :: order_status
2025-02-15T20:38:47+00:00 NOTICE handleOrderUpdate :: order_status
2025-02-15T20:38:48+00:00 NOTICE handleOrderUpdate :: order_status
2025-02-15T20:38:48+00:00 NOTICE debug :: Order ID 17312 was pending and is now processing :: Array
(
    [new_order] => 1
    [tracking] => Array
        (
            [landing_site] => https://tryingtoadultrva.com/product/membership/
        )

)
2025-02-15T20:38:51+00:00 NOTICE webhook :: Subscriber Sync :: subscribe :: courtneynoel1988@gmail.com :: Array
(
    [subscribed] => 1
    [user_id] => 432
)
2025-02-15T20:40:26+00:00 NOTICE order.member.updated :: Updated courtneynoel1988@gmail.com subscriber status to subscribedand language to en
2025-02-15T20:40:26+00:00 NOTICE order_submit.success :: addStoreOrder :: #17312 :: email: courtneynoel1988@gmail.com :: landing site https://tryingtoadultrva.com/product/membership/ :: abandoned cart deleted [0761a1cc56a4f8cf29df4fab84349393]
2025-02-15T20:40:26+00:00 NOTICE filter :: Order 17313 was skipped by the filter
2025-02-15T20:41:47+00:00 NOTICE action_scheduler.queue_job :: MailChimp_WooCommerce_Cart_Update queued :: obj_id 0761a1cc56a4f8cf29df4fab84349393 with id 61878
2025-02-15T20:41:53+00:00 NOTICE abandoned_cart.success :: email: courtneynoel1988@gmail.com :: checkout_url: https://tryingtoadultrva.com/checkout/?mc_cart_id=0761a1cc56a4f8cf29df4fab84349393
2025-02-15T20:42:06+00:00 NOTICE action_scheduler.queue_job :: MailChimp_WooCommerce_Single_Order starts in 90 seconds :: obj_id 17315 with id 61880
2025-02-15T20:42:07+00:00 NOTICE handleOrderUpdate :: order_status
2025-02-15T20:42:07+00:00 NOTICE handleOrderUpdate :: order_status
2025-02-15T20:42:08+00:00 NOTICE debug :: Order ID 17315 was pending and is now processing :: Array
(
    [new_order] => 1
    [tracking] => Array
        (
            [landing_site] => https://tryingtoadultrva.com/checkout/order-received/17312/?key=wc_order_gy1Us8omSORha
        )

)
2025-02-15T20:43:59+00:00 NOTICE order.member.updated :: Updated courtneynoel1988@gmail.com subscriber status to subscribedand language to en
2025-02-15T20:43:59+00:00 NOTICE order_submit.success :: addStoreOrder :: #17315 :: email: courtneynoel1988@gmail.com :: landing site https://tryingtoadultrva.com/checkout/order-received/17312/?key=wc_order_gy1Us8omSORha :: abandoned cart deleted [0761a1cc56a4f8cf29df4fab84349393]
2025-02-15T20:47:42+00:00 NOTICE action_scheduler.queue_job :: MailChimp_WooCommerce_Cart_Update queued :: obj_id 9e8e9cca568a57026648a3a7155a8d0b with id 61883
2025-02-15T20:48:04+00:00 NOTICE abandoned_cart.success :: email: renashworth@gmail.com :: checkout_url: https://tryingtoadultrva.com/checkout/?mc_cart_id=9e8e9cca568a57026648a3a7155a8d0b
2025-02-15T20:53:39+00:00 NOTICE action_scheduler.queue_job :: MailChimp_WooCommerce_Cart_Update queued :: obj_id b17ee3a2fe3cafdbbc5f16ab415d4ef9 with id 61884
2025-02-15T20:53:54+00:00 NOTICE abandoned_cart.success :: email: tylerschmincke12@gmail.com :: checkout_url: https://tryingtoadultrva.com/checkout/?mc_cart_id=b17ee3a2fe3cafdbbc5f16ab415d4ef9
2025-02-15T20:53:55+00:00 NOTICE integration_logic :: mailchimp_member_data_update set the user meta for tylerschmincke12@gmail.com to subscribed because it was out of sync.
2025-02-15T20:53:55+00:00 NOTICE cart.member.updated :: Updated tylerschmincke12@gmail.com subscriber status to subscribedand language to en
2025-02-15T20:54:06+00:00 NOTICE action_scheduler.queue_job :: MailChimp_WooCommerce_Single_Order starts in 90 seconds :: obj_id 17320 with id 61885
2025-02-15T20:54:06+00:00 NOTICE handleOrderUpdate :: order_status
2025-02-15T20:54:07+00:00 NOTICE action_scheduler.queue_job :: MailChimp_WooCommerce_Single_Order starts in 90 seconds :: obj_id 17321 with id 61887
2025-02-15T20:54:07+00:00 NOTICE handleOrderUpdate :: order_status
2025-02-15T20:54:07+00:00 NOTICE handleOrderUpdate :: order_status
2025-02-15T20:54:07+00:00 NOTICE handleOrderUpdate :: order_status
2025-02-15T20:54:08+00:00 NOTICE handleOrderUpdate :: order_status
2025-02-15T20:54:10+00:00 NOTICE handleOrderUpdate :: order_status
2025-02-15T20:54:10+00:00 NOTICE handleOrderUpdate :: order_status
2025-02-15T20:54:11+00:00 NOTICE handleOrderUpdate :: order_status
2025-02-15T20:54:12+00:00 NOTICE debug :: Order ID 17320 was pending and is now processing :: Array
(
    [new_order] => 1
    [tracking] => Array
        (
            [landing_site] => https://tryingtoadultrva.com/events/list/
        )

)
2025-02-15T20:54:56+00:00 NOTICE action_scheduler.queue_job :: MailChimp_WooCommerce_Cart_Update queued :: obj_id b17ee3a2fe3cafdbbc5f16ab415d4ef9 with id 61894
2025-02-15T20:55:03+00:00 NOTICE action_scheduler.queue_job :: MailChimp_WooCommerce_Single_Order starts in 90 seconds :: obj_id 17322 with id 61895
2025-02-15T20:55:03+00:00 NOTICE abandoned_cart.success :: email: tylerschmincke12@gmail.com :: checkout_url: https://tryingtoadultrva.com/checkout/?mc_cart_id=b17ee3a2fe3cafdbbc5f16ab415d4ef9
2025-02-15T20:55:03+00:00 NOTICE handleOrderUpdate :: order_status
2025-02-15T20:55:04+00:00 NOTICE handleOrderUpdate :: order_status
2025-02-15T20:55:04+00:00 NOTICE debug :: Order ID 17322 was pending and is now processing :: Array
(
    [new_order] => 1
    [tracking] => Array
        (
            [landing_site] => https://tryingtoadultrva.com/checkout/order-received/17320/?key=wc_order_foDqWcDIt0Jx4
        )

)
2025-02-15T20:56:21+00:00 NOTICE order.member.updated :: Updated tylerschmincke12@gmail.com subscriber status to subscribedand language to en
2025-02-15T20:56:21+00:00 NOTICE order_submit.success :: addStoreOrder :: #17320 :: email: tylerschmincke12@gmail.com :: landing site https://tryingtoadultrva.com/events/list/ :: abandoned cart deleted [b17ee3a2fe3cafdbbc5f16ab415d4ef9]
2025-02-15T20:56:21+00:00 NOTICE filter :: Order 17321 was skipped by the filter
2025-02-15T20:57:16+00:00 NOTICE order.member.updated :: Updated tylerschmincke12@gmail.com subscriber status to subscribedand language to en
2025-02-15T20:57:16+00:00 NOTICE order_submit.success :: addStoreOrder :: #17322 :: email: tylerschmincke12@gmail.com :: landing site https://tryingtoadultrva.com/checkout/order-received/17320/?key=wc_order_foDqWcDIt0Jx4
2025-02-15T20:59:24+00:00 NOTICE action_scheduler.queue_job :: MailChimp_WooCommerce_Cart_Update queued :: obj_id 9e8e9cca568a57026648a3a7155a8d0b with id 61898
2025-02-15T21:00:10+00:00 NOTICE abandoned_cart.success :: email: renashworth@gmail.com :: checkout_url: https://tryingtoadultrva.com/checkout/?mc_cart_id=9e8e9cca568a57026648a3a7155a8d0b
2025-02-15T21:01:55+00:00 NOTICE action_scheduler.queue_job :: MailChimp_WooCommerce_Cart_Update queued :: obj_id 0d0844af9c2bf6095898806da84a3f46 with id 61899
2025-02-15T21:02:30+00:00 NOTICE abandoned_cart.success :: email: ah.azzawi@gmail.com :: checkout_url: https://tryingtoadultrva.com/checkout/?mc_cart_id=0d0844af9c2bf6095898806da84a3f46
2025-02-15T21:02:31+00:00 NOTICE cart.member.updated :: Updated ah.azzawi@gmail.com subscriber status to transactionaland language to en
2025-02-15T21:02:37+00:00 NOTICE action_scheduler.queue_job :: MailChimp_WooCommerce_User_Submit queued :: obj_id 433 with id 61900
2025-02-15T21:02:38+00:00 NOTICE action_scheduler.queue_job :: MailChimp_WooCommerce_Single_Order starts in 90 seconds :: obj_id 17324 with id 61901
2025-02-15T21:02:38+00:00 NOTICE handleOrderUpdate :: order_status
2025-02-15T21:02:39+00:00 NOTICE action_scheduler.queue_job :: MailChimp_WooCommerce_Single_Order starts in 90 seconds :: obj_id 17325 with id 61903
2025-02-15T21:02:39+00:00 NOTICE handleOrderUpdate :: order_status
2025-02-15T21:02:39+00:00 NOTICE handleOrderUpdate :: order_status
2025-02-15T21:02:39+00:00 NOTICE handleOrderUpdate :: order_status
2025-02-15T21:02:40+00:00 NOTICE handleOrderUpdate :: order_status
2025-02-15T21:02:43+00:00 NOTICE handleOrderUpdate :: order_status
2025-02-15T21:02:43+00:00 NOTICE handleOrderUpdate :: order_status
2025-02-15T21:02:44+00:00 NOTICE handleOrderUpdate :: order_status
2025-02-15T21:02:44+00:00 NOTICE handleOrderUpdate :: order_status
2025-02-15T21:02:44+00:00 NOTICE handleOrderUpdate :: order_status
2025-02-15T21:02:44+00:00 NOTICE debug :: Order ID 17324 was pending and is now failed :: Array
(
    [new_order] => 
    [tracking] => 
)
2025-02-15T21:02:59+00:00 NOTICE member.sync :: Updated Member ah.azzawi@gmail.com :: Array
(
    [status] => subscribed
    [language] => 
    [merge_fields] => Array
        (
            [FNAME] => Ammar
            [LNAME] => Hashim
        )

    [gdpr_fields] => 
)
2025-02-15T21:03:00+00:00 NOTICE webhook :: Subscriber Sync :: subscribe :: ah.azzawi@gmail.com :: Array
(
    [subscribed] => 1
    [user_id] => 433
)
2025-02-15T21:03:34+00:00 NOTICE action_scheduler.queue_job :: MailChimp_WooCommerce_Cart_Update queued :: obj_id 0d0844af9c2bf6095898806da84a3f46 with id 61908
2025-02-15T21:03:34+00:00 NOTICE action_scheduler.queue_job :: MailChimp_WooCommerce_Cart_Update queued :: obj_id 0d0844af9c2bf6095898806da84a3f46 with id 61909
2025-02-15T21:04:03+00:00 NOTICE handleOrderUpdate :: order_status
2025-02-15T21:04:03+00:00 NOTICE handleOrderUpdate :: order_status
2025-02-15T21:04:06+00:00 NOTICE action_scheduler.queue_job :: MailChimp_WooCommerce_Single_Order starts in 90 seconds :: obj_id 17326 with id 61912
2025-02-15T21:04:06+00:00 NOTICE handleOrderUpdate :: order_status
2025-02-15T21:04:06+00:00 NOTICE handleOrderUpdate :: order_status
2025-02-15T21:04:06+00:00 NOTICE handleOrderUpdate :: order_status
2025-02-15T21:04:09+00:00 NOTICE handleOrderUpdate :: order_status
2025-02-15T21:04:09+00:00 NOTICE handleOrderUpdate :: order_status
2025-02-15T21:04:10+00:00 NOTICE handleOrderUpdate :: order_status
2025-02-15T21:04:10+00:00 NOTICE debug :: Order ID 17324 was failed and is now processing :: Array
(
    [new_order] => 
    [tracking] => 
)
2025-02-15T21:04:15+00:00 NOTICE abandoned_cart.success :: email: ah.azzawi@gmail.com :: checkout_url: https://tryingtoadultrva.com/checkout/?mc_cart_id=0d0844af9c2bf6095898806da84a3f46
2025-02-15T21:04:16+00:00 NOTICE abandoned_cart.success :: email: ah.azzawi@gmail.com :: checkout_url: https://tryingtoadultrva.com/checkout/?mc_cart_id=0d0844af9c2bf6095898806da84a3f46
2025-02-15T21:04:16+00:00 NOTICE order_sync.failure :: Order #17325. Cant submit order without a valid ID
2025-02-15T21:04:16+00:00 NOTICE order_submit.failure :: There is no real order number to use for order ID 17325.
2025-02-15T21:04:32+00:00 NOTICE action_scheduler.queue_job :: MailChimp_WooCommerce_Cart_Update queued :: obj_id 9e8e9cca568a57026648a3a7155a8d0b with id 61919
2025-02-15T21:05:11+00:00 NOTICE abandoned_cart.success :: email: renashworth@gmail.com :: checkout_url: https://tryingtoadultrva.com/checkout/?mc_cart_id=9e8e9cca568a57026648a3a7155a8d0b
2025-02-15T21:06:12+00:00 NOTICE order.member.updated :: Updated ah.azzawi@gmail.com subscriber status to subscribedand language to en
2025-02-15T21:06:12+00:00 NOTICE order_submit.success :: addStoreOrder :: #17324 :: email: ah.azzawi@gmail.com :: landing site https://tryingtoadultrva.com/cart/ :: abandoned cart deleted [0d0844af9c2bf6095898806da84a3f46]
2025-02-15T21:06:12+00:00 NOTICE filter :: Order 17326 was skipped by the filter
2025-02-15T21:07:22+00:00 NOTICE action_scheduler.queue_job :: MailChimp_WooCommerce_Single_Order starts in 90 seconds :: obj_id 17328 with id 61920
2025-02-15T21:07:24+00:00 NOTICE handleOrderUpdate :: order_status
2025-02-15T21:07:25+00:00 NOTICE handleOrderUpdate :: order_status
2025-02-15T21:07:28+00:00 NOTICE handleOrderUpdate :: order_status
2025-02-15T21:07:28+00:00 NOTICE handleOrderUpdate :: order_status
2025-02-15T21:07:29+00:00 NOTICE debug :: Order ID 17328 was pending and is now processing :: Array
(
    [new_order] => 1
    [tracking] => Array
        (
            [landing_site] => https://tryingtoadultrva.com/checkout/order-received/17117/?key=wc_order_QCAeWC4Ougqno
        )

)
2025-02-15T21:09:16+00:00 NOTICE order.member.updated :: Updated renashworth@gmail.com subscriber status to subscribedand language to en
2025-02-15T21:09:16+00:00 NOTICE order_submit.success :: addStoreOrder :: #17328 :: email: renashworth@gmail.com :: landing site https://tryingtoadultrva.com/checkout/order-received/17117/?key=wc_order_QCAeWC4Ougqno :: abandoned cart deleted [9e8e9cca568a57026648a3a7155a8d0b]
2025-02-15T21:22:01+00:00 NOTICE action_scheduler.queue_job :: MailChimp_WooCommerce_Cart_Update queued :: obj_id 9670bff513d13f7555710efcb61212e8 with id 61923
2025-02-15T21:22:21+00:00 NOTICE abandoned_cart.success :: email: tryingtoadultrva@gmail.com :: checkout_url: https://tryingtoadultrva.com/checkout/?mc_cart_id=9670bff513d13f7555710efcb61212e8
2025-02-15T21:22:21+00:00 NOTICE integration_logic :: mailchimp_member_data_update set the user meta for tryingtoadultrva@gmail.com to subscribed because it was out of sync.
2025-02-15T21:22:21+00:00 NOTICE cart.member.updated :: Updated tryingtoadultrva@gmail.com subscriber status to subscribedand language to en
2025-02-15T22:00:19+00:00 NOTICE action_scheduler.queue_job :: MailChimp_WooCommerce_Cart_Update queued :: obj_id 2c067221df295c2632099a8227a0b13f with id 61924
2025-02-15T22:02:34+00:00 NOTICE abandoned_cart.success :: email: jnoel.josephnoel@gmail.com :: checkout_url: https://tryingtoadultrva.com/checkout/?mc_cart_id=2c067221df295c2632099a8227a0b13f
2025-02-15T22:02:34+00:00 NOTICE integration_logic :: mailchimp_member_data_update set the user meta for jnoel.josephnoel@gmail.com to subscribed because it was out of sync.
2025-02-15T22:02:34+00:00 NOTICE cart.member.updated :: Updated jnoel.josephnoel@gmail.com subscriber status to subscribedand language to en
2025-02-15T22:03:50+00:00 NOTICE action_scheduler.queue_job :: MailChimp_WooCommerce_Cart_Update queued :: obj_id 2c067221df295c2632099a8227a0b13f with id 61925
2025-02-15T22:03:58+00:00 NOTICE abandoned_cart.success :: email: jnoel.josephnoel@gmail.com :: checkout_url: https://tryingtoadultrva.com/checkout/?mc_cart_id=2c067221df295c2632099a8227a0b13f
2025-02-15T22:04:03+00:00 NOTICE action_scheduler.queue_job :: MailChimp_WooCommerce_Single_Order starts in 90 seconds :: obj_id 17337 with id 61926
2025-02-15T22:04:04+00:00 NOTICE handleOrderUpdate :: order_status
2025-02-15T22:04:04+00:00 NOTICE handleOrderUpdate :: order_status
2025-02-15T22:04:05+00:00 NOTICE debug :: Order ID 17337 was pending and is now processing :: Array
(
    [new_order] => 1
    [tracking] => Array
        (
            [landing_site] => https://tryingtoadultrva.com/checkout/order-received/17262/?key=wc_order_8iilkShcZ0Qn2
        )

)
2025-02-15T22:07:15+00:00 NOTICE order.member.updated :: Updated Jnoel.josephnoel@gmail.com subscriber status to subscribedand language to en
2025-02-15T22:07:15+00:00 NOTICE order_submit.success :: addStoreOrder :: #17337 :: email: Jnoel.josephnoel@gmail.com :: landing site https://tryingtoadultrva.com/checkout/order-received/17262/?key=wc_order_8iilkShcZ0Qn2 :: abandoned cart deleted [2c067221df295c2632099a8227a0b13f]
2025-02-15T22:27:35+00:00 NOTICE handleOrderUpdate :: order_status
2025-02-15T22:27:35+00:00 NOTICE action_scheduler.queue_job :: MailChimp_WooCommerce_Single_Order starts in 90 seconds :: obj_id 15903 with id 61929
2025-02-15T22:27:37+00:00 NOTICE action_scheduler.queue_job :: MailChimp_WooCommerce_Single_Order starts in 90 seconds :: obj_id 17340 with id 61930
2025-02-15T22:27:37+00:00 NOTICE handleOrderUpdate :: order_status
2025-02-15T22:27:37+00:00 NOTICE handleOrderUpdate :: order_status
2025-02-15T22:27:37+00:00 NOTICE handleOrderUpdate :: order_status
2025-02-15T22:27:37+00:00 NOTICE handleOrderUpdate :: order_status
2025-02-15T22:27:39+00:00 NOTICE handleOrderUpdate :: order_status
2025-02-15T22:27:40+00:00 NOTICE handleOrderUpdate :: order_status
2025-02-15T22:27:40+00:00 NOTICE handleOrderUpdate :: order_status
2025-02-15T22:27:40+00:00 NOTICE debug :: Order ID 17340 was failed and is now pending :: Array
(
    [new_order] => 
    [tracking] => 
)
2025-02-15T22:27:40+00:00 NOTICE debug :: Order ID 17340 was pending and is now failed :: Array
(
    [new_order] => 
    [tracking] => 
)
2025-02-15T22:30:08+00:00 NOTICE filter :: Order 15903 was skipped by the filter
2025-02-15T22:30:10+00:00 NOTICE order_submit :: #17340 has a financial status of pending and was skipped.
2025-02-15T22:38:30+00:00 NOTICE handleOrderUpdate :: order_status
2025-02-15T22:38:30+00:00 NOTICE action_scheduler.queue_job :: MailChimp_WooCommerce_Single_Order starts in 90 seconds :: obj_id 17091 with id 61938
2025-02-15T22:38:30+00:00 NOTICE handleOrderUpdate :: order_status
2025-02-15T22:38:30+00:00 NOTICE handleOrderUpdate :: order_status
2025-02-15T22:38:30+00:00 NOTICE handleOrderUpdate :: order_status
2025-02-15T22:38:33+00:00 NOTICE handleOrderUpdate :: order_status
2025-02-15T22:38:33+00:00 NOTICE handleOrderUpdate :: order_status
2025-02-15T22:38:33+00:00 NOTICE handleOrderUpdate :: order_status
2025-02-15T22:38:33+00:00 NOTICE debug :: Order ID 17091 was failed and is now pending :: Array
(
    [new_order] => 
    [tracking] => 
)
2025-02-15T22:38:33+00:00 NOTICE debug :: Order ID 17091 was pending and is now failed :: Array
(
    [new_order] => 
    [tracking] => 
)
2025-02-15T22:40:25+00:00 NOTICE order_submit :: #17091 has a financial status of pending and was skipped.
