2024-05-12T13:53:21+00:00 NOTICE handleOrderUpdate :: order_status
2024-05-12T13:53:21+00:00 NOTICE action_scheduler.queue_job :: MailChimp_WooCommerce_Single_Order starts in 90 seconds :: obj_id 8112
2024-05-12T13:53:23+00:00 NOTICE action_scheduler.queue_job :: MailChimp_WooCommerce_Single_Order starts in 90 seconds :: obj_id 9590
2024-05-12T13:53:23+00:00 NOTICE handleOrderUpdate :: order_status
2024-05-12T13:53:23+00:00 NOTICE handleOrderUpdate :: order_status
2024-05-12T13:53:23+00:00 NOTICE handleOrderUpdate :: order_status
2024-05-12T13:53:26+00:00 NOTICE handleOrderUpdate :: order_status
2024-05-12T13:53:26+00:00 NOTICE handleOrderUpdate :: order_status
2024-05-12T13:53:26+00:00 NOTICE debug :: Order ID 9590 was failed and is now pending :: Array
(
    [new_order] => 
    [tracking] => 
)
2024-05-12T13:53:26+00:00 NOTICE debug :: Order ID 9590 was pending and is now failed :: Array
(
    [new_order] => 
    [tracking] => 
)
2024-05-12T13:56:12+00:00 NOTICE filter :: Order 8112 was skipped by the filter
2024-05-12T13:56:13+00:00 NOTICE order_submit :: #9590 has a financial status of pending and was skipped.
2024-05-12T20:55:45+00:00 NOTICE action_scheduler.queue_job :: MailChimp_WooCommerce_Cart_Update queued :: obj_id d6b3425d2ca606fce6be23b99764dc82
2024-05-12T20:55:49+00:00 NOTICE abandoned_cart.success :: email: sangzicao@gmail.com :: checkout_url: https://tryingtoadultrva.com/checkout/?mc_cart_id=d6b3425d2ca606fce6be23b99764dc82
2024-05-12T20:55:50+00:00 NOTICE cart.member.updated :: Updated sangzicao@gmail.com subscriber status to subscribed and language to en
2024-05-12T20:56:22+00:00 NOTICE action_scheduler.queue_job :: MailChimp_WooCommerce_Cart_Update queued :: obj_id d6b3425d2ca606fce6be23b99764dc82
2024-05-12T20:56:57+00:00 NOTICE abandoned_cart.success :: email: sangzicao@gmail.com :: checkout_url: https://tryingtoadultrva.com/checkout/?mc_cart_id=d6b3425d2ca606fce6be23b99764dc82
