2024-05-26T15:36:28+00:00 NOTICE handleOrderUpdate :: order_status
2024-05-26T15:36:28+00:00 NOTICE action_scheduler.queue_job :: MailChimp_WooCommerce_Single_Order starts in 90 seconds :: obj_id 9149
2024-05-26T15:36:29+00:00 NOTICE action_scheduler.queue_job :: MailChimp_WooCommerce_Single_Order starts in 90 seconds :: obj_id 9813
2024-05-26T15:36:29+00:00 NOTICE handleOrderUpdate :: order_status
2024-05-26T15:36:30+00:00 NOTICE handleOrderUpdate :: order_status
2024-05-26T15:36:30+00:00 NOTICE handleOrderUpdate :: order_status
2024-05-26T15:36:32+00:00 NOTICE handleOrderUpdate :: order_status
2024-05-26T15:36:33+00:00 NOTICE handleOrderUpdate :: order_status
2024-05-26T15:36:33+00:00 NOTICE handleOrderUpdate :: order_status
2024-05-26T15:36:33+00:00 NOTICE debug :: Order ID 9813 was pending and is now processing :: Array
(
    [new_order] => 1
    [tracking] => Array
        (
            [landing_site] => https://tryingtoadultrva.com/cart/
        )

)
2024-05-26T15:38:09+00:00 NOTICE filter :: Order 9149 was skipped by the filter
2024-05-26T15:38:12+00:00 NOTICE order.member.updated :: Updated taylor.andrews.m@gmail.com subscriber status to subscribed and language to en
2024-05-26T15:38:12+00:00 NOTICE order_submit.success :: addStoreOrder :: #9813 :: email: taylor.andrews.m@gmail.com
2024-05-26T19:59:48+00:00 NOTICE handleOrderUpdate :: order_status
2024-05-26T19:59:48+00:00 NOTICE action_scheduler.queue_job :: MailChimp_WooCommerce_Single_Order starts in 90 seconds :: obj_id 9806
2024-05-26T19:59:48+00:00 NOTICE handleOrderUpdate :: order_status
2024-05-26T19:59:48+00:00 NOTICE handleOrderUpdate :: order_status
2024-05-26T19:59:48+00:00 NOTICE handleOrderUpdate :: order_status
2024-05-26T19:59:48+00:00 NOTICE handleOrderUpdate :: order_status
2024-05-26T19:59:49+00:00 NOTICE handleOrderUpdate :: order_status
2024-05-26T19:59:49+00:00 NOTICE debug :: Order ID 9806 was failed and is now pending :: Array
(
    [new_order] => 
    [tracking] => 
)
2024-05-26T19:59:49+00:00 NOTICE debug :: Order ID 9806 was pending and is now failed :: Array
(
    [new_order] => 
    [tracking] => 
)
2024-05-26T20:01:58+00:00 NOTICE order_submit :: #9806 has a financial status of pending and was skipped.
2024-05-26T23:26:53+00:00 NOTICE handleOrderUpdate :: order_status
2024-05-26T23:26:53+00:00 NOTICE action_scheduler.queue_job :: MailChimp_WooCommerce_Single_Order starts in 90 seconds :: obj_id 7573
2024-05-26T23:26:54+00:00 NOTICE action_scheduler.queue_job :: MailChimp_WooCommerce_Single_Order starts in 90 seconds :: obj_id 9814
2024-05-26T23:26:54+00:00 NOTICE handleOrderUpdate :: order_status
2024-05-26T23:26:54+00:00 NOTICE handleOrderUpdate :: order_status
2024-05-26T23:26:54+00:00 NOTICE handleOrderUpdate :: order_status
2024-05-26T23:26:57+00:00 NOTICE handleOrderUpdate :: order_status
2024-05-26T23:26:58+00:00 NOTICE handleOrderUpdate :: order_status
2024-05-26T23:26:58+00:00 NOTICE handleOrderUpdate :: order_status
2024-05-26T23:26:58+00:00 NOTICE debug :: Order ID 9814 was pending and is now processing :: Array
(
    [new_order] => 1
    [tracking] => Array
        (
            [landing_site] => https://tryingtoadultrva.com/checkout/order-received/7540/?key=wc_order_tINXykH8KZLjg
        )

)
2024-05-26T23:28:59+00:00 NOTICE filter :: Order 7573 was skipped by the filter
2024-05-26T23:29:02+00:00 NOTICE order.member.updated :: Updated nuwordurt@vcu.edu subscriber status to subscribed and language to en
2024-05-26T23:29:02+00:00 NOTICE order_submit.success :: addStoreOrder :: #9814 :: email: nuwordurt@vcu.edu
