2024-05-28T00:22:49+00:00 NOTICE handleOrderUpdate :: order_status
2024-05-28T00:22:49+00:00 NOTICE action_scheduler.queue_job :: MailChimp_WooCommerce_Single_Order starts in 90 seconds :: obj_id 6846
2024-05-28T00:22:50+00:00 NOTICE action_scheduler.queue_job :: MailChimp_WooCommerce_Single_Order starts in 90 seconds :: obj_id 9831
2024-05-28T00:22:50+00:00 NOTICE handleOrderUpdate :: order_status
2024-05-28T00:22:51+00:00 NOTICE handleOrderUpdate :: order_status
2024-05-28T00:22:51+00:00 NOTICE handleOrderUpdate :: order_status
2024-05-28T00:22:54+00:00 NOTICE handleOrderUpdate :: order_status
2024-05-28T00:22:54+00:00 NOTICE handleOrderUpdate :: order_status
2024-05-28T00:22:54+00:00 NOTICE handleOrderUpdate :: order_status
2024-05-28T00:22:54+00:00 NOTICE debug :: Order ID 9831 was pending and is now processing :: Array
(
    [new_order] => 1
    [tracking] => Array
        (
            [landing_site] => https://tryingtoadultrva.com/events/list/
        )

)
2024-05-28T00:24:57+00:00 NOTICE filter :: Order 6846 was skipped by the filter
2024-05-28T00:25:00+00:00 NOTICE order.member.updated :: Updated jamesnickerson0791@gmail.com subscriber status to subscribed and language to en
2024-05-28T00:25:00+00:00 NOTICE order_submit.success :: addStoreOrder :: #9831 :: email: jamesnickerson0791@gmail.com
2024-05-28T00:43:13+00:00 NOTICE handleOrderUpdate :: order_status
2024-05-28T00:43:13+00:00 NOTICE action_scheduler.queue_job :: MailChimp_WooCommerce_Single_Order starts in 90 seconds :: obj_id 8510
2024-05-28T00:43:15+00:00 NOTICE action_scheduler.queue_job :: MailChimp_WooCommerce_Single_Order starts in 90 seconds :: obj_id 9832
2024-05-28T00:43:15+00:00 NOTICE handleOrderUpdate :: order_status
2024-05-28T00:43:15+00:00 NOTICE handleOrderUpdate :: order_status
2024-05-28T00:43:15+00:00 NOTICE handleOrderUpdate :: order_status
2024-05-28T00:43:18+00:00 NOTICE handleOrderUpdate :: order_status
2024-05-28T00:43:18+00:00 NOTICE handleOrderUpdate :: order_status
2024-05-28T00:43:18+00:00 NOTICE handleOrderUpdate :: order_status
2024-05-28T00:43:18+00:00 NOTICE debug :: Order ID 9832 was pending and is now processing :: Array
(
    [new_order] => 1
    [tracking] => Array
        (
            [landing_site] => https://tryingtoadultrva.com/product/membership/
        )

)
2024-05-28T00:44:53+00:00 NOTICE filter :: Order 8510 was skipped by the filter
2024-05-28T00:44:55+00:00 NOTICE order.member.updated :: Updated Cory.D.Smith@live.com subscriber status to subscribed and language to en
2024-05-28T00:44:55+00:00 NOTICE order_submit.success :: addStoreOrder :: #9832 :: email: Cory.D.Smith@live.com
2024-05-28T03:42:57+00:00 NOTICE handleOrderUpdate :: order_status
2024-05-28T03:42:57+00:00 NOTICE action_scheduler.queue_job :: MailChimp_WooCommerce_Single_Order starts in 90 seconds :: obj_id 8513
2024-05-28T03:42:58+00:00 NOTICE action_scheduler.queue_job :: MailChimp_WooCommerce_Single_Order starts in 90 seconds :: obj_id 9833
2024-05-28T03:42:58+00:00 NOTICE handleOrderUpdate :: order_status
2024-05-28T03:42:58+00:00 NOTICE handleOrderUpdate :: order_status
2024-05-28T03:42:58+00:00 NOTICE handleOrderUpdate :: order_status
2024-05-28T03:43:01+00:00 NOTICE handleOrderUpdate :: order_status
2024-05-28T03:43:01+00:00 NOTICE handleOrderUpdate :: order_status
2024-05-28T03:43:01+00:00 NOTICE handleOrderUpdate :: order_status
2024-05-28T03:43:01+00:00 NOTICE debug :: Order ID 9833 was pending and is now processing :: Array
(
    [new_order] => 1
    [tracking] => Array
        (
            [landing_site] => https://tryingtoadultrva.com/checkout/order-received/8346/?key=wc_order_ALMYzAZx79mRy
        )

)
2024-05-28T03:44:52+00:00 NOTICE filter :: Order 8513 was skipped by the filter
2024-05-28T03:44:55+00:00 NOTICE order.member.updated :: Updated tyler11194@gmail.com subscriber status to transactional and language to en
2024-05-28T03:44:55+00:00 NOTICE order_submit.success :: addStoreOrder :: #9833 :: email: tyler11194@gmail.com
2024-05-28T03:53:53+00:00 NOTICE action_scheduler.queue_job :: MailChimp_WooCommerce_Single_Order starts in 90 seconds :: obj_id 9834
2024-05-28T03:53:54+00:00 NOTICE handleOrderUpdate :: order_status
2024-05-28T03:53:54+00:00 NOTICE handleOrderUpdate :: order_status
2024-05-28T03:53:54+00:00 NOTICE action_scheduler.queue_job :: MailChimp_WooCommerce_Cart_Update queued :: obj_id 3e69c6ae24d3222c482e6e919b048ed4
2024-05-28T03:53:55+00:00 NOTICE debug :: Order ID 9834 was pending and is now processing :: Array
(
    [new_order] => 1
    [tracking] => Array
        (
            [landing_site] => https://tryingtoadultrva.com/checkout/
        )

)
2024-05-28T03:54:57+00:00 NOTICE abandoned_cart.success :: email: victoria.laughlin@gmail.com :: checkout_url: https://tryingtoadultrva.com/checkout/?mc_cart_id=3e69c6ae24d3222c482e6e919b048ed4
2024-05-28T03:54:58+00:00 NOTICE cart.member.updated :: Updated victoria.laughlin@gmail.com subscriber status to transactional and language to en
2024-05-28T03:56:13+00:00 NOTICE order.member.updated :: Updated victoria.laughlin@gmail.com subscriber status to subscribed and language to en
2024-05-28T03:56:13+00:00 NOTICE order_submit.success :: addStoreOrder :: #9834 :: email: victoria.laughlin@gmail.com :: landing site https://tryingtoadultrva.com/checkout/ :: abandoned cart deleted [3e69c6ae24d3222c482e6e919b048ed4]
2024-05-28T16:15:18+00:00 NOTICE action_scheduler.queue_job :: MailChimp_WooCommerce_Cart_Update queued :: obj_id 798221abd141b446c45b5b8fa7c96cee
2024-05-28T16:15:32+00:00 NOTICE action_scheduler.queue_job :: MailChimp_WooCommerce_Single_Order starts in 90 seconds :: obj_id 9836
2024-05-28T16:15:33+00:00 NOTICE handleOrderUpdate :: order_status
2024-05-28T16:15:35+00:00 NOTICE handleOrderUpdate :: order_status
2024-05-28T16:15:35+00:00 NOTICE debug :: Order ID 9836 was pending and is now processing :: Array
(
    [new_order] => 1
    [tracking] => Array
        (
            [landing_site] => https://tryingtoadultrva.com/events/list/
        )

)
2024-05-28T16:15:59+00:00 NOTICE abandoned_cart.success :: email: jenniferlee272@gmail.com :: checkout_url: https://tryingtoadultrva.com/checkout/?mc_cart_id=798221abd141b446c45b5b8fa7c96cee
2024-05-28T16:16:00+00:00 NOTICE cart.member.updated :: Updated jenniferlee272@gmail.com subscriber status to subscribed and language to en
2024-05-28T16:17:51+00:00 NOTICE order.member.updated :: Updated jenniferlee272@gmail.com subscriber status to subscribed and language to en
2024-05-28T16:17:51+00:00 NOTICE order_submit.success :: addStoreOrder :: #9836 :: email: jenniferlee272@gmail.com :: landing site https://tryingtoadultrva.com/events/list/ :: abandoned cart deleted [798221abd141b446c45b5b8fa7c96cee]
2024-05-28T16:21:54+00:00 NOTICE action_scheduler.queue_job :: MailChimp_WooCommerce_Cart_Update queued :: obj_id 148838cb5bc88149a73a5ffc83b35bf4
2024-05-28T16:22:57+00:00 NOTICE abandoned_cart.success :: email: ellielwolf@vt.edu :: checkout_url: https://tryingtoadultrva.com/checkout/?mc_cart_id=148838cb5bc88149a73a5ffc83b35bf4
2024-05-28T16:22:58+00:00 NOTICE cart.member.updated :: Updated ellielwolf@vt.edu subscriber status to transactional and language to en
2024-05-28T16:23:34+00:00 NOTICE action_scheduler.queue_job :: MailChimp_WooCommerce_Single_Order starts in 90 seconds :: obj_id 9838
2024-05-28T16:23:34+00:00 NOTICE handleOrderUpdate :: order_status
2024-05-28T16:23:35+00:00 NOTICE handleOrderUpdate :: order_status
2024-05-28T16:23:36+00:00 NOTICE debug :: Order ID 9838 was pending and is now processing :: Array
(
    [new_order] => 1
    [tracking] => Array
        (
            [landing_site] => https://tryingtoadultrva.com/events/list/
        )

)
2024-05-28T16:25:53+00:00 NOTICE order.member.updated :: Updated ellielwolf@vt.edu subscriber status to transactional and language to en
2024-05-28T16:25:53+00:00 NOTICE order_submit.success :: addStoreOrder :: #9838 :: email: ellielwolf@vt.edu :: landing site https://tryingtoadultrva.com/events/list/ :: abandoned cart deleted [148838cb5bc88149a73a5ffc83b35bf4]
2024-05-28T16:27:15+00:00 NOTICE handleOrderUpdate :: order_status
2024-05-28T16:27:15+00:00 NOTICE action_scheduler.queue_job :: MailChimp_WooCommerce_Single_Order starts in 90 seconds :: obj_id 9829
2024-05-28T16:27:15+00:00 NOTICE debug :: Order ID 9829 was processing and is now refunded :: Array
(
    [new_order] => 
    [tracking] => 
)
2024-05-28T16:27:15+00:00 NOTICE handleOrderUpdate :: order_status
2024-05-28T16:27:15+00:00 NOTICE debug :: Order ID 9829 was processing and is now refunded :: Array
(
    [new_order] => 
    [tracking] => 
)
2024-05-28T16:27:15+00:00 NOTICE handleOrderUpdate :: order_status
2024-05-28T16:28:50+00:00 NOTICE order.member.updated :: Updated jdoran55@aol.com subscriber status to subscribed and language to 
2024-05-28T16:28:50+00:00 NOTICE order_submit.success :: updateStoreOrder :: #9829 :: email: jdoran55@aol.com
2024-05-28T19:07:08+00:00 NOTICE action_scheduler.queue_job :: MailChimp_WooCommerce_Single_Product starts in 5 seconds :: obj_id 9206
2024-05-28T19:07:33+00:00 NOTICE product_submit.success :: updateStoreProduct :: #9206
2024-05-28T19:07:54+00:00 NOTICE action_scheduler.queue_job :: MailChimp_WooCommerce_Single_Product starts in 5 seconds :: obj_id 9206
2024-05-28T19:08:38+00:00 NOTICE product_submit.success :: updateStoreProduct :: #9206
2024-05-28T20:00:50+00:00 NOTICE handleOrderUpdate :: order_status
2024-05-28T20:00:50+00:00 NOTICE action_scheduler.queue_job :: MailChimp_WooCommerce_Single_Order starts in 90 seconds :: obj_id 9806
2024-05-28T20:00:50+00:00 NOTICE handleOrderUpdate :: order_status
2024-05-28T20:00:50+00:00 NOTICE handleOrderUpdate :: order_status
2024-05-28T20:00:50+00:00 NOTICE handleOrderUpdate :: order_status
2024-05-28T20:00:51+00:00 NOTICE handleOrderUpdate :: order_status
2024-05-28T20:00:51+00:00 NOTICE handleOrderUpdate :: order_status
2024-05-28T20:00:51+00:00 NOTICE debug :: Order ID 9806 was failed and is now pending :: Array
(
    [new_order] => 
    [tracking] => 
)
2024-05-28T20:00:51+00:00 NOTICE debug :: Order ID 9806 was pending and is now failed :: Array
(
    [new_order] => 
    [tracking] => 
)
2024-05-28T20:03:18+00:00 NOTICE order_submit :: #9806 has a financial status of pending and was skipped.
2024-05-28T21:58:30+00:00 NOTICE action_scheduler.queue_job :: MailChimp_WooCommerce_Cart_Update queued :: obj_id 8be8d9c4c1f9b4eab37da968deea6301
2024-05-28T21:58:43+00:00 NOTICE abandoned_cart.success :: email: jdenko12@vt.edu :: checkout_url: https://tryingtoadultrva.com/checkout/?mc_cart_id=8be8d9c4c1f9b4eab37da968deea6301
2024-05-28T21:58:44+00:00 NOTICE cart.member.updated :: Updated jdenko12@vt.edu subscriber status to subscribed and language to en
2024-05-28T21:58:53+00:00 NOTICE action_scheduler.queue_job :: MailChimp_WooCommerce_Single_Order starts in 90 seconds :: obj_id 9841
2024-05-28T21:58:53+00:00 NOTICE handleOrderUpdate :: order_status
2024-05-28T21:58:54+00:00 NOTICE handleOrderUpdate :: order_status
2024-05-28T21:58:55+00:00 NOTICE debug :: Order ID 9841 was pending and is now processing :: Array
(
    [new_order] => 1
    [tracking] => Array
        (
            [landing_site] => https://tryingtoadultrva.com/checkout/order-received/9746/?key=wc_order_QcpfRGtNyKsls
        )

)
2024-05-28T22:00:53+00:00 NOTICE order.member.updated :: Updated jdenko12@vt.edu subscriber status to subscribed and language to en
2024-05-28T22:00:53+00:00 NOTICE order_submit.success :: addStoreOrder :: #9841 :: email: jdenko12@vt.edu :: landing site https://tryingtoadultrva.com/checkout/order-received/9746/?key=wc_order_QcpfRGtNyKsls :: abandoned cart deleted [8be8d9c4c1f9b4eab37da968deea6301]
