2025-03-09T00:05:18+00:00 NOTICE handleOrderUpdate :: order_status
2025-03-09T00:05:18+00:00 NOTICE action_scheduler.queue_job :: MailChimp_WooCommerce_Single_Order starts in 90 seconds :: obj_id 16967 with id 68551
2025-03-09T00:05:20+00:00 NOTICE action_scheduler.queue_job :: MailChimp_WooCommerce_Single_Order starts in 90 seconds :: obj_id 18591 with id 68552
2025-03-09T00:05:20+00:00 NOTICE handleOrderUpdate :: order_status
2025-03-09T00:05:20+00:00 NOTICE handleOrderUpdate :: order_status
2025-03-09T00:05:21+00:00 NOTICE handleOrderUpdate :: order_status
2025-03-09T00:05:21+00:00 NOTICE handleOrderUpdate :: order_status
2025-03-09T00:05:24+00:00 NOTICE handleOrderUpdate :: order_status
2025-03-09T00:05:24+00:00 NOTICE handleOrderUpdate :: order_status
2025-03-09T00:05:24+00:00 NOTICE handleOrderUpdate :: order_status
2025-03-09T00:05:25+00:00 NOTICE handleOrderUpdate :: order_status
2025-03-09T00:05:25+00:00 NOTICE handleOrderUpdate :: order_status
2025-03-09T00:05:25+00:00 NOTICE debug :: Order ID 18591 was pending and is now processing :: Array
(
    [new_order] => 1
    [tracking] => Array
        (
            [landing_site] => https://tryingtoadultrva.com/events/list/
        )

)
2025-03-09T00:07:15+00:00 NOTICE filter :: Order 16967 was skipped by the filter
2025-03-09T00:07:21+00:00 NOTICE order.member.updated :: Updated shawrehall@gmail.com subscriber status to subscribedand language to en
2025-03-09T00:07:21+00:00 NOTICE order_submit.success :: addStoreOrder :: #18591 :: email: shawrehall@gmail.com
2025-03-09T00:26:38+00:00 NOTICE action_scheduler.queue_job :: MailChimp_WooCommerce_Cart_Update queued :: obj_id f602b2eeafa09c1e5d797f6c9f99a104 with id 68562
2025-03-09T00:26:45+00:00 NOTICE abandoned_cart.success :: email: meagan.sok@gmail.com :: checkout_url: https://tryingtoadultrva.com/checkout/?mc_cart_id=f602b2eeafa09c1e5d797f6c9f99a104
2025-03-09T00:26:46+00:00 NOTICE integration_logic :: mailchimp_member_data_update set the user meta for meagan.sok@gmail.com to subscribed because it was out of sync.
2025-03-09T00:26:46+00:00 NOTICE cart.member.updated :: Updated meagan.sok@gmail.com subscriber status to subscribedand language to en
2025-03-09T00:26:48+00:00 NOTICE action_scheduler.queue_job :: MailChimp_WooCommerce_Single_Order starts in 90 seconds :: obj_id 18592 with id 68563
2025-03-09T00:26:49+00:00 NOTICE handleOrderUpdate :: order_status
2025-03-09T00:26:49+00:00 NOTICE handleOrderUpdate :: order_status
2025-03-09T00:26:49+00:00 NOTICE action_scheduler.queue_job :: MailChimp_WooCommerce_Single_Product starts in 5 seconds :: obj_id 17272 with id 68565
2025-03-09T00:26:50+00:00 NOTICE debug :: Order ID 18592 was pending and is now processing :: Array
(
    [new_order] => 1
    [tracking] => Array
        (
            [landing_site] => https://tryingtoadultrva.com/checkout/order-received/18450/?key=wc_order_yauT3NqNAxXnF
        )

)
2025-03-09T00:26:56+00:00 NOTICE product_submit.success :: upsert :: #17272
2025-03-09T00:28:31+00:00 NOTICE order.member.updated :: Updated meagan.sok@gmail.com subscriber status to subscribedand language to en
2025-03-09T00:28:31+00:00 NOTICE order_submit.success :: addStoreOrder :: #18592 :: email: meagan.sok@gmail.com :: landing site https://tryingtoadultrva.com/checkout/order-received/18450/?key=wc_order_yauT3NqNAxXnF :: abandoned cart deleted [f602b2eeafa09c1e5d797f6c9f99a104]
2025-03-09T00:45:31+00:00 NOTICE action_scheduler.queue_job :: MailChimp_WooCommerce_Cart_Update queued :: obj_id a2ec3cbae2ee0cae94c83f88723363af with id 68568
2025-03-09T00:45:40+00:00 NOTICE abandoned_cart.success :: email: asmcclelland7@gmail.com :: checkout_url: https://tryingtoadultrva.com/checkout/?mc_cart_id=a2ec3cbae2ee0cae94c83f88723363af
2025-03-09T00:45:41+00:00 NOTICE integration_logic :: mailchimp_member_data_update set the user meta for asmcclelland7@gmail.com to subscribed because it was out of sync.
2025-03-09T00:45:41+00:00 NOTICE cart.member.updated :: Updated asmcclelland7@gmail.com subscriber status to subscribedand language to en
2025-03-09T00:46:23+00:00 NOTICE action_scheduler.queue_job :: MailChimp_WooCommerce_Single_Order starts in 90 seconds :: obj_id 18595 with id 68569
2025-03-09T00:46:24+00:00 NOTICE handleOrderUpdate :: order_status
2025-03-09T00:46:26+00:00 NOTICE handleOrderUpdate :: order_status
2025-03-09T00:46:26+00:00 NOTICE handleOrderUpdate :: order_status
2025-03-09T00:46:27+00:00 NOTICE debug :: Order ID 18595 was pending and is now processing :: Array
(
    [new_order] => 1
    [tracking] => Array
        (
            [landing_site] => https://tryingtoadultrva.com/checkout/order-received/18357/?key=wc_order_Her9vpqAyomQi
        )

)
2025-03-09T00:48:17+00:00 NOTICE order.member.updated :: Updated asmcclelland7@gmail.com subscriber status to subscribedand language to en
2025-03-09T00:48:17+00:00 NOTICE order_submit.success :: addStoreOrder :: #18595 :: email: asmcclelland7@gmail.com :: landing site https://tryingtoadultrva.com/checkout/order-received/18357/?key=wc_order_Her9vpqAyomQi :: abandoned cart deleted [a2ec3cbae2ee0cae94c83f88723363af]
2025-03-09T00:49:49+00:00 NOTICE action_scheduler.queue_job :: MailChimp_WooCommerce_Cart_Update queued :: obj_id 6eb9d7614704c78d6a51594ec29ee797 with id 68572
2025-03-09T00:50:11+00:00 NOTICE abandoned_cart.success :: email: shrutikhanal12@gmail.com :: checkout_url: https://tryingtoadultrva.com/checkout/?mc_cart_id=6eb9d7614704c78d6a51594ec29ee797
2025-03-09T00:50:12+00:00 NOTICE cart.member.updated :: Updated shrutikhanal12@gmail.com subscriber status to transactionaland language to en
2025-03-09T00:50:25+00:00 NOTICE action_scheduler.queue_job :: MailChimp_WooCommerce_Cart_Update queued :: obj_id 6eb9d7614704c78d6a51594ec29ee797 with id 68573
2025-03-09T00:50:31+00:00 NOTICE handleOrderUpdate :: order_status
2025-03-09T00:50:31+00:00 NOTICE action_scheduler.queue_job :: MailChimp_WooCommerce_Single_Order starts in 90 seconds :: obj_id 18525 with id 68575
2025-03-09T00:50:31+00:00 NOTICE handleOrderUpdate :: order_status
2025-03-09T00:50:31+00:00 NOTICE handleOrderUpdate :: order_status
2025-03-09T00:50:31+00:00 NOTICE handleOrderUpdate :: order_status
2025-03-09T00:50:33+00:00 NOTICE handleOrderUpdate :: order_status
2025-03-09T00:50:34+00:00 NOTICE handleOrderUpdate :: order_status
2025-03-09T00:50:34+00:00 NOTICE handleOrderUpdate :: order_status
2025-03-09T00:50:34+00:00 NOTICE debug :: Order ID 18525 was failed and is now pending :: Array
(
    [new_order] => 
    [tracking] => 
)
2025-03-09T00:50:34+00:00 NOTICE debug :: Order ID 18525 was pending and is now failed :: Array
(
    [new_order] => 
    [tracking] => 
)
2025-03-09T00:50:36+00:00 NOTICE abandoned_cart.success :: email: shrutikhanal12@gmail.com :: checkout_url: https://tryingtoadultrva.com/checkout/?mc_cart_id=6eb9d7614704c78d6a51594ec29ee797
2025-03-09T00:51:02+00:00 NOTICE action_scheduler.queue_job :: MailChimp_WooCommerce_Cart_Update queued :: obj_id 6eb9d7614704c78d6a51594ec29ee797 with id 68578
2025-03-09T00:51:06+00:00 NOTICE abandoned_cart.success :: email: shrutikhanal12@gmail.com :: checkout_url: https://tryingtoadultrva.com/checkout/?mc_cart_id=6eb9d7614704c78d6a51594ec29ee797
2025-03-09T00:51:41+00:00 NOTICE action_scheduler.queue_job :: MailChimp_WooCommerce_Cart_Update queued :: obj_id 6eb9d7614704c78d6a51594ec29ee797 with id 68579
2025-03-09T00:51:46+00:00 NOTICE abandoned_cart.success :: email: shrutikhanal12@gmail.com :: checkout_url: https://tryingtoadultrva.com/checkout/?mc_cart_id=6eb9d7614704c78d6a51594ec29ee797
2025-03-09T00:52:13+00:00 NOTICE action_scheduler.queue_job :: MailChimp_WooCommerce_Cart_Update queued :: obj_id 6eb9d7614704c78d6a51594ec29ee797 with id 68580
2025-03-09T00:52:15+00:00 NOTICE order_submit :: #18525 has a financial status of pending and was skipped.
2025-03-09T00:52:16+00:00 NOTICE abandoned_cart.success :: email: shrutikhanal12@gmail.com :: checkout_url: https://tryingtoadultrva.com/checkout/?mc_cart_id=6eb9d7614704c78d6a51594ec29ee797
2025-03-09T00:52:24+00:00 NOTICE action_scheduler.queue_job :: MailChimp_WooCommerce_User_Submit queued :: obj_id 474 with id 68581
2025-03-09T00:52:25+00:00 NOTICE action_scheduler.queue_job :: MailChimp_WooCommerce_Single_Order starts in 90 seconds :: obj_id 18597 with id 68582
2025-03-09T00:52:25+00:00 NOTICE handleOrderUpdate :: order_status
2025-03-09T00:52:25+00:00 NOTICE action_scheduler.queue_job :: MailChimp_WooCommerce_Single_Order starts in 90 seconds :: obj_id 18598 with id 68584
2025-03-09T00:52:25+00:00 NOTICE handleOrderUpdate :: order_status
2025-03-09T00:52:25+00:00 NOTICE handleOrderUpdate :: order_status
2025-03-09T00:52:25+00:00 NOTICE handleOrderUpdate :: order_status
2025-03-09T00:52:26+00:00 NOTICE handleOrderUpdate :: order_status
2025-03-09T00:52:30+00:00 NOTICE handleOrderUpdate :: order_status
2025-03-09T00:52:30+00:00 NOTICE handleOrderUpdate :: order_status
2025-03-09T00:52:31+00:00 NOTICE handleOrderUpdate :: order_status
2025-03-09T00:52:31+00:00 NOTICE debug :: Order ID 18597 was pending and is now processing :: Array
(
    [new_order] => 1
    [tracking] => Array
        (
            [landing_site] => https://tryingtoadultrva.com/events/list/
        )

)
2025-03-09T00:53:03+00:00 NOTICE member.sync :: Updated Member shrutikhanal12@gmail.com :: Array
(
    [status] => subscribed
    [language] => 
    [merge_fields] => Array
        (
            [FNAME] => Shruti
            [LNAME] => Khanal
        )

    [gdpr_fields] => 
)
2025-03-09T00:53:08+00:00 NOTICE webhook :: Subscriber Sync :: subscribe :: shrutikhanal12@gmail.com :: Array
(
    [subscribed] => 1
    [user_id] => 474
)
2025-03-09T00:54:10+00:00 NOTICE order.member.updated :: Updated shrutikhanal12@gmail.com subscriber status to subscribedand language to en
2025-03-09T00:54:10+00:00 NOTICE order_submit.success :: addStoreOrder :: #18597 :: email: shrutikhanal12@gmail.com :: landing site https://tryingtoadultrva.com/events/list/ :: abandoned cart deleted [6eb9d7614704c78d6a51594ec29ee797]
2025-03-09T00:54:10+00:00 NOTICE filter :: Order 18598 was skipped by the filter
2025-03-09T00:59:58+00:00 NOTICE action_scheduler.queue_job :: MailChimp_WooCommerce_Cart_Update queued :: obj_id 6eb9d7614704c78d6a51594ec29ee797 with id 68591
2025-03-09T01:00:06+00:00 NOTICE abandoned_cart.success :: email: shrutikhanal12@gmail.com :: checkout_url: https://tryingtoadultrva.com/checkout/?mc_cart_id=6eb9d7614704c78d6a51594ec29ee797
2025-03-09T01:00:12+00:00 NOTICE action_scheduler.queue_job :: MailChimp_WooCommerce_Single_Order starts in 90 seconds :: obj_id 18600 with id 68592
2025-03-09T01:00:12+00:00 NOTICE handleOrderUpdate :: order_status
2025-03-09T01:00:15+00:00 NOTICE handleOrderUpdate :: order_status
2025-03-09T01:00:15+00:00 NOTICE handleOrderUpdate :: order_status
2025-03-09T01:00:16+00:00 NOTICE debug :: Order ID 18600 was pending and is now processing :: Array
(
    [new_order] => 1
    [tracking] => Array
        (
            [landing_site] => https://tryingtoadultrva.com/checkout/order-received/18597/?key=wc_order_F8rDTdJk2wpv5
        )

)
2025-03-09T01:02:07+00:00 NOTICE order.member.updated :: Updated shrutikhanal12@gmail.com subscriber status to subscribedand language to en
2025-03-09T01:02:08+00:00 NOTICE order_submit.success :: addStoreOrder :: #18600 :: email: shrutikhanal12@gmail.com :: landing site https://tryingtoadultrva.com/checkout/order-received/18597/?key=wc_order_F8rDTdJk2wpv5 :: abandoned cart deleted [6eb9d7614704c78d6a51594ec29ee797]
2025-03-09T01:09:04+00:00 NOTICE action_scheduler.queue_job :: MailChimp_WooCommerce_Cart_Update queued :: obj_id 6eb9d7614704c78d6a51594ec29ee797 with id 68595
2025-03-09T01:09:18+00:00 NOTICE action_scheduler.queue_job :: MailChimp_WooCommerce_Single_Order starts in 90 seconds :: obj_id 18602 with id 68596
2025-03-09T01:09:19+00:00 NOTICE handleOrderUpdate :: order_status
2025-03-09T01:09:19+00:00 NOTICE handleOrderUpdate :: order_status
2025-03-09T01:09:20+00:00 NOTICE debug :: Order ID 18602 was pending and is now processing :: Array
(
    [new_order] => 1
    [tracking] => Array
        (
            [landing_site] => https://tryingtoadultrva.com/login-account-information/
        )

)
2025-03-09T01:09:32+00:00 NOTICE abandoned_cart.success :: email: shrutikhanal12@gmail.com :: checkout_url: https://tryingtoadultrva.com/checkout/?mc_cart_id=6eb9d7614704c78d6a51594ec29ee797
2025-03-09T01:10:26+00:00 NOTICE handleOrderUpdate :: order_status
2025-03-09T01:10:26+00:00 NOTICE action_scheduler.queue_job :: MailChimp_WooCommerce_Single_Order starts in 90 seconds :: obj_id 18409 with id 68600
2025-03-09T01:10:26+00:00 NOTICE handleOrderUpdate :: order_status
2025-03-09T01:10:26+00:00 NOTICE handleOrderUpdate :: order_status
2025-03-09T01:10:26+00:00 NOTICE handleOrderUpdate :: order_status
2025-03-09T01:10:28+00:00 NOTICE handleOrderUpdate :: order_status
2025-03-09T01:10:29+00:00 NOTICE handleOrderUpdate :: order_status
2025-03-09T01:10:29+00:00 NOTICE handleOrderUpdate :: order_status
2025-03-09T01:10:29+00:00 NOTICE debug :: Order ID 18409 was failed and is now pending :: Array
(
    [new_order] => 
    [tracking] => 
)
2025-03-09T01:10:29+00:00 NOTICE debug :: Order ID 18409 was pending and is now failed :: Array
(
    [new_order] => 
    [tracking] => 
)
2025-03-09T01:11:15+00:00 NOTICE order.member.updated :: Updated shrutikhanal12@gmail.com subscriber status to subscribedand language to en
2025-03-09T01:11:15+00:00 NOTICE order_submit.success :: addStoreOrder :: #18602 :: email: shrutikhanal12@gmail.com :: landing site https://tryingtoadultrva.com/login-account-information/ :: abandoned cart deleted [6eb9d7614704c78d6a51594ec29ee797]
2025-03-09T01:12:08+00:00 NOTICE order_submit :: #18409 has a financial status of pending and was skipped.
2025-03-09T03:04:26+00:00 NOTICE handleOrderUpdate :: order_status
2025-03-09T03:04:26+00:00 NOTICE action_scheduler.queue_job :: MailChimp_WooCommerce_Single_Order starts in 90 seconds :: obj_id 15691 with id 68603
2025-03-09T03:04:29+00:00 NOTICE action_scheduler.queue_job :: MailChimp_WooCommerce_Single_Order starts in 90 seconds :: obj_id 18604 with id 68604
2025-03-09T03:04:29+00:00 NOTICE handleOrderUpdate :: order_status
2025-03-09T03:04:29+00:00 NOTICE handleOrderUpdate :: order_status
2025-03-09T03:04:29+00:00 NOTICE handleOrderUpdate :: order_status
2025-03-09T03:04:29+00:00 NOTICE handleOrderUpdate :: order_status
2025-03-09T03:04:29+00:00 NOTICE handleOrderUpdate :: order_status
2025-03-09T03:04:29+00:00 NOTICE handleOrderUpdate :: order_status
2025-03-09T03:04:30+00:00 NOTICE handleOrderUpdate :: order_status
2025-03-09T03:04:30+00:00 NOTICE debug :: Order ID 18604 was pending and is now completed :: Array
(
    [new_order] => 1
    [tracking] => Array
        (
            [landing_site] => https://tryingtoadultrva.com/events/list/
        )

)
2025-03-09T03:06:22+00:00 NOTICE filter :: Order 15691 was skipped by the filter
2025-03-09T03:06:29+00:00 NOTICE order.member.updated :: Updated asmcclelland7@gmail.com subscriber status to subscribedand language to en
2025-03-09T03:06:29+00:00 NOTICE order_submit.success :: addStoreOrder :: #18604 :: email: asmcclelland7@gmail.com
2025-03-09T03:14:52+00:00 NOTICE action_scheduler.queue_job :: MailChimp_WooCommerce_Cart_Update queued :: obj_id 0d0844af9c2bf6095898806da84a3f46 with id 68613
2025-03-09T03:15:27+00:00 NOTICE abandoned_cart.success :: email: ah.azzawi@gmail.com :: checkout_url: https://tryingtoadultrva.com/checkout/?mc_cart_id=0d0844af9c2bf6095898806da84a3f46
2025-03-09T03:15:28+00:00 NOTICE integration_logic :: mailchimp_member_data_update set the user meta for ah.azzawi@gmail.com to subscribed because it was out of sync.
2025-03-09T03:15:29+00:00 NOTICE cart.member.updated :: Updated ah.azzawi@gmail.com subscriber status to subscribedand language to en
2025-03-09T03:15:36+00:00 NOTICE action_scheduler.queue_job :: MailChimp_WooCommerce_Cart_Update queued :: obj_id 0d0844af9c2bf6095898806da84a3f46 with id 68614
2025-03-09T03:16:11+00:00 NOTICE abandoned_cart.success :: email: ah.azzawi@gmail.com :: checkout_url: https://tryingtoadultrva.com/checkout/?mc_cart_id=0d0844af9c2bf6095898806da84a3f46
2025-03-09T03:16:36+00:00 NOTICE action_scheduler.queue_job :: MailChimp_WooCommerce_Single_Order starts in 90 seconds :: obj_id 18605 with id 68615
2025-03-09T03:16:36+00:00 NOTICE handleOrderUpdate :: order_status
2025-03-09T03:16:38+00:00 NOTICE handleOrderUpdate :: order_status
2025-03-09T03:16:38+00:00 NOTICE debug :: Order ID 18605 was pending and is now failed :: Array
(
    [new_order] => 
    [tracking] => 
)
2025-03-09T03:17:22+00:00 NOTICE handleOrderUpdate :: order_status
2025-03-09T03:17:22+00:00 NOTICE handleOrderUpdate :: order_status
2025-03-09T03:17:23+00:00 NOTICE handleOrderUpdate :: order_status
2025-03-09T03:17:24+00:00 NOTICE handleOrderUpdate :: order_status
2025-03-09T03:17:24+00:00 NOTICE debug :: Order ID 18605 was failed and is now processing :: Array
(
    [new_order] => 
    [tracking] => 
)
2025-03-09T03:18:57+00:00 NOTICE action_scheduler.queue_job :: MailChimp_WooCommerce_Cart_Update queued :: obj_id fa449230b1ae6aa7eb0c816249473eb4 with id 68621
2025-03-09T03:19:06+00:00 NOTICE abandoned_cart.success :: email: jeremiahm376@gmail.com :: checkout_url: https://tryingtoadultrva.com/checkout/?mc_cart_id=fa449230b1ae6aa7eb0c816249473eb4
2025-03-09T03:19:07+00:00 NOTICE cart.member.updated :: Updated jeremiahm376@gmail.com subscriber status to transactionaland language to en
2025-03-09T03:19:13+00:00 NOTICE order.member.updated :: Updated ah.azzawi@gmail.com subscriber status to subscribedand language to en
2025-03-09T03:19:13+00:00 NOTICE order_submit.success :: addStoreOrder :: #18605 :: email: ah.azzawi@gmail.com :: landing site https://tryingtoadultrva.com/checkout/order-received/18310/?key=wc_order_DzLBOQFL1ysSj :: abandoned cart deleted [0d0844af9c2bf6095898806da84a3f46]
2025-03-09T03:19:16+00:00 NOTICE action_scheduler.queue_job :: MailChimp_WooCommerce_Cart_Update queued :: obj_id fa449230b1ae6aa7eb0c816249473eb4 with id 68622
2025-03-09T03:20:04+00:00 NOTICE abandoned_cart.success :: email: jeremiahm376@gmail.com :: checkout_url: https://tryingtoadultrva.com/checkout/?mc_cart_id=fa449230b1ae6aa7eb0c816249473eb4
2025-03-09T03:23:42+00:00 NOTICE action_scheduler.queue_job :: MailChimp_WooCommerce_Single_Order starts in 90 seconds :: obj_id 18607 with id 68623
2025-03-09T03:23:42+00:00 NOTICE handleOrderUpdate :: order_status
2025-03-09T03:23:44+00:00 NOTICE handleOrderUpdate :: order_status
2025-03-09T03:23:44+00:00 NOTICE handleOrderUpdate :: order_status
2025-03-09T03:23:45+00:00 NOTICE debug :: Order ID 18607 was pending and is now processing :: Array
(
    [new_order] => 1
    [tracking] => Array
        (
            [landing_site] => https://tryingtoadultrva.com/checkout/
        )

)
2025-03-09T03:25:32+00:00 NOTICE order.member.updated :: Updated jeremiahm376@gmail.com subscriber status to transactionaland language to en
2025-03-09T03:25:32+00:00 NOTICE order_submit.success :: addStoreOrder :: #18607 :: email: jeremiahm376@gmail.com :: landing site https://tryingtoadultrva.com/checkout/ :: abandoned cart deleted [fa449230b1ae6aa7eb0c816249473eb4]
2025-03-09T03:28:25+00:00 NOTICE action_scheduler.queue_job :: MailChimp_WooCommerce_Cart_Update queued :: obj_id f634de08d387aac93f576ff34172dace with id 68626
2025-03-09T03:28:29+00:00 NOTICE abandoned_cart.success :: email: clangley32@live.com :: checkout_url: https://tryingtoadultrva.com/checkout/?mc_cart_id=f634de08d387aac93f576ff34172dace
2025-03-09T03:28:30+00:00 NOTICE cart.member.updated :: Updated clangley32@live.com subscriber status to transactionaland language to en
2025-03-09T03:36:25+00:00 NOTICE handleOrderUpdate :: order_status
2025-03-09T03:36:25+00:00 NOTICE action_scheduler.queue_job :: MailChimp_WooCommerce_Single_Order starts in 90 seconds :: obj_id 18418 with id 68630
2025-03-09T03:36:25+00:00 NOTICE handleOrderUpdate :: order_status
2025-03-09T03:36:25+00:00 NOTICE handleOrderUpdate :: order_status
2025-03-09T03:36:25+00:00 NOTICE handleOrderUpdate :: order_status
2025-03-09T03:36:27+00:00 NOTICE handleOrderUpdate :: order_status
2025-03-09T03:36:27+00:00 NOTICE handleOrderUpdate :: order_status
2025-03-09T03:36:28+00:00 NOTICE handleOrderUpdate :: order_status
2025-03-09T03:36:28+00:00 NOTICE debug :: Order ID 18418 was failed and is now pending :: Array
(
    [new_order] => 
    [tracking] => 
)
2025-03-09T03:36:28+00:00 NOTICE debug :: Order ID 18418 was pending and is now failed :: Array
(
    [new_order] => 
    [tracking] => 
)
2025-03-09T03:38:04+00:00 NOTICE order_submit :: #18418 has a financial status of pending and was skipped.
2025-03-09T06:34:58+00:00 NOTICE action_scheduler.queue_job :: MailChimp_WooCommerce_Cart_Update queued :: obj_id 8f4039cf23c813233a307c98fe05b6f0 with id 68633
2025-03-09T06:35:06+00:00 ERROR abandoned_cart.error :: email: s.thoma1116@gmail.con :: attempting product update :: s.thoma1116@gmail.con is an invalid email address and cannot be imported.
2025-03-09T06:35:07+00:00 ERROR abandoned_cart.error :: Error Code 400 :: s.thoma1116@gmail.con is an invalid email address and cannot be imported. on 2701 in /www/wp-content/plugins/mailchimp-for-woocommerce/includes/api/class-mailchimp-api.php
2025-03-09T06:35:56+00:00 NOTICE action_scheduler.queue_job :: MailChimp_WooCommerce_Single_Order starts in 90 seconds :: obj_id 18609 with id 68634
2025-03-09T06:35:57+00:00 NOTICE handleOrderUpdate :: order_status
2025-03-09T06:36:00+00:00 NOTICE handleOrderUpdate :: order_status
2025-03-09T06:36:00+00:00 NOTICE handleOrderUpdate :: order_status
2025-03-09T06:36:00+00:00 NOTICE debug :: Order ID 18609 was pending and is now processing :: Array
(
    [new_order] => 1
    [tracking] => Array
        (
            [landing_site] => https://tryingtoadultrva.com/checkout/order-received/18544/?key=wc_order_48pwv6Ve0bT6u
        )

)
2025-03-09T06:38:29+00:00 ERROR order_submit.error :: addStoreOrder :: #18609 :: Error Code 400 :: s.thoma1116@gmail.con is an invalid email address and cannot be imported. on 2701 in /www/wp-content/plugins/mailchimp-for-woocommerce/includes/api/class-mailchimp-api.php
2025-03-09T09:09:02+00:00 NOTICE handleOrderUpdate :: order_status
2025-03-09T09:09:02+00:00 NOTICE action_scheduler.queue_job :: MailChimp_WooCommerce_Single_Order starts in 90 seconds :: obj_id 18427 with id 68638
2025-03-09T09:09:03+00:00 NOTICE handleOrderUpdate :: order_status
2025-03-09T09:09:03+00:00 NOTICE handleOrderUpdate :: order_status
2025-03-09T09:09:03+00:00 NOTICE handleOrderUpdate :: order_status
2025-03-09T09:09:05+00:00 NOTICE handleOrderUpdate :: order_status
2025-03-09T09:09:05+00:00 NOTICE handleOrderUpdate :: order_status
2025-03-09T09:09:05+00:00 NOTICE handleOrderUpdate :: order_status
2025-03-09T09:09:05+00:00 NOTICE debug :: Order ID 18427 was failed and is now pending :: Array
(
    [new_order] => 
    [tracking] => 
)
2025-03-09T09:09:06+00:00 NOTICE debug :: Order ID 18427 was pending and is now failed :: Array
(
    [new_order] => 
    [tracking] => 
)
2025-03-09T09:10:37+00:00 NOTICE order_submit :: #18427 has a financial status of pending and was skipped.
2025-03-09T13:22:49+00:00 NOTICE action_scheduler.queue_job :: MailChimp_WooCommerce_Cart_Update queued :: obj_id 0a131c42aebb80abf9bbb3f4f72ecfae with id 68641
2025-03-09T13:23:00+00:00 NOTICE abandoned_cart.success :: email: michaeljoshuamorriss@gmail.com :: checkout_url: https://tryingtoadultrva.com/checkout/?mc_cart_id=0a131c42aebb80abf9bbb3f4f72ecfae
2025-03-09T13:23:01+00:00 NOTICE integration_logic :: mailchimp_member_data_update set the user meta for michaeljoshuamorriss@gmail.com to subscribed because it was out of sync.
2025-03-09T13:23:01+00:00 NOTICE cart.member.updated :: Updated michaeljoshuamorriss@gmail.com subscriber status to subscribedand language to en
2025-03-09T13:23:02+00:00 NOTICE action_scheduler.queue_job :: MailChimp_WooCommerce_Single_Order starts in 90 seconds :: obj_id 18613 with id 68642
2025-03-09T13:23:03+00:00 NOTICE handleOrderUpdate :: order_status
2025-03-09T13:23:03+00:00 NOTICE handleOrderUpdate :: order_status
2025-03-09T13:23:03+00:00 NOTICE debug :: Order ID 18613 was pending and is now processing :: Array
(
    [new_order] => 1
    [tracking] => Array
        (
            [landing_site] => https://tryingtoadultrva.com/login-account-information/lost-password/?show-reset-form=true&action
        )

)
2025-03-09T13:25:32+00:00 NOTICE order.member.updated :: Updated michaeljoshuamorriss@gmail.com subscriber status to subscribedand language to en
2025-03-09T13:25:32+00:00 NOTICE order_submit.success :: addStoreOrder :: #18613 :: email: michaeljoshuamorriss@gmail.com :: landing site https://tryingtoadultrva.com/login-account-information/lost-password/?show-reset-form=true&action :: abandoned cart deleted [0a131c42aebb80abf9bbb3f4f72ecfae]
2025-03-09T13:28:47+00:00 NOTICE action_scheduler.queue_job :: MailChimp_WooCommerce_Cart_Update queued :: obj_id 8074ba05b25902ce7eb0a024eb6ad758 with id 68645
2025-03-09T13:29:25+00:00 NOTICE action_scheduler.queue_job :: MailChimp_WooCommerce_Single_Order starts in 90 seconds :: obj_id 18615 with id 68647
2025-03-09T13:29:25+00:00 NOTICE handleOrderUpdate :: order_status
2025-03-09T13:29:26+00:00 NOTICE abandoned_cart.success :: email: markschwab124@gmail.com :: checkout_url: https://tryingtoadultrva.com/checkout/?mc_cart_id=8074ba05b25902ce7eb0a024eb6ad758
2025-03-09T13:29:27+00:00 NOTICE handleOrderUpdate :: order_status
2025-03-09T13:29:27+00:00 NOTICE handleOrderUpdate :: order_status
2025-03-09T13:29:27+00:00 NOTICE cart.member.updated :: Updated markschwab124@gmail.com subscriber status to subscribedand language to en
2025-03-09T13:29:28+00:00 NOTICE debug :: Order ID 18615 was pending and is now processing :: Array
(
    [new_order] => 1
    [tracking] => Array
        (
            [landing_site] => https://tryingtoadultrva.com/events/list/
        )

)
2025-03-09T13:31:31+00:00 NOTICE order.member.updated :: Updated MarkSchwab124@gmail.com subscriber status to transactionaland language to en
2025-03-09T13:31:31+00:00 NOTICE order_submit.success :: addStoreOrder :: #18615 :: email: MarkSchwab124@gmail.com :: landing site https://tryingtoadultrva.com/events/list/ :: abandoned cart deleted [8074ba05b25902ce7eb0a024eb6ad758]
2025-03-09T14:36:29+00:00 NOTICE action_scheduler.queue_job :: MailChimp_WooCommerce_Cart_Update queued :: obj_id 13c99e8724eec3159228a14a519c35ba with id 68650
2025-03-09T14:36:34+00:00 NOTICE action_scheduler.queue_job :: MailChimp_WooCommerce_Cart_Update queued :: obj_id 13c99e8724eec3159228a14a519c35ba with id 68654
2025-03-09T14:36:34+00:00 NOTICE abandoned_cart.success :: email: nicole.delaware95@gmail.com :: checkout_url: https://tryingtoadultrva.com/checkout/?mc_cart_id=13c99e8724eec3159228a14a519c35ba
2025-03-09T14:36:36+00:00 NOTICE cart.member.updated :: Updated nicole.delaware95@gmail.com subscriber status to transactionaland language to en
2025-03-09T14:36:37+00:00 NOTICE abandoned_cart.success :: email: nicole.delaware95@gmail.com :: checkout_url: https://tryingtoadultrva.com/checkout/?mc_cart_id=13c99e8724eec3159228a14a519c35ba
2025-03-09T14:36:46+00:00 NOTICE action_scheduler.queue_job :: MailChimp_WooCommerce_User_Submit queued :: obj_id 475 with id 68656
2025-03-09T14:36:47+00:00 NOTICE action_scheduler.queue_job :: MailChimp_WooCommerce_Single_Order starts in 90 seconds :: obj_id 18617 with id 68657
2025-03-09T14:36:47+00:00 NOTICE handleOrderUpdate :: order_status
2025-03-09T14:36:48+00:00 NOTICE action_scheduler.queue_job :: MailChimp_WooCommerce_Single_Order starts in 90 seconds :: obj_id 18618 with id 68659
2025-03-09T14:36:48+00:00 NOTICE handleOrderUpdate :: order_status
2025-03-09T14:36:48+00:00 NOTICE handleOrderUpdate :: order_status
2025-03-09T14:36:48+00:00 NOTICE handleOrderUpdate :: order_status
2025-03-09T14:36:49+00:00 NOTICE handleOrderUpdate :: order_status
2025-03-09T14:36:52+00:00 NOTICE handleOrderUpdate :: order_status
2025-03-09T14:36:52+00:00 NOTICE handleOrderUpdate :: order_status
2025-03-09T14:36:53+00:00 NOTICE handleOrderUpdate :: order_status
2025-03-09T14:36:53+00:00 NOTICE debug :: Order ID 18617 was pending and is now processing :: Array
(
    [new_order] => 1
    [tracking] => Array
        (
            [landing_site] => https://tryingtoadultrva.com/become-a-member/?add-to-cart=7184
        )

)
2025-03-09T14:37:14+00:00 NOTICE member.sync :: Updated Member nicole.delaware95@gmail.com :: Array
(
    [status] => subscribed
    [language] => 
    [merge_fields] => Array
        (
            [FNAME] => Nicole
            [LNAME] => Delaware
        )

    [gdpr_fields] => 
)
2025-03-09T14:37:16+00:00 NOTICE webhook :: Subscriber Sync :: subscribe :: nicole.delaware95@gmail.com :: Array
(
    [subscribed] => 1
    [user_id] => 475
)
2025-03-09T14:38:29+00:00 NOTICE order.member.updated :: Updated nicole.delaware95@gmail.com subscriber status to subscribedand language to en
2025-03-09T14:38:29+00:00 NOTICE order_submit.success :: addStoreOrder :: #18617 :: email: nicole.delaware95@gmail.com :: landing site https://tryingtoadultrva.com/become-a-member/?add-to-cart=7184 :: abandoned cart deleted [13c99e8724eec3159228a14a519c35ba]
2025-03-09T14:38:29+00:00 NOTICE filter :: Order 18618 was skipped by the filter
2025-03-09T14:41:17+00:00 NOTICE action_scheduler.queue_job :: MailChimp_WooCommerce_Cart_Update queued :: obj_id 13c99e8724eec3159228a14a519c35ba with id 68666
2025-03-09T14:41:31+00:00 NOTICE abandoned_cart.success :: email: nicole.delaware95@gmail.com :: checkout_url: https://tryingtoadultrva.com/checkout/?mc_cart_id=13c99e8724eec3159228a14a519c35ba
2025-03-09T14:41:38+00:00 NOTICE action_scheduler.queue_job :: MailChimp_WooCommerce_Single_Order starts in 90 seconds :: obj_id 18620 with id 68667
2025-03-09T14:41:38+00:00 NOTICE handleOrderUpdate :: order_status
2025-03-09T14:41:41+00:00 NOTICE handleOrderUpdate :: order_status
2025-03-09T14:41:41+00:00 NOTICE handleOrderUpdate :: order_status
2025-03-09T14:41:42+00:00 NOTICE debug :: Order ID 18620 was pending and is now processing :: Array
(
    [new_order] => 1
    [tracking] => Array
        (
            [landing_site] => https://tryingtoadultrva.com/checkout/order-received/18617/?key=wc_order_5y25uBifqxoWh
        )

)
2025-03-09T14:43:31+00:00 NOTICE order.member.updated :: Updated nicole.delaware95@gmail.com subscriber status to subscribedand language to en
2025-03-09T14:43:31+00:00 NOTICE order_submit.success :: addStoreOrder :: #18620 :: email: nicole.delaware95@gmail.com :: landing site https://tryingtoadultrva.com/checkout/order-received/18617/?key=wc_order_5y25uBifqxoWh :: abandoned cart deleted [13c99e8724eec3159228a14a519c35ba]
2025-03-09T14:46:01+00:00 NOTICE handleOrderUpdate :: order_status
2025-03-09T14:46:01+00:00 NOTICE action_scheduler.queue_job :: MailChimp_WooCommerce_Single_Order starts in 90 seconds :: obj_id 11832 with id 68670
2025-03-09T14:46:02+00:00 NOTICE action_scheduler.queue_job :: MailChimp_WooCommerce_Single_Order starts in 90 seconds :: obj_id 18622 with id 68671
2025-03-09T14:46:02+00:00 NOTICE handleOrderUpdate :: order_status
2025-03-09T14:46:02+00:00 NOTICE handleOrderUpdate :: order_status
2025-03-09T14:46:02+00:00 NOTICE handleOrderUpdate :: order_status
2025-03-09T14:46:02+00:00 NOTICE handleOrderUpdate :: order_status
2025-03-09T14:46:04+00:00 NOTICE handleOrderUpdate :: order_status
2025-03-09T14:46:04+00:00 NOTICE handleOrderUpdate :: order_status
2025-03-09T14:46:05+00:00 NOTICE handleOrderUpdate :: order_status
2025-03-09T14:46:05+00:00 NOTICE debug :: Order ID 18622 was failed and is now pending :: Array
(
    [new_order] => 
    [tracking] => 
)
2025-03-09T14:46:05+00:00 NOTICE debug :: Order ID 18622 was pending and is now failed :: Array
(
    [new_order] => 
    [tracking] => 
)
2025-03-09T14:47:35+00:00 NOTICE filter :: Order 11832 was skipped by the filter
2025-03-09T14:47:37+00:00 NOTICE order_submit :: #18622 has a financial status of pending and was skipped.
2025-03-09T14:49:43+00:00 NOTICE action_scheduler.queue_job :: MailChimp_WooCommerce_Cart_Update queued :: obj_id 24a508d56db72ad7dc4b6e9172a67cb3 with id 68678
2025-03-09T14:50:04+00:00 NOTICE abandoned_cart.success :: email: rtistictati@gmail.com :: checkout_url: https://tryingtoadultrva.com/checkout/?mc_cart_id=24a508d56db72ad7dc4b6e9172a67cb3
2025-03-09T14:50:05+00:00 NOTICE cart.member.updated :: Updated rtistictati@gmail.com subscriber status to transactionaland language to en
2025-03-09T14:50:27+00:00 NOTICE action_scheduler.queue_job :: MailChimp_WooCommerce_Single_Order starts in 90 seconds :: obj_id 18623 with id 68679
2025-03-09T14:50:27+00:00 NOTICE handleOrderUpdate :: order_status
2025-03-09T14:50:29+00:00 NOTICE handleOrderUpdate :: order_status
2025-03-09T14:50:29+00:00 NOTICE debug :: Order ID 18623 was pending and is now failed :: Array
(
    [new_order] => 
    [tracking] => 
)
2025-03-09T15:15:33+00:00 NOTICE action_scheduler.queue_job :: MailChimp_WooCommerce_Cart_Update queued :: obj_id 1e516962b9f1c931d5c1628aee18f544 with id 68682
2025-03-09T15:15:41+00:00 NOTICE action_scheduler.queue_job :: MailChimp_WooCommerce_Single_Order starts in 90 seconds :: obj_id 18625 with id 68683
2025-03-09T15:15:41+00:00 NOTICE handleOrderUpdate :: order_status
2025-03-09T15:15:41+00:00 NOTICE handleOrderUpdate :: order_status
2025-03-09T15:15:42+00:00 NOTICE debug :: Order ID 18625 was pending and is now processing :: Array
(
    [new_order] => 1
    [tracking] => Array
        (
            [landing_site] => https://tryingtoadultrva.com/checkout/order-received/18548/?key=wc_order_yqYrM3JWOYccc
        )

)
2025-03-09T15:16:10+00:00 NOTICE abandoned_cart.success :: email: mlafine@hotmail.com :: checkout_url: https://tryingtoadultrva.com/checkout/?mc_cart_id=1e516962b9f1c931d5c1628aee18f544
2025-03-09T15:16:11+00:00 NOTICE integration_logic :: mailchimp_member_data_update set the user meta for mlafine@hotmail.com to subscribed because it was out of sync.
2025-03-09T15:16:11+00:00 NOTICE cart.member.updated :: Updated mlafine@hotmail.com subscriber status to subscribedand language to en
2025-03-09T15:17:17+00:00 NOTICE order.member.updated :: Updated mlafine@hotmail.com subscriber status to subscribedand language to en
2025-03-09T15:17:17+00:00 NOTICE order_submit.success :: addStoreOrder :: #18625 :: email: mlafine@hotmail.com :: landing site https://tryingtoadultrva.com/checkout/order-received/18548/?key=wc_order_yqYrM3JWOYccc :: abandoned cart deleted [1e516962b9f1c931d5c1628aee18f544]
2025-03-09T15:21:12+00:00 NOTICE action_scheduler.queue_job :: MailChimp_WooCommerce_Cart_Update queued :: obj_id 1e516962b9f1c931d5c1628aee18f544 with id 68686
2025-03-09T15:21:19+00:00 NOTICE abandoned_cart.success :: email: mlafine@hotmail.com :: checkout_url: https://tryingtoadultrva.com/checkout/?mc_cart_id=1e516962b9f1c931d5c1628aee18f544
2025-03-09T15:21:20+00:00 NOTICE action_scheduler.queue_job :: MailChimp_WooCommerce_Single_Order starts in 90 seconds :: obj_id 18627 with id 68687
2025-03-09T15:21:21+00:00 NOTICE handleOrderUpdate :: order_status
2025-03-09T15:21:21+00:00 NOTICE handleOrderUpdate :: order_status
2025-03-09T15:21:21+00:00 NOTICE debug :: Order ID 18627 was pending and is now processing :: Array
(
    [new_order] => 1
    [tracking] => Array
        (
            [landing_site] => https://tryingtoadultrva.com/checkout/order-received/18625/?key=wc_order_cjubGH4nj5NRD
        )

)
2025-03-09T15:23:29+00:00 NOTICE order.member.updated :: Updated mlafine@hotmail.com subscriber status to subscribedand language to en
2025-03-09T15:23:29+00:00 NOTICE order_submit.success :: addStoreOrder :: #18627 :: email: mlafine@hotmail.com :: landing site https://tryingtoadultrva.com/checkout/order-received/18625/?key=wc_order_cjubGH4nj5NRD :: abandoned cart deleted [1e516962b9f1c931d5c1628aee18f544]
2025-03-09T17:16:28+00:00 NOTICE action_scheduler.queue_job :: MailChimp_WooCommerce_Cart_Update queued :: obj_id 2c067221df295c2632099a8227a0b13f with id 68691
2025-03-09T17:17:09+00:00 NOTICE abandoned_cart.success :: email: jnoel.josephnoel@gmail.com :: checkout_url: https://tryingtoadultrva.com/checkout/?mc_cart_id=2c067221df295c2632099a8227a0b13f
2025-03-09T17:17:10+00:00 NOTICE integration_logic :: mailchimp_member_data_update set the user meta for jnoel.josephnoel@gmail.com to subscribed because it was out of sync.
2025-03-09T17:17:10+00:00 NOTICE cart.member.updated :: Updated jnoel.josephnoel@gmail.com subscriber status to subscribedand language to en
2025-03-09T17:48:27+00:00 NOTICE handleOrderUpdate :: order_status
2025-03-09T17:48:27+00:00 NOTICE action_scheduler.queue_job :: MailChimp_WooCommerce_Single_Order starts in 90 seconds :: obj_id 10963 with id 68692
2025-03-09T17:48:29+00:00 NOTICE action_scheduler.queue_job :: MailChimp_WooCommerce_Single_Order starts in 90 seconds :: obj_id 18629 with id 68693
2025-03-09T17:48:29+00:00 NOTICE handleOrderUpdate :: order_status
2025-03-09T17:48:29+00:00 NOTICE handleOrderUpdate :: order_status
2025-03-09T17:48:29+00:00 NOTICE handleOrderUpdate :: order_status
2025-03-09T17:48:29+00:00 NOTICE handleOrderUpdate :: order_status
2025-03-09T17:48:32+00:00 NOTICE handleOrderUpdate :: order_status
2025-03-09T17:48:32+00:00 NOTICE handleOrderUpdate :: order_status
2025-03-09T17:48:33+00:00 NOTICE handleOrderUpdate :: order_status
2025-03-09T17:48:33+00:00 NOTICE handleOrderUpdate :: order_status
2025-03-09T17:48:33+00:00 NOTICE handleOrderUpdate :: order_status
2025-03-09T17:48:33+00:00 NOTICE debug :: Order ID 18629 was pending and is now processing :: Array
(
    [new_order] => 1
    [tracking] => Array
        (
            [landing_site] => https://tryingtoadultrva.com/login-account-information/
        )

)
2025-03-09T17:50:03+00:00 NOTICE filter :: Order 10963 was skipped by the filter
2025-03-09T17:50:10+00:00 NOTICE order.member.updated :: Updated klarkin226@outlook.com subscriber status to subscribedand language to en
2025-03-09T17:50:10+00:00 NOTICE order_submit.success :: addStoreOrder :: #18629 :: email: klarkin226@outlook.com
2025-03-09T18:03:34+00:00 NOTICE action_scheduler.queue_job :: MailChimp_WooCommerce_Cart_Update queued :: obj_id b3c0cd7bd889241283e2ff79f1789644 with id 68702
2025-03-09T18:04:03+00:00 NOTICE abandoned_cart.success :: email: hort4life1222@yahoo.com :: checkout_url: https://tryingtoadultrva.com/checkout/?mc_cart_id=b3c0cd7bd889241283e2ff79f1789644
2025-03-09T18:04:04+00:00 NOTICE integration_logic :: mailchimp_member_data_update set the user meta for hort4life1222@yahoo.com to subscribed because it was out of sync.
2025-03-09T18:04:04+00:00 NOTICE cart.member.updated :: Updated hort4life1222@yahoo.com subscriber status to subscribedand language to en
2025-03-09T19:14:27+00:00 NOTICE handleOrderUpdate :: order_status
2025-03-09T19:14:27+00:00 NOTICE action_scheduler.queue_job :: MailChimp_WooCommerce_Single_Order starts in 90 seconds :: obj_id 16986 with id 68704
2025-03-09T19:14:29+00:00 NOTICE action_scheduler.queue_job :: MailChimp_WooCommerce_Single_Order starts in 90 seconds :: obj_id 18630 with id 68705
2025-03-09T19:14:29+00:00 NOTICE handleOrderUpdate :: order_status
2025-03-09T19:14:30+00:00 NOTICE handleOrderUpdate :: order_status
2025-03-09T19:14:30+00:00 NOTICE handleOrderUpdate :: order_status
2025-03-09T19:14:30+00:00 NOTICE handleOrderUpdate :: order_status
2025-03-09T19:14:33+00:00 NOTICE handleOrderUpdate :: order_status
2025-03-09T19:14:33+00:00 NOTICE handleOrderUpdate :: order_status
2025-03-09T19:14:33+00:00 NOTICE handleOrderUpdate :: order_status
2025-03-09T19:14:33+00:00 NOTICE debug :: Order ID 18630 was failed and is now pending :: Array
(
    [new_order] => 
    [tracking] => 
)
2025-03-09T19:14:33+00:00 NOTICE debug :: Order ID 18630 was pending and is now failed :: Array
(
    [new_order] => 
    [tracking] => 
)
2025-03-09T19:16:26+00:00 NOTICE filter :: Order 16986 was skipped by the filter
2025-03-09T19:16:28+00:00 NOTICE order_submit :: #18630 has a financial status of pending and was skipped.
2025-03-09T20:10:07+00:00 NOTICE handleOrderUpdate :: order_status
2025-03-09T20:10:07+00:00 NOTICE action_scheduler.queue_job :: MailChimp_WooCommerce_Single_Order starts in 90 seconds :: obj_id 15707 with id 68712
2025-03-09T20:10:10+00:00 NOTICE action_scheduler.queue_job :: MailChimp_WooCommerce_Single_Order starts in 90 seconds :: obj_id 18631 with id 68713
2025-03-09T20:10:10+00:00 NOTICE handleOrderUpdate :: order_status
2025-03-09T20:10:10+00:00 NOTICE handleOrderUpdate :: order_status
2025-03-09T20:10:10+00:00 NOTICE handleOrderUpdate :: order_status
2025-03-09T20:10:10+00:00 NOTICE handleOrderUpdate :: order_status
2025-03-09T20:10:14+00:00 NOTICE handleOrderUpdate :: order_status
2025-03-09T20:10:14+00:00 NOTICE handleOrderUpdate :: order_status
2025-03-09T20:10:15+00:00 NOTICE handleOrderUpdate :: order_status
2025-03-09T20:10:15+00:00 NOTICE debug :: Order ID 18631 was failed and is now pending :: Array
(
    [new_order] => 
    [tracking] => 
)
2025-03-09T20:10:16+00:00 NOTICE debug :: Order ID 18631 was pending and is now failed :: Array
(
    [new_order] => 
    [tracking] => 
)
2025-03-09T20:12:26+00:00 NOTICE filter :: Order 15707 was skipped by the filter
2025-03-09T20:12:29+00:00 NOTICE order_submit :: #18631 has a financial status of pending and was skipped.
2025-03-09T20:15:18+00:00 NOTICE action_scheduler.queue_job :: MailChimp_WooCommerce_Cart_Update queued :: obj_id 2c545b1b0e2641cb43249103c5dc242f with id 68720
2025-03-09T20:15:32+00:00 NOTICE abandoned_cart.success :: email: carmen.camarena94@gmail.com :: checkout_url: https://tryingtoadultrva.com/checkout/?mc_cart_id=2c545b1b0e2641cb43249103c5dc242f
2025-03-09T20:15:33+00:00 NOTICE integration_logic :: mailchimp_member_data_update set the user meta for carmen.camarena94@gmail.com to subscribed because it was out of sync.
2025-03-09T20:15:33+00:00 NOTICE cart.member.updated :: Updated carmen.camarena94@gmail.com subscriber status to subscribedand language to en
2025-03-09T20:15:34+00:00 NOTICE action_scheduler.queue_job :: MailChimp_WooCommerce_Single_Order starts in 90 seconds :: obj_id 18632 with id 68721
2025-03-09T20:15:34+00:00 NOTICE handleOrderUpdate :: order_status
2025-03-09T20:15:34+00:00 NOTICE handleOrderUpdate :: order_status
2025-03-09T20:15:35+00:00 NOTICE debug :: Order ID 18632 was pending and is now processing :: Array
(
    [new_order] => 1
    [tracking] => Array
        (
            [landing_site] => https://tryingtoadultrva.com/checkout/order-received/17139/?key=wc_order_Cx07060FtDEoQ
        )

)
2025-03-09T20:17:30+00:00 NOTICE order.member.updated :: Updated carmen.camarena94@gmail.com subscriber status to subscribedand language to en
2025-03-09T20:17:30+00:00 NOTICE order_submit.success :: addStoreOrder :: #18632 :: email: carmen.camarena94@gmail.com :: landing site https://tryingtoadultrva.com/checkout/order-received/17139/?key=wc_order_Cx07060FtDEoQ :: abandoned cart deleted [2c545b1b0e2641cb43249103c5dc242f]
2025-03-09T21:22:26+00:00 NOTICE action_scheduler.queue_job :: MailChimp_WooCommerce_Cart_Update queued :: obj_id 1b075294b11a5b96f00d42b23fa667ed with id 68724
2025-03-09T21:22:35+00:00 NOTICE action_scheduler.queue_job :: MailChimp_WooCommerce_Single_Order starts in 90 seconds :: obj_id 18634 with id 68725
2025-03-09T21:22:36+00:00 NOTICE handleOrderUpdate :: order_status
2025-03-09T21:22:36+00:00 NOTICE handleOrderUpdate :: order_status
2025-03-09T21:22:36+00:00 NOTICE debug :: Order ID 18634 was pending and is now processing :: Array
(
    [new_order] => 1
    [tracking] => Array
        (
            [landing_site] => https://tryingtoadultrva.com/checkout/order-received/18239/?key=wc_order_eXCEkcSOAgmCp
        )

)
2025-03-09T21:23:05+00:00 NOTICE abandoned_cart.success :: email: matthew.bennett0059@gmail.com :: checkout_url: https://tryingtoadultrva.com/checkout/?mc_cart_id=1b075294b11a5b96f00d42b23fa667ed
2025-03-09T21:23:06+00:00 NOTICE integration_logic :: mailchimp_member_data_update set the user meta for matthew.bennett0059@gmail.com to subscribed because it was out of sync.
2025-03-09T21:23:06+00:00 NOTICE cart.member.updated :: Updated matthew.bennett0059@gmail.com subscriber status to subscribedand language to en
2025-03-09T21:24:32+00:00 NOTICE order.member.updated :: Updated matthew.bennett0059@gmail.com subscriber status to subscribedand language to en
2025-03-09T21:24:32+00:00 NOTICE order_submit.success :: addStoreOrder :: #18634 :: email: matthew.bennett0059@gmail.com :: landing site https://tryingtoadultrva.com/checkout/order-received/18239/?key=wc_order_eXCEkcSOAgmCp :: abandoned cart deleted [1b075294b11a5b96f00d42b23fa667ed]
2025-03-09T22:10:50+00:00 NOTICE action_scheduler.queue_job :: MailChimp_WooCommerce_Cart_Update queued :: obj_id 6da4f1a849b1dba2a3c197fd8c657091 with id 68728
2025-03-09T22:11:02+00:00 NOTICE abandoned_cart.success :: email: sbryant1@gmail.com :: checkout_url: https://tryingtoadultrva.com/checkout/?mc_cart_id=6da4f1a849b1dba2a3c197fd8c657091
2025-03-09T22:11:03+00:00 NOTICE integration_logic :: mailchimp_member_data_update set the user meta for sbryant1@gmail.com to subscribed because it was out of sync.
2025-03-09T22:11:03+00:00 NOTICE cart.member.updated :: Updated sbryant1@gmail.com subscriber status to subscribedand language to en
2025-03-09T22:11:12+00:00 NOTICE action_scheduler.queue_job :: MailChimp_WooCommerce_Single_Order starts in 90 seconds :: obj_id 18636 with id 68729
2025-03-09T22:11:12+00:00 NOTICE handleOrderUpdate :: order_status
2025-03-09T22:11:13+00:00 NOTICE handleOrderUpdate :: order_status
2025-03-09T22:11:14+00:00 NOTICE debug :: Order ID 18636 was pending and is now processing :: Array
(
    [new_order] => 1
    [tracking] => Array
        (
            [landing_site] => https://tryingtoadultrva.com/checkout/order-received/18112/?key=wc_order_nbhx2i5f8FzJH
        )

)
2025-03-09T22:13:31+00:00 NOTICE order.member.updated :: Updated sbryant1@gmail.com subscriber status to subscribedand language to en
2025-03-09T22:13:31+00:00 NOTICE order_submit.success :: addStoreOrder :: #18636 :: email: sbryant1@gmail.com :: landing site https://tryingtoadultrva.com/checkout/order-received/18112/?key=wc_order_nbhx2i5f8FzJH :: abandoned cart deleted [6da4f1a849b1dba2a3c197fd8c657091]
