2024-06-05T01:54:53+00:00 NOTICE handleOrderUpdate :: order_status
2024-06-05T01:54:53+00:00 NOTICE action_scheduler.queue_job :: MailChimp_WooCommerce_Single_Order starts in 90 seconds :: obj_id 9453
2024-06-05T01:54:54+00:00 NOTICE action_scheduler.queue_job :: MailChimp_WooCommerce_Single_Order starts in 90 seconds :: obj_id 10160
2024-06-05T01:54:54+00:00 NOTICE handleOrderUpdate :: order_status
2024-06-05T01:54:54+00:00 NOTICE handleOrderUpdate :: order_status
2024-06-05T01:54:54+00:00 NOTICE handleOrderUpdate :: order_status
2024-06-05T01:54:57+00:00 NOTICE handleOrderUpdate :: order_status
2024-06-05T01:54:58+00:00 NOTICE handleOrderUpdate :: order_status
2024-06-05T01:54:58+00:00 NOTICE handleOrderUpdate :: order_status
2024-06-05T01:54:58+00:00 NOTICE debug :: Order ID 10160 was pending and is now processing :: Array
(
    [new_order] => 1
    [tracking] => Array
        (
            [landing_site] => https://tryingtoadultrva.com/events/list/
        )

)
2024-06-05T01:57:14+00:00 NOTICE filter :: Order 9453 was skipped by the filter
2024-06-05T01:57:16+00:00 NOTICE order.member.updated :: Updated chase.stanga@gmail.com subscriber status to subscribed and language to en
2024-06-05T01:57:16+00:00 NOTICE order_submit.success :: addStoreOrder :: #10160 :: email: chase.stanga@gmail.com
2024-06-05T11:17:38+00:00 NOTICE action_scheduler.queue_job :: MailChimp_WooCommerce_Cart_Update queued :: obj_id c5684633787d341843ffba5e1bae5868
2024-06-05T11:17:45+00:00 NOTICE action_scheduler.queue_job :: MailChimp_WooCommerce_Single_Order starts in 90 seconds :: obj_id 10161
2024-06-05T11:17:46+00:00 NOTICE handleOrderUpdate :: order_status
2024-06-05T11:17:46+00:00 NOTICE abandoned_cart.success :: email: jonom77@aol.com :: checkout_url: https://tryingtoadultrva.com/checkout/?mc_cart_id=c5684633787d341843ffba5e1bae5868
2024-06-05T11:17:47+00:00 NOTICE cart.member.updated :: Updated jonom77@aol.com subscriber status to subscribed and language to en
2024-06-05T11:17:48+00:00 NOTICE handleOrderUpdate :: order_status
2024-06-05T11:17:48+00:00 NOTICE debug :: Order ID 10161 was pending and is now processing :: Array
(
    [new_order] => 1
    [tracking] => Array
        (
            [landing_site] => https://tryingtoadultrva.com/events/list/
        )

)
2024-06-05T11:19:35+00:00 NOTICE webhook :: Subscriber Sync :: subscribe :: jonom77@aol.com :: Array
(
    [subscribed] => 1
    [user_id] => 59
)
2024-06-05T11:19:35+00:00 NOTICE order.member.updated :: Updated jonom77@aol.com subscriber status to subscribed and language to en
2024-06-05T11:19:35+00:00 NOTICE order_submit.success :: addStoreOrder :: #10161 :: email: jonom77@aol.com :: landing site https://tryingtoadultrva.com/events/list/ :: abandoned cart deleted [c5684633787d341843ffba5e1bae5868]
2024-06-05T13:30:08+00:00 NOTICE action_scheduler.queue_job :: MailChimp_WooCommerce_Cart_Update queued :: obj_id 761e12d25da3652cd9cb8e11d416cc8c
2024-06-05T13:30:10+00:00 NOTICE abandoned_cart.success :: email: km3keppel@gmail.com :: checkout_url: https://tryingtoadultrva.com/checkout/?mc_cart_id=761e12d25da3652cd9cb8e11d416cc8c
2024-06-05T13:30:11+00:00 NOTICE cart.member.updated :: Updated km3keppel@gmail.com subscriber status to transactional and language to en
2024-06-05T13:30:24+00:00 NOTICE action_scheduler.queue_job :: MailChimp_WooCommerce_Single_Order starts in 90 seconds :: obj_id 10163
2024-06-05T13:30:24+00:00 NOTICE ac.cart_swap :: Deleted cart [km3keppel@gmail.com] :: ID [761e12d25da3652cd9cb8e11d416cc8c]
2024-06-05T13:30:25+00:00 NOTICE action_scheduler.queue_job :: MailChimp_WooCommerce_Cart_Update queued :: obj_id 51b9dc34d924e6a9708db506d8e0e4ad
2024-06-05T13:30:25+00:00 NOTICE handleOrderUpdate :: order_status
2024-06-05T13:30:25+00:00 NOTICE handleOrderUpdate :: order_status
2024-06-05T13:30:25+00:00 NOTICE action_scheduler.queue_job :: MailChimp_WooCommerce_Single_Product starts in 5 seconds :: obj_id 9066
2024-06-05T13:30:26+00:00 NOTICE debug :: Order ID 10163 was pending and is now processing :: Array
(
    [new_order] => 1
    [tracking] => Array
        (
            [landing_site] => https://tryingtoadultrva.com/events/list/
        )

)
2024-06-05T13:30:47+00:00 NOTICE abandoned_cart.success :: email: katiedalie@gmail.com :: checkout_url: https://tryingtoadultrva.com/checkout/?mc_cart_id=51b9dc34d924e6a9708db506d8e0e4ad
2024-06-05T13:30:47+00:00 NOTICE cart.member.updated :: Updated katiedalie@gmail.com subscriber status to transactional and language to en
2024-06-05T13:30:48+00:00 NOTICE product_submit.success :: updateStoreProduct :: #9066
2024-06-05T13:33:13+00:00 NOTICE order.member.updated :: Updated Katiedalie@gmail.com subscriber status to subscribed and language to en
2024-06-05T13:33:13+00:00 NOTICE order_submit.success :: addStoreOrder :: #10163 :: email: Katiedalie@gmail.com :: landing site https://tryingtoadultrva.com/events/list/ :: abandoned cart deleted [51b9dc34d924e6a9708db506d8e0e4ad]
2024-06-05T15:01:25+00:00 NOTICE action_scheduler.queue_job :: MailChimp_WooCommerce_Cart_Update queued :: obj_id 13e7665a35607317035bc176d92ab47f
2024-06-05T15:01:39+00:00 NOTICE abandoned_cart.success :: email: benlashley5@gmail.com :: checkout_url: https://tryingtoadultrva.com/checkout/?mc_cart_id=13e7665a35607317035bc176d92ab47f
2024-06-05T15:01:40+00:00 NOTICE cart.member.updated :: Updated benlashley5@gmail.com subscriber status to subscribed and language to en
2024-06-05T15:01:41+00:00 NOTICE action_scheduler.queue_job :: MailChimp_WooCommerce_Cart_Update queued :: obj_id 13e7665a35607317035bc176d92ab47f
2024-06-05T15:01:42+00:00 NOTICE action_scheduler.queue_job :: MailChimp_WooCommerce_Single_Order starts in 90 seconds :: obj_id 10165
2024-06-05T15:01:43+00:00 NOTICE handleOrderUpdate :: order_status
2024-06-05T15:01:43+00:00 NOTICE handleOrderUpdate :: order_status
2024-06-05T15:01:43+00:00 NOTICE debug :: Order ID 10165 was pending and is now processing :: Array
(
    [new_order] => 1
    [tracking] => Array
        (
            [landing_site] => https://tryingtoadultrva.com/checkout/order-received/9532/?key=wc_order_7LRw12IC8H3lo
        )

)
2024-06-05T15:01:48+00:00 NOTICE abandoned_cart.success :: email: benlashley5@gmail.com :: checkout_url: https://tryingtoadultrva.com/checkout/?mc_cart_id=13e7665a35607317035bc176d92ab47f
2024-06-05T15:04:58+00:00 NOTICE webhook :: Subscriber Sync :: subscribe :: benlashley5@gmail.com :: Array
(
    [subscribed] => 1
    [user_id] => 100
)
2024-06-05T15:04:58+00:00 NOTICE order.member.updated :: Updated benlashley5@gmail.com subscriber status to subscribed and language to en
2024-06-05T15:04:58+00:00 NOTICE order_submit.success :: addStoreOrder :: #10165 :: email: benlashley5@gmail.com :: landing site https://tryingtoadultrva.com/checkout/order-received/9532/?key=wc_order_7LRw12IC8H3lo :: abandoned cart deleted [13e7665a35607317035bc176d92ab47f]
2024-06-05T19:27:56+00:00 NOTICE handleOrderUpdate :: order_status
2024-06-05T19:27:56+00:00 NOTICE action_scheduler.queue_job :: MailChimp_WooCommerce_Single_Order starts in 90 seconds :: obj_id 3220
2024-06-05T19:27:56+00:00 NOTICE action_scheduler.queue_job :: MailChimp_WooCommerce_Single_Order starts in 90 seconds :: obj_id 10167
2024-06-05T19:27:56+00:00 NOTICE handleOrderUpdate :: order_status
2024-06-05T19:27:56+00:00 NOTICE handleOrderUpdate :: order_status
2024-06-05T19:27:57+00:00 NOTICE handleOrderUpdate :: order_status
2024-06-05T19:27:57+00:00 NOTICE handleOrderUpdate :: order_status
2024-06-05T19:27:58+00:00 NOTICE handleOrderUpdate :: order_status
2024-06-05T19:27:58+00:00 NOTICE debug :: Order ID 10167 was pending and is now processing :: Array
(
    [new_order] => 1
    [tracking] => Array
        (
            [landing_site] => https://tryingtoadultrva.com/checkout/order-received/2973/?key=wc_order_7VceTSa0oslhF
        )

)
2024-06-05T19:30:12+00:00 NOTICE filter :: Order 3220 was skipped by the filter
2024-06-05T19:30:26+00:00 NOTICE order.member.updated :: Updated eippih@gmail.com subscriber status to subscribed and language to en
2024-06-05T19:30:26+00:00 NOTICE order_submit.success :: addStoreOrder :: #10167 :: email: eippih@gmail.com
2024-06-05T20:56:43+00:00 NOTICE action_scheduler.queue_job :: MailChimp_WooCommerce_Cart_Update queued :: obj_id f8aaf21781c80b02b694a1d63a3d2a06
2024-06-05T20:56:44+00:00 NOTICE abandoned_cart.success :: email: aaustin2323@gmail.com :: checkout_url: https://tryingtoadultrva.com/checkout/?mc_cart_id=f8aaf21781c80b02b694a1d63a3d2a06
2024-06-05T20:56:45+00:00 NOTICE cart.member.updated :: Updated aaustin2323@gmail.com subscriber status to transactional and language to en
2024-06-05T20:56:46+00:00 NOTICE action_scheduler.queue_job :: MailChimp_WooCommerce_Cart_Update queued :: obj_id f8aaf21781c80b02b694a1d63a3d2a06
2024-06-05T20:56:46+00:00 NOTICE abandoned_cart.success :: email: aaustin2323@gmail.com :: checkout_url: https://tryingtoadultrva.com/checkout/?mc_cart_id=f8aaf21781c80b02b694a1d63a3d2a06
2024-06-05T20:57:44+00:00 NOTICE action_scheduler.queue_job :: MailChimp_WooCommerce_Single_Order starts in 90 seconds :: obj_id 10168
2024-06-05T20:57:44+00:00 NOTICE handleOrderUpdate :: order_status
2024-06-05T20:57:46+00:00 NOTICE handleOrderUpdate :: order_status
2024-06-05T20:57:47+00:00 NOTICE debug :: Order ID 10168 was pending and is now processing :: Array
(
    [new_order] => 1
    [tracking] => Array
        (
            [landing_site] => https://tryingtoadultrva.com/checkout/
        )

)
2024-06-05T21:00:07+00:00 NOTICE order.member.updated :: Updated aaustin2323@gmail.com subscriber status to transactional and language to en
2024-06-05T21:00:07+00:00 NOTICE order_submit.success :: addStoreOrder :: #10168 :: email: aaustin2323@gmail.com :: landing site https://tryingtoadultrva.com/checkout/ :: abandoned cart deleted [f8aaf21781c80b02b694a1d63a3d2a06]
2024-06-05T21:39:48+00:00 NOTICE action_scheduler.queue_job :: MailChimp_WooCommerce_Cart_Update queued :: obj_id 38da230c3cfd5331e35f125ce61d6d32
2024-06-05T21:40:22+00:00 NOTICE action_scheduler.queue_job :: MailChimp_WooCommerce_Single_Order starts in 90 seconds :: obj_id 10170
2024-06-05T21:40:22+00:00 NOTICE handleOrderUpdate :: order_status
2024-06-05T21:40:24+00:00 NOTICE handleOrderUpdate :: order_status
2024-06-05T21:40:25+00:00 NOTICE debug :: Order ID 10170 was pending and is now processing :: Array
(
    [new_order] => 1
    [tracking] => Array
        (
            [landing_site] => https://tryingtoadultrva.com/checkout/
        )

)
2024-06-05T21:41:03+00:00 NOTICE abandoned_cart.success :: email: priyesh8070@gmail.com :: checkout_url: https://tryingtoadultrva.com/checkout/?mc_cart_id=38da230c3cfd5331e35f125ce61d6d32
2024-06-05T21:41:03+00:00 NOTICE cart.member.updated :: Updated priyesh8070@gmail.com subscriber status to transactional and language to en
2024-06-05T21:42:24+00:00 NOTICE order.member.updated :: Updated PRIYESH8070@GMAIL.COM subscriber status to subscribed and language to en
2024-06-05T21:42:24+00:00 NOTICE order_submit.success :: addStoreOrder :: #10170 :: email: PRIYESH8070@GMAIL.COM :: landing site https://tryingtoadultrva.com/checkout/ :: abandoned cart deleted [38da230c3cfd5331e35f125ce61d6d32]
2024-06-05T22:32:59+00:00 NOTICE action_scheduler.queue_job :: MailChimp_WooCommerce_Cart_Update queued :: obj_id f6f66e783e8def5187683e2f633475f0
2024-06-05T22:33:46+00:00 NOTICE abandoned_cart.success :: email: claineryan13@gmail.com :: checkout_url: https://tryingtoadultrva.com/checkout/?mc_cart_id=f6f66e783e8def5187683e2f633475f0
2024-06-05T22:33:47+00:00 NOTICE cart.member.updated :: Updated claineryan13@gmail.com subscriber status to subscribed and language to en
2024-06-05T22:34:46+00:00 NOTICE action_scheduler.queue_job :: MailChimp_WooCommerce_Cart_Update queued :: obj_id f6f66e783e8def5187683e2f633475f0
2024-06-05T22:34:48+00:00 NOTICE abandoned_cart.success :: email: claineryan13@gmail.com :: checkout_url: https://tryingtoadultrva.com/checkout/?mc_cart_id=f6f66e783e8def5187683e2f633475f0
2024-06-05T22:35:12+00:00 NOTICE action_scheduler.queue_job :: MailChimp_WooCommerce_Single_Order starts in 90 seconds :: obj_id 10172
2024-06-05T22:35:13+00:00 NOTICE handleOrderUpdate :: order_status
2024-06-05T22:35:13+00:00 NOTICE handleOrderUpdate :: order_status
2024-06-05T22:35:13+00:00 NOTICE action_scheduler.queue_job :: MailChimp_WooCommerce_Single_Product starts in 5 seconds :: obj_id 9650
2024-06-05T22:35:14+00:00 NOTICE debug :: Order ID 10172 was pending and is now processing :: Array
(
    [new_order] => 1
    [tracking] => Array
        (
            [landing_site] => https://tryingtoadultrva.com/cart/
        )

)
2024-06-05T22:35:48+00:00 NOTICE product_submit.success :: updateStoreProduct :: #9650
2024-06-05T22:37:02+00:00 NOTICE order.member.updated :: Updated claineryan13@gmail.com subscriber status to subscribed and language to en
2024-06-05T22:37:02+00:00 NOTICE order_submit.success :: addStoreOrder :: #10172 :: email: claineryan13@gmail.com :: landing site https://tryingtoadultrva.com/cart/ :: abandoned cart deleted [f6f66e783e8def5187683e2f633475f0]
2024-06-05T22:37:06+00:00 NOTICE webhook :: Subscriber Sync :: subscribe :: claineryan13@gmail.com :: Array
(
    [subscribed] => 1
    [user_id] => 20
)
2024-06-05T23:53:55+00:00 NOTICE handleOrderUpdate :: order_status
2024-06-05T23:53:55+00:00 NOTICE action_scheduler.queue_job :: MailChimp_WooCommerce_Single_Order starts in 90 seconds :: obj_id 10108
2024-06-05T23:53:55+00:00 NOTICE handleOrderUpdate :: order_status
2024-06-05T23:53:55+00:00 NOTICE handleOrderUpdate :: order_status
2024-06-05T23:53:55+00:00 NOTICE handleOrderUpdate :: order_status
2024-06-05T23:53:58+00:00 NOTICE handleOrderUpdate :: order_status
2024-06-05T23:53:58+00:00 NOTICE handleOrderUpdate :: order_status
2024-06-05T23:53:58+00:00 NOTICE debug :: Order ID 10108 was failed and is now pending :: Array
(
    [new_order] => 
    [tracking] => 
)
2024-06-05T23:53:59+00:00 NOTICE debug :: Order ID 10108 was pending and is now failed :: Array
(
    [new_order] => 
    [tracking] => 
)
2024-06-05T23:56:16+00:00 NOTICE order_submit :: #10108 has a financial status of pending and was skipped.
