2025-08-09T00:10:01+00:00 NOTICE handleOrderUpdate :: order_status
2025-08-09T00:10:01+00:00 NOTICE action_scheduler.queue_job :: MailChimp_WooCommerce_Single_Order starts in 90 seconds :: obj_id 16967 with id 115895
2025-08-09T00:10:02+00:00 NOTICE action_scheduler.queue_job :: MailChimp_WooCommerce_Single_Order starts in 90 seconds :: obj_id 25679 with id 115896
2025-08-09T00:10:03+00:00 NOTICE handleOrderUpdate :: order_status
2025-08-09T00:10:03+00:00 NOTICE handleOrderUpdate :: order_status
2025-08-09T00:10:03+00:00 NOTICE handleOrderUpdate :: order_status
2025-08-09T00:10:03+00:00 NOTICE handleOrderUpdate :: order_status
2025-08-09T00:10:03+00:00 NOTICE handleOrderUpdate :: order_status
2025-08-09T00:10:06+00:00 NOTICE handleOrderUpdate :: order_status
2025-08-09T00:10:06+00:00 NOTICE handleOrderUpdate :: order_status
2025-08-09T00:10:07+00:00 NOTICE handleOrderUpdate :: order_status
2025-08-09T00:10:08+00:00 NOTICE handleOrderUpdate :: order_status
2025-08-09T00:10:08+00:00 NOTICE debug :: Order ID 25679 was pending and is now processing :: Array
(
    [new_order] => 1
    [tracking] => Array
        (
            [landing_site] => https://tryingtoadultrva.com/events/list/
        )

)
2025-08-09T00:11:45+00:00 NOTICE filter :: Order 16967 was skipped by the filter
2025-08-09T00:11:46+00:00 ERROR order_submit.error :: addStoreOrder :: #25679 :: Error Code 404 :: Resource Not FoundThe requested resource could not be found. on 2745 in /www/wp-content/plugins/mailchimp-for-woocommerce/includes/api/class-mailchimp-api.php
2025-08-09T00:56:16+00:00 NOTICE handleOrderUpdate :: order_status
2025-08-09T00:56:16+00:00 NOTICE action_scheduler.queue_job :: MailChimp_WooCommerce_Single_Order starts in 90 seconds :: obj_id 18598 with id 115906
2025-08-09T00:56:17+00:00 NOTICE action_scheduler.queue_job :: MailChimp_WooCommerce_Single_Order starts in 90 seconds :: obj_id 25680 with id 115907
2025-08-09T00:56:17+00:00 NOTICE handleOrderUpdate :: order_status
2025-08-09T00:56:17+00:00 NOTICE handleOrderUpdate :: order_status
2025-08-09T00:56:17+00:00 NOTICE handleOrderUpdate :: order_status
2025-08-09T00:56:17+00:00 NOTICE handleOrderUpdate :: order_status
2025-08-09T00:56:17+00:00 NOTICE handleOrderUpdate :: order_status
2025-08-09T00:56:21+00:00 NOTICE handleOrderUpdate :: order_status
2025-08-09T00:56:21+00:00 NOTICE handleOrderUpdate :: order_status
2025-08-09T00:56:21+00:00 NOTICE handleOrderUpdate :: order_status
2025-08-09T00:56:22+00:00 NOTICE handleOrderUpdate :: order_status
2025-08-09T00:56:22+00:00 NOTICE debug :: Order ID 25680 was pending and is now processing :: Array
(
    [new_order] => 1
    [tracking] => Array
        (
            [landing_site] => https://tryingtoadultrva.com/events/list/
        )

)
2025-08-09T00:58:28+00:00 NOTICE filter :: Order 18598 was skipped by the filter
2025-08-09T00:58:30+00:00 ERROR order_submit.error :: addStoreOrder :: #25680 :: Error Code 404 :: Resource Not FoundThe requested resource could not be found. on 2745 in /www/wp-content/plugins/mailchimp-for-woocommerce/includes/api/class-mailchimp-api.php
2025-08-09T01:16:13+00:00 NOTICE handleOrderUpdate :: order_status
2025-08-09T01:16:13+00:00 NOTICE action_scheduler.queue_job :: MailChimp_WooCommerce_Single_Order starts in 90 seconds :: obj_id 25612 with id 115917
2025-08-09T01:16:13+00:00 NOTICE handleOrderUpdate :: order_status
2025-08-09T01:16:13+00:00 NOTICE handleOrderUpdate :: order_status
2025-08-09T01:16:13+00:00 NOTICE handleOrderUpdate :: order_status
2025-08-09T01:16:16+00:00 NOTICE handleOrderUpdate :: order_status
2025-08-09T01:16:16+00:00 NOTICE handleOrderUpdate :: order_status
2025-08-09T01:16:16+00:00 NOTICE handleOrderUpdate :: order_status
2025-08-09T01:16:16+00:00 NOTICE debug :: Order ID 25612 was failed and is now pending :: Array
(
    [new_order] => 
    [tracking] => 
)
2025-08-09T01:16:17+00:00 NOTICE debug :: Order ID 25612 was pending and is now failed :: Array
(
    [new_order] => 
    [tracking] => 
)
2025-08-09T01:18:34+00:00 NOTICE api.add_product.error :: Resource Not FoundThe requested resource could not be found. :: Array
(
    [submission] => Array
        (
            [id] => deleted_0
            [title] => Membership
            [variants] => Array
                (
                    [0] => Array
                        (
                            [id] => deleted_0
                            [title] => Membership
                            [inventory_quantity] => 0
                            [backorders] => false
                            [visibility] => hidden
                        )

                )

        )

)
2025-08-09T01:18:34+00:00 NOTICE api.add_product.error :: Resource Not FoundThe requested resource could not be found. :: Array
(
    [submission] => Array
        (
            [id] => deleted_0
            [title] => Membership
            [variants] => Array
                (
                    [0] => Array
                        (
                            [id] => deleted_0
                            [title] => Membership
                            [inventory_quantity] => 0
                            [backorders] => false
                            [visibility] => hidden
                        )

                )

        )

)
2025-08-09T01:18:34+00:00 NOTICE order.items.error :: Order #25612 :: Product 0 does not exist!
2025-08-09T01:18:34+00:00 NOTICE order_submit :: #25612 has a financial status of pending and was skipped.
2025-08-09T02:20:05+00:00 NOTICE action_scheduler.queue_job :: MailChimp_WooCommerce_Cart_Update queued :: obj_id 3778808c49f06bc4abe4e17e36bc00ea with id 115920
2025-08-09T02:20:18+00:00 NOTICE action_scheduler.queue_job :: MailChimp_WooCommerce_Single_Order starts in 90 seconds :: obj_id 25681 with id 115921
2025-08-09T02:20:18+00:00 NOTICE handleOrderUpdate :: order_status
2025-08-09T02:20:18+00:00 NOTICE handleOrderUpdate :: order_status
2025-08-09T02:20:19+00:00 NOTICE handleOrderUpdate :: order_status
2025-08-09T02:20:20+00:00 NOTICE debug :: Order ID 25681 was pending and is now processing :: Array
(
    [new_order] => 1
    [tracking] => Array
        (
            [landing_site] => https://tryingtoadultrva.com/checkout/order-received/25613/?key=wc_order_T46um9eKYqokB
        )

)
2025-08-09T02:20:48+00:00 ERROR abandoned_cart.error :: email: nishad.ba86@gmail.com :: attempting product update :: Resource Not FoundThe requested resource could not be found.
2025-08-09T02:20:48+00:00 NOTICE product_submit.error :: upsert :: #24712 :: Error Code 400 :: We were unable to determine the store ID. on 2791 in /www/wp-content/plugins/mailchimp-for-woocommerce/includes/api/class-mailchimp-api.php
2025-08-09T02:20:48+00:00 ERROR abandoned_cart.error :: Error Code 400 :: We were unable to determine the store ID. on 2791 in /www/wp-content/plugins/mailchimp-for-woocommerce/includes/api/class-mailchimp-api.php
2025-08-09T02:22:00+00:00 ERROR order_submit.error :: addStoreOrder :: #25681 :: Error Code 404 :: Resource Not FoundThe requested resource could not be found. on 2745 in /www/wp-content/plugins/mailchimp-for-woocommerce/includes/api/class-mailchimp-api.php
2025-08-09T02:27:10+00:00 NOTICE action_scheduler.queue_job :: MailChimp_WooCommerce_Cart_Update queued :: obj_id e2a610f785ab190da88d090c6ac4e28f with id 115925
2025-08-09T02:27:12+00:00 ERROR abandoned_cart.error :: email: michael.pham62@gmail.com :: attempting product update :: Resource Not FoundThe requested resource could not be found.
2025-08-09T02:27:13+00:00 NOTICE product_submit.error :: upsert :: #7184 :: Error Code 400 :: We were unable to determine the store ID. on 2791 in /www/wp-content/plugins/mailchimp-for-woocommerce/includes/api/class-mailchimp-api.php
2025-08-09T02:27:13+00:00 ERROR abandoned_cart.error :: Error Code 400 :: We were unable to determine the store ID. on 2791 in /www/wp-content/plugins/mailchimp-for-woocommerce/includes/api/class-mailchimp-api.php
2025-08-09T02:27:14+00:00 NOTICE action_scheduler.queue_job :: MailChimp_WooCommerce_User_Submit queued :: obj_id 716 with id 115926
2025-08-09T02:27:15+00:00 NOTICE action_scheduler.queue_job :: MailChimp_WooCommerce_Single_Order starts in 90 seconds :: obj_id 25683 with id 115927
2025-08-09T02:27:15+00:00 NOTICE handleOrderUpdate :: order_status
2025-08-09T02:27:16+00:00 NOTICE action_scheduler.queue_job :: MailChimp_WooCommerce_Single_Order starts in 90 seconds :: obj_id 25684 with id 115929
2025-08-09T02:27:16+00:00 NOTICE handleOrderUpdate :: order_status
2025-08-09T02:27:16+00:00 NOTICE handleOrderUpdate :: order_status
2025-08-09T02:27:16+00:00 NOTICE handleOrderUpdate :: order_status
2025-08-09T02:27:16+00:00 NOTICE handleOrderUpdate :: order_status
2025-08-09T02:27:17+00:00 NOTICE handleOrderUpdate :: order_status
2025-08-09T02:27:20+00:00 NOTICE handleOrderUpdate :: order_status
2025-08-09T02:27:20+00:00 NOTICE handleOrderUpdate :: order_status
2025-08-09T02:27:21+00:00 NOTICE handleOrderUpdate :: order_status
2025-08-09T02:27:21+00:00 NOTICE debug :: Order ID 25683 was pending and is now processing :: Array
(
    [new_order] => 1
    [tracking] => Array
        (
            [landing_site] => https://tryingtoadultrva.com/product/membership/
        )

)
2025-08-09T02:27:22+00:00 NOTICE member.sync :: Updated Member michael.pham62@gmail.com :: Array
(
    [status] => subscribed
    [language] => 
    [merge_fields] => Array
        (
            [FNAME] => Michael
            [LNAME] => Pham
        )

    [gdpr_fields] => 
)
2025-08-09T02:27:24+00:00 NOTICE webhook :: Subscriber Sync :: subscribe :: michael.pham62@gmail.com :: Array
(
    [subscribed] => 1
    [user_id] => 716
)
2025-08-09T02:28:53+00:00 ERROR order_submit.error :: addStoreOrder :: #25683 :: Error Code 404 :: Resource Not FoundThe requested resource could not be found. on 2745 in /www/wp-content/plugins/mailchimp-for-woocommerce/includes/api/class-mailchimp-api.php
2025-08-09T02:28:53+00:00 NOTICE filter :: Order 25684 was skipped by the filter
2025-08-09T02:31:04+00:00 NOTICE action_scheduler.queue_job :: MailChimp_WooCommerce_Cart_Update queued :: obj_id e2a610f785ab190da88d090c6ac4e28f with id 115936
2025-08-09T02:31:11+00:00 ERROR abandoned_cart.error :: email: michael.pham62@gmail.com :: attempting product update :: Resource Not FoundThe requested resource could not be found.
2025-08-09T02:31:12+00:00 NOTICE product_submit.error :: upsert :: #24982 :: Error Code 400 :: We were unable to determine the store ID. on 2791 in /www/wp-content/plugins/mailchimp-for-woocommerce/includes/api/class-mailchimp-api.php
2025-08-09T02:31:12+00:00 ERROR abandoned_cart.error :: Error Code 400 :: We were unable to determine the store ID. on 2791 in /www/wp-content/plugins/mailchimp-for-woocommerce/includes/api/class-mailchimp-api.php
2025-08-09T02:31:20+00:00 NOTICE action_scheduler.queue_job :: MailChimp_WooCommerce_Single_Order starts in 90 seconds :: obj_id 25686 with id 115937
2025-08-09T02:31:21+00:00 NOTICE handleOrderUpdate :: order_status
2025-08-09T02:31:21+00:00 NOTICE handleOrderUpdate :: order_status
2025-08-09T02:31:21+00:00 NOTICE handleOrderUpdate :: order_status
2025-08-09T02:31:22+00:00 NOTICE debug :: Order ID 25686 was pending and is now processing :: Array
(
    [new_order] => 1
    [tracking] => Array
        (
            [landing_site] => https://tryingtoadultrva.com/checkout/order-received/25683/?key=wc_order_688LfHV7mdzC8
        )

)
2025-08-09T02:34:44+00:00 ERROR order_submit.error :: addStoreOrder :: #25686 :: Error Code 404 :: Resource Not FoundThe requested resource could not be found. on 2745 in /www/wp-content/plugins/mailchimp-for-woocommerce/includes/api/class-mailchimp-api.php
2025-08-09T02:43:15+00:00 NOTICE action_scheduler.queue_job :: MailChimp_WooCommerce_Single_Product starts in 5 seconds :: obj_id 24998 with id 115941
2025-08-09T02:43:57+00:00 NOTICE product_submit.error :: upsert :: #24998 :: Error Code 400 :: We were unable to determine the store ID. on 2791 in /www/wp-content/plugins/mailchimp-for-woocommerce/includes/api/class-mailchimp-api.php
2025-08-09T02:55:00+00:00 NOTICE handleOrderUpdate :: order_status
2025-08-09T02:55:00+00:00 NOTICE action_scheduler.queue_job :: MailChimp_WooCommerce_Single_Order starts in 90 seconds :: obj_id 25416 with id 115945
2025-08-09T02:55:00+00:00 NOTICE handleOrderUpdate :: order_status
2025-08-09T02:55:00+00:00 NOTICE handleOrderUpdate :: order_status
2025-08-09T02:55:00+00:00 NOTICE handleOrderUpdate :: order_status
2025-08-09T02:55:02+00:00 NOTICE handleOrderUpdate :: order_status
2025-08-09T02:55:03+00:00 NOTICE handleOrderUpdate :: order_status
2025-08-09T02:55:03+00:00 NOTICE debug :: Order ID 25416 was pending and is now failed :: Array
(
    [new_order] => 
    [tracking] => 
)
2025-08-09T02:55:03+00:00 NOTICE handleOrderUpdate :: order_status
2025-08-09T02:55:03+00:00 NOTICE action_scheduler.queue_job :: MailChimp_WooCommerce_Single_Order starts in 90 seconds :: obj_id 25417 with id 115947
2025-08-09T02:55:03+00:00 NOTICE handleOrderUpdate :: order_status
2025-08-09T02:55:04+00:00 NOTICE handleOrderUpdate :: order_status
2025-08-09T02:55:04+00:00 NOTICE handleOrderUpdate :: order_status
2025-08-09T02:55:05+00:00 NOTICE handleOrderUpdate :: order_status
2025-08-09T02:55:06+00:00 NOTICE handleOrderUpdate :: order_status
2025-08-09T02:55:06+00:00 NOTICE debug :: Order ID 25417 was pending and is now failed :: Array
(
    [new_order] => 
    [tracking] => 
)
2025-08-09T02:57:51+00:00 NOTICE api.add_product.error :: Resource Not FoundThe requested resource could not be found. :: Array
(
    [submission] => Array
        (
            [id] => deleted_0
            [title] => Membership
            [variants] => Array
                (
                    [0] => Array
                        (
                            [id] => deleted_0
                            [title] => Membership
                            [inventory_quantity] => 0
                            [backorders] => false
                            [visibility] => hidden
                        )

                )

        )

)
2025-08-09T02:57:52+00:00 NOTICE api.add_product.error :: Resource Not FoundThe requested resource could not be found. :: Array
(
    [submission] => Array
        (
            [id] => deleted_0
            [title] => Membership
            [variants] => Array
                (
                    [0] => Array
                        (
                            [id] => deleted_0
                            [title] => Membership
                            [inventory_quantity] => 0
                            [backorders] => false
                            [visibility] => hidden
                        )

                )

        )

)
2025-08-09T02:57:52+00:00 NOTICE order.items.error :: Order #25416 :: Product 0 does not exist!
2025-08-09T02:57:53+00:00 NOTICE api.add_product.error :: Resource Not FoundThe requested resource could not be found. :: Array
(
    [submission] => Array
        (
            [id] => deleted_0
            [title] => Membership
            [variants] => Array
                (
                    [0] => Array
                        (
                            [id] => deleted_0
                            [title] => Membership
                            [inventory_quantity] => 0
                            [backorders] => false
                            [visibility] => hidden
                        )

                )

        )

)
2025-08-09T02:57:54+00:00 NOTICE api.add_product.error :: Resource Not FoundThe requested resource could not be found. :: Array
(
    [submission] => Array
        (
            [id] => deleted_0
            [title] => Membership
            [variants] => Array
                (
                    [0] => Array
                        (
                            [id] => deleted_0
                            [title] => Membership
                            [inventory_quantity] => 0
                            [backorders] => false
                            [visibility] => hidden
                        )

                )

        )

)
2025-08-09T02:57:54+00:00 NOTICE order.items.error :: Order #25417 :: Product 0 does not exist!
2025-08-09T03:08:06+00:00 NOTICE handleOrderUpdate :: order_status
2025-08-09T03:08:06+00:00 NOTICE action_scheduler.queue_job :: MailChimp_WooCommerce_Single_Order starts in 90 seconds :: obj_id 15691 with id 115950
2025-08-09T03:08:08+00:00 NOTICE action_scheduler.queue_job :: MailChimp_WooCommerce_Single_Order starts in 90 seconds :: obj_id 25688 with id 115951
2025-08-09T03:08:08+00:00 NOTICE handleOrderUpdate :: order_status
2025-08-09T03:08:08+00:00 NOTICE handleOrderUpdate :: order_status
2025-08-09T03:08:08+00:00 NOTICE handleOrderUpdate :: order_status
2025-08-09T03:08:08+00:00 NOTICE handleOrderUpdate :: order_status
2025-08-09T03:08:08+00:00 NOTICE handleOrderUpdate :: order_status
2025-08-09T03:08:09+00:00 NOTICE handleOrderUpdate :: order_status
2025-08-09T03:08:09+00:00 NOTICE handleOrderUpdate :: order_status
2025-08-09T03:08:09+00:00 NOTICE debug :: Order ID 25688 was pending and is now completed :: Array
(
    [new_order] => 1
    [tracking] => Array
        (
            [landing_site] => https://tryingtoadultrva.com/events/list/
        )

)
2025-08-09T03:13:22+00:00 NOTICE filter :: Order 15691 was skipped by the filter
2025-08-09T03:13:24+00:00 NOTICE api.add_product.error :: Resource Not FoundThe requested resource could not be found. :: Array
(
    [submission] => Array
        (
            [id] => deleted_0
            [title] => Premium Membership
            [variants] => Array
                (
                    [0] => Array
                        (
                            [id] => deleted_0
                            [title] => Premium Membership
                            [inventory_quantity] => 0
                            [backorders] => false
                            [visibility] => hidden
                        )

                )

        )

)
2025-08-09T03:13:25+00:00 NOTICE api.add_product.error :: Resource Not FoundThe requested resource could not be found. :: Array
(
    [submission] => Array
        (
            [id] => deleted_0
            [title] => Premium Membership
            [variants] => Array
                (
                    [0] => Array
                        (
                            [id] => deleted_0
                            [title] => Premium Membership
                            [inventory_quantity] => 0
                            [backorders] => false
                            [visibility] => hidden
                        )

                )

        )

)
2025-08-09T03:13:25+00:00 NOTICE order.items.error :: Order #25688 :: Product 0 does not exist!
2025-08-09T03:13:26+00:00 ERROR order_submit.error :: addStoreOrder :: #25688 :: Error Code 404 :: Resource Not FoundThe requested resource could not be found. on 2745 in /www/wp-content/plugins/mailchimp-for-woocommerce/includes/api/class-mailchimp-api.php
2025-08-09T03:15:31+00:00 NOTICE handleOrderUpdate :: order_status
2025-08-09T03:15:31+00:00 NOTICE action_scheduler.queue_job :: MailChimp_WooCommerce_Single_Order starts in 90 seconds :: obj_id 25619 with id 115962
2025-08-09T03:15:31+00:00 NOTICE handleOrderUpdate :: order_status
2025-08-09T03:15:31+00:00 NOTICE handleOrderUpdate :: order_status
2025-08-09T03:15:31+00:00 NOTICE handleOrderUpdate :: order_status
2025-08-09T03:15:34+00:00 NOTICE handleOrderUpdate :: order_status
2025-08-09T03:15:34+00:00 NOTICE handleOrderUpdate :: order_status
2025-08-09T03:15:34+00:00 NOTICE handleOrderUpdate :: order_status
2025-08-09T03:15:34+00:00 NOTICE debug :: Order ID 25619 was failed and is now pending :: Array
(
    [new_order] => 
    [tracking] => 
)
2025-08-09T03:15:35+00:00 NOTICE debug :: Order ID 25619 was pending and is now failed :: Array
(
    [new_order] => 
    [tracking] => 
)
2025-08-09T03:17:12+00:00 NOTICE order_submit :: #25619 has a financial status of pending and was skipped.
2025-08-09T03:45:32+00:00 NOTICE handleOrderUpdate :: order_status
2025-08-09T03:45:32+00:00 NOTICE action_scheduler.queue_job :: MailChimp_WooCommerce_Single_Order starts in 90 seconds :: obj_id 25620 with id 115966
2025-08-09T03:45:32+00:00 NOTICE handleOrderUpdate :: order_status
2025-08-09T03:45:32+00:00 NOTICE handleOrderUpdate :: order_status
2025-08-09T03:45:33+00:00 NOTICE handleOrderUpdate :: order_status
2025-08-09T03:45:35+00:00 NOTICE handleOrderUpdate :: order_status
2025-08-09T03:45:35+00:00 NOTICE handleOrderUpdate :: order_status
2025-08-09T03:45:35+00:00 NOTICE handleOrderUpdate :: order_status
2025-08-09T03:45:35+00:00 NOTICE debug :: Order ID 25620 was failed and is now pending :: Array
(
    [new_order] => 
    [tracking] => 
)
2025-08-09T03:45:35+00:00 NOTICE debug :: Order ID 25620 was pending and is now failed :: Array
(
    [new_order] => 
    [tracking] => 
)
2025-08-09T03:48:27+00:00 NOTICE api.add_product.error :: Resource Not FoundThe requested resource could not be found. :: Array
(
    [submission] => Array
        (
            [id] => deleted_0
            [title] => Membership
            [variants] => Array
                (
                    [0] => Array
                        (
                            [id] => deleted_0
                            [title] => Membership
                            [inventory_quantity] => 0
                            [backorders] => false
                            [visibility] => hidden
                        )

                )

        )

)
2025-08-09T03:48:28+00:00 NOTICE api.add_product.error :: Resource Not FoundThe requested resource could not be found. :: Array
(
    [submission] => Array
        (
            [id] => deleted_0
            [title] => Membership
            [variants] => Array
                (
                    [0] => Array
                        (
                            [id] => deleted_0
                            [title] => Membership
                            [inventory_quantity] => 0
                            [backorders] => false
                            [visibility] => hidden
                        )

                )

        )

)
2025-08-09T03:48:28+00:00 NOTICE order.items.error :: Order #25620 :: Product 0 does not exist!
2025-08-09T03:48:28+00:00 NOTICE order_submit :: #25620 has a financial status of pending and was skipped.
2025-08-09T03:55:56+00:00 NOTICE action_scheduler.queue_job :: MailChimp_WooCommerce_Cart_Update queued :: obj_id 4809ac15a17cec05a6f58c8a2aa50bb1 with id 115969
2025-08-09T03:55:58+00:00 ERROR abandoned_cart.error :: email: gabriel.brotman@gmail.com :: attempting product update :: Resource Not FoundThe requested resource could not be found.
2025-08-09T03:55:58+00:00 NOTICE product_submit.error :: upsert :: #24998 :: Error Code 400 :: We were unable to determine the store ID. on 2791 in /www/wp-content/plugins/mailchimp-for-woocommerce/includes/api/class-mailchimp-api.php
2025-08-09T03:55:58+00:00 ERROR abandoned_cart.error :: Error Code 400 :: We were unable to determine the store ID. on 2791 in /www/wp-content/plugins/mailchimp-for-woocommerce/includes/api/class-mailchimp-api.php
2025-08-09T03:56:14+00:00 NOTICE action_scheduler.queue_job :: MailChimp_WooCommerce_Single_Order starts in 90 seconds :: obj_id 25689 with id 115970
2025-08-09T03:56:15+00:00 NOTICE handleOrderUpdate :: order_status
2025-08-09T03:56:15+00:00 NOTICE handleOrderUpdate :: order_status
2025-08-09T03:56:15+00:00 NOTICE handleOrderUpdate :: order_status
2025-08-09T03:56:16+00:00 NOTICE debug :: Order ID 25689 was pending and is now processing :: Array
(
    [new_order] => 1
    [tracking] => Array
        (
            [landing_site] => https://tryingtoadultrva.com/events/list/
        )

)
2025-08-09T04:00:05+00:00 ERROR order_submit.error :: addStoreOrder :: #25689 :: Error Code 404 :: Resource Not FoundThe requested resource could not be found. on 2745 in /www/wp-content/plugins/mailchimp-for-woocommerce/includes/api/class-mailchimp-api.php
2025-08-09T04:32:07+00:00 NOTICE handleOrderUpdate :: order_status
2025-08-09T04:32:07+00:00 NOTICE action_scheduler.queue_job :: MailChimp_WooCommerce_Single_Order starts in 90 seconds :: obj_id 25512 with id 115975
2025-08-09T04:32:07+00:00 NOTICE handleOrderUpdate :: order_status
2025-08-09T04:32:07+00:00 NOTICE handleOrderUpdate :: order_status
2025-08-09T04:32:07+00:00 NOTICE handleOrderUpdate :: order_status
2025-08-09T04:32:09+00:00 NOTICE handleOrderUpdate :: order_status
2025-08-09T04:32:10+00:00 NOTICE handleOrderUpdate :: order_status
2025-08-09T04:32:10+00:00 NOTICE handleOrderUpdate :: order_status
2025-08-09T04:32:10+00:00 NOTICE debug :: Order ID 25512 was failed and is now pending :: Array
(
    [new_order] => 
    [tracking] => 
)
2025-08-09T04:32:10+00:00 NOTICE debug :: Order ID 25512 was pending and is now failed :: Array
(
    [new_order] => 
    [tracking] => 
)
2025-08-09T04:34:29+00:00 NOTICE api.add_product.error :: Resource Not FoundThe requested resource could not be found. :: Array
(
    [submission] => Array
        (
            [id] => deleted_0
            [title] => Membership
            [variants] => Array
                (
                    [0] => Array
                        (
                            [id] => deleted_0
                            [title] => Membership
                            [inventory_quantity] => 0
                            [backorders] => false
                            [visibility] => hidden
                        )

                )

        )

)
2025-08-09T04:34:30+00:00 NOTICE api.add_product.error :: Resource Not FoundThe requested resource could not be found. :: Array
(
    [submission] => Array
        (
            [id] => deleted_0
            [title] => Membership
            [variants] => Array
                (
                    [0] => Array
                        (
                            [id] => deleted_0
                            [title] => Membership
                            [inventory_quantity] => 0
                            [backorders] => false
                            [visibility] => hidden
                        )

                )

        )

)
2025-08-09T04:34:30+00:00 NOTICE order.items.error :: Order #25512 :: Product 0 does not exist!
2025-08-09T04:34:30+00:00 NOTICE order_submit :: #25512 has a financial status of pending and was skipped.
2025-08-09T04:55:27+00:00 NOTICE action_scheduler.queue_job :: MailChimp_WooCommerce_Single_Order starts in 90 seconds :: obj_id 25691 with id 115978
2025-08-09T04:55:27+00:00 NOTICE handleOrderUpdate :: order_status
2025-08-09T04:55:27+00:00 NOTICE handleOrderUpdate :: order_status
2025-08-09T04:55:29+00:00 NOTICE handleOrderUpdate :: order_status
2025-08-09T04:55:29+00:00 NOTICE handleOrderUpdate :: order_status
2025-08-09T04:55:30+00:00 NOTICE debug :: Order ID 25691 was pending and is now processing :: Array
(
    [new_order] => 1
    [tracking] => Array
        (
            [landing_site] => https://tryingtoadultrva.com/checkout/
        )

)
2025-08-09T04:58:20+00:00 ERROR order_submit.error :: addStoreOrder :: #25691 :: Error Code 404 :: Resource Not FoundThe requested resource could not be found. on 2745 in /www/wp-content/plugins/mailchimp-for-woocommerce/includes/api/class-mailchimp-api.php
2025-08-09T05:09:26+00:00 NOTICE handleOrderUpdate :: order_status
2025-08-09T05:09:26+00:00 NOTICE action_scheduler.queue_job :: MailChimp_WooCommerce_Single_Order starts in 90 seconds :: obj_id 25513 with id 115983
2025-08-09T05:09:26+00:00 NOTICE handleOrderUpdate :: order_status
2025-08-09T05:09:26+00:00 NOTICE handleOrderUpdate :: order_status
2025-08-09T05:09:26+00:00 NOTICE handleOrderUpdate :: order_status
2025-08-09T05:09:29+00:00 NOTICE handleOrderUpdate :: order_status
2025-08-09T05:09:29+00:00 NOTICE handleOrderUpdate :: order_status
2025-08-09T05:09:29+00:00 NOTICE handleOrderUpdate :: order_status
2025-08-09T05:09:29+00:00 NOTICE debug :: Order ID 25513 was failed and is now pending :: Array
(
    [new_order] => 
    [tracking] => 
)
2025-08-09T05:09:30+00:00 NOTICE debug :: Order ID 25513 was pending and is now failed :: Array
(
    [new_order] => 
    [tracking] => 
)
2025-08-09T05:12:45+00:00 NOTICE order_submit :: #25513 has a financial status of pending and was skipped.
2025-08-09T07:55:04+00:00 NOTICE handleOrderUpdate :: order_status
2025-08-09T07:55:04+00:00 NOTICE action_scheduler.queue_job :: MailChimp_WooCommerce_Single_Order starts in 90 seconds :: obj_id 25420 with id 115987
2025-08-09T07:55:04+00:00 NOTICE handleOrderUpdate :: order_status
2025-08-09T07:55:04+00:00 NOTICE handleOrderUpdate :: order_status
2025-08-09T07:55:04+00:00 NOTICE handleOrderUpdate :: order_status
2025-08-09T07:55:07+00:00 NOTICE handleOrderUpdate :: order_status
2025-08-09T07:55:07+00:00 NOTICE handleOrderUpdate :: order_status
2025-08-09T07:55:07+00:00 NOTICE debug :: Order ID 25420 was pending and is now failed :: Array
(
    [new_order] => 
    [tracking] => 
)
2025-08-09T09:15:25+00:00 NOTICE handleOrderUpdate :: order_status
2025-08-09T09:15:25+00:00 NOTICE action_scheduler.queue_job :: MailChimp_WooCommerce_Single_Order starts in 90 seconds :: obj_id 25621 with id 115990
2025-08-09T09:15:25+00:00 NOTICE handleOrderUpdate :: order_status
2025-08-09T09:15:25+00:00 NOTICE handleOrderUpdate :: order_status
2025-08-09T09:15:25+00:00 NOTICE handleOrderUpdate :: order_status
2025-08-09T09:15:27+00:00 NOTICE handleOrderUpdate :: order_status
2025-08-09T09:15:28+00:00 NOTICE handleOrderUpdate :: order_status
2025-08-09T09:15:28+00:00 NOTICE handleOrderUpdate :: order_status
2025-08-09T09:15:28+00:00 NOTICE debug :: Order ID 25621 was failed and is now pending :: Array
(
    [new_order] => 
    [tracking] => 
)
2025-08-09T09:15:28+00:00 NOTICE debug :: Order ID 25621 was pending and is now failed :: Array
(
    [new_order] => 
    [tracking] => 
)
2025-08-09T09:21:49+00:00 NOTICE api.add_product.error :: Resource Not FoundThe requested resource could not be found. :: Array
(
    [submission] => Array
        (
            [id] => deleted_0
            [title] => Membership
            [variants] => Array
                (
                    [0] => Array
                        (
                            [id] => deleted_0
                            [title] => Membership
                            [inventory_quantity] => 0
                            [backorders] => false
                            [visibility] => hidden
                        )

                )

        )

)
2025-08-09T09:21:50+00:00 NOTICE api.add_product.error :: Resource Not FoundThe requested resource could not be found. :: Array
(
    [submission] => Array
        (
            [id] => deleted_0
            [title] => Membership
            [variants] => Array
                (
                    [0] => Array
                        (
                            [id] => deleted_0
                            [title] => Membership
                            [inventory_quantity] => 0
                            [backorders] => false
                            [visibility] => hidden
                        )

                )

        )

)
2025-08-09T09:21:50+00:00 NOTICE order.items.error :: Order #25621 :: Product 0 does not exist!
2025-08-09T09:21:50+00:00 NOTICE order_submit :: #25621 has a financial status of pending and was skipped.
2025-08-09T12:37:22+00:00 NOTICE handleOrderUpdate :: order_status
2025-08-09T12:37:22+00:00 NOTICE action_scheduler.queue_job :: MailChimp_WooCommerce_Single_Order starts in 90 seconds :: obj_id 25422 with id 115994
2025-08-09T12:37:22+00:00 NOTICE handleOrderUpdate :: order_status
2025-08-09T12:37:22+00:00 NOTICE handleOrderUpdate :: order_status
2025-08-09T12:37:22+00:00 NOTICE handleOrderUpdate :: order_status
2025-08-09T12:37:24+00:00 NOTICE handleOrderUpdate :: order_status
2025-08-09T12:37:25+00:00 NOTICE handleOrderUpdate :: order_status
2025-08-09T12:37:25+00:00 NOTICE debug :: Order ID 25422 was pending and is now failed :: Array
(
    [new_order] => 
    [tracking] => 
)
2025-08-09T12:38:58+00:00 NOTICE api.add_product.error :: Resource Not FoundThe requested resource could not be found. :: Array
(
    [submission] => Array
        (
            [id] => deleted_0
            [title] => Premium Membership
            [variants] => Array
                (
                    [0] => Array
                        (
                            [id] => deleted_0
                            [title] => Premium Membership
                            [inventory_quantity] => 0
                            [backorders] => false
                            [visibility] => hidden
                        )

                )

        )

)
2025-08-09T12:38:59+00:00 NOTICE api.add_product.error :: Resource Not FoundThe requested resource could not be found. :: Array
(
    [submission] => Array
        (
            [id] => deleted_0
            [title] => Premium Membership
            [variants] => Array
                (
                    [0] => Array
                        (
                            [id] => deleted_0
                            [title] => Premium Membership
                            [inventory_quantity] => 0
                            [backorders] => false
                            [visibility] => hidden
                        )

                )

        )

)
2025-08-09T12:38:59+00:00 NOTICE order.items.error :: Order #25422 :: Product 0 does not exist!
2025-08-09T14:06:45+00:00 NOTICE handleOrderUpdate :: order_status
2025-08-09T14:06:45+00:00 NOTICE action_scheduler.queue_job :: MailChimp_WooCommerce_Single_Order starts in 90 seconds :: obj_id 25515 with id 115997
2025-08-09T14:06:45+00:00 NOTICE handleOrderUpdate :: order_status
2025-08-09T14:06:45+00:00 NOTICE handleOrderUpdate :: order_status
2025-08-09T14:06:45+00:00 NOTICE handleOrderUpdate :: order_status
2025-08-09T14:06:48+00:00 NOTICE handleOrderUpdate :: order_status
2025-08-09T14:06:48+00:00 NOTICE handleOrderUpdate :: order_status
2025-08-09T14:06:48+00:00 NOTICE handleOrderUpdate :: order_status
2025-08-09T14:06:48+00:00 NOTICE debug :: Order ID 25515 was failed and is now pending :: Array
(
    [new_order] => 
    [tracking] => 
)
2025-08-09T14:06:48+00:00 NOTICE debug :: Order ID 25515 was pending and is now failed :: Array
(
    [new_order] => 
    [tracking] => 
)
2025-08-09T14:09:20+00:00 NOTICE api.add_product.error :: Resource Not FoundThe requested resource could not be found. :: Array
(
    [submission] => Array
        (
            [id] => deleted_0
            [title] => Membership
            [variants] => Array
                (
                    [0] => Array
                        (
                            [id] => deleted_0
                            [title] => Membership
                            [inventory_quantity] => 0
                            [backorders] => false
                            [visibility] => hidden
                        )

                )

        )

)
2025-08-09T14:09:21+00:00 NOTICE api.add_product.error :: Resource Not FoundThe requested resource could not be found. :: Array
(
    [submission] => Array
        (
            [id] => deleted_0
            [title] => Membership
            [variants] => Array
                (
                    [0] => Array
                        (
                            [id] => deleted_0
                            [title] => Membership
                            [inventory_quantity] => 0
                            [backorders] => false
                            [visibility] => hidden
                        )

                )

        )

)
2025-08-09T14:09:21+00:00 NOTICE order.items.error :: Order #25515 :: Product 0 does not exist!
2025-08-09T14:09:21+00:00 NOTICE order_submit :: #25515 has a financial status of pending and was skipped.
2025-08-09T16:42:30+00:00 NOTICE handleOrderUpdate :: order_status
2025-08-09T16:42:30+00:00 NOTICE action_scheduler.queue_job :: MailChimp_WooCommerce_Single_Order starts in 90 seconds :: obj_id 25632 with id 116003
2025-08-09T16:42:30+00:00 NOTICE handleOrderUpdate :: order_status
2025-08-09T16:42:30+00:00 NOTICE handleOrderUpdate :: order_status
2025-08-09T16:42:30+00:00 NOTICE handleOrderUpdate :: order_status
2025-08-09T16:42:33+00:00 NOTICE handleOrderUpdate :: order_status
2025-08-09T16:42:33+00:00 NOTICE handleOrderUpdate :: order_status
2025-08-09T16:42:33+00:00 NOTICE handleOrderUpdate :: order_status
2025-08-09T16:42:33+00:00 NOTICE debug :: Order ID 25632 was failed and is now pending :: Array
(
    [new_order] => 
    [tracking] => 
)
2025-08-09T16:42:34+00:00 NOTICE debug :: Order ID 25632 was pending and is now failed :: Array
(
    [new_order] => 
    [tracking] => 
)
2025-08-09T16:47:39+00:00 NOTICE order_submit :: #25632 has a financial status of pending and was skipped.
2025-08-09T17:08:57+00:00 NOTICE handleOrderUpdate :: order_status
2025-08-09T17:08:57+00:00 NOTICE action_scheduler.queue_job :: MailChimp_WooCommerce_Single_Order starts in 90 seconds :: obj_id 24309 with id 116006
2025-08-09T17:08:59+00:00 NOTICE action_scheduler.queue_job :: MailChimp_WooCommerce_Single_Order starts in 90 seconds :: obj_id 25695 with id 116007
2025-08-09T17:08:59+00:00 NOTICE handleOrderUpdate :: order_status
2025-08-09T17:08:59+00:00 NOTICE handleOrderUpdate :: order_status
2025-08-09T17:08:59+00:00 NOTICE handleOrderUpdate :: order_status
2025-08-09T17:08:59+00:00 NOTICE handleOrderUpdate :: order_status
2025-08-09T17:08:59+00:00 NOTICE handleOrderUpdate :: order_status
2025-08-09T17:09:03+00:00 NOTICE handleOrderUpdate :: order_status
2025-08-09T17:09:03+00:00 NOTICE handleOrderUpdate :: order_status
2025-08-09T17:09:04+00:00 NOTICE handleOrderUpdate :: order_status
2025-08-09T17:09:04+00:00 NOTICE handleOrderUpdate :: order_status
2025-08-09T17:09:04+00:00 NOTICE handleOrderUpdate :: order_status
2025-08-09T17:09:04+00:00 NOTICE debug :: Order ID 25695 was pending and is now processing :: Array
(
    [new_order] => 1
    [tracking] => Array
        (
            [landing_site] => https://tryingtoadultrva.com/checkout/
        )

)
2025-08-09T17:11:34+00:00 NOTICE filter :: Order 24309 was skipped by the filter
2025-08-09T17:11:36+00:00 ERROR order_submit.error :: addStoreOrder :: #25695 :: Error Code 404 :: Resource Not FoundThe requested resource could not be found. on 2745 in /www/wp-content/plugins/mailchimp-for-woocommerce/includes/api/class-mailchimp-api.php
2025-08-09T17:57:50+00:00 NOTICE handleOrderUpdate :: order_status
2025-08-09T17:57:50+00:00 NOTICE action_scheduler.queue_job :: MailChimp_WooCommerce_Single_Order starts in 90 seconds :: obj_id 23286 with id 116016
2025-08-09T17:57:51+00:00 NOTICE action_scheduler.queue_job :: MailChimp_WooCommerce_Single_Order starts in 90 seconds :: obj_id 25696 with id 116017
2025-08-09T17:57:51+00:00 NOTICE handleOrderUpdate :: order_status
2025-08-09T17:57:51+00:00 NOTICE handleOrderUpdate :: order_status
2025-08-09T17:57:51+00:00 NOTICE handleOrderUpdate :: order_status
2025-08-09T17:57:51+00:00 NOTICE handleOrderUpdate :: order_status
2025-08-09T17:57:51+00:00 NOTICE handleOrderUpdate :: order_status
2025-08-09T17:57:54+00:00 NOTICE handleOrderUpdate :: order_status
2025-08-09T17:57:54+00:00 NOTICE handleOrderUpdate :: order_status
2025-08-09T17:57:55+00:00 NOTICE handleOrderUpdate :: order_status
2025-08-09T17:57:56+00:00 NOTICE handleOrderUpdate :: order_status
2025-08-09T17:57:56+00:00 NOTICE debug :: Order ID 25696 was pending and is now processing :: Array
(
    [new_order] => 1
    [tracking] => Array
        (
            [landing_site] => https://tryingtoadultrva.com/events/list/
        )

)
2025-08-09T18:01:46+00:00 NOTICE handleOrderUpdate :: order_status
2025-08-09T18:01:46+00:00 NOTICE action_scheduler.queue_job :: MailChimp_WooCommerce_Single_Order starts in 90 seconds :: obj_id 25428 with id 116027
2025-08-09T18:01:46+00:00 NOTICE handleOrderUpdate :: order_status
2025-08-09T18:01:46+00:00 NOTICE handleOrderUpdate :: order_status
2025-08-09T18:01:46+00:00 NOTICE handleOrderUpdate :: order_status
2025-08-09T18:01:48+00:00 NOTICE handleOrderUpdate :: order_status
2025-08-09T18:01:49+00:00 NOTICE handleOrderUpdate :: order_status
2025-08-09T18:01:49+00:00 NOTICE debug :: Order ID 25428 was pending and is now failed :: Array
(
    [new_order] => 
    [tracking] => 
)
2025-08-09T18:01:50+00:00 NOTICE filter :: Order 23286 was skipped by the filter
2025-08-09T18:01:52+00:00 ERROR order_submit.error :: addStoreOrder :: #25696 :: Error Code 404 :: Resource Not FoundThe requested resource could not be found. on 2745 in /www/wp-content/plugins/mailchimp-for-woocommerce/includes/api/class-mailchimp-api.php
2025-08-09T18:04:36+00:00 NOTICE api.add_product.error :: Resource Not FoundThe requested resource could not be found. :: Array
(
    [submission] => Array
        (
            [id] => deleted_0
            [title] => Membership
            [variants] => Array
                (
                    [0] => Array
                        (
                            [id] => deleted_0
                            [title] => Membership
                            [inventory_quantity] => 0
                            [backorders] => false
                            [visibility] => hidden
                        )

                )

        )

)
2025-08-09T18:04:37+00:00 NOTICE api.add_product.error :: Resource Not FoundThe requested resource could not be found. :: Array
(
    [submission] => Array
        (
            [id] => deleted_0
            [title] => Membership
            [variants] => Array
                (
                    [0] => Array
                        (
                            [id] => deleted_0
                            [title] => Membership
                            [inventory_quantity] => 0
                            [backorders] => false
                            [visibility] => hidden
                        )

                )

        )

)
2025-08-09T18:04:37+00:00 NOTICE order.items.error :: Order #25428 :: Product 0 does not exist!
2025-08-09T18:20:22+00:00 NOTICE handleOrderUpdate :: order_status
2025-08-09T18:20:22+00:00 NOTICE action_scheduler.queue_job :: MailChimp_WooCommerce_Single_Order starts in 90 seconds :: obj_id 25522 with id 116031
2025-08-09T18:20:22+00:00 NOTICE handleOrderUpdate :: order_status
2025-08-09T18:20:22+00:00 NOTICE handleOrderUpdate :: order_status
2025-08-09T18:20:22+00:00 NOTICE handleOrderUpdate :: order_status
2025-08-09T18:20:24+00:00 NOTICE handleOrderUpdate :: order_status
2025-08-09T18:20:24+00:00 NOTICE handleOrderUpdate :: order_status
2025-08-09T18:20:25+00:00 NOTICE handleOrderUpdate :: order_status
2025-08-09T18:20:25+00:00 NOTICE debug :: Order ID 25522 was failed and is now pending :: Array
(
    [new_order] => 
    [tracking] => 
)
2025-08-09T18:20:25+00:00 NOTICE debug :: Order ID 25522 was pending and is now failed :: Array
(
    [new_order] => 
    [tracking] => 
)
2025-08-09T18:22:10+00:00 NOTICE api.add_product.error :: Resource Not FoundThe requested resource could not be found. :: Array
(
    [submission] => Array
        (
            [id] => deleted_0
            [title] => Membership
            [variants] => Array
                (
                    [0] => Array
                        (
                            [id] => deleted_0
                            [title] => Membership
                            [inventory_quantity] => 0
                            [backorders] => false
                            [visibility] => hidden
                        )

                )

        )

)
2025-08-09T18:22:11+00:00 NOTICE api.add_product.error :: Resource Not FoundThe requested resource could not be found. :: Array
(
    [submission] => Array
        (
            [id] => deleted_0
            [title] => Membership
            [variants] => Array
                (
                    [0] => Array
                        (
                            [id] => deleted_0
                            [title] => Membership
                            [inventory_quantity] => 0
                            [backorders] => false
                            [visibility] => hidden
                        )

                )

        )

)
2025-08-09T18:22:11+00:00 NOTICE order.items.error :: Order #25522 :: Product 0 does not exist!
2025-08-09T18:22:11+00:00 NOTICE order_submit :: #25522 has a financial status of pending and was skipped.
2025-08-09T18:24:26+00:00 NOTICE handleOrderUpdate :: order_status
2025-08-09T18:24:26+00:00 NOTICE action_scheduler.queue_job :: MailChimp_WooCommerce_Single_Order starts in 90 seconds :: obj_id 25433 with id 116035
2025-08-09T18:24:27+00:00 NOTICE handleOrderUpdate :: order_status
2025-08-09T18:24:27+00:00 NOTICE handleOrderUpdate :: order_status
2025-08-09T18:24:27+00:00 NOTICE handleOrderUpdate :: order_status
2025-08-09T18:24:29+00:00 NOTICE handleOrderUpdate :: order_status
2025-08-09T18:24:30+00:00 NOTICE handleOrderUpdate :: order_status
2025-08-09T18:24:30+00:00 NOTICE debug :: Order ID 25433 was pending and is now failed :: Array
(
    [new_order] => 
    [tracking] => 
)
2025-08-09T18:28:25+00:00 NOTICE api.add_product.error :: Resource Not FoundThe requested resource could not be found. :: Array
(
    [submission] => Array
        (
            [id] => deleted_0
            [title] => Membership
            [variants] => Array
                (
                    [0] => Array
                        (
                            [id] => deleted_0
                            [title] => Membership
                            [inventory_quantity] => 0
                            [backorders] => false
                            [visibility] => hidden
                        )

                )

        )

)
2025-08-09T18:28:26+00:00 NOTICE api.add_product.error :: Resource Not FoundThe requested resource could not be found. :: Array
(
    [submission] => Array
        (
            [id] => deleted_0
            [title] => Membership
            [variants] => Array
                (
                    [0] => Array
                        (
                            [id] => deleted_0
                            [title] => Membership
                            [inventory_quantity] => 0
                            [backorders] => false
                            [visibility] => hidden
                        )

                )

        )

)
2025-08-09T18:28:26+00:00 NOTICE order.items.error :: Order #25433 :: Product 0 does not exist!
2025-08-09T20:13:06+00:00 NOTICE handleOrderUpdate :: order_status
2025-08-09T20:13:07+00:00 NOTICE action_scheduler.queue_job :: MailChimp_WooCommerce_Single_Order starts in 90 seconds :: obj_id 15707 with id 116037
2025-08-09T20:13:08+00:00 NOTICE action_scheduler.queue_job :: MailChimp_WooCommerce_Single_Order starts in 90 seconds :: obj_id 25697 with id 116038
2025-08-09T20:13:08+00:00 NOTICE handleOrderUpdate :: order_status
2025-08-09T20:13:08+00:00 NOTICE handleOrderUpdate :: order_status
2025-08-09T20:13:08+00:00 NOTICE handleOrderUpdate :: order_status
2025-08-09T20:13:08+00:00 NOTICE handleOrderUpdate :: order_status
2025-08-09T20:13:08+00:00 NOTICE handleOrderUpdate :: order_status
2025-08-09T20:13:09+00:00 NOTICE handleOrderUpdate :: order_status
2025-08-09T20:13:09+00:00 NOTICE handleOrderUpdate :: order_status
2025-08-09T20:13:09+00:00 NOTICE debug :: Order ID 25697 was pending and is now completed :: Array
(
    [new_order] => 1
    [tracking] => Array
        (
            [landing_site] => https://tryingtoadultrva.com/login-account-information/
        )

)
2025-08-09T20:15:17+00:00 NOTICE filter :: Order 15707 was skipped by the filter
2025-08-09T20:15:18+00:00 ERROR order_submit.error :: addStoreOrder :: #25697 :: Error Code 404 :: Resource Not FoundThe requested resource could not be found. on 2745 in /www/wp-content/plugins/mailchimp-for-woocommerce/includes/api/class-mailchimp-api.php
2025-08-09T20:54:41+00:00 NOTICE action_scheduler.queue_job :: MailChimp_WooCommerce_Cart_Update queued :: obj_id 3778808c49f06bc4abe4e17e36bc00ea with id 116046
2025-08-09T20:54:52+00:00 ERROR abandoned_cart.error :: email: nishad.ba86@gmail.com :: attempting product update :: Resource Not FoundThe requested resource could not be found.
2025-08-09T20:54:53+00:00 NOTICE product_submit.error :: upsert :: #24737 :: Error Code 400 :: We were unable to determine the store ID. on 2791 in /www/wp-content/plugins/mailchimp-for-woocommerce/includes/api/class-mailchimp-api.php
2025-08-09T20:54:53+00:00 ERROR abandoned_cart.error :: Error Code 400 :: We were unable to determine the store ID. on 2791 in /www/wp-content/plugins/mailchimp-for-woocommerce/includes/api/class-mailchimp-api.php
2025-08-09T20:54:56+00:00 NOTICE action_scheduler.queue_job :: MailChimp_WooCommerce_Cart_Update queued :: obj_id 3778808c49f06bc4abe4e17e36bc00ea with id 116047
2025-08-09T20:54:57+00:00 ERROR abandoned_cart.error :: email: nishad.ba86@gmail.com :: attempting product update :: Resource Not FoundThe requested resource could not be found.
2025-08-09T20:54:58+00:00 NOTICE product_submit.error :: upsert :: #24737 :: Error Code 400 :: We were unable to determine the store ID. on 2791 in /www/wp-content/plugins/mailchimp-for-woocommerce/includes/api/class-mailchimp-api.php
2025-08-09T20:54:58+00:00 ERROR abandoned_cart.error :: Error Code 400 :: We were unable to determine the store ID. on 2791 in /www/wp-content/plugins/mailchimp-for-woocommerce/includes/api/class-mailchimp-api.php
2025-08-09T20:55:09+00:00 NOTICE action_scheduler.queue_job :: MailChimp_WooCommerce_Cart_Update queued :: obj_id 41658780a8d92b35696d5716dcb1e786 with id 116048
2025-08-09T20:55:09+00:00 NOTICE action_scheduler.queue_job :: MailChimp_WooCommerce_Single_Order starts in 90 seconds :: obj_id 25698 with id 116049
2025-08-09T20:55:10+00:00 NOTICE handleOrderUpdate :: order_status
2025-08-09T20:55:10+00:00 NOTICE handleOrderUpdate :: order_status
2025-08-09T20:55:13+00:00 NOTICE handleOrderUpdate :: order_status
2025-08-09T20:55:13+00:00 NOTICE handleOrderUpdate :: order_status
2025-08-09T20:55:14+00:00 NOTICE debug :: Order ID 25698 was pending and is now processing :: Array
(
    [new_order] => 1
    [tracking] => Array
        (
            [landing_site] => https://tryingtoadultrva.com/checkout/order-received/25681/?key=wc_order_uqLNKqNr2NgRf
        )

)
2025-08-09T20:57:08+00:00 ERROR abandoned_cart.error :: email: nish.naz27@gmail.com :: attempting product update :: Resource Not FoundThe requested resource could not be found.
2025-08-09T20:57:09+00:00 NOTICE product_submit.error :: upsert :: #24737 :: Error Code 400 :: We were unable to determine the store ID. on 2791 in /www/wp-content/plugins/mailchimp-for-woocommerce/includes/api/class-mailchimp-api.php
2025-08-09T20:57:09+00:00 ERROR abandoned_cart.error :: Error Code 400 :: We were unable to determine the store ID. on 2791 in /www/wp-content/plugins/mailchimp-for-woocommerce/includes/api/class-mailchimp-api.php
2025-08-09T20:57:10+00:00 ERROR order_submit.error :: addStoreOrder :: #25698 :: Error Code 404 :: Resource Not FoundThe requested resource could not be found. on 2745 in /www/wp-content/plugins/mailchimp-for-woocommerce/includes/api/class-mailchimp-api.php
2025-08-09T21:21:55+00:00 NOTICE handleOrderUpdate :: order_status
2025-08-09T21:21:55+00:00 NOTICE action_scheduler.queue_job :: MailChimp_WooCommerce_Single_Order starts in 90 seconds :: obj_id 25441 with id 116054
2025-08-09T21:21:55+00:00 NOTICE handleOrderUpdate :: order_status
2025-08-09T21:21:55+00:00 NOTICE handleOrderUpdate :: order_status
2025-08-09T21:21:55+00:00 NOTICE handleOrderUpdate :: order_status
2025-08-09T21:21:58+00:00 NOTICE handleOrderUpdate :: order_status
2025-08-09T21:21:58+00:00 NOTICE handleOrderUpdate :: order_status
2025-08-09T21:21:58+00:00 NOTICE debug :: Order ID 25441 was pending and is now failed :: Array
(
    [new_order] => 
    [tracking] => 
)
2025-08-09T21:21:59+00:00 NOTICE handleOrderUpdate :: order_status
2025-08-09T21:21:59+00:00 NOTICE action_scheduler.queue_job :: MailChimp_WooCommerce_Single_Order starts in 90 seconds :: obj_id 25551 with id 116056
2025-08-09T21:21:59+00:00 NOTICE handleOrderUpdate :: order_status
2025-08-09T21:21:59+00:00 NOTICE handleOrderUpdate :: order_status
2025-08-09T21:21:59+00:00 NOTICE handleOrderUpdate :: order_status
2025-08-09T21:22:01+00:00 NOTICE handleOrderUpdate :: order_status
2025-08-09T21:22:01+00:00 NOTICE handleOrderUpdate :: order_status
2025-08-09T21:22:01+00:00 NOTICE handleOrderUpdate :: order_status
2025-08-09T21:22:01+00:00 NOTICE debug :: Order ID 25551 was failed and is now pending :: Array
(
    [new_order] => 
    [tracking] => 
)
2025-08-09T21:22:01+00:00 NOTICE debug :: Order ID 25551 was pending and is now failed :: Array
(
    [new_order] => 
    [tracking] => 
)
2025-08-09T21:31:26+00:00 NOTICE api.add_product.error :: Resource Not FoundThe requested resource could not be found. :: Array
(
    [submission] => Array
        (
            [id] => deleted_0
            [title] => Membership
            [variants] => Array
                (
                    [0] => Array
                        (
                            [id] => deleted_0
                            [title] => Membership
                            [inventory_quantity] => 0
                            [backorders] => false
                            [visibility] => hidden
                        )

                )

        )

)
2025-08-09T21:31:26+00:00 NOTICE api.add_product.error :: Resource Not FoundThe requested resource could not be found. :: Array
(
    [submission] => Array
        (
            [id] => deleted_0
            [title] => Membership
            [variants] => Array
                (
                    [0] => Array
                        (
                            [id] => deleted_0
                            [title] => Membership
                            [inventory_quantity] => 0
                            [backorders] => false
                            [visibility] => hidden
                        )

                )

        )

)
2025-08-09T21:31:26+00:00 NOTICE order.items.error :: Order #25441 :: Product 0 does not exist!
2025-08-09T21:31:28+00:00 NOTICE api.add_product.error :: Resource Not FoundThe requested resource could not be found. :: Array
(
    [submission] => Array
        (
            [id] => deleted_0
            [title] => Membership
            [variants] => Array
                (
                    [0] => Array
                        (
                            [id] => deleted_0
                            [title] => Membership
                            [inventory_quantity] => 0
                            [backorders] => false
                            [visibility] => hidden
                        )

                )

        )

)
2025-08-09T21:31:28+00:00 NOTICE api.add_product.error :: Resource Not FoundThe requested resource could not be found. :: Array
(
    [submission] => Array
        (
            [id] => deleted_0
            [title] => Membership
            [variants] => Array
                (
                    [0] => Array
                        (
                            [id] => deleted_0
                            [title] => Membership
                            [inventory_quantity] => 0
                            [backorders] => false
                            [visibility] => hidden
                        )

                )

        )

)
2025-08-09T21:31:28+00:00 NOTICE order.items.error :: Order #25551 :: Product 0 does not exist!
2025-08-09T21:31:28+00:00 NOTICE order_submit :: #25551 has a financial status of pending and was skipped.
2025-08-09T21:35:06+00:00 NOTICE handleOrderUpdate :: order_status
2025-08-09T21:35:06+00:00 NOTICE action_scheduler.queue_job :: MailChimp_WooCommerce_Single_Order starts in 90 seconds :: obj_id 25552 with id 116060
2025-08-09T21:35:06+00:00 NOTICE handleOrderUpdate :: order_status
2025-08-09T21:35:06+00:00 NOTICE handleOrderUpdate :: order_status
2025-08-09T21:35:06+00:00 NOTICE handleOrderUpdate :: order_status
2025-08-09T21:35:08+00:00 NOTICE handleOrderUpdate :: order_status
2025-08-09T21:35:08+00:00 NOTICE handleOrderUpdate :: order_status
2025-08-09T21:35:09+00:00 NOTICE handleOrderUpdate :: order_status
2025-08-09T21:35:09+00:00 NOTICE debug :: Order ID 25552 was failed and is now pending :: Array
(
    [new_order] => 
    [tracking] => 
)
2025-08-09T21:35:09+00:00 NOTICE debug :: Order ID 25552 was pending and is now failed :: Array
(
    [new_order] => 
    [tracking] => 
)
2025-08-09T21:39:01+00:00 NOTICE order_submit :: #25552 has a financial status of pending and was skipped.
2025-08-09T22:03:07+00:00 NOTICE handleOrderUpdate :: order_status
2025-08-09T22:03:07+00:00 NOTICE action_scheduler.queue_job :: MailChimp_WooCommerce_Single_Order starts in 90 seconds :: obj_id 25555 with id 116064
2025-08-09T22:03:07+00:00 NOTICE handleOrderUpdate :: order_status
2025-08-09T22:03:07+00:00 NOTICE handleOrderUpdate :: order_status
2025-08-09T22:03:07+00:00 NOTICE handleOrderUpdate :: order_status
2025-08-09T22:03:10+00:00 NOTICE handleOrderUpdate :: order_status
2025-08-09T22:03:10+00:00 NOTICE handleOrderUpdate :: order_status
2025-08-09T22:03:10+00:00 NOTICE handleOrderUpdate :: order_status
2025-08-09T22:03:10+00:00 NOTICE debug :: Order ID 25555 was failed and is now pending :: Array
(
    [new_order] => 
    [tracking] => 
)
2025-08-09T22:03:11+00:00 NOTICE debug :: Order ID 25555 was pending and is now failed :: Array
(
    [new_order] => 
    [tracking] => 
)
2025-08-09T22:05:04+00:00 NOTICE api.add_product.error :: Resource Not FoundThe requested resource could not be found. :: Array
(
    [submission] => Array
        (
            [id] => deleted_0
            [title] => Membership
            [variants] => Array
                (
                    [0] => Array
                        (
                            [id] => deleted_0
                            [title] => Membership
                            [inventory_quantity] => 0
                            [backorders] => false
                            [visibility] => hidden
                        )

                )

        )

)
2025-08-09T22:05:05+00:00 NOTICE api.add_product.error :: Resource Not FoundThe requested resource could not be found. :: Array
(
    [submission] => Array
        (
            [id] => deleted_0
            [title] => Membership
            [variants] => Array
                (
                    [0] => Array
                        (
                            [id] => deleted_0
                            [title] => Membership
                            [inventory_quantity] => 0
                            [backorders] => false
                            [visibility] => hidden
                        )

                )

        )

)
2025-08-09T22:05:05+00:00 NOTICE order.items.error :: Order #25555 :: Product 0 does not exist!
2025-08-09T22:05:05+00:00 NOTICE order_submit :: #25555 has a financial status of pending and was skipped.
2025-08-09T22:06:09+00:00 NOTICE action_scheduler.queue_job :: MailChimp_WooCommerce_Cart_Update queued :: obj_id 526c78d5c152764684c5ad8637bbb593 with id 116067
2025-08-09T22:06:16+00:00 ERROR abandoned_cart.error :: email: aaliyahjonesrobinson@gmail.com :: attempting product update :: Resource Not FoundThe requested resource could not be found.
2025-08-09T22:06:17+00:00 NOTICE product_submit.error :: upsert :: #24938 :: Error Code 400 :: We were unable to determine the store ID. on 2791 in /www/wp-content/plugins/mailchimp-for-woocommerce/includes/api/class-mailchimp-api.php
2025-08-09T22:06:17+00:00 ERROR abandoned_cart.error :: Error Code 400 :: We were unable to determine the store ID. on 2791 in /www/wp-content/plugins/mailchimp-for-woocommerce/includes/api/class-mailchimp-api.php
2025-08-09T22:07:29+00:00 NOTICE action_scheduler.queue_job :: MailChimp_WooCommerce_Single_Order starts in 90 seconds :: obj_id 25700 with id 116070
2025-08-09T22:07:30+00:00 NOTICE handleOrderUpdate :: order_status
2025-08-09T22:07:30+00:00 NOTICE handleOrderUpdate :: order_status
2025-08-09T22:07:32+00:00 NOTICE handleOrderUpdate :: order_status
2025-08-09T22:07:32+00:00 NOTICE handleOrderUpdate :: order_status
2025-08-09T22:07:33+00:00 NOTICE debug :: Order ID 25700 was pending and is now processing :: Array
(
    [new_order] => 1
    [tracking] => Array
        (
            [landing_site] => https://tryingtoadultrva.com/checkout/
        )

)
2025-08-09T22:09:21+00:00 ERROR order_submit.error :: addStoreOrder :: #25700 :: Error Code 404 :: Resource Not FoundThe requested resource could not be found. on 2745 in /www/wp-content/plugins/mailchimp-for-woocommerce/includes/api/class-mailchimp-api.php
2025-08-09T22:17:03+00:00 NOTICE action_scheduler.queue_job :: MailChimp_WooCommerce_Cart_Update queued :: obj_id 2c545b1b0e2641cb43249103c5dc242f with id 116074
2025-08-09T22:17:06+00:00 ERROR abandoned_cart.error :: email: carmen.camarena94@gmail.com :: attempting product update :: Resource Not FoundThe requested resource could not be found.
2025-08-09T22:17:06+00:00 NOTICE product_submit.error :: upsert :: #25219 :: Error Code 400 :: We were unable to determine the store ID. on 2791 in /www/wp-content/plugins/mailchimp-for-woocommerce/includes/api/class-mailchimp-api.php
2025-08-09T22:17:06+00:00 ERROR abandoned_cart.error :: Error Code 400 :: We were unable to determine the store ID. on 2791 in /www/wp-content/plugins/mailchimp-for-woocommerce/includes/api/class-mailchimp-api.php
2025-08-09T22:17:22+00:00 NOTICE action_scheduler.queue_job :: MailChimp_WooCommerce_Cart_Update queued :: obj_id a31045fc25b727c6a260e7a2a0347cb6 with id 116075
2025-08-09T22:18:02+00:00 NOTICE action_scheduler.queue_job :: MailChimp_WooCommerce_Cart_Update queued :: obj_id 2c545b1b0e2641cb43249103c5dc242f with id 116076
2025-08-09T22:18:06+00:00 ERROR abandoned_cart.error :: email: kandi135@hotmail.com :: attempting product update :: Resource Not FoundThe requested resource could not be found.
2025-08-09T22:18:07+00:00 NOTICE product_submit.error :: upsert :: #24982 :: Error Code 400 :: We were unable to determine the store ID. on 2791 in /www/wp-content/plugins/mailchimp-for-woocommerce/includes/api/class-mailchimp-api.php
2025-08-09T22:18:07+00:00 ERROR abandoned_cart.error :: Error Code 400 :: We were unable to determine the store ID. on 2791 in /www/wp-content/plugins/mailchimp-for-woocommerce/includes/api/class-mailchimp-api.php
2025-08-09T22:18:08+00:00 ERROR abandoned_cart.error :: email: carmen.camarena94@gmail.com :: attempting product update :: Resource Not FoundThe requested resource could not be found.
2025-08-09T22:18:09+00:00 NOTICE product_submit.error :: upsert :: #25219 :: Error Code 400 :: We were unable to determine the store ID. on 2791 in /www/wp-content/plugins/mailchimp-for-woocommerce/includes/api/class-mailchimp-api.php
2025-08-09T22:18:09+00:00 ERROR abandoned_cart.error :: Error Code 400 :: We were unable to determine the store ID. on 2791 in /www/wp-content/plugins/mailchimp-for-woocommerce/includes/api/class-mailchimp-api.php
2025-08-09T22:18:33+00:00 NOTICE action_scheduler.queue_job :: MailChimp_WooCommerce_Single_Order starts in 90 seconds :: obj_id 25702 with id 116077
2025-08-09T22:18:34+00:00 NOTICE handleOrderUpdate :: order_status
2025-08-09T22:18:34+00:00 NOTICE handleOrderUpdate :: order_status
2025-08-09T22:18:38+00:00 NOTICE handleOrderUpdate :: order_status
2025-08-09T22:18:38+00:00 NOTICE handleOrderUpdate :: order_status
2025-08-09T22:18:39+00:00 NOTICE debug :: Order ID 25702 was pending and is now processing :: Array
(
    [new_order] => 1
    [tracking] => Array
        (
            [landing_site] => https://tryingtoadultrva.com/login-account-information/
        )

)
2025-08-09T22:19:03+00:00 NOTICE action_scheduler.queue_job :: MailChimp_WooCommerce_Cart_Update queued :: obj_id a31045fc25b727c6a260e7a2a0347cb6 with id 116082
2025-08-09T22:20:00+00:00 ERROR abandoned_cart.error :: email: kandi135@hotmail.com :: attempting product update :: Resource Not FoundThe requested resource could not be found.
2025-08-09T22:20:01+00:00 NOTICE product_submit.error :: upsert :: #24982 :: Error Code 400 :: We were unable to determine the store ID. on 2791 in /www/wp-content/plugins/mailchimp-for-woocommerce/includes/api/class-mailchimp-api.php
2025-08-09T22:20:01+00:00 ERROR abandoned_cart.error :: Error Code 400 :: We were unable to determine the store ID. on 2791 in /www/wp-content/plugins/mailchimp-for-woocommerce/includes/api/class-mailchimp-api.php
2025-08-09T22:21:00+00:00 ERROR order_submit.error :: addStoreOrder :: #25702 :: Error Code 404 :: Resource Not FoundThe requested resource could not be found. on 2745 in /www/wp-content/plugins/mailchimp-for-woocommerce/includes/api/class-mailchimp-api.php
2025-08-09T22:21:34+00:00 NOTICE action_scheduler.queue_job :: MailChimp_WooCommerce_Cart_Update queued :: obj_id a31045fc25b727c6a260e7a2a0347cb6 with id 116083
2025-08-09T22:21:41+00:00 ERROR abandoned_cart.error :: email: kandi135@hotmail.com :: attempting product update :: Resource Not FoundThe requested resource could not be found.
2025-08-09T22:21:41+00:00 NOTICE product_submit.error :: upsert :: #24982 :: Error Code 400 :: We were unable to determine the store ID. on 2791 in /www/wp-content/plugins/mailchimp-for-woocommerce/includes/api/class-mailchimp-api.php
2025-08-09T22:21:41+00:00 ERROR abandoned_cart.error :: Error Code 400 :: We were unable to determine the store ID. on 2791 in /www/wp-content/plugins/mailchimp-for-woocommerce/includes/api/class-mailchimp-api.php
2025-08-09T22:22:10+00:00 NOTICE action_scheduler.queue_job :: MailChimp_WooCommerce_Single_Order starts in 90 seconds :: obj_id 25705 with id 116084
2025-08-09T22:22:12+00:00 NOTICE handleOrderUpdate :: order_status
2025-08-09T22:22:12+00:00 NOTICE handleOrderUpdate :: order_status
2025-08-09T22:22:15+00:00 NOTICE handleOrderUpdate :: order_status
2025-08-09T22:22:15+00:00 NOTICE handleOrderUpdate :: order_status
2025-08-09T22:22:16+00:00 NOTICE debug :: Order ID 25705 was pending and is now processing :: Array
(
    [new_order] => 1
    [tracking] => Array
        (
            [landing_site] => https://tryingtoadultrva.com/login-account-information/
        )

)
2025-08-09T22:28:51+00:00 ERROR order_submit.error :: addStoreOrder :: #25705 :: Error Code 404 :: Resource Not FoundThe requested resource could not be found. on 2745 in /www/wp-content/plugins/mailchimp-for-woocommerce/includes/api/class-mailchimp-api.php
2025-08-09T22:35:17+00:00 NOTICE action_scheduler.queue_job :: MailChimp_WooCommerce_Cart_Update queued :: obj_id 3ef773d56da886dd458c43c8b108ec75 with id 116090
2025-08-09T22:35:23+00:00 ERROR abandoned_cart.error :: email: gbowler521@gmail.com :: attempting product update :: Resource Not FoundThe requested resource could not be found.
2025-08-09T22:35:24+00:00 NOTICE product_submit.error :: upsert :: #25220 :: Error Code 400 :: We were unable to determine the store ID. on 2791 in /www/wp-content/plugins/mailchimp-for-woocommerce/includes/api/class-mailchimp-api.php
2025-08-09T22:35:24+00:00 ERROR abandoned_cart.error :: Error Code 400 :: We were unable to determine the store ID. on 2791 in /www/wp-content/plugins/mailchimp-for-woocommerce/includes/api/class-mailchimp-api.php
2025-08-09T22:35:36+00:00 NOTICE action_scheduler.queue_job :: MailChimp_WooCommerce_Single_Order starts in 90 seconds :: obj_id 25712 with id 116091
2025-08-09T22:35:36+00:00 NOTICE handleOrderUpdate :: order_status
2025-08-09T22:35:36+00:00 NOTICE handleOrderUpdate :: order_status
2025-08-09T22:35:39+00:00 NOTICE handleOrderUpdate :: order_status
2025-08-09T22:35:39+00:00 NOTICE handleOrderUpdate :: order_status
2025-08-09T22:35:40+00:00 NOTICE debug :: Order ID 25712 was pending and is now processing :: Array
(
    [new_order] => 1
    [tracking] => Array
        (
            [landing_site] => https://tryingtoadultrva.com/checkout/
        )

)
2025-08-09T22:37:37+00:00 ERROR order_submit.error :: addStoreOrder :: #25712 :: Error Code 404 :: Resource Not FoundThe requested resource could not be found. on 2745 in /www/wp-content/plugins/mailchimp-for-woocommerce/includes/api/class-mailchimp-api.php
2025-08-09T23:02:30+00:00 NOTICE handleOrderUpdate :: order_status
2025-08-09T23:02:30+00:00 NOTICE action_scheduler.queue_job :: MailChimp_WooCommerce_Single_Order starts in 90 seconds :: obj_id 25556 with id 116096
2025-08-09T23:02:30+00:00 NOTICE handleOrderUpdate :: order_status
2025-08-09T23:02:30+00:00 NOTICE handleOrderUpdate :: order_status
2025-08-09T23:02:30+00:00 NOTICE handleOrderUpdate :: order_status
2025-08-09T23:02:32+00:00 NOTICE handleOrderUpdate :: order_status
2025-08-09T23:02:32+00:00 NOTICE handleOrderUpdate :: order_status
2025-08-09T23:02:33+00:00 NOTICE handleOrderUpdate :: order_status
2025-08-09T23:02:33+00:00 NOTICE debug :: Order ID 25556 was failed and is now pending :: Array
(
    [new_order] => 
    [tracking] => 
)
2025-08-09T23:02:33+00:00 NOTICE debug :: Order ID 25556 was pending and is now failed :: Array
(
    [new_order] => 
    [tracking] => 
)
2025-08-09T23:10:03+00:00 NOTICE api.add_product.error :: Resource Not FoundThe requested resource could not be found. :: Array
(
    [submission] => Array
        (
            [id] => deleted_0
            [title] => Premium Membership
            [variants] => Array
                (
                    [0] => Array
                        (
                            [id] => deleted_0
                            [title] => Premium Membership
                            [inventory_quantity] => 0
                            [backorders] => false
                            [visibility] => hidden
                        )

                )

        )

)
2025-08-09T23:10:04+00:00 NOTICE api.add_product.error :: Resource Not FoundThe requested resource could not be found. :: Array
(
    [submission] => Array
        (
            [id] => deleted_0
            [title] => Premium Membership
            [variants] => Array
                (
                    [0] => Array
                        (
                            [id] => deleted_0
                            [title] => Premium Membership
                            [inventory_quantity] => 0
                            [backorders] => false
                            [visibility] => hidden
                        )

                )

        )

)
2025-08-09T23:10:04+00:00 NOTICE order.items.error :: Order #25556 :: Product 0 does not exist!
2025-08-09T23:10:04+00:00 NOTICE order_submit :: #25556 has a financial status of pending and was skipped.
2025-08-09T23:24:01+00:00 NOTICE handleOrderUpdate :: order_status
2025-08-09T23:24:01+00:00 NOTICE action_scheduler.queue_job :: MailChimp_WooCommerce_Single_Order starts in 90 seconds :: obj_id 25444 with id 116100
2025-08-09T23:24:01+00:00 NOTICE handleOrderUpdate :: order_status
2025-08-09T23:24:01+00:00 NOTICE handleOrderUpdate :: order_status
2025-08-09T23:24:01+00:00 NOTICE handleOrderUpdate :: order_status
2025-08-09T23:24:04+00:00 NOTICE handleOrderUpdate :: order_status
2025-08-09T23:24:04+00:00 NOTICE handleOrderUpdate :: order_status
2025-08-09T23:24:04+00:00 NOTICE debug :: Order ID 25444 was pending and is now failed :: Array
(
    [new_order] => 
    [tracking] => 
)
2025-08-09T23:28:08+00:00 NOTICE api.add_product.error :: Resource Not FoundThe requested resource could not be found. :: Array
(
    [submission] => Array
        (
            [id] => deleted_0
            [title] => Membership
            [variants] => Array
                (
                    [0] => Array
                        (
                            [id] => deleted_0
                            [title] => Membership
                            [inventory_quantity] => 0
                            [backorders] => false
                            [visibility] => hidden
                        )

                )

        )

)
2025-08-09T23:28:09+00:00 NOTICE api.add_product.error :: Resource Not FoundThe requested resource could not be found. :: Array
(
    [submission] => Array
        (
            [id] => deleted_0
            [title] => Membership
            [variants] => Array
                (
                    [0] => Array
                        (
                            [id] => deleted_0
                            [title] => Membership
                            [inventory_quantity] => 0
                            [backorders] => false
                            [visibility] => hidden
                        )

                )

        )

)
2025-08-09T23:28:09+00:00 NOTICE order.items.error :: Order #25444 :: Product 0 does not exist!
2025-08-09T23:42:29+00:00 NOTICE handleOrderUpdate :: order_status
2025-08-09T23:42:29+00:00 NOTICE action_scheduler.queue_job :: MailChimp_WooCommerce_Single_Order starts in 90 seconds :: obj_id 25558 with id 116104
2025-08-09T23:42:29+00:00 NOTICE handleOrderUpdate :: order_status
2025-08-09T23:42:29+00:00 NOTICE handleOrderUpdate :: order_status
2025-08-09T23:42:29+00:00 NOTICE handleOrderUpdate :: order_status
2025-08-09T23:42:32+00:00 NOTICE handleOrderUpdate :: order_status
2025-08-09T23:42:32+00:00 NOTICE handleOrderUpdate :: order_status
2025-08-09T23:42:32+00:00 NOTICE handleOrderUpdate :: order_status
2025-08-09T23:42:32+00:00 NOTICE debug :: Order ID 25558 was failed and is now pending :: Array
(
    [new_order] => 
    [tracking] => 
)
2025-08-09T23:42:32+00:00 NOTICE debug :: Order ID 25558 was pending and is now failed :: Array
(
    [new_order] => 
    [tracking] => 
)
2025-08-09T23:45:05+00:00 NOTICE order_submit :: #25558 has a financial status of pending and was skipped.
