2025-07-17T00:08:51+00:00 NOTICE handleOrderUpdate :: order_status
2025-07-17T00:08:51+00:00 NOTICE action_scheduler.queue_job :: MailChimp_WooCommerce_Single_Order starts in 90 seconds :: obj_id 19054 with id 107625
2025-07-17T00:08:52+00:00 NOTICE action_scheduler.queue_job :: MailChimp_WooCommerce_Single_Order starts in 90 seconds :: obj_id 24625 with id 107626
2025-07-17T00:08:52+00:00 NOTICE handleOrderUpdate :: order_status
2025-07-17T00:08:52+00:00 NOTICE handleOrderUpdate :: order_status
2025-07-17T00:08:52+00:00 NOTICE handleOrderUpdate :: order_status
2025-07-17T00:08:52+00:00 NOTICE handleOrderUpdate :: order_status
2025-07-17T00:08:52+00:00 NOTICE handleOrderUpdate :: order_status
2025-07-17T00:08:52+00:00 NOTICE handleOrderUpdate :: order_status
2025-07-17T00:08:55+00:00 NOTICE handleOrderUpdate :: order_status
2025-07-17T00:08:55+00:00 NOTICE handleOrderUpdate :: order_status
2025-07-17T00:08:56+00:00 NOTICE handleOrderUpdate :: order_status
2025-07-17T00:08:56+00:00 NOTICE handleOrderUpdate :: order_status
2025-07-17T00:08:57+00:00 NOTICE handleOrderUpdate :: order_status
2025-07-17T00:08:57+00:00 NOTICE debug :: Order ID 24625 was pending and is now processing :: Array
(
    [new_order] => 1
    [tracking] => Array
        (
            [landing_site] => https://tryingtoadultrva.com/checkout/order-received/18609/?key=wc_order_RsXBHneFOK8YY
        )

)
2025-07-17T00:11:02+00:00 NOTICE filter :: Order 19054 was skipped by the filter
2025-07-17T00:11:04+00:00 ERROR order_submit.error :: addStoreOrder :: #24625 :: Error Code 404 :: Resource Not FoundThe requested resource could not be found. on 2745 in /www/wp-content/plugins/mailchimp-for-woocommerce/includes/api/class-mailchimp-api.php
2025-07-17T00:19:35+00:00 NOTICE action_scheduler.queue_job :: MailChimp_WooCommerce_Single_Product starts in 5 seconds :: obj_id 23470 with id 107635
2025-07-17T00:20:03+00:00 NOTICE product_submit.error :: upsert :: #23470 :: Error Code 400 :: We were unable to determine the store ID. on 2791 in /www/wp-content/plugins/mailchimp-for-woocommerce/includes/api/class-mailchimp-api.php
2025-07-17T00:21:29+00:00 NOTICE action_scheduler.queue_job :: MailChimp_WooCommerce_Single_Product starts in 5 seconds :: obj_id 23470 with id 107640
2025-07-17T00:22:12+00:00 NOTICE product_submit.error :: upsert :: #23470 :: Error Code 400 :: We were unable to determine the store ID. on 2791 in /www/wp-content/plugins/mailchimp-for-woocommerce/includes/api/class-mailchimp-api.php
2025-07-17T01:19:37+00:00 NOTICE handleOrderUpdate :: order_status
2025-07-17T01:19:37+00:00 NOTICE action_scheduler.queue_job :: MailChimp_WooCommerce_Single_Order starts in 90 seconds :: obj_id 8234 with id 107644
2025-07-17T01:19:38+00:00 NOTICE action_scheduler.queue_job :: MailChimp_WooCommerce_Single_Order starts in 90 seconds :: obj_id 24626 with id 107645
2025-07-17T01:19:38+00:00 NOTICE handleOrderUpdate :: order_status
2025-07-17T01:19:38+00:00 NOTICE handleOrderUpdate :: order_status
2025-07-17T01:19:38+00:00 NOTICE handleOrderUpdate :: order_status
2025-07-17T01:19:38+00:00 NOTICE handleOrderUpdate :: order_status
2025-07-17T01:19:38+00:00 NOTICE handleOrderUpdate :: order_status
2025-07-17T01:19:38+00:00 NOTICE handleOrderUpdate :: order_status
2025-07-17T01:19:41+00:00 NOTICE handleOrderUpdate :: order_status
2025-07-17T01:19:41+00:00 NOTICE handleOrderUpdate :: order_status
2025-07-17T01:19:42+00:00 NOTICE handleOrderUpdate :: order_status
2025-07-17T01:19:43+00:00 NOTICE handleOrderUpdate :: order_status
2025-07-17T01:19:43+00:00 NOTICE debug :: Order ID 24626 was pending and is now processing :: Array
(
    [new_order] => 1
    [tracking] => Array
        (
            [landing_site] => https://tryingtoadultrva.com/checkout/order-received/7871/?key=wc_order_rkd0Fv0atqCPZ
        )

)
2025-07-17T01:21:18+00:00 NOTICE action_scheduler.queue_job :: MailChimp_WooCommerce_Cart_Update queued :: obj_id 84b836f5754c7cd656a99f70397fb893 with id 107654
2025-07-17T01:21:21+00:00 ERROR abandoned_cart.error :: email: restochristina@gmail.com :: attempting product update :: Resource Not FoundThe requested resource could not be found.
2025-07-17T01:21:21+00:00 NOTICE product_submit.error :: upsert :: #7184 :: Error Code 400 :: We were unable to determine the store ID. on 2791 in /www/wp-content/plugins/mailchimp-for-woocommerce/includes/api/class-mailchimp-api.php
2025-07-17T01:21:21+00:00 ERROR abandoned_cart.error :: Error Code 400 :: We were unable to determine the store ID. on 2791 in /www/wp-content/plugins/mailchimp-for-woocommerce/includes/api/class-mailchimp-api.php
2025-07-17T01:21:21+00:00 NOTICE filter :: Order 8234 was skipped by the filter
2025-07-17T01:21:23+00:00 ERROR order_submit.error :: addStoreOrder :: #24626 :: Error Code 404 :: Resource Not FoundThe requested resource could not be found. on 2745 in /www/wp-content/plugins/mailchimp-for-woocommerce/includes/api/class-mailchimp-api.php
2025-07-17T01:23:19+00:00 NOTICE action_scheduler.queue_job :: MailChimp_WooCommerce_User_Submit queued :: obj_id 671 with id 107655
2025-07-17T01:23:20+00:00 NOTICE action_scheduler.queue_job :: MailChimp_WooCommerce_Single_Order starts in 90 seconds :: obj_id 24627 with id 107656
2025-07-17T01:23:20+00:00 NOTICE handleOrderUpdate :: order_status
2025-07-17T01:23:21+00:00 NOTICE action_scheduler.queue_job :: MailChimp_WooCommerce_Single_Order starts in 90 seconds :: obj_id 24628 with id 107658
2025-07-17T01:23:21+00:00 NOTICE handleOrderUpdate :: order_status
2025-07-17T01:23:21+00:00 NOTICE handleOrderUpdate :: order_status
2025-07-17T01:23:21+00:00 NOTICE handleOrderUpdate :: order_status
2025-07-17T01:23:21+00:00 NOTICE handleOrderUpdate :: order_status
2025-07-17T01:23:22+00:00 NOTICE handleOrderUpdate :: order_status
2025-07-17T01:23:25+00:00 NOTICE handleOrderUpdate :: order_status
2025-07-17T01:23:25+00:00 NOTICE handleOrderUpdate :: order_status
2025-07-17T01:23:26+00:00 NOTICE handleOrderUpdate :: order_status
2025-07-17T01:23:26+00:00 NOTICE debug :: Order ID 24627 was pending and is now processing :: Array
(
    [new_order] => 1
    [tracking] => Array
        (
            [landing_site] => https://tryingtoadultrva.com/events/list/
        )

)
2025-07-17T01:23:37+00:00 NOTICE member.sync :: Updated Member restochristina@gmail.com :: Array
(
    [status] => subscribed
    [language] => 
    [merge_fields] => Array
        (
            [FNAME] => Christina
            [LNAME] => Resto
        )

    [gdpr_fields] => 
)
2025-07-17T01:23:38+00:00 NOTICE webhook :: Subscriber Sync :: subscribe :: restochristina@gmail.com :: Array
(
    [subscribed] => 1
    [user_id] => 671
)
2025-07-17T01:26:14+00:00 ERROR order_submit.error :: addStoreOrder :: #24627 :: Error Code 404 :: Resource Not FoundThe requested resource could not be found. on 2745 in /www/wp-content/plugins/mailchimp-for-woocommerce/includes/api/class-mailchimp-api.php
2025-07-17T01:26:14+00:00 NOTICE filter :: Order 24628 was skipped by the filter
2025-07-17T01:58:05+00:00 NOTICE handleOrderUpdate :: order_status
2025-07-17T01:58:05+00:00 NOTICE action_scheduler.queue_job :: MailChimp_WooCommerce_Single_Order starts in 90 seconds :: obj_id 11222 with id 107667
2025-07-17T01:58:06+00:00 NOTICE action_scheduler.queue_job :: MailChimp_WooCommerce_Single_Order starts in 90 seconds :: obj_id 24630 with id 107668
2025-07-17T01:58:06+00:00 NOTICE handleOrderUpdate :: order_status
2025-07-17T01:58:06+00:00 NOTICE handleOrderUpdate :: order_status
2025-07-17T01:58:06+00:00 NOTICE handleOrderUpdate :: order_status
2025-07-17T01:58:06+00:00 NOTICE handleOrderUpdate :: order_status
2025-07-17T01:58:06+00:00 NOTICE handleOrderUpdate :: order_status
2025-07-17T01:58:06+00:00 NOTICE handleOrderUpdate :: order_status
2025-07-17T01:58:09+00:00 NOTICE handleOrderUpdate :: order_status
2025-07-17T01:58:09+00:00 NOTICE handleOrderUpdate :: order_status
2025-07-17T01:58:10+00:00 NOTICE handleOrderUpdate :: order_status
2025-07-17T01:58:10+00:00 NOTICE handleOrderUpdate :: order_status
2025-07-17T01:58:10+00:00 NOTICE debug :: Order ID 24630 was pending and is now processing :: Array
(
    [new_order] => 1
    [tracking] => Array
        (
            [landing_site] => https://tryingtoadultrva.com/checkout/order-received/11041/?key=wc_order_VFrU2ZCZ6KGBF
        )

)
2025-07-17T01:59:48+00:00 NOTICE filter :: Order 11222 was skipped by the filter
2025-07-17T01:59:50+00:00 ERROR order_submit.error :: addStoreOrder :: #24630 :: Error Code 404 :: Resource Not FoundThe requested resource could not be found. on 2745 in /www/wp-content/plugins/mailchimp-for-woocommerce/includes/api/class-mailchimp-api.php
2025-07-17T02:11:40+00:00 NOTICE handleOrderUpdate :: order_status
2025-07-17T02:11:40+00:00 NOTICE action_scheduler.queue_job :: MailChimp_WooCommerce_Single_Order starts in 90 seconds :: obj_id 6602 with id 107677
2025-07-17T02:11:41+00:00 NOTICE action_scheduler.queue_job :: MailChimp_WooCommerce_Single_Order starts in 90 seconds :: obj_id 24631 with id 107678
2025-07-17T02:11:41+00:00 NOTICE handleOrderUpdate :: order_status
2025-07-17T02:11:41+00:00 NOTICE handleOrderUpdate :: order_status
2025-07-17T02:11:41+00:00 NOTICE handleOrderUpdate :: order_status
2025-07-17T02:11:41+00:00 NOTICE handleOrderUpdate :: order_status
2025-07-17T02:11:41+00:00 NOTICE handleOrderUpdate :: order_status
2025-07-17T02:11:42+00:00 NOTICE handleOrderUpdate :: order_status
2025-07-17T02:11:42+00:00 NOTICE handleOrderUpdate :: order_status
2025-07-17T02:11:43+00:00 NOTICE handleOrderUpdate :: order_status
2025-07-17T02:11:43+00:00 NOTICE debug :: Order ID 24631 was pending and is now processing :: Array
(
    [new_order] => 1
    [tracking] => Array
        (
            [landing_site] => https://tryingtoadultrva.com/checkout/order-received/6347/?key=wc_order_IQFzU1Vdp6VkU
        )

)
2025-07-17T02:13:08+00:00 NOTICE handleOrderUpdate :: order_status
2025-07-17T02:13:08+00:00 NOTICE action_scheduler.queue_job :: MailChimp_WooCommerce_Single_Order starts in 90 seconds :: obj_id 24610 with id 107688
2025-07-17T02:13:08+00:00 NOTICE handleOrderUpdate :: order_status
2025-07-17T02:13:08+00:00 NOTICE handleOrderUpdate :: order_status
2025-07-17T02:13:08+00:00 NOTICE handleOrderUpdate :: order_status
2025-07-17T02:13:10+00:00 NOTICE handleOrderUpdate :: order_status
2025-07-17T02:13:10+00:00 NOTICE handleOrderUpdate :: order_status
2025-07-17T02:13:10+00:00 NOTICE handleOrderUpdate :: order_status
2025-07-17T02:13:10+00:00 NOTICE debug :: Order ID 24610 was failed and is now pending :: Array
(
    [new_order] => 
    [tracking] => 
)
2025-07-17T02:13:10+00:00 NOTICE debug :: Order ID 24610 was pending and is now failed :: Array
(
    [new_order] => 
    [tracking] => 
)
2025-07-17T02:13:11+00:00 NOTICE filter :: Order 6602 was skipped by the filter
2025-07-17T02:13:12+00:00 ERROR order_submit.error :: addStoreOrder :: #24631 :: Error Code 404 :: Resource Not FoundThe requested resource could not be found. on 2745 in /www/wp-content/plugins/mailchimp-for-woocommerce/includes/api/class-mailchimp-api.php
2025-07-17T02:15:31+00:00 NOTICE api.add_product.error :: Resource Not FoundThe requested resource could not be found. :: Array
(
    [submission] => Array
        (
            [id] => deleted_0
            [title] => Membership
            [variants] => Array
                (
                    [0] => Array
                        (
                            [id] => deleted_0
                            [title] => Membership
                            [inventory_quantity] => 0
                            [backorders] => false
                            [visibility] => hidden
                        )

                )

        )

)
2025-07-17T02:15:31+00:00 NOTICE api.add_product.error :: Resource Not FoundThe requested resource could not be found. :: Array
(
    [submission] => Array
        (
            [id] => deleted_0
            [title] => Membership
            [variants] => Array
                (
                    [0] => Array
                        (
                            [id] => deleted_0
                            [title] => Membership
                            [inventory_quantity] => 0
                            [backorders] => false
                            [visibility] => hidden
                        )

                )

        )

)
2025-07-17T02:15:31+00:00 NOTICE order.items.error :: Order #24610 :: Product 0 does not exist!
2025-07-17T02:15:31+00:00 NOTICE order_submit :: #24610 has a financial status of pending and was skipped.
2025-07-17T02:42:17+00:00 NOTICE handleOrderUpdate :: order_status
2025-07-17T02:42:17+00:00 NOTICE action_scheduler.queue_job :: MailChimp_WooCommerce_Single_Order starts in 90 seconds :: obj_id 22246 with id 107691
2025-07-17T02:42:19+00:00 NOTICE action_scheduler.queue_job :: MailChimp_WooCommerce_Single_Order starts in 90 seconds :: obj_id 24632 with id 107692
2025-07-17T02:42:19+00:00 NOTICE handleOrderUpdate :: order_status
2025-07-17T02:42:19+00:00 NOTICE handleOrderUpdate :: order_status
2025-07-17T02:42:19+00:00 NOTICE handleOrderUpdate :: order_status
2025-07-17T02:42:19+00:00 NOTICE handleOrderUpdate :: order_status
2025-07-17T02:42:19+00:00 NOTICE handleOrderUpdate :: order_status
2025-07-17T02:42:19+00:00 NOTICE handleOrderUpdate :: order_status
2025-07-17T02:42:22+00:00 NOTICE handleOrderUpdate :: order_status
2025-07-17T02:42:22+00:00 NOTICE handleOrderUpdate :: order_status
2025-07-17T02:42:23+00:00 NOTICE handleOrderUpdate :: order_status
2025-07-17T02:42:23+00:00 NOTICE handleOrderUpdate :: order_status
2025-07-17T02:42:23+00:00 NOTICE handleOrderUpdate :: order_status
2025-07-17T02:42:23+00:00 NOTICE debug :: Order ID 24632 was pending and is now processing :: Array
(
    [new_order] => 1
    [tracking] => Array
        (
            [landing_site] => https://tryingtoadultrva.com/checkout/
        )

)
2025-07-17T02:42:36+00:00 NOTICE handleOrderUpdate :: order_status
2025-07-17T02:42:36+00:00 NOTICE action_scheduler.queue_job :: MailChimp_WooCommerce_Single_Order starts in 90 seconds :: obj_id 1017 with id 107701
2025-07-17T02:42:36+00:00 NOTICE action_scheduler.queue_job :: MailChimp_WooCommerce_Single_Order starts in 90 seconds :: obj_id 24633 with id 107702
2025-07-17T02:42:36+00:00 NOTICE handleOrderUpdate :: order_status
2025-07-17T02:42:36+00:00 NOTICE handleOrderUpdate :: order_status
2025-07-17T02:42:36+00:00 NOTICE handleOrderUpdate :: order_status
2025-07-17T02:42:36+00:00 NOTICE handleOrderUpdate :: order_status
2025-07-17T02:42:36+00:00 NOTICE handleOrderUpdate :: order_status
2025-07-17T02:42:36+00:00 NOTICE handleOrderUpdate :: order_status
2025-07-17T02:42:37+00:00 NOTICE handleOrderUpdate :: order_status
2025-07-17T02:42:37+00:00 NOTICE handleOrderUpdate :: order_status
2025-07-17T02:42:38+00:00 NOTICE debug :: Order ID 24633 was pending and is now processing :: Array
(
    [new_order] => 1
    [tracking] => Array
        (
            [landing_site] => https://tryingtoadultrva.com/become-a-member/?add-to-cart=378
        )

)
2025-07-17T02:44:29+00:00 NOTICE filter :: Order 22246 was skipped by the filter
2025-07-17T02:44:31+00:00 ERROR order_submit.error :: addStoreOrder :: #24632 :: Error Code 404 :: Resource Not FoundThe requested resource could not be found. on 2745 in /www/wp-content/plugins/mailchimp-for-woocommerce/includes/api/class-mailchimp-api.php
2025-07-17T02:44:31+00:00 NOTICE filter :: Order 1017 was skipped by the filter
2025-07-17T02:44:32+00:00 ERROR order_submit.error :: addStoreOrder :: #24633 :: Error Code 404 :: Resource Not FoundThe requested resource could not be found. on 2745 in /www/wp-content/plugins/mailchimp-for-woocommerce/includes/api/class-mailchimp-api.php
2025-07-17T03:17:14+00:00 NOTICE action_scheduler.queue_job :: MailChimp_WooCommerce_Single_Product starts in 5 seconds :: obj_id 24018 with id 107711
2025-07-17T03:17:33+00:00 NOTICE action_scheduler.queue_job :: MailChimp_WooCommerce_Single_Product starts in 5 seconds :: obj_id 24019 with id 107714
2025-07-17T03:17:36+00:00 NOTICE product_submit.error :: upsert :: #24018 :: Error Code 400 :: We were unable to determine the store ID. on 2791 in /www/wp-content/plugins/mailchimp-for-woocommerce/includes/api/class-mailchimp-api.php
2025-07-17T03:18:06+00:00 NOTICE product_submit.error :: upsert :: #24019 :: Error Code 400 :: We were unable to determine the store ID. on 2791 in /www/wp-content/plugins/mailchimp-for-woocommerce/includes/api/class-mailchimp-api.php
2025-07-17T03:30:01+00:00 NOTICE handleOrderUpdate :: order_status
2025-07-17T03:30:01+00:00 NOTICE action_scheduler.queue_job :: MailChimp_WooCommerce_Single_Order starts in 90 seconds :: obj_id 24496 with id 107718
2025-07-17T03:30:01+00:00 NOTICE handleOrderUpdate :: order_status
2025-07-17T03:30:01+00:00 NOTICE handleOrderUpdate :: order_status
2025-07-17T03:30:01+00:00 NOTICE handleOrderUpdate :: order_status
2025-07-17T03:30:03+00:00 NOTICE handleOrderUpdate :: order_status
2025-07-17T03:30:03+00:00 NOTICE handleOrderUpdate :: order_status
2025-07-17T03:30:04+00:00 NOTICE handleOrderUpdate :: order_status
2025-07-17T03:30:04+00:00 NOTICE debug :: Order ID 24496 was failed and is now pending :: Array
(
    [new_order] => 
    [tracking] => 
)
2025-07-17T03:30:04+00:00 NOTICE debug :: Order ID 24496 was pending and is now failed :: Array
(
    [new_order] => 
    [tracking] => 
)
2025-07-17T03:32:04+00:00 NOTICE handleOrderUpdate :: order_status
2025-07-17T03:32:04+00:00 NOTICE action_scheduler.queue_job :: MailChimp_WooCommerce_Single_Order starts in 90 seconds :: obj_id 24565 with id 107722
2025-07-17T03:32:04+00:00 NOTICE handleOrderUpdate :: order_status
2025-07-17T03:32:05+00:00 NOTICE handleOrderUpdate :: order_status
2025-07-17T03:32:05+00:00 NOTICE handleOrderUpdate :: order_status
2025-07-17T03:32:07+00:00 NOTICE handleOrderUpdate :: order_status
2025-07-17T03:32:07+00:00 NOTICE handleOrderUpdate :: order_status
2025-07-17T03:32:07+00:00 NOTICE handleOrderUpdate :: order_status
2025-07-17T03:32:07+00:00 NOTICE debug :: Order ID 24565 was failed and is now pending :: Array
(
    [new_order] => 
    [tracking] => 
)
2025-07-17T03:32:07+00:00 NOTICE debug :: Order ID 24565 was pending and is now failed :: Array
(
    [new_order] => 
    [tracking] => 
)
2025-07-17T03:32:09+00:00 NOTICE api.add_product.error :: Resource Not FoundThe requested resource could not be found. :: Array
(
    [submission] => Array
        (
            [id] => deleted_0
            [title] => Premium Membership
            [variants] => Array
                (
                    [0] => Array
                        (
                            [id] => deleted_0
                            [title] => Premium Membership
                            [inventory_quantity] => 0
                            [backorders] => false
                            [visibility] => hidden
                        )

                )

        )

)
2025-07-17T03:32:10+00:00 NOTICE api.add_product.error :: Resource Not FoundThe requested resource could not be found. :: Array
(
    [submission] => Array
        (
            [id] => deleted_0
            [title] => Premium Membership
            [variants] => Array
                (
                    [0] => Array
                        (
                            [id] => deleted_0
                            [title] => Premium Membership
                            [inventory_quantity] => 0
                            [backorders] => false
                            [visibility] => hidden
                        )

                )

        )

)
2025-07-17T03:32:10+00:00 NOTICE order.items.error :: Order #24496 :: Product 0 does not exist!
2025-07-17T03:32:10+00:00 NOTICE order_submit :: #24496 has a financial status of pending and was skipped.
2025-07-17T03:34:43+00:00 NOTICE api.add_product.error :: Resource Not FoundThe requested resource could not be found. :: Array
(
    [submission] => Array
        (
            [id] => deleted_0
            [title] => Membership
            [variants] => Array
                (
                    [0] => Array
                        (
                            [id] => deleted_0
                            [title] => Membership
                            [inventory_quantity] => 0
                            [backorders] => false
                            [visibility] => hidden
                        )

                )

        )

)
2025-07-17T03:34:44+00:00 NOTICE api.add_product.error :: Resource Not FoundThe requested resource could not be found. :: Array
(
    [submission] => Array
        (
            [id] => deleted_0
            [title] => Membership
            [variants] => Array
                (
                    [0] => Array
                        (
                            [id] => deleted_0
                            [title] => Membership
                            [inventory_quantity] => 0
                            [backorders] => false
                            [visibility] => hidden
                        )

                )

        )

)
2025-07-17T03:34:44+00:00 NOTICE order.items.error :: Order #24565 :: Product 0 does not exist!
2025-07-17T03:34:44+00:00 NOTICE order_submit :: #24565 has a financial status of pending and was skipped.
2025-07-17T03:59:15+00:00 NOTICE handleOrderUpdate :: order_status
2025-07-17T03:59:15+00:00 NOTICE action_scheduler.queue_job :: MailChimp_WooCommerce_Single_Order starts in 90 seconds :: obj_id 24566 with id 107726
2025-07-17T03:59:16+00:00 NOTICE handleOrderUpdate :: order_status
2025-07-17T03:59:16+00:00 NOTICE handleOrderUpdate :: order_status
2025-07-17T03:59:16+00:00 NOTICE handleOrderUpdate :: order_status
2025-07-17T03:59:18+00:00 NOTICE handleOrderUpdate :: order_status
2025-07-17T03:59:18+00:00 NOTICE handleOrderUpdate :: order_status
2025-07-17T03:59:18+00:00 NOTICE handleOrderUpdate :: order_status
2025-07-17T03:59:18+00:00 NOTICE debug :: Order ID 24566 was failed and is now pending :: Array
(
    [new_order] => 
    [tracking] => 
)
2025-07-17T03:59:18+00:00 NOTICE debug :: Order ID 24566 was pending and is now failed :: Array
(
    [new_order] => 
    [tracking] => 
)
2025-07-17T04:01:09+00:00 NOTICE api.add_product.error :: Resource Not FoundThe requested resource could not be found. :: Array
(
    [submission] => Array
        (
            [id] => deleted_0
            [title] => Membership
            [variants] => Array
                (
                    [0] => Array
                        (
                            [id] => deleted_0
                            [title] => Membership
                            [inventory_quantity] => 0
                            [backorders] => false
                            [visibility] => hidden
                        )

                )

        )

)
2025-07-17T04:01:10+00:00 NOTICE api.add_product.error :: Resource Not FoundThe requested resource could not be found. :: Array
(
    [submission] => Array
        (
            [id] => deleted_0
            [title] => Membership
            [variants] => Array
                (
                    [0] => Array
                        (
                            [id] => deleted_0
                            [title] => Membership
                            [inventory_quantity] => 0
                            [backorders] => false
                            [visibility] => hidden
                        )

                )

        )

)
2025-07-17T04:01:10+00:00 NOTICE order.items.error :: Order #24566 :: Product 0 does not exist!
2025-07-17T04:01:10+00:00 NOTICE order_submit :: #24566 has a financial status of pending and was skipped.
2025-07-17T04:59:30+00:00 NOTICE action_scheduler.queue_job :: MailChimp_WooCommerce_Cart_Update queued :: obj_id 7ac027861e26579174d9d41778fc3072 with id 107729
2025-07-17T04:59:32+00:00 ERROR abandoned_cart.error :: email: raeorein@gmail.com :: attempting product update :: Resource Not FoundThe requested resource could not be found.
2025-07-17T04:59:33+00:00 NOTICE product_submit.error :: upsert :: #24031 :: Error Code 400 :: We were unable to determine the store ID. on 2791 in /www/wp-content/plugins/mailchimp-for-woocommerce/includes/api/class-mailchimp-api.php
2025-07-17T04:59:33+00:00 ERROR abandoned_cart.error :: Error Code 400 :: We were unable to determine the store ID. on 2791 in /www/wp-content/plugins/mailchimp-for-woocommerce/includes/api/class-mailchimp-api.php
2025-07-17T04:59:42+00:00 NOTICE action_scheduler.queue_job :: MailChimp_WooCommerce_Single_Order starts in 90 seconds :: obj_id 24635 with id 107730
2025-07-17T04:59:42+00:00 NOTICE handleOrderUpdate :: order_status
2025-07-17T04:59:42+00:00 NOTICE handleOrderUpdate :: order_status
2025-07-17T04:59:44+00:00 NOTICE handleOrderUpdate :: order_status
2025-07-17T04:59:44+00:00 NOTICE handleOrderUpdate :: order_status
2025-07-17T04:59:44+00:00 NOTICE debug :: Order ID 24635 was pending and is now processing :: Array
(
    [new_order] => 1
    [tracking] => Array
        (
            [landing_site] => https://tryingtoadultrva.com/events/list/
        )

)
2025-07-17T05:02:37+00:00 ERROR order_submit.error :: addStoreOrder :: #24635 :: Error Code 404 :: Resource Not FoundThe requested resource could not be found. on 2745 in /www/wp-content/plugins/mailchimp-for-woocommerce/includes/api/class-mailchimp-api.php
2025-07-17T06:11:26+00:00 NOTICE handleOrderUpdate :: order_status
2025-07-17T06:11:26+00:00 NOTICE action_scheduler.queue_job :: MailChimp_WooCommerce_Single_Order starts in 90 seconds :: obj_id 22256 with id 107734
2025-07-17T06:11:27+00:00 NOTICE action_scheduler.queue_job :: MailChimp_WooCommerce_Single_Order starts in 90 seconds :: obj_id 24637 with id 107735
2025-07-17T06:11:27+00:00 NOTICE handleOrderUpdate :: order_status
2025-07-17T06:11:27+00:00 NOTICE handleOrderUpdate :: order_status
2025-07-17T06:11:27+00:00 NOTICE handleOrderUpdate :: order_status
2025-07-17T06:11:27+00:00 NOTICE handleOrderUpdate :: order_status
2025-07-17T06:11:27+00:00 NOTICE handleOrderUpdate :: order_status
2025-07-17T06:11:31+00:00 NOTICE handleOrderUpdate :: order_status
2025-07-17T06:11:31+00:00 NOTICE handleOrderUpdate :: order_status
2025-07-17T06:11:31+00:00 NOTICE handleOrderUpdate :: order_status
2025-07-17T06:11:32+00:00 NOTICE handleOrderUpdate :: order_status
2025-07-17T06:11:32+00:00 NOTICE debug :: Order ID 24637 was pending and is now processing :: Array
(
    [new_order] => 1
    [tracking] => Array
        (
            [landing_site] => https://tryingtoadultrva.com/product/membership/
        )

)
2025-07-17T06:13:28+00:00 NOTICE filter :: Order 22256 was skipped by the filter
2025-07-17T06:13:30+00:00 ERROR order_submit.error :: addStoreOrder :: #24637 :: Error Code 404 :: Resource Not FoundThe requested resource could not be found. on 2745 in /www/wp-content/plugins/mailchimp-for-woocommerce/includes/api/class-mailchimp-api.php
2025-07-17T07:13:05+00:00 NOTICE handleOrderUpdate :: order_status
2025-07-17T07:13:05+00:00 NOTICE action_scheduler.queue_job :: MailChimp_WooCommerce_Single_Order starts in 90 seconds :: obj_id 24497 with id 107745
2025-07-17T07:13:05+00:00 NOTICE handleOrderUpdate :: order_status
2025-07-17T07:13:05+00:00 NOTICE handleOrderUpdate :: order_status
2025-07-17T07:13:05+00:00 NOTICE handleOrderUpdate :: order_status
2025-07-17T07:13:08+00:00 NOTICE handleOrderUpdate :: order_status
2025-07-17T07:13:08+00:00 NOTICE handleOrderUpdate :: order_status
2025-07-17T07:13:08+00:00 NOTICE handleOrderUpdate :: order_status
2025-07-17T07:13:08+00:00 NOTICE debug :: Order ID 24497 was failed and is now pending :: Array
(
    [new_order] => 
    [tracking] => 
)
2025-07-17T07:13:08+00:00 NOTICE debug :: Order ID 24497 was pending and is now failed :: Array
(
    [new_order] => 
    [tracking] => 
)
2025-07-17T07:14:46+00:00 NOTICE order_submit :: #24497 has a financial status of pending and was skipped.
2025-07-17T08:52:28+00:00 NOTICE handleOrderUpdate :: order_status
2025-07-17T08:52:28+00:00 NOTICE action_scheduler.queue_job :: MailChimp_WooCommerce_Single_Order starts in 90 seconds :: obj_id 24598 with id 107749
2025-07-17T08:52:28+00:00 NOTICE handleOrderUpdate :: order_status
2025-07-17T08:52:28+00:00 NOTICE handleOrderUpdate :: order_status
2025-07-17T08:52:28+00:00 NOTICE handleOrderUpdate :: order_status
2025-07-17T08:52:31+00:00 NOTICE handleOrderUpdate :: order_status
2025-07-17T08:52:31+00:00 NOTICE handleOrderUpdate :: order_status
2025-07-17T08:52:31+00:00 NOTICE handleOrderUpdate :: order_status
2025-07-17T08:52:31+00:00 NOTICE debug :: Order ID 24598 was failed and is now pending :: Array
(
    [new_order] => 
    [tracking] => 
)
2025-07-17T08:52:32+00:00 NOTICE debug :: Order ID 24598 was pending and is now failed :: Array
(
    [new_order] => 
    [tracking] => 
)
2025-07-17T08:54:49+00:00 NOTICE order_submit :: #24598 has a financial status of pending and was skipped.
2025-07-17T10:27:11+00:00 NOTICE action_scheduler.queue_job :: MailChimp_WooCommerce_Single_Order starts in 90 seconds :: obj_id 24638 with id 107752
2025-07-17T10:27:11+00:00 NOTICE handleOrderUpdate :: order_status
2025-07-17T10:27:11+00:00 NOTICE handleOrderUpdate :: order_status
2025-07-17T10:27:13+00:00 NOTICE handleOrderUpdate :: order_status
2025-07-17T10:27:13+00:00 NOTICE handleOrderUpdate :: order_status
2025-07-17T10:27:14+00:00 NOTICE debug :: Order ID 24638 was pending and is now processing :: Array
(
    [new_order] => 1
    [tracking] => Array
        (
            [landing_site] => https://tryingtoadultrva.com/checkout/
        )

)
2025-07-17T10:29:11+00:00 ERROR order_submit.error :: addStoreOrder :: #24638 :: Error Code 404 :: Resource Not FoundThe requested resource could not be found. on 2745 in /www/wp-content/plugins/mailchimp-for-woocommerce/includes/api/class-mailchimp-api.php
2025-07-17T10:33:39+00:00 NOTICE action_scheduler.queue_job :: MailChimp_WooCommerce_Cart_Update queued :: obj_id bfd8d61539989e384e1657eb9db0dc65 with id 107756
2025-07-17T10:33:41+00:00 ERROR abandoned_cart.error :: email: jakerevans2@gmail.com :: attempting product update :: Resource Not FoundThe requested resource could not be found.
2025-07-17T10:33:42+00:00 NOTICE product_submit.error :: upsert :: #24183 :: Error Code 400 :: We were unable to determine the store ID. on 2791 in /www/wp-content/plugins/mailchimp-for-woocommerce/includes/api/class-mailchimp-api.php
2025-07-17T10:33:42+00:00 ERROR abandoned_cart.error :: Error Code 400 :: We were unable to determine the store ID. on 2791 in /www/wp-content/plugins/mailchimp-for-woocommerce/includes/api/class-mailchimp-api.php
2025-07-17T10:33:44+00:00 NOTICE action_scheduler.queue_job :: MailChimp_WooCommerce_Cart_Update queued :: obj_id bfd8d61539989e384e1657eb9db0dc65 with id 107757
2025-07-17T10:33:49+00:00 ERROR abandoned_cart.error :: email: jakerevans2@gmail.com :: attempting product update :: Resource Not FoundThe requested resource could not be found.
2025-07-17T10:33:49+00:00 NOTICE product_submit.error :: upsert :: #24183 :: Error Code 400 :: We were unable to determine the store ID. on 2791 in /www/wp-content/plugins/mailchimp-for-woocommerce/includes/api/class-mailchimp-api.php
2025-07-17T10:33:49+00:00 ERROR abandoned_cart.error :: Error Code 400 :: We were unable to determine the store ID. on 2791 in /www/wp-content/plugins/mailchimp-for-woocommerce/includes/api/class-mailchimp-api.php
2025-07-17T10:34:05+00:00 NOTICE action_scheduler.queue_job :: MailChimp_WooCommerce_Single_Order starts in 90 seconds :: obj_id 24640 with id 107758
2025-07-17T10:34:06+00:00 NOTICE handleOrderUpdate :: order_status
2025-07-17T10:34:06+00:00 NOTICE handleOrderUpdate :: order_status
2025-07-17T10:34:07+00:00 NOTICE handleOrderUpdate :: order_status
2025-07-17T10:34:07+00:00 NOTICE handleOrderUpdate :: order_status
2025-07-17T10:34:08+00:00 NOTICE debug :: Order ID 24640 was pending and is now processing :: Array
(
    [new_order] => 1
    [tracking] => Array
        (
            [landing_site] => https://tryingtoadultrva.com/events/list/
        )

)
2025-07-17T10:35:37+00:00 ERROR order_submit.error :: addStoreOrder :: #24640 :: Error Code 404 :: Resource Not FoundThe requested resource could not be found. on 2745 in /www/wp-content/plugins/mailchimp-for-woocommerce/includes/api/class-mailchimp-api.php
2025-07-17T12:21:43+00:00 NOTICE handleOrderUpdate :: order_status
2025-07-17T12:21:43+00:00 NOTICE action_scheduler.queue_job :: MailChimp_WooCommerce_Single_Order starts in 90 seconds :: obj_id 24571 with id 107763
2025-07-17T12:21:43+00:00 NOTICE handleOrderUpdate :: order_status
2025-07-17T12:21:43+00:00 NOTICE handleOrderUpdate :: order_status
2025-07-17T12:21:43+00:00 NOTICE handleOrderUpdate :: order_status
2025-07-17T12:21:46+00:00 NOTICE handleOrderUpdate :: order_status
2025-07-17T12:21:46+00:00 NOTICE handleOrderUpdate :: order_status
2025-07-17T12:21:46+00:00 NOTICE handleOrderUpdate :: order_status
2025-07-17T12:21:46+00:00 NOTICE debug :: Order ID 24571 was failed and is now pending :: Array
(
    [new_order] => 
    [tracking] => 
)
2025-07-17T12:21:46+00:00 NOTICE debug :: Order ID 24571 was pending and is now failed :: Array
(
    [new_order] => 
    [tracking] => 
)
2025-07-17T12:24:40+00:00 NOTICE order_submit :: #24571 has a financial status of pending and was skipped.
2025-07-17T12:51:25+00:00 NOTICE handleOrderUpdate :: order_status
2025-07-17T12:51:25+00:00 NOTICE action_scheduler.queue_job :: MailChimp_WooCommerce_Single_Order starts in 90 seconds :: obj_id 17412 with id 107766
2025-07-17T12:51:26+00:00 NOTICE action_scheduler.queue_job :: MailChimp_WooCommerce_Single_Order starts in 90 seconds :: obj_id 24642 with id 107767
2025-07-17T12:51:26+00:00 NOTICE handleOrderUpdate :: order_status
2025-07-17T12:51:26+00:00 NOTICE handleOrderUpdate :: order_status
2025-07-17T12:51:26+00:00 NOTICE handleOrderUpdate :: order_status
2025-07-17T12:51:26+00:00 NOTICE handleOrderUpdate :: order_status
2025-07-17T12:51:26+00:00 NOTICE handleOrderUpdate :: order_status
2025-07-17T12:51:30+00:00 NOTICE handleOrderUpdate :: order_status
2025-07-17T12:51:30+00:00 NOTICE handleOrderUpdate :: order_status
2025-07-17T12:51:31+00:00 NOTICE handleOrderUpdate :: order_status
2025-07-17T12:51:31+00:00 NOTICE handleOrderUpdate :: order_status
2025-07-17T12:51:31+00:00 NOTICE debug :: Order ID 24642 was pending and is now processing :: Array
(
    [new_order] => 1
    [tracking] => Array
        (
            [landing_site] => https://tryingtoadultrva.com/events/list/
        )

)
2025-07-17T12:54:39+00:00 NOTICE filter :: Order 17412 was skipped by the filter
2025-07-17T12:54:41+00:00 ERROR order_submit.error :: addStoreOrder :: #24642 :: Error Code 404 :: Resource Not FoundThe requested resource could not be found. on 2745 in /www/wp-content/plugins/mailchimp-for-woocommerce/includes/api/class-mailchimp-api.php
2025-07-17T13:33:44+00:00 NOTICE handleOrderUpdate :: order_status
2025-07-17T13:33:45+00:00 NOTICE action_scheduler.queue_job :: MailChimp_WooCommerce_Single_Order starts in 90 seconds :: obj_id 23612 with id 107776
2025-07-17T13:33:46+00:00 NOTICE action_scheduler.queue_job :: MailChimp_WooCommerce_Single_Order starts in 90 seconds :: obj_id 24643 with id 107777
2025-07-17T13:33:46+00:00 NOTICE handleOrderUpdate :: order_status
2025-07-17T13:33:46+00:00 NOTICE handleOrderUpdate :: order_status
2025-07-17T13:33:46+00:00 NOTICE handleOrderUpdate :: order_status
2025-07-17T13:33:46+00:00 NOTICE handleOrderUpdate :: order_status
2025-07-17T13:33:46+00:00 NOTICE handleOrderUpdate :: order_status
2025-07-17T13:33:49+00:00 NOTICE handleOrderUpdate :: order_status
2025-07-17T13:33:49+00:00 NOTICE handleOrderUpdate :: order_status
2025-07-17T13:33:49+00:00 NOTICE handleOrderUpdate :: order_status
2025-07-17T13:33:50+00:00 NOTICE handleOrderUpdate :: order_status
2025-07-17T13:33:50+00:00 NOTICE debug :: Order ID 24643 was pending and is now processing :: Array
(
    [new_order] => 1
    [tracking] => Array
        (
            [landing_site] => https://tryingtoadultrva.com/checkout/order-received/23144/?key=wc_order_jt0BcToVFc9W5
        )

)
2025-07-17T13:35:39+00:00 NOTICE filter :: Order 23612 was skipped by the filter
2025-07-17T13:35:41+00:00 ERROR order_submit.error :: addStoreOrder :: #24643 :: Error Code 404 :: Resource Not FoundThe requested resource could not be found. on 2745 in /www/wp-content/plugins/mailchimp-for-woocommerce/includes/api/class-mailchimp-api.php
2025-07-17T13:43:56+00:00 NOTICE handleOrderUpdate :: order_status
2025-07-17T13:43:57+00:00 NOTICE action_scheduler.queue_job :: MailChimp_WooCommerce_Single_Order starts in 90 seconds :: obj_id 23614 with id 107788
2025-07-17T13:43:57+00:00 NOTICE action_scheduler.queue_job :: MailChimp_WooCommerce_Single_Order starts in 90 seconds :: obj_id 24644 with id 107789
2025-07-17T13:43:57+00:00 NOTICE handleOrderUpdate :: order_status
2025-07-17T13:43:57+00:00 NOTICE handleOrderUpdate :: order_status
2025-07-17T13:43:57+00:00 NOTICE handleOrderUpdate :: order_status
2025-07-17T13:43:57+00:00 NOTICE handleOrderUpdate :: order_status
2025-07-17T13:43:57+00:00 NOTICE handleOrderUpdate :: order_status
2025-07-17T13:43:57+00:00 NOTICE handleOrderUpdate :: order_status
2025-07-17T13:43:57+00:00 NOTICE handleOrderUpdate :: order_status
2025-07-17T13:43:57+00:00 NOTICE handleOrderUpdate :: order_status
2025-07-17T13:43:57+00:00 NOTICE debug :: Order ID 24644 was failed and is now pending :: Array
(
    [new_order] => 
    [tracking] => 
)
2025-07-17T13:43:58+00:00 NOTICE debug :: Order ID 24644 was pending and is now failed :: Array
(
    [new_order] => 
    [tracking] => 
)
2025-07-17T13:46:21+00:00 NOTICE filter :: Order 23614 was skipped by the filter
2025-07-17T13:46:22+00:00 NOTICE order_submit :: #24644 has a financial status of pending and was skipped.
2025-07-17T14:10:38+00:00 NOTICE action_scheduler.queue_job :: MailChimp_WooCommerce_Cart_Update queued :: obj_id f86ace60f3720582ef3da07ff589aa0c with id 107796
2025-07-17T14:10:53+00:00 NOTICE action_scheduler.queue_job :: MailChimp_WooCommerce_Single_Order starts in 90 seconds :: obj_id 24645 with id 107797
2025-07-17T14:10:53+00:00 NOTICE handleOrderUpdate :: order_status
2025-07-17T14:10:53+00:00 NOTICE handleOrderUpdate :: order_status
2025-07-17T14:10:56+00:00 NOTICE handleOrderUpdate :: order_status
2025-07-17T14:10:56+00:00 NOTICE handleOrderUpdate :: order_status
2025-07-17T14:10:56+00:00 NOTICE debug :: Order ID 24645 was pending and is now processing :: Array
(
    [new_order] => 1
    [tracking] => Array
        (
            [landing_site] => https://tryingtoadultrva.com/checkout/order-received/24158/?key=wc_order_Li0Cjco2x0IKR
        )

)
2025-07-17T14:11:40+00:00 ERROR abandoned_cart.error :: email: shanm1996s@gmail.com :: attempting product update :: Resource Not FoundThe requested resource could not be found.
2025-07-17T14:11:41+00:00 NOTICE product_submit.error :: upsert :: #24019 :: Error Code 400 :: We were unable to determine the store ID. on 2791 in /www/wp-content/plugins/mailchimp-for-woocommerce/includes/api/class-mailchimp-api.php
2025-07-17T14:11:41+00:00 ERROR abandoned_cart.error :: Error Code 400 :: We were unable to determine the store ID. on 2791 in /www/wp-content/plugins/mailchimp-for-woocommerce/includes/api/class-mailchimp-api.php
2025-07-17T14:12:50+00:00 ERROR order_submit.error :: addStoreOrder :: #24645 :: Error Code 404 :: Resource Not FoundThe requested resource could not be found. on 2745 in /www/wp-content/plugins/mailchimp-for-woocommerce/includes/api/class-mailchimp-api.php
2025-07-17T14:14:37+00:00 NOTICE handleOrderUpdate :: order_status
2025-07-17T14:14:37+00:00 NOTICE action_scheduler.queue_job :: MailChimp_WooCommerce_Single_Order starts in 90 seconds :: obj_id 24610 with id 107802
2025-07-17T14:14:37+00:00 NOTICE handleOrderUpdate :: order_status
2025-07-17T14:14:38+00:00 NOTICE handleOrderUpdate :: order_status
2025-07-17T14:14:38+00:00 NOTICE handleOrderUpdate :: order_status
2025-07-17T14:14:40+00:00 NOTICE handleOrderUpdate :: order_status
2025-07-17T14:14:40+00:00 NOTICE handleOrderUpdate :: order_status
2025-07-17T14:14:40+00:00 NOTICE handleOrderUpdate :: order_status
2025-07-17T14:14:40+00:00 NOTICE debug :: Order ID 24610 was failed and is now pending :: Array
(
    [new_order] => 
    [tracking] => 
)
2025-07-17T14:14:40+00:00 NOTICE debug :: Order ID 24610 was pending and is now failed :: Array
(
    [new_order] => 
    [tracking] => 
)
2025-07-17T14:16:29+00:00 NOTICE api.add_product.error :: Resource Not FoundThe requested resource could not be found. :: Array
(
    [submission] => Array
        (
            [id] => deleted_0
            [title] => Membership
            [variants] => Array
                (
                    [0] => Array
                        (
                            [id] => deleted_0
                            [title] => Membership
                            [inventory_quantity] => 0
                            [backorders] => false
                            [visibility] => hidden
                        )

                )

        )

)
2025-07-17T14:16:30+00:00 NOTICE api.add_product.error :: Resource Not FoundThe requested resource could not be found. :: Array
(
    [submission] => Array
        (
            [id] => deleted_0
            [title] => Membership
            [variants] => Array
                (
                    [0] => Array
                        (
                            [id] => deleted_0
                            [title] => Membership
                            [inventory_quantity] => 0
                            [backorders] => false
                            [visibility] => hidden
                        )

                )

        )

)
2025-07-17T14:16:30+00:00 NOTICE order.items.error :: Order #24610 :: Product 0 does not exist!
2025-07-17T14:16:30+00:00 NOTICE order_submit :: #24610 has a financial status of pending and was skipped.
2025-07-17T14:36:45+00:00 NOTICE handleOrderUpdate :: order_status
2025-07-17T14:36:45+00:00 NOTICE action_scheduler.queue_job :: MailChimp_WooCommerce_Single_Order starts in 90 seconds :: obj_id 24508 with id 107806
2025-07-17T14:36:46+00:00 NOTICE handleOrderUpdate :: order_status
2025-07-17T14:36:46+00:00 NOTICE handleOrderUpdate :: order_status
2025-07-17T14:36:46+00:00 NOTICE handleOrderUpdate :: order_status
2025-07-17T14:36:48+00:00 NOTICE handleOrderUpdate :: order_status
2025-07-17T14:36:48+00:00 NOTICE handleOrderUpdate :: order_status
2025-07-17T14:36:48+00:00 NOTICE handleOrderUpdate :: order_status
2025-07-17T14:36:48+00:00 NOTICE debug :: Order ID 24508 was failed and is now pending :: Array
(
    [new_order] => 
    [tracking] => 
)
2025-07-17T14:36:49+00:00 NOTICE debug :: Order ID 24508 was pending and is now failed :: Array
(
    [new_order] => 
    [tracking] => 
)
2025-07-17T14:38:52+00:00 NOTICE order_submit :: #24508 has a financial status of pending and was skipped.
2025-07-17T14:44:38+00:00 NOTICE handleOrderUpdate :: order_status
2025-07-17T14:44:38+00:00 NOTICE action_scheduler.queue_job :: MailChimp_WooCommerce_Single_Order starts in 90 seconds :: obj_id 18618 with id 107809
2025-07-17T14:44:39+00:00 NOTICE action_scheduler.queue_job :: MailChimp_WooCommerce_Single_Order starts in 90 seconds :: obj_id 24647 with id 107810
2025-07-17T14:44:39+00:00 NOTICE handleOrderUpdate :: order_status
2025-07-17T14:44:39+00:00 NOTICE handleOrderUpdate :: order_status
2025-07-17T14:44:39+00:00 NOTICE handleOrderUpdate :: order_status
2025-07-17T14:44:39+00:00 NOTICE handleOrderUpdate :: order_status
2025-07-17T14:44:39+00:00 NOTICE handleOrderUpdate :: order_status
2025-07-17T14:44:42+00:00 NOTICE handleOrderUpdate :: order_status
2025-07-17T14:44:42+00:00 NOTICE handleOrderUpdate :: order_status
2025-07-17T14:44:42+00:00 NOTICE handleOrderUpdate :: order_status
2025-07-17T14:44:42+00:00 NOTICE debug :: Order ID 24647 was failed and is now pending :: Array
(
    [new_order] => 
    [tracking] => 
)
2025-07-17T14:44:42+00:00 NOTICE debug :: Order ID 24647 was pending and is now failed :: Array
(
    [new_order] => 
    [tracking] => 
)
2025-07-17T14:46:36+00:00 NOTICE filter :: Order 18618 was skipped by the filter
2025-07-17T14:46:37+00:00 NOTICE order_submit :: #24647 has a financial status of pending and was skipped.
2025-07-17T16:18:09+00:00 NOTICE handleOrderUpdate :: order_status
2025-07-17T16:18:09+00:00 NOTICE action_scheduler.queue_job :: MailChimp_WooCommerce_Single_Order starts in 90 seconds :: obj_id 19136 with id 107817
2025-07-17T16:18:10+00:00 NOTICE action_scheduler.queue_job :: MailChimp_WooCommerce_Single_Order starts in 90 seconds :: obj_id 24648 with id 107818
2025-07-17T16:18:11+00:00 NOTICE handleOrderUpdate :: order_status
2025-07-17T16:18:11+00:00 NOTICE handleOrderUpdate :: order_status
2025-07-17T16:18:11+00:00 NOTICE handleOrderUpdate :: order_status
2025-07-17T16:18:11+00:00 NOTICE handleOrderUpdate :: order_status
2025-07-17T16:18:11+00:00 NOTICE handleOrderUpdate :: order_status
2025-07-17T16:18:14+00:00 NOTICE handleOrderUpdate :: order_status
2025-07-17T16:18:14+00:00 NOTICE handleOrderUpdate :: order_status
2025-07-17T16:18:14+00:00 NOTICE handleOrderUpdate :: order_status
2025-07-17T16:18:15+00:00 NOTICE handleOrderUpdate :: order_status
2025-07-17T16:18:15+00:00 NOTICE debug :: Order ID 24648 was pending and is now processing :: Array
(
    [new_order] => 1
    [tracking] => Array
        (
            [landing_site] => https://tryingtoadultrva.com/product/membership/
        )

)
2025-07-17T16:20:39+00:00 NOTICE filter :: Order 19136 was skipped by the filter
2025-07-17T16:20:41+00:00 ERROR order_submit.error :: addStoreOrder :: #24648 :: Error Code 404 :: Resource Not FoundThe requested resource could not be found. on 2745 in /www/wp-content/plugins/mailchimp-for-woocommerce/includes/api/class-mailchimp-api.php
2025-07-17T16:50:46+00:00 NOTICE handleOrderUpdate :: order_status
2025-07-17T16:50:46+00:00 NOTICE action_scheduler.queue_job :: MailChimp_WooCommerce_Single_Order starts in 90 seconds :: obj_id 24516 with id 107828
2025-07-17T16:50:47+00:00 NOTICE handleOrderUpdate :: order_status
2025-07-17T16:50:47+00:00 NOTICE handleOrderUpdate :: order_status
2025-07-17T16:50:47+00:00 NOTICE handleOrderUpdate :: order_status
2025-07-17T16:50:50+00:00 NOTICE handleOrderUpdate :: order_status
2025-07-17T16:50:50+00:00 NOTICE handleOrderUpdate :: order_status
2025-07-17T16:50:51+00:00 NOTICE handleOrderUpdate :: order_status
2025-07-17T16:50:51+00:00 NOTICE debug :: Order ID 24516 was failed and is now pending :: Array
(
    [new_order] => 
    [tracking] => 
)
2025-07-17T16:50:51+00:00 NOTICE debug :: Order ID 24516 was pending and is now failed :: Array
(
    [new_order] => 
    [tracking] => 
)
2025-07-17T16:50:51+00:00 NOTICE handleOrderUpdate :: order_status
2025-07-17T16:50:51+00:00 NOTICE action_scheduler.queue_job :: MailChimp_WooCommerce_Single_Order starts in 90 seconds :: obj_id 6609 with id 107830
2025-07-17T16:50:52+00:00 NOTICE action_scheduler.queue_job :: MailChimp_WooCommerce_Single_Order starts in 90 seconds :: obj_id 24649 with id 107831
2025-07-17T16:50:52+00:00 NOTICE handleOrderUpdate :: order_status
2025-07-17T16:50:52+00:00 NOTICE handleOrderUpdate :: order_status
2025-07-17T16:50:52+00:00 NOTICE handleOrderUpdate :: order_status
2025-07-17T16:50:52+00:00 NOTICE handleOrderUpdate :: order_status
2025-07-17T16:50:52+00:00 NOTICE handleOrderUpdate :: order_status
2025-07-17T16:50:53+00:00 NOTICE handleOrderUpdate :: order_status
2025-07-17T16:50:54+00:00 NOTICE handleOrderUpdate :: order_status
2025-07-17T16:50:54+00:00 NOTICE debug :: Order ID 24649 was pending and is now processing :: Array
(
    [new_order] => 1
    [tracking] => Array
        (
            [landing_site] => https://tryingtoadultrva.com/event/book-club-at-brambly-parkjune-8th-200pm/
        )

)
2025-07-17T16:52:25+00:00 NOTICE order_submit :: #24516 has a financial status of pending and was skipped.
2025-07-17T16:52:25+00:00 NOTICE filter :: Order 6609 was skipped by the filter
2025-07-17T16:52:26+00:00 ERROR order_submit.error :: addStoreOrder :: #24649 :: Error Code 404 :: Resource Not FoundThe requested resource could not be found. on 2745 in /www/wp-content/plugins/mailchimp-for-woocommerce/includes/api/class-mailchimp-api.php
2025-07-17T17:50:21+00:00 NOTICE action_scheduler.queue_job :: MailChimp_WooCommerce_Cart_Update queued :: obj_id e088b78f99ca22f38576db9fc7433d60 with id 107841
2025-07-17T17:50:28+00:00 ERROR abandoned_cart.error :: email: eippih@gmail.com :: attempting product update :: Resource Not FoundThe requested resource could not be found.
2025-07-17T17:50:28+00:00 NOTICE product_submit.error :: upsert :: #23470 :: Error Code 400 :: We were unable to determine the store ID. on 2791 in /www/wp-content/plugins/mailchimp-for-woocommerce/includes/api/class-mailchimp-api.php
2025-07-17T17:50:28+00:00 ERROR abandoned_cart.error :: Error Code 400 :: We were unable to determine the store ID. on 2791 in /www/wp-content/plugins/mailchimp-for-woocommerce/includes/api/class-mailchimp-api.php
2025-07-17T17:50:29+00:00 NOTICE action_scheduler.queue_job :: MailChimp_WooCommerce_Single_Order starts in 90 seconds :: obj_id 24650 with id 107842
2025-07-17T17:50:30+00:00 NOTICE handleOrderUpdate :: order_status
2025-07-17T17:50:30+00:00 NOTICE handleOrderUpdate :: order_status
2025-07-17T17:50:30+00:00 NOTICE handleOrderUpdate :: order_status
2025-07-17T17:50:31+00:00 NOTICE debug :: Order ID 24650 was pending and is now processing :: Array
(
    [new_order] => 1
    [tracking] => Array
        (
            [landing_site] => https://tryingtoadultrva.com/checkout/order-received/24053/?key=wc_order_qaU4irTIhf9mf
        )

)
2025-07-17T17:52:38+00:00 ERROR order_submit.error :: addStoreOrder :: #24650 :: Error Code 404 :: Resource Not FoundThe requested resource could not be found. on 2745 in /www/wp-content/plugins/mailchimp-for-woocommerce/includes/api/class-mailchimp-api.php
2025-07-17T18:23:51+00:00 NOTICE handleOrderUpdate :: order_status
2025-07-17T18:23:51+00:00 NOTICE action_scheduler.queue_job :: MailChimp_WooCommerce_Single_Order starts in 90 seconds :: obj_id 24522 with id 107847
2025-07-17T18:23:51+00:00 NOTICE handleOrderUpdate :: order_status
2025-07-17T18:23:51+00:00 NOTICE handleOrderUpdate :: order_status
2025-07-17T18:23:51+00:00 NOTICE handleOrderUpdate :: order_status
2025-07-17T18:23:53+00:00 NOTICE handleOrderUpdate :: order_status
2025-07-17T18:23:53+00:00 NOTICE handleOrderUpdate :: order_status
2025-07-17T18:23:53+00:00 NOTICE handleOrderUpdate :: order_status
2025-07-17T18:23:53+00:00 NOTICE debug :: Order ID 24522 was failed and is now pending :: Array
(
    [new_order] => 
    [tracking] => 
)
2025-07-17T18:23:54+00:00 NOTICE debug :: Order ID 24522 was pending and is now failed :: Array
(
    [new_order] => 
    [tracking] => 
)
2025-07-17T18:27:01+00:00 NOTICE api.add_product.error :: Resource Not FoundThe requested resource could not be found. :: Array
(
    [submission] => Array
        (
            [id] => deleted_0
            [title] => Membership
            [variants] => Array
                (
                    [0] => Array
                        (
                            [id] => deleted_0
                            [title] => Membership
                            [inventory_quantity] => 0
                            [backorders] => false
                            [visibility] => hidden
                        )

                )

        )

)
2025-07-17T18:27:01+00:00 NOTICE api.add_product.error :: Resource Not FoundThe requested resource could not be found. :: Array
(
    [submission] => Array
        (
            [id] => deleted_0
            [title] => Membership
            [variants] => Array
                (
                    [0] => Array
                        (
                            [id] => deleted_0
                            [title] => Membership
                            [inventory_quantity] => 0
                            [backorders] => false
                            [visibility] => hidden
                        )

                )

        )

)
2025-07-17T18:27:01+00:00 NOTICE order.items.error :: Order #24522 :: Product 0 does not exist!
2025-07-17T18:27:01+00:00 NOTICE order_submit :: #24522 has a financial status of pending and was skipped.
2025-07-17T18:37:01+00:00 NOTICE action_scheduler.queue_job :: MailChimp_WooCommerce_Cart_Update queued :: obj_id 89e9e874ce2499a922b016c521e8f36d with id 107850
2025-07-17T18:38:12+00:00 ERROR abandoned_cart.error :: email: roddenshelby@gmail.com :: attempting product update :: Resource Not FoundThe requested resource could not be found.
2025-07-17T18:38:13+00:00 NOTICE product_submit.error :: upsert :: #7184 :: Error Code 400 :: We were unable to determine the store ID. on 2791 in /www/wp-content/plugins/mailchimp-for-woocommerce/includes/api/class-mailchimp-api.php
2025-07-17T18:38:13+00:00 ERROR abandoned_cart.error :: Error Code 400 :: We were unable to determine the store ID. on 2791 in /www/wp-content/plugins/mailchimp-for-woocommerce/includes/api/class-mailchimp-api.php
2025-07-17T18:56:51+00:00 NOTICE action_scheduler.queue_job :: MailChimp_WooCommerce_Cart_Update queued :: obj_id aec7a9faae21fb48099744fddf1dfa75 with id 107854
2025-07-17T18:56:53+00:00 ERROR abandoned_cart.error :: email: terrence.peele1@gmail.com :: attempting product update :: Resource Not FoundThe requested resource could not be found.
2025-07-17T18:56:54+00:00 NOTICE product_submit.error :: upsert :: #24018 :: Error Code 400 :: We were unable to determine the store ID. on 2791 in /www/wp-content/plugins/mailchimp-for-woocommerce/includes/api/class-mailchimp-api.php
2025-07-17T18:56:54+00:00 ERROR abandoned_cart.error :: Error Code 400 :: We were unable to determine the store ID. on 2791 in /www/wp-content/plugins/mailchimp-for-woocommerce/includes/api/class-mailchimp-api.php
2025-07-17T18:57:14+00:00 NOTICE action_scheduler.queue_job :: MailChimp_WooCommerce_Single_Order starts in 90 seconds :: obj_id 24652 with id 107856
2025-07-17T18:57:14+00:00 NOTICE handleOrderUpdate :: order_status
2025-07-17T18:57:14+00:00 NOTICE handleOrderUpdate :: order_status
2025-07-17T18:57:16+00:00 NOTICE handleOrderUpdate :: order_status
2025-07-17T18:57:16+00:00 NOTICE debug :: Order ID 24652 was pending and is now failed :: Array
(
    [new_order] => 
    [tracking] => 
)
2025-07-17T18:58:11+00:00 NOTICE handleOrderUpdate :: order_status
2025-07-17T18:58:11+00:00 NOTICE handleOrderUpdate :: order_status
2025-07-17T18:58:12+00:00 NOTICE handleOrderUpdate :: order_status
2025-07-17T18:58:12+00:00 NOTICE handleOrderUpdate :: order_status
2025-07-17T18:58:13+00:00 NOTICE debug :: Order ID 24652 was failed and is now processing :: Array
(
    [new_order] => 
    [tracking] => 
)
2025-07-17T18:59:45+00:00 ERROR order_submit.error :: addStoreOrder :: #24652 :: Error Code 404 :: Resource Not FoundThe requested resource could not be found. on 2745 in /www/wp-content/plugins/mailchimp-for-woocommerce/includes/api/class-mailchimp-api.php
2025-07-17T19:34:36+00:00 NOTICE handleOrderUpdate :: order_status
2025-07-17T19:34:36+00:00 NOTICE action_scheduler.queue_job :: MailChimp_WooCommerce_Single_Order starts in 90 seconds :: obj_id 24581 with id 107864
2025-07-17T19:34:36+00:00 NOTICE handleOrderUpdate :: order_status
2025-07-17T19:34:37+00:00 NOTICE handleOrderUpdate :: order_status
2025-07-17T19:34:37+00:00 NOTICE handleOrderUpdate :: order_status
2025-07-17T19:34:40+00:00 NOTICE handleOrderUpdate :: order_status
2025-07-17T19:34:40+00:00 NOTICE handleOrderUpdate :: order_status
2025-07-17T19:34:40+00:00 NOTICE handleOrderUpdate :: order_status
2025-07-17T19:34:40+00:00 NOTICE debug :: Order ID 24581 was failed and is now pending :: Array
(
    [new_order] => 
    [tracking] => 
)
2025-07-17T19:34:40+00:00 NOTICE debug :: Order ID 24581 was pending and is now failed :: Array
(
    [new_order] => 
    [tracking] => 
)
2025-07-17T19:37:48+00:00 NOTICE order_submit :: #24581 has a financial status of pending and was skipped.
2025-07-17T20:32:44+00:00 NOTICE handleOrderUpdate :: order_status
2025-07-17T20:32:44+00:00 NOTICE action_scheduler.queue_job :: MailChimp_WooCommerce_Single_Order starts in 90 seconds :: obj_id 17422 with id 107867
2025-07-17T20:32:45+00:00 NOTICE action_scheduler.queue_job :: MailChimp_WooCommerce_Single_Order starts in 90 seconds :: obj_id 24654 with id 107868
2025-07-17T20:32:45+00:00 NOTICE handleOrderUpdate :: order_status
2025-07-17T20:32:45+00:00 NOTICE handleOrderUpdate :: order_status
2025-07-17T20:32:45+00:00 NOTICE handleOrderUpdate :: order_status
2025-07-17T20:32:45+00:00 NOTICE handleOrderUpdate :: order_status
2025-07-17T20:32:46+00:00 NOTICE handleOrderUpdate :: order_status
2025-07-17T20:32:48+00:00 NOTICE handleOrderUpdate :: order_status
2025-07-17T20:32:48+00:00 NOTICE handleOrderUpdate :: order_status
2025-07-17T20:32:49+00:00 NOTICE handleOrderUpdate :: order_status
2025-07-17T20:32:50+00:00 NOTICE handleOrderUpdate :: order_status
2025-07-17T20:32:50+00:00 NOTICE debug :: Order ID 24654 was pending and is now processing :: Array
(
    [new_order] => 1
    [tracking] => Array
        (
            [landing_site] => https://tryingtoadultrva.com/login-account-information/
        )

)
2025-07-17T20:34:38+00:00 NOTICE filter :: Order 17422 was skipped by the filter
2025-07-17T20:34:40+00:00 ERROR order_submit.error :: addStoreOrder :: #24654 :: Error Code 404 :: Resource Not FoundThe requested resource could not be found. on 2745 in /www/wp-content/plugins/mailchimp-for-woocommerce/includes/api/class-mailchimp-api.php
2025-07-17T21:03:06+00:00 NOTICE handleOrderUpdate :: order_status
2025-07-17T21:03:06+00:00 NOTICE action_scheduler.queue_job :: MailChimp_WooCommerce_Single_Order starts in 90 seconds :: obj_id 24583 with id 107878
2025-07-17T21:03:06+00:00 NOTICE handleOrderUpdate :: order_status
2025-07-17T21:03:06+00:00 NOTICE handleOrderUpdate :: order_status
2025-07-17T21:03:06+00:00 NOTICE handleOrderUpdate :: order_status
2025-07-17T21:03:09+00:00 NOTICE handleOrderUpdate :: order_status
2025-07-17T21:03:09+00:00 NOTICE handleOrderUpdate :: order_status
2025-07-17T21:03:09+00:00 NOTICE handleOrderUpdate :: order_status
2025-07-17T21:03:09+00:00 NOTICE debug :: Order ID 24583 was failed and is now pending :: Array
(
    [new_order] => 
    [tracking] => 
)
2025-07-17T21:03:10+00:00 NOTICE debug :: Order ID 24583 was pending and is now failed :: Array
(
    [new_order] => 
    [tracking] => 
)
2025-07-17T21:04:39+00:00 NOTICE order_submit :: #24583 has a financial status of pending and was skipped.
2025-07-17T21:30:02+00:00 NOTICE handleOrderUpdate :: order_status
2025-07-17T21:30:02+00:00 NOTICE action_scheduler.queue_job :: MailChimp_WooCommerce_Single_Order starts in 90 seconds :: obj_id 24388 with id 107883
2025-07-17T21:30:02+00:00 NOTICE handleOrderUpdate :: order_status
2025-07-17T21:30:03+00:00 NOTICE handleOrderUpdate :: order_status
2025-07-17T21:30:03+00:00 NOTICE handleOrderUpdate :: order_status
2025-07-17T21:30:05+00:00 NOTICE handleOrderUpdate :: order_status
2025-07-17T21:30:06+00:00 NOTICE handleOrderUpdate :: order_status
2025-07-17T21:30:06+00:00 NOTICE debug :: Order ID 24388 was pending and is now failed :: Array
(
    [new_order] => 
    [tracking] => 
)
2025-07-17T21:32:34+00:00 NOTICE api.add_product.error :: Resource Not FoundThe requested resource could not be found. :: Array
(
    [submission] => Array
        (
            [id] => deleted_0
            [title] => Premium Membership
            [variants] => Array
                (
                    [0] => Array
                        (
                            [id] => deleted_0
                            [title] => Premium Membership
                            [inventory_quantity] => 0
                            [backorders] => false
                            [visibility] => hidden
                        )

                )

        )

)
2025-07-17T21:32:34+00:00 NOTICE api.add_product.error :: Resource Not FoundThe requested resource could not be found. :: Array
(
    [submission] => Array
        (
            [id] => deleted_0
            [title] => Premium Membership
            [variants] => Array
                (
                    [0] => Array
                        (
                            [id] => deleted_0
                            [title] => Premium Membership
                            [inventory_quantity] => 0
                            [backorders] => false
                            [visibility] => hidden
                        )

                )

        )

)
2025-07-17T21:32:34+00:00 NOTICE order.items.error :: Order #24388 :: Product 0 does not exist!
2025-07-17T21:40:27+00:00 NOTICE action_scheduler.queue_job :: MailChimp_WooCommerce_Cart_Update queued :: obj_id 3c5831adb702f84d3ebe9d8927f1063e with id 107885
2025-07-17T21:41:06+00:00 NOTICE action_scheduler.queue_job :: MailChimp_WooCommerce_User_Submit queued :: obj_id 672 with id 107886
2025-07-17T21:41:08+00:00 NOTICE action_scheduler.queue_job :: MailChimp_WooCommerce_Single_Order starts in 90 seconds :: obj_id 24655 with id 107887
2025-07-17T21:41:08+00:00 NOTICE handleOrderUpdate :: order_status
2025-07-17T21:41:08+00:00 NOTICE action_scheduler.queue_job :: MailChimp_WooCommerce_Single_Order starts in 90 seconds :: obj_id 24656 with id 107889
2025-07-17T21:41:08+00:00 NOTICE handleOrderUpdate :: order_status
2025-07-17T21:41:08+00:00 NOTICE handleOrderUpdate :: order_status
2025-07-17T21:41:08+00:00 NOTICE handleOrderUpdate :: order_status
2025-07-17T21:41:08+00:00 NOTICE handleOrderUpdate :: order_status
2025-07-17T21:41:08+00:00 ERROR abandoned_cart.error :: email: khemani50@gmail.com :: attempting product update :: Resource Not FoundThe requested resource could not be found.
2025-07-17T21:41:09+00:00 NOTICE handleOrderUpdate :: order_status
2025-07-17T21:41:09+00:00 NOTICE product_submit.error :: upsert :: #7184 :: Error Code 400 :: We were unable to determine the store ID. on 2791 in /www/wp-content/plugins/mailchimp-for-woocommerce/includes/api/class-mailchimp-api.php
2025-07-17T21:41:09+00:00 ERROR abandoned_cart.error :: Error Code 400 :: We were unable to determine the store ID. on 2791 in /www/wp-content/plugins/mailchimp-for-woocommerce/includes/api/class-mailchimp-api.php
2025-07-17T21:41:10+00:00 NOTICE member.sync :: Updated Member khemani50@gmail.com :: Array
(
    [status] => subscribed
    [language] => 
    [merge_fields] => Array
        (
            [FNAME] => Arun
            [LNAME] => Khemani
        )

    [gdpr_fields] => 
)
2025-07-17T21:41:12+00:00 NOTICE handleOrderUpdate :: order_status
2025-07-17T21:41:12+00:00 NOTICE handleOrderUpdate :: order_status
2025-07-17T21:41:14+00:00 NOTICE handleOrderUpdate :: order_status
2025-07-17T21:41:14+00:00 NOTICE debug :: Order ID 24655 was pending and is now processing :: Array
(
    [new_order] => 1
    [tracking] => Array
        (
            [landing_site] => https://tryingtoadultrva.com/product/membership/
        )

)
2025-07-17T21:41:14+00:00 NOTICE webhook :: Subscriber Sync :: subscribe :: khemani50@gmail.com :: Array
(
    [subscribed] => 1
    [user_id] => 672
)
2025-07-17T21:42:45+00:00 ERROR order_submit.error :: addStoreOrder :: #24655 :: Error Code 404 :: Resource Not FoundThe requested resource could not be found. on 2745 in /www/wp-content/plugins/mailchimp-for-woocommerce/includes/api/class-mailchimp-api.php
2025-07-17T21:42:45+00:00 NOTICE filter :: Order 24656 was skipped by the filter
2025-07-17T21:43:34+00:00 NOTICE action_scheduler.queue_job :: MailChimp_WooCommerce_Cart_Update queued :: obj_id 3c5831adb702f84d3ebe9d8927f1063e with id 107896
2025-07-17T21:43:35+00:00 ERROR abandoned_cart.error :: email: khemani50@gmail.com :: attempting product update :: Resource Not FoundThe requested resource could not be found.
2025-07-17T21:43:36+00:00 NOTICE product_submit.error :: upsert :: #23470 :: Error Code 400 :: We were unable to determine the store ID. on 2791 in /www/wp-content/plugins/mailchimp-for-woocommerce/includes/api/class-mailchimp-api.php
2025-07-17T21:43:36+00:00 ERROR abandoned_cart.error :: Error Code 400 :: We were unable to determine the store ID. on 2791 in /www/wp-content/plugins/mailchimp-for-woocommerce/includes/api/class-mailchimp-api.php
2025-07-17T21:43:39+00:00 NOTICE action_scheduler.queue_job :: MailChimp_WooCommerce_Cart_Update queued :: obj_id 3c5831adb702f84d3ebe9d8927f1063e with id 107897
2025-07-17T21:43:47+00:00 NOTICE action_scheduler.queue_job :: MailChimp_WooCommerce_Single_Order starts in 90 seconds :: obj_id 24658 with id 107898
2025-07-17T21:43:47+00:00 NOTICE handleOrderUpdate :: order_status
2025-07-17T21:43:47+00:00 NOTICE handleOrderUpdate :: order_status
2025-07-17T21:43:48+00:00 NOTICE handleOrderUpdate :: order_status
2025-07-17T21:43:49+00:00 NOTICE debug :: Order ID 24658 was pending and is now processing :: Array
(
    [new_order] => 1
    [tracking] => Array
        (
            [landing_site] => https://tryingtoadultrva.com/checkout/order-received/24655/?key=wc_order_irYuxJa2pUz6z
        )

)
2025-07-17T21:44:37+00:00 ERROR abandoned_cart.error :: email: khemani50@gmail.com :: attempting product update :: Resource Not FoundThe requested resource could not be found.
2025-07-17T21:44:37+00:00 NOTICE product_submit.error :: upsert :: #23470 :: Error Code 400 :: We were unable to determine the store ID. on 2791 in /www/wp-content/plugins/mailchimp-for-woocommerce/includes/api/class-mailchimp-api.php
2025-07-17T21:44:37+00:00 ERROR abandoned_cart.error :: Error Code 400 :: We were unable to determine the store ID. on 2791 in /www/wp-content/plugins/mailchimp-for-woocommerce/includes/api/class-mailchimp-api.php
2025-07-17T21:46:21+00:00 ERROR order_submit.error :: addStoreOrder :: #24658 :: Error Code 404 :: Resource Not FoundThe requested resource could not be found. on 2745 in /www/wp-content/plugins/mailchimp-for-woocommerce/includes/api/class-mailchimp-api.php
2025-07-17T22:11:41+00:00 NOTICE action_scheduler.queue_job :: MailChimp_WooCommerce_Cart_Update queued :: obj_id 0aeec0f126dc69f226bd2ef7b72a69f7 with id 107902
2025-07-17T22:11:50+00:00 ERROR abandoned_cart.error :: email: dylan.kirkland01@gmail.com :: attempting product update :: Resource Not FoundThe requested resource could not be found.
2025-07-17T22:11:51+00:00 NOTICE product_submit.error :: upsert :: #23470 :: Error Code 400 :: We were unable to determine the store ID. on 2791 in /www/wp-content/plugins/mailchimp-for-woocommerce/includes/api/class-mailchimp-api.php
2025-07-17T22:11:51+00:00 ERROR abandoned_cart.error :: Error Code 400 :: We were unable to determine the store ID. on 2791 in /www/wp-content/plugins/mailchimp-for-woocommerce/includes/api/class-mailchimp-api.php
2025-07-17T22:11:54+00:00 NOTICE action_scheduler.queue_job :: MailChimp_WooCommerce_Single_Order starts in 90 seconds :: obj_id 24661 with id 107903
2025-07-17T22:11:55+00:00 NOTICE handleOrderUpdate :: order_status
2025-07-17T22:11:55+00:00 NOTICE handleOrderUpdate :: order_status
2025-07-17T22:11:55+00:00 NOTICE handleOrderUpdate :: order_status
2025-07-17T22:11:55+00:00 NOTICE action_scheduler.queue_job :: MailChimp_WooCommerce_Single_Product starts in 5 seconds :: obj_id 23470 with id 107905
2025-07-17T22:11:56+00:00 NOTICE debug :: Order ID 24661 was pending and is now processing :: Array
(
    [new_order] => 1
    [tracking] => Array
        (
            [landing_site] => https://tryingtoadultrva.com/login-account-information/
        )

)
2025-07-17T22:12:05+00:00 NOTICE product_submit.error :: upsert :: #23470 :: Error Code 400 :: We were unable to determine the store ID. on 2791 in /www/wp-content/plugins/mailchimp-for-woocommerce/includes/api/class-mailchimp-api.php
2025-07-17T22:14:16+00:00 ERROR order_submit.error :: addStoreOrder :: #24661 :: Error Code 404 :: Resource Not FoundThe requested resource could not be found. on 2745 in /www/wp-content/plugins/mailchimp-for-woocommerce/includes/api/class-mailchimp-api.php
2025-07-17T22:34:38+00:00 NOTICE handleOrderUpdate :: order_status
2025-07-17T22:34:38+00:00 NOTICE action_scheduler.queue_job :: MailChimp_WooCommerce_Single_Order starts in 90 seconds :: obj_id 24589 with id 107910
2025-07-17T22:34:38+00:00 NOTICE handleOrderUpdate :: order_status
2025-07-17T22:34:38+00:00 NOTICE handleOrderUpdate :: order_status
2025-07-17T22:34:38+00:00 NOTICE handleOrderUpdate :: order_status
2025-07-17T22:34:40+00:00 NOTICE handleOrderUpdate :: order_status
2025-07-17T22:34:40+00:00 NOTICE handleOrderUpdate :: order_status
2025-07-17T22:34:40+00:00 NOTICE handleOrderUpdate :: order_status
2025-07-17T22:34:40+00:00 NOTICE debug :: Order ID 24589 was failed and is now pending :: Array
(
    [new_order] => 
    [tracking] => 
)
2025-07-17T22:34:41+00:00 NOTICE debug :: Order ID 24589 was pending and is now failed :: Array
(
    [new_order] => 
    [tracking] => 
)
2025-07-17T22:36:21+00:00 NOTICE api.add_product.error :: Resource Not FoundThe requested resource could not be found. :: Array
(
    [submission] => Array
        (
            [id] => deleted_0
            [title] => Membership
            [variants] => Array
                (
                    [0] => Array
                        (
                            [id] => deleted_0
                            [title] => Membership
                            [inventory_quantity] => 0
                            [backorders] => false
                            [visibility] => hidden
                        )

                )

        )

)
2025-07-17T22:36:22+00:00 NOTICE api.add_product.error :: Resource Not FoundThe requested resource could not be found. :: Array
(
    [submission] => Array
        (
            [id] => deleted_0
            [title] => Membership
            [variants] => Array
                (
                    [0] => Array
                        (
                            [id] => deleted_0
                            [title] => Membership
                            [inventory_quantity] => 0
                            [backorders] => false
                            [visibility] => hidden
                        )

                )

        )

)
2025-07-17T22:36:22+00:00 NOTICE order.items.error :: Order #24589 :: Product 0 does not exist!
2025-07-17T22:36:22+00:00 NOTICE order_submit :: #24589 has a financial status of pending and was skipped.
2025-07-17T22:39:59+00:00 NOTICE handleOrderUpdate :: order_status
2025-07-17T22:39:59+00:00 NOTICE action_scheduler.queue_job :: MailChimp_WooCommerce_Single_Order starts in 90 seconds :: obj_id 24391 with id 107914
2025-07-17T22:39:59+00:00 NOTICE handleOrderUpdate :: order_status
2025-07-17T22:39:59+00:00 NOTICE handleOrderUpdate :: order_status
2025-07-17T22:39:59+00:00 NOTICE handleOrderUpdate :: order_status
2025-07-17T22:40:01+00:00 NOTICE handleOrderUpdate :: order_status
2025-07-17T22:40:01+00:00 NOTICE handleOrderUpdate :: order_status
2025-07-17T22:40:01+00:00 NOTICE debug :: Order ID 24391 was pending and is now failed :: Array
(
    [new_order] => 
    [tracking] => 
)
2025-07-17T22:41:32+00:00 NOTICE api.add_product.error :: Resource Not FoundThe requested resource could not be found. :: Array
(
    [submission] => Array
        (
            [id] => deleted_0
            [title] => Premium Membership
            [variants] => Array
                (
                    [0] => Array
                        (
                            [id] => deleted_0
                            [title] => Premium Membership
                            [inventory_quantity] => 0
                            [backorders] => false
                            [visibility] => hidden
                        )

                )

        )

)
2025-07-17T22:41:33+00:00 NOTICE api.add_product.error :: Resource Not FoundThe requested resource could not be found. :: Array
(
    [submission] => Array
        (
            [id] => deleted_0
            [title] => Premium Membership
            [variants] => Array
                (
                    [0] => Array
                        (
                            [id] => deleted_0
                            [title] => Premium Membership
                            [inventory_quantity] => 0
                            [backorders] => false
                            [visibility] => hidden
                        )

                )

        )

)
2025-07-17T22:41:33+00:00 NOTICE order.items.error :: Order #24391 :: Product 0 does not exist!
2025-07-17T23:04:33+00:00 NOTICE action_scheduler.queue_job :: MailChimp_WooCommerce_Cart_Update queued :: obj_id 2ad2e14c4217c6465f9c016100c8e089 with id 107916
2025-07-17T23:04:38+00:00 ERROR abandoned_cart.error :: email: sehoffm3@gmail.com :: attempting product update :: Resource Not FoundThe requested resource could not be found.
2025-07-17T23:04:39+00:00 NOTICE product_submit.error :: upsert :: #24019 :: Error Code 400 :: We were unable to determine the store ID. on 2791 in /www/wp-content/plugins/mailchimp-for-woocommerce/includes/api/class-mailchimp-api.php
2025-07-17T23:04:39+00:00 ERROR abandoned_cart.error :: Error Code 400 :: We were unable to determine the store ID. on 2791 in /www/wp-content/plugins/mailchimp-for-woocommerce/includes/api/class-mailchimp-api.php
2025-07-17T23:04:52+00:00 NOTICE action_scheduler.queue_job :: MailChimp_WooCommerce_Single_Order starts in 90 seconds :: obj_id 24663 with id 107917
2025-07-17T23:04:53+00:00 NOTICE handleOrderUpdate :: order_status
2025-07-17T23:04:53+00:00 NOTICE handleOrderUpdate :: order_status
2025-07-17T23:04:56+00:00 NOTICE handleOrderUpdate :: order_status
2025-07-17T23:04:56+00:00 NOTICE handleOrderUpdate :: order_status
2025-07-17T23:04:56+00:00 NOTICE debug :: Order ID 24663 was pending and is now processing :: Array
(
    [new_order] => 1
    [tracking] => Array
        (
            [landing_site] => https://tryingtoadultrva.com/checkout/order-received/24608/?key=wc_order_sVyyyGaRiwDQ9
        )

)
2025-07-17T23:07:08+00:00 ERROR order_submit.error :: addStoreOrder :: #24663 :: Error Code 404 :: Resource Not FoundThe requested resource could not be found. on 2745 in /www/wp-content/plugins/mailchimp-for-woocommerce/includes/api/class-mailchimp-api.php
