2025-03-26T16:42:42+00:00 NOTICE 8.1.0 upgrade complete from Subscriptions v8.0.1 while WooCommerce WC_VERSION 9.7.1 and database version 9.7.1 was active. CONTEXT: {"_legacy":true}
2025-03-26T16:42:42+00:00 NOTICE Environment info: CONTEXT: {"_legacy":true}
2025-03-26T16:42:42+00:00 NOTICE     WordPress Version : 6.7.2 CONTEXT: {"_legacy":true}
2025-03-26T16:42:42+00:00 NOTICE Active Plugins: CONTEXT: {"_legacy":true}
2025-03-26T16:42:42+00:00 NOTICE     Classic Editor by WordPress Contributors – 1.6.7 CONTEXT: {"_legacy":true}
2025-03-26T16:42:42+00:00 NOTICE     Contact Form 7 by Takayuki Miyoshi – 6.0.5 CONTEXT: {"_legacy":true}
2025-03-26T16:42:42+00:00 NOTICE     Contact Form CFDB7 by Arshid – 1.2.10 CONTEXT: {"_legacy":true}
2025-03-26T16:42:42+00:00 NOTICE     Copy & Delete Posts by Inisev – 1.4.9 CONTEXT: {"_legacy":true}
2025-03-26T16:42:42+00:00 NOTICE     Customer Order Cancellation for WooCommerce by fmeaddons – 1.1.6 CONTEXT: {"_legacy":true}
2025-03-26T16:42:42+00:00 NOTICE     Event Tickets Plus by The Events Calendar – 6.3.0.1 CONTEXT: {"_legacy":true}
2025-03-26T16:42:42+00:00 NOTICE     Event Tickets by The Events Calendar – 5.21.0 CONTEXT: {"_legacy":true}
2025-03-26T16:42:42+00:00 NOTICE     The Events Calendar Pro by The Events Calendar – 7.4.2 CONTEXT: {"_legacy":true}
2025-03-26T16:42:42+00:00 NOTICE     Jetpack by Automattic – 14.4.1 CONTEXT: {"_legacy":true}
2025-03-26T16:42:42+00:00 NOTICE     WPBakery Page Builder by Michael M - WPBakery.com – 6.4.1 CONTEXT: {"_legacy":true}
2025-03-26T16:42:42+00:00 NOTICE     Mailchimp for WooCommerce by Mailchimp – 5.3 CONTEXT: {"_legacy":true}
2025-03-26T16:42:42+00:00 NOTICE     The Events Calendar by The Events Calendar – 6.10.3 CONTEXT: {"_legacy":true}
2025-03-26T16:42:42+00:00 NOTICE     Total Theme Core by WPExplorer – 1.2.5 CONTEXT: {"_legacy":true}
2025-03-26T16:42:42+00:00 NOTICE     Product Customer List for WooCommerce by Kokomo – 3.1.8 CONTEXT: {"_legacy":true}
2025-03-26T16:42:42+00:00 NOTICE     WooCommerce.com Update Manager by Automattic – 1.0.3 CONTEXT: {"_legacy":true}
2025-03-26T16:42:42+00:00 NOTICE     WooCommerce Authorize.Net Gateway by SkyVerge – 3.10.10 CONTEXT: {"_legacy":true}
2025-03-26T16:42:42+00:00 NOTICE     MailChimp for WooCommerce Memberships by SkyVerge – 1.4.1 CONTEXT: {"_legacy":true}
2025-03-26T16:42:42+00:00 NOTICE     WooCommerce Memberships by SkyVerge – 1.26.11 CONTEXT: {"_legacy":true}
2025-03-26T16:42:42+00:00 NOTICE     WooCommerce Shipping & Tax by WooCommerce – 2.8.8 CONTEXT: {"_legacy":true}
2025-03-26T16:42:42+00:00 NOTICE     WooCommerce Subscriptions by WooCommerce – 7.3.0 CONTEXT: {"_legacy":true}
2025-03-26T16:42:42+00:00 NOTICE     WooCommerce by Automattic – 9.7.1 CONTEXT: {"_legacy":true}
2025-03-26T16:42:42+00:00 NOTICE     ReCaptcha v2 for Contact Form 7 by IQComputing – 1.4.8 CONTEXT: {"_legacy":true}
2025-03-26T16:42:44+00:00 NOTICE 8.1.0 upgrade complete from Subscriptions v8.0.1 while WooCommerce WC_VERSION 9.7.1 and database version 9.7.1 was active. CONTEXT: {"_legacy":true}
2025-03-26T16:42:44+00:00 NOTICE Environment info: CONTEXT: {"_legacy":true}
2025-03-26T16:42:44+00:00 NOTICE     WordPress Version : 6.7.2 CONTEXT: {"_legacy":true}
2025-03-26T16:42:44+00:00 NOTICE Active Plugins: CONTEXT: {"_legacy":true}
2025-03-26T16:42:44+00:00 NOTICE     Classic Editor by WordPress Contributors – 1.6.7 CONTEXT: {"_legacy":true}
2025-03-26T16:42:44+00:00 NOTICE     Contact Form 7 by Takayuki Miyoshi – 6.0.5 CONTEXT: {"_legacy":true}
2025-03-26T16:42:44+00:00 NOTICE     Contact Form CFDB7 by Arshid – 1.2.10 CONTEXT: {"_legacy":true}
2025-03-26T16:42:44+00:00 NOTICE     Copy & Delete Posts by Inisev – 1.4.9 CONTEXT: {"_legacy":true}
2025-03-26T16:42:44+00:00 NOTICE     Customer Order Cancellation for WooCommerce by fmeaddons – 1.1.6 CONTEXT: {"_legacy":true}
2025-03-26T16:42:44+00:00 NOTICE     Event Tickets Plus by The Events Calendar – 6.3.0.1 CONTEXT: {"_legacy":true}
2025-03-26T16:42:44+00:00 NOTICE     Event Tickets by The Events Calendar – 5.21.0 CONTEXT: {"_legacy":true}
2025-03-26T16:42:44+00:00 NOTICE     The Events Calendar Pro by The Events Calendar – 7.4.2 CONTEXT: {"_legacy":true}
2025-03-26T16:42:44+00:00 NOTICE     Jetpack by Automattic – 14.4.1 CONTEXT: {"_legacy":true}
2025-03-26T16:42:44+00:00 NOTICE     WPBakery Page Builder by Michael M - WPBakery.com – 6.4.1 CONTEXT: {"_legacy":true}
2025-03-26T16:42:44+00:00 NOTICE     Mailchimp for WooCommerce by Mailchimp – 5.3 CONTEXT: {"_legacy":true}
2025-03-26T16:42:44+00:00 NOTICE     The Events Calendar by The Events Calendar – 6.10.3 CONTEXT: {"_legacy":true}
2025-03-26T16:42:44+00:00 NOTICE     Total Theme Core by WPExplorer – 1.2.5 CONTEXT: {"_legacy":true}
2025-03-26T16:42:44+00:00 NOTICE     Product Customer List for WooCommerce by Kokomo – 3.1.8 CONTEXT: {"_legacy":true}
2025-03-26T16:42:44+00:00 NOTICE     WooCommerce.com Update Manager by Automattic – 1.0.3 CONTEXT: {"_legacy":true}
2025-03-26T16:42:44+00:00 NOTICE     WooCommerce Authorize.Net Gateway by SkyVerge – 3.10.10 CONTEXT: {"_legacy":true}
2025-03-26T16:42:44+00:00 NOTICE     MailChimp for WooCommerce Memberships by SkyVerge – 1.4.1 CONTEXT: {"_legacy":true}
2025-03-26T16:42:44+00:00 NOTICE     WooCommerce Memberships by SkyVerge – 1.26.11 CONTEXT: {"_legacy":true}
2025-03-26T16:42:44+00:00 NOTICE     WooCommerce Shipping & Tax by WooCommerce – 2.8.8 CONTEXT: {"_legacy":true}
2025-03-26T16:42:44+00:00 NOTICE     WooCommerce Subscriptions by WooCommerce – 7.3.0 CONTEXT: {"_legacy":true}
2025-03-26T16:42:44+00:00 NOTICE     WooCommerce by Automattic – 9.7.1 CONTEXT: {"_legacy":true}
2025-03-26T16:42:44+00:00 NOTICE     ReCaptcha v2 for Contact Form 7 by IQComputing – 1.4.8 CONTEXT: {"_legacy":true}
